C:/Users/marco/Desktop/NECST/NL2/AXI_M/AXI_M/solution1/csynth.tcl:18:9: warning: HLS pragma dump _XLX_SEP_ PragmaIsValid=1_XLX_SEP_ PragmaType=top_XLX_SEP_ PragmaContext=directive_XLX_SEP_ PragmaFunction=setMem_XLX_SEP_ PragmaOptions=name=setMem_XLX_SEP_ [-Wdump-hls-pragmas]
#pragma HLSDIRECTIVE TOP name=setMem
        ^
C:/Users/marco/Desktop/NECST/NL2/AXI_M/AXI_M/solution1/directives.tcl:7:9: warning: HLS pragma dump _XLX_SEP_ PragmaIsValid=1_XLX_SEP_ PragmaType=top_XLX_SEP_ PragmaContext=directive_XLX_SEP_ PragmaFunction=setMem_XLX_SEP_ PragmaOptions=name=setMem_XLX_SEP_ [-Wdump-hls-pragmas]
#pragma HLSDIRECTIVE TOP name=setMem
        ^
AXI_M/core.cpp:33:9: warning: HLS pragma dump _XLX_SEP_ PragmaIsValid=1_XLX_SEP_ PragmaType=interface_XLX_SEP_ PragmaContext=_XLX_SEP_ PragmaFunction=setMem_XLX_SEP_ PragmaOptions=m_axi port = a bundle = gmem0 depth = 1_XLX_SEP_ [-Wdump-hls-pragmas]
#pragma HLS INTERFACE m_axi port = a bundle = gmem0 depth = 1
        ^
AXI_M/core.cpp:34:9: warning: HLS pragma dump _XLX_SEP_ PragmaIsValid=1_XLX_SEP_ PragmaType=interface_XLX_SEP_ PragmaContext=_XLX_SEP_ PragmaFunction=setMem_XLX_SEP_ PragmaOptions=m_axi port = b bundle = gmem1 depth = 1_XLX_SEP_ [-Wdump-hls-pragmas]
#pragma HLS INTERFACE m_axi port = b bundle = gmem1 depth = 1
        ^
AXI_M/core.cpp:35:9: warning: HLS pragma dump _XLX_SEP_ PragmaIsValid=1_XLX_SEP_ PragmaType=interface_XLX_SEP_ PragmaContext=_XLX_SEP_ PragmaFunction=setMem_XLX_SEP_ PragmaOptions=m_axi port = c bundle = gmem2 depth = 1_XLX_SEP_ [-Wdump-hls-pragmas]
#pragma HLS INTERFACE m_axi port = c bundle = gmem2 depth = 1
        ^
AXI_M/core.cpp:37:70: warning: unexpected pragma parameter 'depth' [-Winvalid-hls-pragmas]
#pragma HLS INTERFACE s_axilite port = op bundle = operation depth = 1
                                                                     ^
AXI_M/core.cpp:37:9: warning: HLS pragma dump _XLX_SEP_ PragmaIsValid=0_XLX_SEP_ PragmaType=interface_XLX_SEP_ PragmaContext=_XLX_SEP_ PragmaFunction=setMem_XLX_SEP_ PragmaOptions=s_axilite port = op bundle = operation depth = 1_XLX_SEP_ [-Wdump-hls-pragmas]
#pragma HLS INTERFACE s_axilite port = op bundle = operation depth = 1
        ^
7 warnings generated.
