#-----------------------------------------------------------
# xsim v2023.2 (64-bit)
# SW Build 4029153 on Fri Oct 13 20:14:34 MDT 2023
# IP Build 4028589 on Sat Oct 14 00:45:43 MDT 2023
# SharedData Build 4025554 on Tue Oct 10 17:18:54 MDT 2023
# Start of session at: Sat Jun 22 22:10:36 2024
# Process ID: 13980
# Current directory: C:/Users/lotto/Desktop/sisd/solution1/sim/vhdl
# Command line: xsim.exe -mode tcl -source {xsim.dir/sisd/xsim_script.tcl}
# Log file: C:/Users/lotto/Desktop/sisd/solution1/sim/vhdl/xsim.log
# Journal file: C:/Users/lotto/Desktop/sisd/solution1/sim/vhdl\xsim.jou
# Running On: MSI, OS: Windows, CPU Frequency: 2918 MHz, CPU Physical cores: 10, Host memory: 16870 MB
#-----------------------------------------------------------
source xsim.dir/sisd/xsim_script.tcl
# xsim {sisd} -autoloadwcfg -tclbatch {sisd.tcl}
Time resolution is 1 ps
source sisd.tcl
## run all
Note: simulation done!
Time: 33545 ns  Iteration: 1  Process: /apatb_sisd_top/generate_sim_done_proc  File: C:/Users/lotto/Desktop/sisd/solution1/sim/vhdl/sisd.autotb.vhd
Failure: NORMAL EXIT (note: failure is to force the simulator to stop)
Time: 33545 ns  Iteration: 1  Process: /apatb_sisd_top/generate_sim_done_proc  File: C:/Users/lotto/Desktop/sisd/solution1/sim/vhdl/sisd.autotb.vhd
$finish called at time : 33545 ns
## quit
INFO: [Common 17-206] Exiting xsim at Sat Jun 22 22:10:39 2024...
