srcscan starts
srcscan exits with return value 0
 VHDL std libs ===========
INFO: VHDL library search path for library "std" is now "C:/Xilinx/Vivado/2023.2/data/precomp_hsv/vhdl/std" (VHDL-1505)
INFO: VHDL library search path for library "synopsys" is now "C:/Xilinx/Vivado/2023.2/data/precomp_hsv/vhdl/synopsys" (VHDL-1505)
INFO: VHDL library search path for library "ieee" is now "C:/Xilinx/Vivado/2023.2/data/precomp_hsv/vhdl/ieee" (VHDL-1505)
INFO: VHDL library search path for library "unimacro" is now "C:/Xilinx/Vivado/2023.2/data/precomp_hsv/vhdl/unimacro" (VHDL-1505)
INFO: VHDL library search path for library "unisim" is now "C:/Xilinx/Vivado/2023.2/data/precomp_hsv/vhdl/unisim" (VHDL-1505)
INFO: Vsrcscan exits with return value 0
 "vl" is now "C:/Xilinx/Vivado/2023.2/data/precomp_hsv/vhdl/vl" (VHDL-1505)
INFO: VHDL library search path for library "xpm" is now "C:/Xilinx/Vivado/2023.2/data/precomp_hsv/vhdl/xpm" (VHDL-1505)
-- Analyzing VHDL file "C:/Users/lotto/Desktop/Alveare/alu_sys_HDL/alu_sys_HDL.srcs/sources_1/imports/imports/new/alv_MIMD_Block_entry2_proc1.vhd" into library xil_defaultlib (VHDL-9003)
INFO: analyzing entity 'alv_MIMD_Block_entry2_proc1' (VHDL-1012)
INFO: analyzing architecture 'behav' of entity 'alv_mimd_block_entry2_proc1' (VHDL-9006)
-- Analyzing VHDL file "C:/Users/lotto/Desktop/Alveare/alu_sys_HDL/alu_sys_HDL.srcs/sources_1/imports/imports/new/alv_MIMD_Block_entry2_proc1_ALU_operation_MEM_RAM_AUTO_1R1W.vhd" into library xil_defaultlib (VHDL-9003)
INFO: analyzing entity 'alv_MIMD_Block_entry2_proc1_ALU_operation_MEM_RAM_AUTO_1R1W' (VHDL-1012)
INFO: analyzing architecture 'rtl' of entity 'alv_mimd_block_entry2_proc1_alu_operation_mem_ram_auto_1r1w' (VHDL-9006)
-- Analyzing VHDL file "C:/Users/lotto/Desktop/Alveare/alu_sys_HDL/alu_sys_HDL.srcs/sources_1/imports/imports/new/alv_MIMD_Block_entry2_proc1_Pipeline_clear_FIFO_a.vhd" into library xil_defaultlib (VHDL-9003)
INFO: analyzing entity 'alv_MIMD_Block_entry2_proc1_Pipeline_clear_FIFO_a' (VHDL-1012)
INFO: analyzing architecture 'behav' of entity 'alv_mimd_block_entry2_proc1_pipeline_clear_fifo_a' (VHDL-9006)
-- Analyzing VHDL file "C:/Users/lotto/Desktop/Alveare/alu_sys_HDL/alu_sys_HDL.srcs/sources_1/imports/imports/new/alv_MIMD_Block_entry2_proc1_Pipeline_clear_FIFO_b.vhd" into library xil_defaultlib (VHDL-9003)
INFO: analyzing entity 'alv_MIMD_Block_entry2_proc1_Pipeline_clear_FIFO_b' (VHDL-1012)
INFO: analyzing architecture 'behav' of entity 'alv_mimd_block_entry2_proc1_pipeline_clear_fifo_b' (VHDL-9006)
-- Analyzing VHDL file "C:/Users/lotto/Desktop/Alveare/alu_sys_HDL/alu_sys_HDL.srcs/sources_1/imports/imports/new/alv_MIMD_Block_entry2_proc1_Pipeline_clear_FIFO_op.vhd" into library xil_defaultlib (VHDL-9003)
INFO: analyzing entity 'alv_MIMD_Block_entry2_proc1_Pipeline_clear_FIFO_op' (VHDL-1012)
INFO: analyzing architecture 'behav' of entity 'alv_mimd_block_entry2_proc1_pipeline_clear_fifo_op' (VHDL-9006)
-- Analyzing VHDL file "C:/Users/lotto/Desktop/Alveare/alu_sys_HDL/alu_sys_HDL.srcs/sources_1/imports/imports/new/alv_MIMD_Block_entry2_proc1_Pipeline_clear_RAM_op.vhd" into library xil_defaultlib (VHDL-9003)
INFO: analyzing entity 'alv_MIMD_Block_entry2_proc1_Pipeline_clear_RAM_op' (VHDL-1012)
INFO: analyzing architecture 'behav' of entity 'alv_mimd_block_entry2_proc1_pipeline_clear_ram_op' (VHDL-9006)
-- Analyzing VHDL file "C:/Users/lotto/Desktop/Alveare/alu_sys_HDL/alu_sys_HDL.srcs/sources_1/imports/imports/new/alv_MIMD_control_s_axi.vhd" into library xil_defaultlib (VHDL-9003)
INFO: analyzing entity 'alv_MIMD_control_s_axi' (VHDL-1012)
INFO: analyzing architecture 'behave' of entity 'alv_mimd_control_s_axi' (VHDL-9006)
-- Analyzing VHDL file "C:/Users/lotto/Desktop/Alveare/alu_sys_HDL/alu_sys_HDL.srcs/sources_1/imports/imports/new/alv_MIMD_data_exe_wb.vhd" into library xil_defaultlib (VHDL-9003)
INFO: analyzing entity 'alv_MIMD_data_exe_wb' (VHDL-1012)
INFO: analyzing architecture 'behav' of entity 'alv_mimd_data_exe_wb' (VHDL-9006)
-- Analyzing VHDL file "C:/Users/lotto/Desktop/Alveare/alu_sys_HDL/alu_sys_HDL.srcs/sources_1/imports/imports/new/alv_MIMD_data_exe_wb_Pipeline_exe.vhd" into library xil_defaultlib (VHDL-9003)
INFO: analyzing entity 'alv_MIMD_data_exe_wb_Pipeline_exe' (VHDL-1012)
INFO: analyzing architecture 'behav' of entity 'alv_mimd_data_exe_wb_pipeline_exe' (VHDL-9006)
-- Analyzing VHDL file "C:/Users/lotto/Desktop/Alveare/alu_sys_HDL/alu_sys_HDL.srcs/sources_1/imports/imports/new/alv_MIMD_data_exe_wb_Pipeline_l_data_a.vhd" into library xil_defaultlib (VHDL-9003)
INFO: analyzing entity 'alv_MIMD_data_exe_wb_Pipeline_l_data_a' (VHDL-1012)
INFO: analyzing architecture 'behav' of entity 'alv_mimd_data_exe_wb_pipeline_l_data_a' (VHDL-9006)
-- Analyzing VHDL file "C:/Users/lotto/Desktop/Alveare/alu_sys_HDL/alu_sys_HDL.srcs/sources_1/imports/imports/new/alv_MIMD_data_exe_wb_Pipeline_l_data_b.vhd" into library xil_defaultlib (VHDL-9003)
INFO: analyzing entity 'alv_MIMD_data_exe_wb_Pipeline_l_data_b' (VHDL-1012)
INFO: analyzing architecture 'behav' of entity 'alv_mimd_data_exe_wb_pipeline_l_data_b' (VHDL-9006)
-- Analyzing VHDL file "C:/Users/lotto/Desktop/Alveare/alu_sys_HDL/alu_sys_HDL.srcs/sources_1/imports/imports/new/alv_MIMD_data_exe_wb_Pipeline_write_back.vhd" into library xil_defaultlib (VHDL-9003)
INFO: analyzing entity 'alv_MIMD_data_exe_wb_Pipeline_write_back' (VHDL-1012)
INFO: analyzing architecture 'behav' of entity 'alv_mimd_data_exe_wb_pipeline_write_back' (VHDL-9006)
-- Analyzing VHDL file "C:/Users/lotto/Desktop/Alveare/alu_sys_HDL/alu_sys_HDL.srcs/sources_1/imports/imports/new/alv_MIMD_fifo_w32_d50_A.vhd" into library xil_defaultlib (VHDL-9003)
INFO: analyzing entity 'alv_MIMD_fifo_w32_d50_A' (VHDL-1012)
INFO: analyzing architecture 'arch' of entity 'alv_mimd_fifo_w32_d50_a' (VHDL-9006)
INFO: analyzing entity 'alv_MIMD_fifo_w32_d50_A_ram' (VHDL-1012)
INFO: analyzing architecture 'arch' of entity 'alv_mimd_fifo_w32_d50_a_ram' (VHDL-9006)
-- Analyzing VHDL file "C:/Users/lotto/Desktop/Alveare/alu_sys_HDL/alu_sys_HDL.srcs/sources_1/imports/imports/new/alv_MIMD_flow_control_loop_pipe_sequential_init.vhd" into library xil_defaultlib (VHDL-9003)
INFO: analyzing entity 'alv_MIMD_flow_control_loop_pipe_sequential_init' (VHDL-1012)
INFO: analyzing architecture 'behav' of entity 'alv_mimd_flow_control_loop_pipe_sequential_init' (VHDL-9006)
-- Analyzing VHDL file "C:/Users/lotto/Desktop/Alveare/alu_sys_HDL/alu_sys_HDL.srcs/sources_1/imports/imports/new/alv_MIMD_gmem0_m_axi.vhd" into library xil_defaultlib (VHDL-9003)
INFO: analyzing entity 'alv_MIMD_gmem0_m_axi' (VHDL-1012)
INFO: analyzing architecture 'behave' of entity 'alv_mimd_gmem0_m_axi' (VHDL-9006)
INFO: analyzing entity 'alv_MIMD_gmem0_m_axi_load' (VHDL-1012)
INFO: analyzing architecture 'behave' of entity 'alv_mimd_gmem0_m_axi_load' (VHDL-9006)
INFO: analyzing entity 'alv_MIMD_gmem0_m_axi_store' (VHDL-1012)
INFO: analyzing architecture 'behave' of entity 'alv_mimd_gmem0_m_axi_store' (VHDL-9006)
INFO: analyzing entity 'alv_MIMD_gmem0_m_axi_read' (VHDL-1012)
INFO: analyzing architecture 'behave' of entity 'alv_mimd_gmem0_m_axi_read' (VHDL-9006)
INFO: analyzing entity 'alv_MIMD_gmem0_m_axi_write' (VHDL-1012)
INFO: analyzing architecture 'behave' of entity 'alv_mimd_gmem0_m_axi_write' (VHDL-9006)
INFO: analyzing entity 'alv_MIMD_gmem0_m_axi_burst_converter' (VHDL-1012)
INFO: analyzing architecture 'behave' of entity 'alv_mimd_gmem0_m_axi_burst_converter' (VHDL-9006)
INFO: analyzing entity 'alv_MIMD_gmem0_m_axi_throttle' (VHDL-1012)
INFO: analyzing architecture 'behav' of entity 'alv_mimd_gmem0_m_axi_throttle' (VHDL-9006)
INFO: analyzing entity 'alv_MIMD_gmem0_m_axi_reg_slice' (VHDL-1012)
INFO: analyzing architecture 'behave' of entity 'alv_mimd_gmem0_m_axi_reg_slice' (VHDL-9006)
INFO: analyzing entity 'alv_MIMD_gmem0_m_axi_fifo' (VHDL-1012)
INFO: analyzing architecture 'behave' of entity 'alv_mimd_gmem0_m_axi_fifo' (VHDL-9006)
INFO: analyzing entity 'alv_MIMD_gmem0_m_axi_srl' (VHDL-1012)
INFO: analyzing architecture 'behav' of entity 'alv_mimd_gmem0_m_axi_srl' (VHDL-9006)
INFO: analyzing entity 'alv_MIMD_gmem0_m_axi_mem' (VHDL-1012)
INFO: analyzing architecture 'behav' of entity 'alv_mimd_gmem0_m_axi_mem' (VHDL-9006)
-- Analyzing VHDL file "C:/Users/lotto/Desktop/Alveare/alu_sys_HDL/alu_sys_HDL.srcs/sources_1/imports/imports/new/alv_MIMD_gmem1_m_axi.vhd" into library xil_defaultlib (VHDL-9003)
INFO: analyzing entity 'alv_MIMD_gmem1_m_axi' (VHDL-1012)
INFO: analyzing architecture 'behave' of entity 'alv_mimd_gmem1_m_axi' (VHDL-9006)
INFO: analyzing entity 'alv_MIMD_gmem1_m_axi_load' (VHDL-1012)
INFO: analyzing architecture 'behave' of entity 'alv_mimd_gmem1_m_axi_load' (VHDL-9006)
INFO: analyzing entity 'alv_MIMD_gmem1_m_axi_store' (VHDL-1012)
INFO: analyzing architecture 'behave' of entity 'alv_mimd_gmem1_m_axi_store' (VHDL-9006)
INFO: analyzing entity 'alv_MIMD_gmem1_m_axi_read' (VHDL-1012)
INFO: analyzing architecture 'behave' of entity 'alv_mimd_gmem1_m_axi_read' (VHDL-9006)
INFO: analyzing entity 'alv_MIMD_gmem1_m_axi_write' (VHDL-1012)
INFO: analyzing architecture 'behave' of entity 'alv_mimd_gmem1_m_axi_write' (VHDL-9006)
INFO: analyzing entity 'alv_MIMD_gmem1_m_axi_burst_converter' (VHDL-1012)
INFO: analyzing architecture 'behave' of entity 'alv_mimd_gmem1_m_axi_burst_converter' (VHDL-9006)
INFO: analyzing entity 'alv_MIMD_gmem1_m_axi_throttle' (VHDL-1012)
INFO: analyzing architecture 'behav' of entity 'alv_mimd_gmem1_m_axi_throttle' (VHDL-9006)
INFO: analyzing entity 'alv_MIMD_gmem1_m_axi_reg_slice' (VHDL-1012)
INFO: analyzing architecture 'behave' of entity 'alv_mimd_gmem1_m_axi_reg_slice' (VHDL-9006)
INFO: analyzing entity 'alv_MIMD_gmem1_m_axi_fifo' (VHDL-1012)
INFO: analyzing architecture 'behave' of entity 'alv_mimd_gmem1_m_axi_fifo' (VHDL-9006)
INFO: analyzing entity 'alv_MIMD_gmem1_m_axi_srl' (VHDL-1012)
INFO: analyzing architecture 'behav' of entity 'alv_mimd_gmem1_m_axi_srl' (VHDL-9006)
INFO: analyzing entity 'alv_MIMD_gmem1_m_axi_mem' (VHDL-1012)
INFO: analyzing architecture 'behav' of entity 'alv_mimd_gmem1_m_axi_mem' (VHDL-9006)
-- Analyzing VHDL file "C:/Users/lotto/Desktop/Alveare/alu_sys_HDL/alu_sys_HDL.srcs/sources_1/imports/imports/new/alv_MIMD_gmem2_m_axi.vhd" into library xil_defaultlib (VHDL-9003)
INFO: analyzing entity 'alv_MIMD_gmem2_m_axi' (VHDL-1012)
INFO: analyzing architecture 'behave' of entity 'alv_mimd_gmem2_m_axi' (VHDL-9006)
INFO: analyzing entity 'alv_MIMD_gmem2_m_axi_load' (VHDL-1012)
INFO: analyzing architecture 'behave' of entity 'alv_mimd_gmem2_m_axi_load' (VHDL-9006)
INFO: analyzing entity 'alv_MIMD_gmem2_m_axi_store' (VHDL-1012)
INFO: analyzing architecture 'behave' of entity 'alv_mimd_gmem2_m_axi_store' (VHDL-9006)
INFO: analyzing entity 'alv_MIMD_gmem2_m_axi_read' (VHDL-1012)
INFO: analyzing architecture 'behave' of entity 'alv_mimd_gmem2_m_axi_read' (VHDL-9006)
INFO: analyzing entity 'alv_MIMD_gmem2_m_axi_write' (VHDL-1012)
INFO: analyzing architecture 'behave' of entity 'alv_mimd_gmem2_m_axi_write' (VHDL-9006)
INFO: analyzing entity 'alv_MIMD_gmem2_m_axi_burst_converter' (VHDL-1012)
INFO: analyzing architecture 'behave' of entity 'alv_mimd_gmem2_m_axi_burst_converter' (VHDL-9006)
INFO: analyzing entity 'alv_MIMD_gmem2_m_axi_throttle' (VHDL-1012)
INFO: analyzing architecture 'behav' of entity 'alv_mimd_gmem2_m_axi_throttle' (VHDL-9006)
INFO: analyzing entity 'alv_MIMD_gmem2_m_axi_reg_slice' (VHDL-1012)
INFO: analyzing architecture 'behave' of entity 'alv_mimd_gmem2_m_axi_reg_slice' (VHDL-9006)
INFO: analyzing entity 'alv_MIMD_gmem2_m_axi_fifo' (VHDL-1012)
INFO: analyzing architecture 'behave' of entity 'alv_mimd_gmem2_m_axi_fifo' (VHDL-9006)
INFO: analyzing entity 'alv_MIMD_gmem2_m_axi_srl' (VHDL-1012)
INFO: analyzing architecture 'behav' of entity 'alv_mimd_gmem2_m_axi_srl' (VHDL-9006)
INFO: analyzing entity 'alv_MIMD_gmem2_m_axi_mem' (VHDL-1012)
INFO: analyzing architecture 'behav' of entity 'alv_mimd_gmem2_m_axi_mem' (VHDL-9006)
-- Analyzing VHDL file "C:/Users/lotto/Desktop/Alveare/alu_sys_HDL/alu_sys_HDL.srcs/sources_1/imports/imports/new/alv_MIMD_gmem3_m_axi.vhd" into library xil_defaultlib (VHDL-9003)
INFO: analyzing entity 'alv_MIMD_gmem3_m_axi' (VHDL-1012)
INFO: analyzing architecture 'behave' of entity 'alv_mimd_gmem3_m_axi' (VHDL-9006)
INFO: analyzing entity 'alv_MIMD_gmem3_m_axi_load' (VHDL-1012)
INFO: analyzing architecture 'behave' of entity 'alv_mimd_gmem3_m_axi_load' (VHDL-9006)
INFO: analyzing entity 'alv_MIMD_gmem3_m_axi_store' (VHDL-1012)
INFO: analyzing architecture 'behave' of entity 'alv_mimd_gmem3_m_axi_store' (VHDL-9006)
INFO: analyzing entity 'alv_MIMD_gmem3_m_axi_read' (VHDL-1012)
INFO: analyzing architecture 'behave' of entity 'alv_mimd_gmem3_m_axi_read' (VHDL-9006)
INFO: analyzing entity 'alv_MIMD_gmem3_m_axi_write' (VHDL-1012)
INFO: analyzing architecture 'behave' of entity 'alv_mimd_gmem3_m_axi_write' (VHDL-9006)
INFO: analyzing entity 'alv_MIMD_gmem3_m_axi_burst_converter' (VHDL-1012)
INFO: analyzing architecture 'behave' of entity 'alv_mimd_gmem3_m_axi_burst_converter' (VHDL-9006)
INFO: analyzing entity 'alv_MIMD_gmem3_m_axi_throttle' (VHDL-1012)
INFO: analyzing architecture 'behav' of entity 'alv_mimd_gmem3_m_axi_throttle' (VHDL-9006)
INFO: analyzing entity 'alv_MIMD_gmem3_m_axi_reg_slice' (VHDL-1012)
INFO: analyzing architecture 'behave' of entity 'alv_mimd_gmem3_m_axi_reg_slice' (VHDL-9006)
INFO: analyzing entity 'alv_MIMD_gmem3_m_axi_fifo' (VHDL-1012)
INFO: analyzing architecture 'behave' of entity 'alv_mimd_gmem3_m_axi_fifo' (VHDL-9006)
INFO: analyzing entity 'alv_MIMD_gmem3_m_axi_srl' (VHDL-1012)
INFO: analyzing architecture 'behav' of entity 'alv_mimd_gmem3_m_axi_srl' (VHDL-9006)
INFO: analyzing entity 'alv_MIMD_gmem3_m_axi_mem' (VHDL-1012)
INFO: analyzing architecture 'behav' of entity 'alv_mimd_gmem3_m_axi_mem' (VHDL-9006)
-- Analyzing VHDL file "C:/Users/lotto/Desktop/Alveare/alu_sys_HDL/alu_sys_HDL.srcs/sources_1/imports/imports/new/alv_MIMD_mul_32s_32s_32_2_1.vhd" into library xil_defaultlib (VHDL-9003)
INFO: analyzing entity 'alv_MIMD_mul_32s_32s_32_2_1' (VHDL-1012)
INFO: analyzing architecture 'behav' of entity 'alv_mimd_mul_32s_32s_32_2_1' (VHDL-9006)
-- Analyzing VHDL file "C:/Users/lotto/Desktop/Alveare/alu_sys_HDL/alu_sys_HDL.srcs/sources_1/imports/imports/new/alv_MIMD_op_data_exe_wb.vhd" into library xil_defaultlib (VHDL-9003)
INFO: analyzing entity 'alv_MIMD_op_data_exe_wb' (VHDL-1012)
INFO: analyzing architecture 'behav' of entity 'alv_mimd_op_data_exe_wb' (VHDL-9006)
-- Analyzing VHDL file "C:/Users/lotto/AppData/Local/Temp/VivadoEditorAssist14774754938420250042.tmp" into library xil_defaultlib (VHDL-9003)
INFO: analyzing entity 'alv_MIMD_op_data_exe_wb_Pipeline_exe' (VHDL-1012)
INFO: analyzing architecture 'behav' of entity 'alv_mimd_op_data_exe_wb_pipeline_exe' (VHDL-9006)
-- Analyzing VHDL file "C:/Users/lotto/Desktop/Alveare/alu_sys_HDL/alu_sys_HDL.srcs/sources_1/imports/imports/new/alv_MIMD_op_data_exe_wb_Pipeline_l_data_a.vhd" into library xil_defaultlib (VHDL-9003)
INFO: analyzing entity 'alv_MIMD_op_data_exe_wb_Pipeline_l_data_a' (VHDL-1012)
INFO: analyzing architecture 'behav' of entity 'alv_mimd_op_data_exe_wb_pipeline_l_data_a' (VHDL-9006)
-- Analyzing VHDL file "C:/Users/lotto/Desktop/Alveare/alu_sys_HDL/alu_sys_HDL.srcs/sources_1/imports/imports/new/alv_MIMD_op_data_exe_wb_Pipeline_l_data_b.vhd" into library xil_defaultlib (VHDL-9003)
INFO: analyzing entity 'alv_MIMD_op_data_exe_wb_Pipeline_l_data_b' (VHDL-1012)
INFO: analyzing architecture 'behav' of entity 'alv_mimd_op_data_exe_wb_pipeline_l_data_b' (VHDL-9006)
-- Analyzing VHDL file "C:/Users/lotto/Desktop/Alveare/alu_sys_HDL/alu_sys_HDL.srcs/sources_1/imports/imports/new/alv_MIMD_op_data_exe_wb_Pipeline_l_operation.vhd" into library xil_defaultlib (VHDL-9003)
INFO: analyzing entity 'alv_MIMD_op_data_exe_wb_Pipeline_l_operation' (VHDL-1012)
INFO: analyzing architecture 'behav' of entity 'alv_mimd_op_data_exe_wb_pipeline_l_operation' (VHDL-9006)
-- Analyzing VHDL file "C:/Users/lotto/Desktop/Alveare/alu_sys_HDL/alu_sys_HDL.srcs/sources_1/imports/imports/new/alv_MIMD_op_data_exe_wb_Pipeline_s_operation_data_op.vhd" into library xil_defaultlib (VHDL-9003)
INFO: analyzing entity 'alv_MIMD_op_data_exe_wb_Pipeline_s_operation_data_op' (VHDL-1012)
INFO: analyzing architecture 'behav' of entity 'alv_mimd_op_data_exe_wb_pipeline_s_operation_data_op' (VHDL-9006)
-- Analyzing VHDL file "C:/Users/lotto/Desktop/Alveare/alu_sys_HDL/alu_sys_HDL.srcs/sources_1/imports/imports/new/alv_MIMD_op_data_exe_wb_Pipeline_write_back.vhd" into library xil_defaultlib (VHDL-9003)
INFO: analyzing entity 'alv_MIMD_op_data_exe_wb_Pipeline_write_back' (VHDL-1012)
INFO: analyzing architecture 'behav' of entity 'alv_mimd_op_data_exe_wb_pipeline_write_back' (VHDL-9006)
-- Analyzing VHDL file "C:/Users/lotto/Desktop/Alveare/alu_sys_HDL/alu_sys_HDL.srcs/sources_1/imports/imports/new/alv_MIMD_operation.vhd" into library xil_defaultlib (VHDL-9003)
INFO: analyzing entity 'alv_MIMD_operation' (VHDL-1012)
INFO: analyzing architecture 'behav' of entity 'alv_mimd_operation' (VHDL-9006)
-- Analyzing VHDL file "C:/Users/lotto/Desktop/Alveare/alu_sys_HDL/alu_sys_HDL.srcs/sources_1/imports/imports/new/alv_MIMD_operation_Pipeline_l_operation.vhd" into library xil_defaultlib (VHDL-9003)
INFO: analyzing entity 'alv_MIMD_operation_Pipeline_l_operation' (VHDL-1012)
INFO: analyzing architecture 'behav' of entity 'alv_mimd_operation_pipeline_l_operation' (VHDL-9006)
-- Analyzing VHDL file "C:/Users/lotto/Desktop/Alveare/alu_sys_HDL/alu_sys_HDL.srcs/sources_1/imports/imports/new/alv_MIMD_operation_Pipeline_s_operation_data_op.vhd" into library xil_defaultlib (VHDL-9003)
INFO: analyzing entity 'alv_MIMD_operation_Pipeline_s_operation_data_op' (VHDL-1012)
INFO: analyzing architecture 'behav' of entity 'alv_mimd_operation_pipeline_s_operation_data_op' (VHDL-9006)
-- Analyzing VHDL file "C:/Users/lotto/Desktop/Alveare/alu_sys_HDL/alu_sys_HDL.srcs/sources_1/imports/imports/new/alv_MIMD_sdiv_32s_32s_32_36_1.vhd" into library xil_defaultlib (VHDL-9003)
INFO: analyzing entity 'alv_MIMD_sdiv_32s_32s_32_36_1_divider' (VHDL-1012)
INFO: analyzing architecture 'rtl' of entity 'alv_mimd_sdiv_32s_32s_32_36_1_divider' (VHDL-9006)
INFO: analyzing entity 'alv_MIMD_sdiv_32s_32s_32_36_1' (VHDL-1012)
INFO: analyzing architecture 'rtl' of entity 'alv_mimd_sdiv_32s_32s_32_36_1' (VHDL-9006)
-- Analyzing VHDL file "C:/Users/lotto/AppData/Local/Temp/VivadoEditorAssist6907755639756044470.tmp" into library xil_defaultlib (VHDL-9003)
INFO: analyzing entity 'div' (VHDL-1012)
INFO: analyzing architecture 'Behavioral' of entity 'div' (VHDL-9006)
-- Analyzing VHDL file "C:/Users/lotto/AppData/Local/Temp/VivadoEditorAssist3937137329203488750.tmp" into library xil_defaultlib (VHDL-9003)
INFO: analyzing entity 'mul' (VHDL-1012)
INFO: analyzing architecture 'Behavioral' of entity 'mul' (VHDL-9006)
-- Analyzing VHDL file "C:/Users/lotto/AppData/Local/Temp/VivadoEditorAssist2512211816905672329.tmp" into library xil_defaultlib (VHDL-9003)
INFO: analyzing entity 'pp_buf' (VHDL-1012)
INFO: analyzing architecture 'Behavioral' of entity 'pp_buf' (VHDL-9006)
-- Analyzing VHDL file "C:/Users/lotto/AppData/Local/Temp/VivadoEditorAssist5247065975314925559.tmp" into library xil_defaultlib (VHDL-9003)
INFO: analyzing entity 'sub' (VHDL-1012)
INFO: analyzing architecture 'Behavioral' of entity 'sub' (VHDL-9006)
-- Analyzing VHDL file "C:/Users/lotto/AppData/Local/Temp/VivadoEditorAssist2365021639635324040.tmp" into library xil_defaultlib (VHDL-9003)
INFO: analyzing entity 'sum' (VHDL-1012)
INFO: analyzing architecture 'Behavioral' of entity 'sum' (VHDL-9006)
-- Analyzing VHDL file "C:/Users/lotto/Desktop/Alveare/alu_sys_HDL/alu_sys_HDL.srcs/sources_1/imports/imports/new/alv_MIMD.vhd" into library xil_defaultlib (VHDL-9003)
INFO: analyzing entity 'alv_MIMD' (VHDL-1012)
INFO: analyzing architecture 'behav' of entity 'alv_mimd' (VHDL-9006)
-- Analyzing VHDL file "C:/Users/lotto/AppData/Local/Temp/VivadoEditorAssist4208862715813044696.tmp" into library xil_defaultlib (VHDL-9003)
INFO: analyzing entity 'dispatcher' (VHDL-1012)
INFO: analyzing architecture 'Behavioral' of entity 'dispatcher' (VHDL-9006)
srcscan exits with return value 0
