
*** Running vivado
    with args -log design_1_auto_us_3.vds -m64 -product Vivado -mode batch -messageDb vivado.pb -notrace -source design_1_auto_us_3.tcl


ECHO is off.
ECHO is off.

****** Vivado v2023.2 (64-bit)
  **** SW Build 4029153 on Fri Oct 13 20:14:34 MDT 2023
  **** IP Build 4028589 on Sat Oct 14 00:45:43 MDT 2023
  **** SharedData Build 4025554 on Tue Oct 10 17:18:54 MDT 2023
    ** Copyright 1986-2022 Xilinx, Inc. All Rights Reserved.
    ** Copyright 2022-2023 Advanced Micro Devices, Inc. All Rights Reserved.

source design_1_auto_us_3.tcl -notrace
create_project: Time (s): cpu = 00:00:02 ; elapsed = 00:00:06 . Memory (MB): peak = 483.812 ; gain = 178.551
INFO: [IP_Flow 19-234] Refreshing IP repositories
INFO: [IP_Flow 19-1700] Loaded user IP repository 'c:/Users/marco/Desktop/NECST/NL2/AXI_M/alv_MIMD/ip_repo'.
INFO: [IP_Flow 19-2313] Loaded Vivado IP repository 'C:/ProgramData/Xilinx/Vivado/2023.2/data/ip'.
INFO: [IP_Flow 19-6924] IPCACHE: Running cache check for IP inst: design_1_auto_us_3
INFO: [IP_Flow 19-6922] IPCACHE: Exporting cached entry 8dded698d570d699 to dir: C:/Users/marco/Desktop/NECST/NL2/AXI_M/alv_MIMD/Vivado/alv_MIMD.runs/design_1_auto_us_3_synth_1
INFO: [IP_Flow 19-6928] IPCACHE: copied cached file c:/Users/marco/Desktop/NECST/NL2/AXI_M/alv_MIMD/Vivado/alv_MIMD.cache/ip/2023.2/8/d/8dded698d570d699/design_1_auto_us_0.dcp to C:/Users/marco/Desktop/NECST/NL2/AXI_M/alv_MIMD/Vivado/alv_MIMD.runs/design_1_auto_us_3_synth_1/design_1_auto_us_3.dcp.
INFO: [IP_Flow 19-6928] IPCACHE: copied cached file c:/Users/marco/Desktop/NECST/NL2/AXI_M/alv_MIMD/Vivado/alv_MIMD.cache/ip/2023.2/8/d/8dded698d570d699/design_1_auto_us_0_sim_netlist.v to C:/Users/marco/Desktop/NECST/NL2/AXI_M/alv_MIMD/Vivado/alv_MIMD.runs/design_1_auto_us_3_synth_1/design_1_auto_us_3_sim_netlist.v.
INFO: [IP_Flow 19-6928] IPCACHE: copied cached file c:/Users/marco/Desktop/NECST/NL2/AXI_M/alv_MIMD/Vivado/alv_MIMD.cache/ip/2023.2/8/d/8dded698d570d699/design_1_auto_us_0_sim_netlist.vhdl to C:/Users/marco/Desktop/NECST/NL2/AXI_M/alv_MIMD/Vivado/alv_MIMD.runs/design_1_auto_us_3_synth_1/design_1_auto_us_3_sim_netlist.vhdl.
INFO: [IP_Flow 19-6928] IPCACHE: copied cached file c:/Users/marco/Desktop/NECST/NL2/AXI_M/alv_MIMD/Vivado/alv_MIMD.cache/ip/2023.2/8/d/8dded698d570d699/design_1_auto_us_0_stub.v to C:/Users/marco/Desktop/NECST/NL2/AXI_M/alv_MIMD/Vivado/alv_MIMD.runs/design_1_auto_us_3_synth_1/design_1_auto_us_3_stub.v.
INFO: [IP_Flow 19-6928] IPCACHE: copied cached file c:/Users/marco/Desktop/NECST/NL2/AXI_M/alv_MIMD/Vivado/alv_MIMD.cache/ip/2023.2/8/d/8dded698d570d699/design_1_auto_us_0_stub.vhdl to C:/Users/marco/Desktop/NECST/NL2/AXI_M/alv_MIMD/Vivado/alv_MIMD.runs/design_1_auto_us_3_synth_1/design_1_auto_us_3_stub.vhdl.
INFO: [IP_Flow 19-4838] Using cached IP synthesis design for IP design_1_auto_us_3, cache-ID = 8dded698d570d699.
INFO: [Common 17-206] Exiting Vivado at Sun May 12 20:07:01 2024...
