

================================================================
== Vitis HLS Report for 'op_data_exe_wb_Pipeline_exe'
================================================================
* Date:           Sat Jun 22 22:38:54 2024

* Version:        2023.2 (Build 4023990 on Oct 11 2023)
* Project:        ALU_sys_HDL
* Solution:       solution1 (Vivado IP Flow Target)
* Product family: zynq
* Target device:  xc7z020-clg400-1


================================================================
== Performance Estimates
================================================================
+ Timing: 
    * Summary: 
    +--------+----------+----------+------------+
    |  Clock |  Target  | Estimated| Uncertainty|
    +--------+----------+----------+------------+
    |ap_clk  |  10.00 ns|  6.912 ns|     2.70 ns|
    +--------+----------+----------+------------+

+ Latency: 
    * Summary: 
    +---------+---------+-----------+-----------+------+------+---------+
    |  Latency (cycles) |   Latency (absolute)  |   Interval  | Pipeline|
    |   min   |   max   |    min    |    max    |  min |  max |   Type  |
    +---------+---------+-----------+-----------+------+------+---------+
    |     1039|     1039|  10.390 us|  10.390 us|  1039|  1039|       no|
    +---------+---------+-----------+-----------+------+------+---------+

    + Detail: 
        * Instance: 
        N/A

        * Loop: 
        +----------+---------+---------+----------+-----------+-----------+------+----------+
        |          |  Latency (cycles) | Iteration|  Initiation Interval  | Trip |          |
        | Loop Name|   min   |   max   |  Latency |  achieved |   target  | Count| Pipelined|
        +----------+---------+---------+----------+-----------+-----------+------+----------+
        |- exe     |     1037|     1037|        39|          1|          1|  1000|       yes|
        +----------+---------+---------+----------+-----------+-----------+------+----------+



================================================================
== Utilization Estimates
================================================================
* Summary: 
+-----------------+---------+-----+--------+-------+-----+
|       Name      | BRAM_18K| DSP |   FF   |  LUT  | URAM|
+-----------------+---------+-----+--------+-------+-----+
|DSP              |        -|    -|       -|      -|    -|
|Expression       |        -|    -|       0|    114|    -|
|FIFO             |        -|    -|       -|      -|    -|
|Instance         |        -|    3|    2448|   1788|    -|
|Memory           |        -|    -|       -|      -|    -|
|Multiplexer      |        -|    -|       -|     94|    -|
|Register         |        -|    -|     453|     96|    -|
+-----------------+---------+-----+--------+-------+-----+
|Total            |        0|    3|    2901|   2092|    0|
+-----------------+---------+-----+--------+-------+-----+
|Available        |      280|  220|  106400|  53200|    0|
+-----------------+---------+-----+--------+-------+-----+
|Utilization (%)  |        0|    1|       2|      3|    0|
+-----------------+---------+-----+--------+-------+-----+

+ Detail: 
    * Instance: 
    +--------------------------+----------------------+---------+----+------+------+-----+
    |         Instance         |        Module        | BRAM_18K| DSP|  FF  |  LUT | URAM|
    +--------------------------+----------------------+---------+----+------+------+-----+
    |mul_32s_32s_32_2_1_U12    |mul_32s_32s_32_2_1    |        0|   3|   165|    50|    0|
    |sdiv_32s_32s_32_36_1_U13  |sdiv_32s_32s_32_36_1  |        0|   0|  2283|  1738|    0|
    +--------------------------+----------------------+---------+----+------+------+-----+
    |Total                     |                      |        0|   3|  2448|  1788|    0|
    +--------------------------+----------------------+---------+----+------+------+-----+

    * DSP: 
    N/A

    * Memory: 
    N/A

    * FIFO: 
    N/A

    * Expression: 
    +-----------------------------------+----------+----+---+----+------------+------------+
    |           Variable Name           | Operation| DSP| FF| LUT| Bitwidth P0| Bitwidth P1|
    +-----------------------------------+----------+----+---+----+------------+------------+
    |add_ln127_fu_101_p2                |         +|   0|  0|  13|          10|           1|
    |add_ln140_fu_125_p2                |         +|   0|  0|  39|          32|          32|
    |sub_ln144_fu_120_p2                |         -|   0|  0|  39|          32|          32|
    |ap_predicate_op79_write_state6     |       and|   0|  0|   2|           1|           1|
    |icmp_ln127_fu_95_p2                |      icmp|   0|  0|  13|          10|           6|
    |ap_block_pp0_stage0_01001          |        or|   0|  0|   2|           1|           1|
    |ap_block_state2_pp0_stage0_iter1   |        or|   0|  0|   2|           1|           1|
    |ap_block_state6_pp0_stage0_iter38  |        or|   0|  0|   2|           1|           1|
    |ap_enable_pp0                      |       xor|   0|  0|   2|           1|           2|
    +-----------------------------------+----------+----+---+----+------------+------------+
    |Total                              |          |   0|  0| 114|          89|          77|
    +-----------------------------------+----------+----+---+----+------------+------------+

    * Multiplexer: 
    +-------------------------+----+-----------+-----+-----------+
    |           Name          | LUT| Input Size| Bits| Total Bits|
    +-------------------------+----+-----------+-----+-----------+
    |ap_done_int              |   9|          2|    1|          2|
    |ap_enable_reg_pp0_iter1  |   9|          2|    1|          2|
    |ap_sig_allocacmp_i       |   9|          2|   10|         20|
    |data_a_blk_n             |   9|          2|    1|          2|
    |data_b_blk_n             |   9|          2|    1|          2|
    |data_result_blk_n        |   9|          2|    1|          2|
    |data_result_din          |  31|          6|   32|        192|
    |i_5_fu_46                |   9|          2|   10|         20|
    +-------------------------+----+-----------+-----+-----------+
    |Total                    |  94|         20|   57|        242|
    +-------------------------+----+-----------+-----+-----------+

    * Register: 
    +-----------------------------------+----+----+-----+-----------+
    |                Name               | FF | LUT| Bits| Const Bits|
    +-----------------------------------+----+----+-----+-----------+
    |ALU_operation_MEM_load_reg_167     |  32|   0|   32|          0|
    |a_reg_146                          |  32|   0|   32|          0|
    |ap_CS_fsm                          |   1|   0|    1|          0|
    |ap_done_reg                        |   1|   0|    1|          0|
    |ap_enable_reg_pp0_iter1            |   1|   0|    1|          0|
    |ap_enable_reg_pp0_iter10           |   1|   0|    1|          0|
    |ap_enable_reg_pp0_iter11           |   1|   0|    1|          0|
    |ap_enable_reg_pp0_iter12           |   1|   0|    1|          0|
    |ap_enable_reg_pp0_iter13           |   1|   0|    1|          0|
    |ap_enable_reg_pp0_iter14           |   1|   0|    1|          0|
    |ap_enable_reg_pp0_iter15           |   1|   0|    1|          0|
    |ap_enable_reg_pp0_iter16           |   1|   0|    1|          0|
    |ap_enable_reg_pp0_iter17           |   1|   0|    1|          0|
    |ap_enable_reg_pp0_iter18           |   1|   0|    1|          0|
    |ap_enable_reg_pp0_iter19           |   1|   0|    1|          0|
    |ap_enable_reg_pp0_iter2            |   1|   0|    1|          0|
    |ap_enable_reg_pp0_iter20           |   1|   0|    1|          0|
    |ap_enable_reg_pp0_iter21           |   1|   0|    1|          0|
    |ap_enable_reg_pp0_iter22           |   1|   0|    1|          0|
    |ap_enable_reg_pp0_iter23           |   1|   0|    1|          0|
    |ap_enable_reg_pp0_iter24           |   1|   0|    1|          0|
    |ap_enable_reg_pp0_iter25           |   1|   0|    1|          0|
    |ap_enable_reg_pp0_iter26           |   1|   0|    1|          0|
    |ap_enable_reg_pp0_iter27           |   1|   0|    1|          0|
    |ap_enable_reg_pp0_iter28           |   1|   0|    1|          0|
    |ap_enable_reg_pp0_iter29           |   1|   0|    1|          0|
    |ap_enable_reg_pp0_iter3            |   1|   0|    1|          0|
    |ap_enable_reg_pp0_iter30           |   1|   0|    1|          0|
    |ap_enable_reg_pp0_iter31           |   1|   0|    1|          0|
    |ap_enable_reg_pp0_iter32           |   1|   0|    1|          0|
    |ap_enable_reg_pp0_iter33           |   1|   0|    1|          0|
    |ap_enable_reg_pp0_iter34           |   1|   0|    1|          0|
    |ap_enable_reg_pp0_iter35           |   1|   0|    1|          0|
    |ap_enable_reg_pp0_iter36           |   1|   0|    1|          0|
    |ap_enable_reg_pp0_iter37           |   1|   0|    1|          0|
    |ap_enable_reg_pp0_iter38           |   1|   0|    1|          0|
    |ap_enable_reg_pp0_iter4            |   1|   0|    1|          0|
    |ap_enable_reg_pp0_iter5            |   1|   0|    1|          0|
    |ap_enable_reg_pp0_iter6            |   1|   0|    1|          0|
    |ap_enable_reg_pp0_iter7            |   1|   0|    1|          0|
    |ap_enable_reg_pp0_iter8            |   1|   0|    1|          0|
    |ap_enable_reg_pp0_iter9            |   1|   0|    1|          0|
    |ap_loop_exit_ready_pp0_iter10_reg  |   1|   0|    1|          0|
    |ap_loop_exit_ready_pp0_iter11_reg  |   1|   0|    1|          0|
    |ap_loop_exit_ready_pp0_iter12_reg  |   1|   0|    1|          0|
    |ap_loop_exit_ready_pp0_iter13_reg  |   1|   0|    1|          0|
    |ap_loop_exit_ready_pp0_iter14_reg  |   1|   0|    1|          0|
    |ap_loop_exit_ready_pp0_iter15_reg  |   1|   0|    1|          0|
    |ap_loop_exit_ready_pp0_iter16_reg  |   1|   0|    1|          0|
    |ap_loop_exit_ready_pp0_iter17_reg  |   1|   0|    1|          0|
    |ap_loop_exit_ready_pp0_iter18_reg  |   1|   0|    1|          0|
    |ap_loop_exit_ready_pp0_iter19_reg  |   1|   0|    1|          0|
    |ap_loop_exit_ready_pp0_iter1_reg   |   1|   0|    1|          0|
    |ap_loop_exit_ready_pp0_iter20_reg  |   1|   0|    1|          0|
    |ap_loop_exit_ready_pp0_iter21_reg  |   1|   0|    1|          0|
    |ap_loop_exit_ready_pp0_iter22_reg  |   1|   0|    1|          0|
    |ap_loop_exit_ready_pp0_iter23_reg  |   1|   0|    1|          0|
    |ap_loop_exit_ready_pp0_iter24_reg  |   1|   0|    1|          0|
    |ap_loop_exit_ready_pp0_iter25_reg  |   1|   0|    1|          0|
    |ap_loop_exit_ready_pp0_iter26_reg  |   1|   0|    1|          0|
    |ap_loop_exit_ready_pp0_iter27_reg  |   1|   0|    1|          0|
    |ap_loop_exit_ready_pp0_iter28_reg  |   1|   0|    1|          0|
    |ap_loop_exit_ready_pp0_iter29_reg  |   1|   0|    1|          0|
    |ap_loop_exit_ready_pp0_iter2_reg   |   1|   0|    1|          0|
    |ap_loop_exit_ready_pp0_iter30_reg  |   1|   0|    1|          0|
    |ap_loop_exit_ready_pp0_iter31_reg  |   1|   0|    1|          0|
    |ap_loop_exit_ready_pp0_iter32_reg  |   1|   0|    1|          0|
    |ap_loop_exit_ready_pp0_iter33_reg  |   1|   0|    1|          0|
    |ap_loop_exit_ready_pp0_iter34_reg  |   1|   0|    1|          0|
    |ap_loop_exit_ready_pp0_iter35_reg  |   1|   0|    1|          0|
    |ap_loop_exit_ready_pp0_iter36_reg  |   1|   0|    1|          0|
    |ap_loop_exit_ready_pp0_iter37_reg  |   1|   0|    1|          0|
    |ap_loop_exit_ready_pp0_iter3_reg   |   1|   0|    1|          0|
    |ap_loop_exit_ready_pp0_iter4_reg   |   1|   0|    1|          0|
    |ap_loop_exit_ready_pp0_iter5_reg   |   1|   0|    1|          0|
    |ap_loop_exit_ready_pp0_iter6_reg   |   1|   0|    1|          0|
    |ap_loop_exit_ready_pp0_iter7_reg   |   1|   0|    1|          0|
    |ap_loop_exit_ready_pp0_iter8_reg   |   1|   0|    1|          0|
    |ap_loop_exit_ready_pp0_iter9_reg   |   1|   0|    1|          0|
    |ap_predicate_pred218_state6        |   1|   0|    1|          0|
    |ap_predicate_pred225_state6        |   1|   0|    1|          0|
    |ap_predicate_pred230_state6        |   1|   0|    1|          0|
    |ap_predicate_pred235_state6        |   1|   0|    1|          0|
    |b_reg_154                          |  32|   0|   32|          0|
    |i_5_fu_46                          |  10|   0|   10|          0|
    |i_reg_137                          |  10|   0|   10|          0|
    |mul_ln153_reg_171                  |  32|   0|   32|          0|
    |sdiv_ln148_reg_176                 |  32|   0|   32|          0|
    |ALU_operation_MEM_load_reg_167     |  64|  32|   32|          0|
    |a_reg_146                          |  64|  32|   32|          0|
    |b_reg_154                          |  64|  32|   32|          0|
    +-----------------------------------+----+----+-----+-----------+
    |Total                              | 453|  96|  357|          0|
    +-----------------------------------+----+----+-----+-----------+



================================================================
== Interface
================================================================
* Summary: 
+----------------------------+-----+-----+------------+-----------------------------+--------------+
|          RTL Ports         | Dir | Bits|  Protocol  |        Source Object        |    C Type    |
+----------------------------+-----+-----+------------+-----------------------------+--------------+
|ap_clk                      |   in|    1|  ap_ctrl_hs|  op_data_exe_wb_Pipeline_exe|  return value|
|ap_rst                      |   in|    1|  ap_ctrl_hs|  op_data_exe_wb_Pipeline_exe|  return value|
|ap_start                    |   in|    1|  ap_ctrl_hs|  op_data_exe_wb_Pipeline_exe|  return value|
|ap_done                     |  out|    1|  ap_ctrl_hs|  op_data_exe_wb_Pipeline_exe|  return value|
|ap_idle                     |  out|    1|  ap_ctrl_hs|  op_data_exe_wb_Pipeline_exe|  return value|
|ap_ready                    |  out|    1|  ap_ctrl_hs|  op_data_exe_wb_Pipeline_exe|  return value|
|data_a_dout                 |   in|   32|     ap_fifo|                       data_a|       pointer|
|data_a_empty_n              |   in|    1|     ap_fifo|                       data_a|       pointer|
|data_a_read                 |  out|    1|     ap_fifo|                       data_a|       pointer|
|data_b_dout                 |   in|   32|     ap_fifo|                       data_b|       pointer|
|data_b_empty_n              |   in|    1|     ap_fifo|                       data_b|       pointer|
|data_b_read                 |  out|    1|     ap_fifo|                       data_b|       pointer|
|data_result_din             |  out|   32|     ap_fifo|                  data_result|       pointer|
|data_result_full_n          |   in|    1|     ap_fifo|                  data_result|       pointer|
|data_result_write           |  out|    1|     ap_fifo|                  data_result|       pointer|
|ALU_operation_MEM_address0  |  out|   10|   ap_memory|            ALU_operation_MEM|         array|
|ALU_operation_MEM_ce0       |  out|    1|   ap_memory|            ALU_operation_MEM|         array|
|ALU_operation_MEM_q0        |   in|   32|   ap_memory|            ALU_operation_MEM|         array|
+----------------------------+-----+-----+------------+-----------------------------+--------------+

============================================================
+ Verbose Summary: Synthesis Manager
============================================================
InlineROM: 1
ExposeGlobal: 0
============================================================
+ Verbose Summary: CDFG Model
============================================================
IsTopModel: 0
ResetActiveHigh: 1
IsCombinational: 2
IsDatapathOnly: 2
HasWiredReturn: 1
HasMFsm: 2
HasVarLatency: 1
IsPipeline: 0
IsRtlPipelined: 0
IsInstanceOverlapped: 0
IsDontTouch: 0
HasImplIP: 0
IsGatedGlobalClock: 0

+ Individual pipeline summary: 
  * Pipeline-0: initiation interval (II) = 1, depth = 39


============================================================
+ Verbose Summary: Schedule
============================================================
* Number of FSM states : 39
* Pipeline : 1
  Pipeline-0 : II = 1, D = 39, States = { 1 2 3 7 8 9 10 11 12 13 14 15 16 17 18 19 20 21 22 23 24 25 26 27 28 29 30 31 32 33 34 35 36 37 38 39 4 5 6 }
* Dataflow Pipeline: 0

* FSM state transitions: 
1 --> 2 
2 --> 3 
3 --> 7 
4 --> 5 
5 --> 6 
6 --> 
7 --> 8 
8 --> 9 
9 --> 10 
10 --> 11 
11 --> 12 
12 --> 13 
13 --> 14 
14 --> 15 
15 --> 16 
16 --> 17 
17 --> 18 
18 --> 19 
19 --> 20 
20 --> 21 
21 --> 22 
22 --> 23 
23 --> 24 
24 --> 25 
25 --> 26 
26 --> 27 
27 --> 28 
28 --> 29 
29 --> 30 
30 --> 31 
31 --> 32 
32 --> 33 
33 --> 34 
34 --> 35 
35 --> 36 
36 --> 37 
37 --> 38 
38 --> 39 
39 --> 4 

* FSM state operations: 

State 1 <SV = 0> <Delay = 4.90>
ST_1 : Operation 42 [1/1] (0.00ns)   --->   "%i_5 = alloca i32 1" [ALU_sys_HDL/core.cpp:127->ALU_sys_HDL/core.cpp:187]   --->   Operation 42 'alloca' 'i_5' <Predicate = true> <Delay = 0.00>
ST_1 : Operation 43 [1/1] (0.00ns)   --->   "%specinterface_ln0 = specinterface void @_ssdm_op_SpecInterface, i32 %data_result, void @empty_16, i32 0, i32 0, void @empty_20, i32 0, i32 0, void @empty_20, void @empty_20, void @empty_20, i32 0, i32 0, i32 0, i32 0, void @empty_20, void @empty_20, i32 4294967295, i32 0"   --->   Operation 43 'specinterface' 'specinterface_ln0' <Predicate = true> <Delay = 0.00>
ST_1 : Operation 44 [1/1] (0.00ns)   --->   "%specinterface_ln0 = specinterface void @_ssdm_op_SpecInterface, i32 %data_b, void @empty_16, i32 0, i32 0, void @empty_20, i32 0, i32 0, void @empty_20, void @empty_20, void @empty_20, i32 0, i32 0, i32 0, i32 0, void @empty_20, void @empty_20, i32 4294967295, i32 0"   --->   Operation 44 'specinterface' 'specinterface_ln0' <Predicate = true> <Delay = 0.00>
ST_1 : Operation 45 [1/1] (0.00ns)   --->   "%specinterface_ln0 = specinterface void @_ssdm_op_SpecInterface, i32 %data_a, void @empty_16, i32 0, i32 0, void @empty_20, i32 0, i32 0, void @empty_20, void @empty_20, void @empty_20, i32 0, i32 0, i32 0, i32 0, void @empty_20, void @empty_20, i32 4294967295, i32 0"   --->   Operation 45 'specinterface' 'specinterface_ln0' <Predicate = true> <Delay = 0.00>
ST_1 : Operation 46 [1/1] (1.58ns)   --->   "%store_ln127 = store i10 0, i10 %i_5" [ALU_sys_HDL/core.cpp:127->ALU_sys_HDL/core.cpp:187]   --->   Operation 46 'store' 'store_ln127' <Predicate = true> <Delay = 1.58>
ST_1 : Operation 47 [1/1] (0.00ns)   --->   "%br_ln0 = br void %for.body.i.i"   --->   Operation 47 'br' 'br_ln0' <Predicate = true> <Delay = 0.00>
ST_1 : Operation 48 [1/1] (0.00ns)   --->   "%i = load i10 %i_5" [ALU_sys_HDL/core.cpp:127->ALU_sys_HDL/core.cpp:187]   --->   Operation 48 'load' 'i' <Predicate = true> <Delay = 0.00>
ST_1 : Operation 49 [1/1] (1.73ns)   --->   "%icmp_ln127 = icmp_eq  i10 %i, i10 1000" [ALU_sys_HDL/core.cpp:127->ALU_sys_HDL/core.cpp:187]   --->   Operation 49 'icmp' 'icmp_ln127' <Predicate = true> <Delay = 1.73> <CoreInst = "Cmp">   --->   Core 9 'Cmp' <Latency = 0> <II = 1> <Delay = 1.73> <FuncUnit> <Opcode : 'icmp'> <InPorts = 2> <OutPorts = 1>
ST_1 : Operation 50 [1/1] (1.73ns)   --->   "%add_ln127 = add i10 %i, i10 1" [ALU_sys_HDL/core.cpp:127->ALU_sys_HDL/core.cpp:187]   --->   Operation 50 'add' 'add_ln127' <Predicate = true> <Delay = 1.73> <CoreInst = "Adder">   --->   Core 1 'Adder' <Latency = 0> <II = 1> <Delay = 1.73> <FuncUnit> <Opcode : 'add' 'sub'> <InPorts = 2> <OutPorts = 1>
ST_1 : Operation 51 [1/1] (0.00ns)   --->   "%br_ln127 = br i1 %icmp_ln127, void %for.body.i.split.i, void %for.inc.i23.i.preheader.exitStub" [ALU_sys_HDL/core.cpp:127->ALU_sys_HDL/core.cpp:187]   --->   Operation 51 'br' 'br_ln127' <Predicate = true> <Delay = 0.00>
ST_1 : Operation 52 [1/1] (1.58ns)   --->   "%store_ln127 = store i10 %add_ln127, i10 %i_5" [ALU_sys_HDL/core.cpp:127->ALU_sys_HDL/core.cpp:187]   --->   Operation 52 'store' 'store_ln127' <Predicate = (!icmp_ln127)> <Delay = 1.58>
ST_1 : Operation 53 [1/1] (0.00ns)   --->   "%br_ln127 = br void %for.body.i.i" [ALU_sys_HDL/core.cpp:127->ALU_sys_HDL/core.cpp:187]   --->   Operation 53 'br' 'br_ln127' <Predicate = (!icmp_ln127)> <Delay = 0.00>

State 2 <SV = 1> <Delay = 3.58>
ST_2 : Operation 54 [1/1] (0.00ns)   --->   "%zext_ln127 = zext i10 %i" [ALU_sys_HDL/core.cpp:127->ALU_sys_HDL/core.cpp:187]   --->   Operation 54 'zext' 'zext_ln127' <Predicate = true> <Delay = 0.00>
ST_2 : Operation 55 [1/1] (3.58ns)   --->   "%a = read i32 @_ssdm_op_Read.ap_fifo.volatile.i32P0A, i32 %data_a" [ALU_sys_HDL/core.cpp:133->ALU_sys_HDL/core.cpp:187]   --->   Operation 55 'read' 'a' <Predicate = true> <Delay = 3.58> <CoreInst = "FIFO">   --->   Core 78 'FIFO' <Latency = 0> <II = 1> <Delay = 3.58> <Storage> <Opcode : 'read' 'write' 'nbread' 'nbwrite'> <Ports = 0> <Width = 32> <Depth = 1000> <FIFO>
ST_2 : Operation 56 [1/1] (3.58ns)   --->   "%b = read i32 @_ssdm_op_Read.ap_fifo.volatile.i32P0A, i32 %data_b" [ALU_sys_HDL/core.cpp:134->ALU_sys_HDL/core.cpp:187]   --->   Operation 56 'read' 'b' <Predicate = true> <Delay = 3.58> <CoreInst = "FIFO">   --->   Core 78 'FIFO' <Latency = 0> <II = 1> <Delay = 3.58> <Storage> <Opcode : 'read' 'write' 'nbread' 'nbwrite'> <Ports = 0> <Width = 32> <Depth = 1000> <FIFO>
ST_2 : Operation 57 [1/1] (0.00ns)   --->   "%ALU_operation_MEM_addr = getelementptr i32 %ALU_operation_MEM, i64 0, i64 %zext_ln127" [ALU_sys_HDL/core.cpp:136->ALU_sys_HDL/core.cpp:187]   --->   Operation 57 'getelementptr' 'ALU_operation_MEM_addr' <Predicate = true> <Delay = 0.00>
ST_2 : Operation 58 [2/2] (3.25ns)   --->   "%ALU_operation_MEM_load = load i10 %ALU_operation_MEM_addr" [ALU_sys_HDL/core.cpp:136->ALU_sys_HDL/core.cpp:187]   --->   Operation 58 'load' 'ALU_operation_MEM_load' <Predicate = true> <Delay = 3.25> <CoreInst = "RAM">   --->   Core 82 'RAM' <Latency = 1> <II = 1> <Delay = 3.25> <Storage> <Opcode : 'load' 'store'> <Ports = 2> <Width = 32> <Depth = 1000> <RAM>

State 3 <SV = 2> <Delay = 5.49>
ST_3 : Operation 59 [1/1] (0.00ns)   --->   "%specpipeline_ln129 = specpipeline void @_ssdm_op_SpecPipeline, i32 1, i32 0, i32 0, i32 0, void @empty_20" [ALU_sys_HDL/core.cpp:129->ALU_sys_HDL/core.cpp:187]   --->   Operation 59 'specpipeline' 'specpipeline_ln129' <Predicate = true> <Delay = 0.00>
ST_3 : Operation 60 [1/1] (0.00ns)   --->   "%speclooptripcount_ln127 = speclooptripcount void @_ssdm_op_SpecLoopTripCount, i64 1000, i64 1000, i64 1000" [ALU_sys_HDL/core.cpp:127->ALU_sys_HDL/core.cpp:187]   --->   Operation 60 'speclooptripcount' 'speclooptripcount_ln127' <Predicate = true> <Delay = 0.00>
ST_3 : Operation 61 [1/1] (0.00ns)   --->   "%specloopname_ln127 = specloopname void @_ssdm_op_SpecLoopName, void @empty_8" [ALU_sys_HDL/core.cpp:127->ALU_sys_HDL/core.cpp:187]   --->   Operation 61 'specloopname' 'specloopname_ln127' <Predicate = true> <Delay = 0.00>
ST_3 : Operation 62 [1/2] (3.25ns)   --->   "%ALU_operation_MEM_load = load i10 %ALU_operation_MEM_addr" [ALU_sys_HDL/core.cpp:136->ALU_sys_HDL/core.cpp:187]   --->   Operation 62 'load' 'ALU_operation_MEM_load' <Predicate = true> <Delay = 3.25> <CoreInst = "RAM">   --->   Core 82 'RAM' <Latency = 1> <II = 1> <Delay = 3.25> <Storage> <Opcode : 'load' 'store'> <Ports = 2> <Width = 32> <Depth = 1000> <RAM>
ST_3 : Operation 63 [1/1] (2.23ns)   --->   "%switch_ln136 = switch i32 %ALU_operation_MEM_load, void %sw.default.i.i, i32 0, void %sw.bb.i.i, i32 1, void %sw.bb2.i.i, i32 2, void %sw.bb4.i.i, i32 3, void %sw.bb6.i.i" [ALU_sys_HDL/core.cpp:136->ALU_sys_HDL/core.cpp:187]   --->   Operation 63 'switch' 'switch_ln136' <Predicate = true> <Delay = 2.23>
ST_3 : Operation 64 [36/36] (4.33ns)   --->   "%sdiv_ln148 = sdiv i32 %a, i32 %b" [ALU_sys_HDL/core.cpp:148->ALU_sys_HDL/core.cpp:187]   --->   Operation 64 'sdiv' 'sdiv_ln148' <Predicate = (ALU_operation_MEM_load == 2)> <Delay = 4.33> <CoreInst = "Divider">   --->   Core 6 'Divider' <Latency = 35> <II = 1> <Delay = 4.33> <FuncUnit> <Opcode : 'udiv' 'sdiv' 'urem' 'srem'> <InPorts = 2> <OutPorts = 1>

State 4 <SV = 36> <Delay = 6.91>
ST_4 : Operation 65 [2/2] (6.91ns)   --->   "%mul_ln153 = mul i32 %b, i32 %a" [ALU_sys_HDL/core.cpp:153->ALU_sys_HDL/core.cpp:187]   --->   Operation 65 'mul' 'mul_ln153' <Predicate = (ALU_operation_MEM_load == 3)> <Delay = 6.91> <CoreInst = "Multiplier">   --->   Core 3 'Multiplier' <Latency = 1> <II = 1> <Delay = 6.91> <FuncUnit> <Opcode : 'mul'> <InPorts = 2> <OutPorts = 1>
ST_4 : Operation 66 [2/36] (4.33ns)   --->   "%sdiv_ln148 = sdiv i32 %a, i32 %b" [ALU_sys_HDL/core.cpp:148->ALU_sys_HDL/core.cpp:187]   --->   Operation 66 'sdiv' 'sdiv_ln148' <Predicate = (ALU_operation_MEM_load == 2)> <Delay = 4.33> <CoreInst = "Divider">   --->   Core 6 'Divider' <Latency = 35> <II = 1> <Delay = 4.33> <FuncUnit> <Opcode : 'udiv' 'sdiv' 'urem' 'srem'> <InPorts = 2> <OutPorts = 1>

State 5 <SV = 37> <Delay = 6.91>
ST_5 : Operation 67 [1/2] (6.91ns)   --->   "%mul_ln153 = mul i32 %b, i32 %a" [ALU_sys_HDL/core.cpp:153->ALU_sys_HDL/core.cpp:187]   --->   Operation 67 'mul' 'mul_ln153' <Predicate = (ALU_operation_MEM_load == 3)> <Delay = 6.91> <CoreInst = "Multiplier">   --->   Core 3 'Multiplier' <Latency = 1> <II = 1> <Delay = 6.91> <FuncUnit> <Opcode : 'mul'> <InPorts = 2> <OutPorts = 1>
ST_5 : Operation 68 [1/36] (4.33ns)   --->   "%sdiv_ln148 = sdiv i32 %a, i32 %b" [ALU_sys_HDL/core.cpp:148->ALU_sys_HDL/core.cpp:187]   --->   Operation 68 'sdiv' 'sdiv_ln148' <Predicate = (ALU_operation_MEM_load == 2)> <Delay = 4.33> <CoreInst = "Divider">   --->   Core 6 'Divider' <Latency = 35> <II = 1> <Delay = 4.33> <FuncUnit> <Opcode : 'udiv' 'sdiv' 'urem' 'srem'> <InPorts = 2> <OutPorts = 1>
ST_5 : Operation 114 [1/1] (0.00ns)   --->   "%ret_ln0 = ret"   --->   Operation 114 'ret' 'ret_ln0' <Predicate = (icmp_ln127)> <Delay = 0.00>

State 6 <SV = 38> <Delay = 6.13>
ST_6 : Operation 69 [1/1] (3.58ns)   --->   "%write_ln153 = write void @_ssdm_op_Write.ap_fifo.volatile.i32P0A, i32 %data_result, i32 %mul_ln153" [ALU_sys_HDL/core.cpp:153->ALU_sys_HDL/core.cpp:187]   --->   Operation 69 'write' 'write_ln153' <Predicate = (ALU_operation_MEM_load == 3)> <Delay = 3.58> <CoreInst = "FIFO">   --->   Core 78 'FIFO' <Latency = 0> <II = 1> <Delay = 3.58> <Storage> <Opcode : 'read' 'write' 'nbread' 'nbwrite'> <Ports = 0> <Width = 32> <Depth = 1000> <FIFO>
ST_6 : Operation 70 [1/1] (0.00ns)   --->   "%br_ln154 = br void %for.inc.i18.i" [ALU_sys_HDL/core.cpp:154->ALU_sys_HDL/core.cpp:187]   --->   Operation 70 'br' 'br_ln154' <Predicate = (ALU_operation_MEM_load == 3)> <Delay = 0.00>
ST_6 : Operation 71 [1/1] (3.58ns)   --->   "%write_ln148 = write void @_ssdm_op_Write.ap_fifo.volatile.i32P0A, i32 %data_result, i32 %sdiv_ln148" [ALU_sys_HDL/core.cpp:148->ALU_sys_HDL/core.cpp:187]   --->   Operation 71 'write' 'write_ln148' <Predicate = (ALU_operation_MEM_load == 2)> <Delay = 3.58> <CoreInst = "FIFO">   --->   Core 78 'FIFO' <Latency = 0> <II = 1> <Delay = 3.58> <Storage> <Opcode : 'read' 'write' 'nbread' 'nbwrite'> <Ports = 0> <Width = 32> <Depth = 1000> <FIFO>
ST_6 : Operation 72 [1/1] (0.00ns)   --->   "%br_ln150 = br void %for.inc.i18.i" [ALU_sys_HDL/core.cpp:150->ALU_sys_HDL/core.cpp:187]   --->   Operation 72 'br' 'br_ln150' <Predicate = (ALU_operation_MEM_load == 2)> <Delay = 0.00>
ST_6 : Operation 73 [1/1] (2.55ns)   --->   "%sub_ln144 = sub i32 %a, i32 %b" [ALU_sys_HDL/core.cpp:144->ALU_sys_HDL/core.cpp:187]   --->   Operation 73 'sub' 'sub_ln144' <Predicate = (ALU_operation_MEM_load == 1)> <Delay = 2.55> <CoreInst = "Adder">   --->   Core 1 'Adder' <Latency = 0> <II = 1> <Delay = 2.55> <FuncUnit> <Opcode : 'add' 'sub'> <InPorts = 2> <OutPorts = 1>
ST_6 : Operation 74 [1/1] (3.58ns)   --->   "%write_ln144 = write void @_ssdm_op_Write.ap_fifo.volatile.i32P0A, i32 %data_result, i32 %sub_ln144" [ALU_sys_HDL/core.cpp:144->ALU_sys_HDL/core.cpp:187]   --->   Operation 74 'write' 'write_ln144' <Predicate = (ALU_operation_MEM_load == 1)> <Delay = 3.58> <CoreInst = "FIFO">   --->   Core 78 'FIFO' <Latency = 0> <II = 1> <Delay = 3.58> <Storage> <Opcode : 'read' 'write' 'nbread' 'nbwrite'> <Ports = 0> <Width = 32> <Depth = 1000> <FIFO>
ST_6 : Operation 75 [1/1] (0.00ns)   --->   "%br_ln145 = br void %for.inc.i18.i" [ALU_sys_HDL/core.cpp:145->ALU_sys_HDL/core.cpp:187]   --->   Operation 75 'br' 'br_ln145' <Predicate = (ALU_operation_MEM_load == 1)> <Delay = 0.00>
ST_6 : Operation 76 [1/1] (2.55ns)   --->   "%add_ln140 = add i32 %b, i32 %a" [ALU_sys_HDL/core.cpp:140->ALU_sys_HDL/core.cpp:187]   --->   Operation 76 'add' 'add_ln140' <Predicate = (ALU_operation_MEM_load == 0)> <Delay = 2.55> <CoreInst = "Adder">   --->   Core 1 'Adder' <Latency = 0> <II = 1> <Delay = 2.55> <FuncUnit> <Opcode : 'add' 'sub'> <InPorts = 2> <OutPorts = 1>
ST_6 : Operation 77 [1/1] (3.58ns)   --->   "%write_ln140 = write void @_ssdm_op_Write.ap_fifo.volatile.i32P0A, i32 %data_result, i32 %add_ln140" [ALU_sys_HDL/core.cpp:140->ALU_sys_HDL/core.cpp:187]   --->   Operation 77 'write' 'write_ln140' <Predicate = (ALU_operation_MEM_load == 0)> <Delay = 3.58> <CoreInst = "FIFO">   --->   Core 78 'FIFO' <Latency = 0> <II = 1> <Delay = 3.58> <Storage> <Opcode : 'read' 'write' 'nbread' 'nbwrite'> <Ports = 0> <Width = 32> <Depth = 1000> <FIFO>
ST_6 : Operation 78 [1/1] (0.00ns)   --->   "%br_ln141 = br void %for.inc.i18.i" [ALU_sys_HDL/core.cpp:141->ALU_sys_HDL/core.cpp:187]   --->   Operation 78 'br' 'br_ln141' <Predicate = (ALU_operation_MEM_load == 0)> <Delay = 0.00>
ST_6 : Operation 79 [1/1] (3.58ns)   --->   "%write_ln158 = write void @_ssdm_op_Write.ap_fifo.volatile.i32P0A, i32 %data_result, i32 0" [ALU_sys_HDL/core.cpp:158->ALU_sys_HDL/core.cpp:187]   --->   Operation 79 'write' 'write_ln158' <Predicate = (ALU_operation_MEM_load != 0 & ALU_operation_MEM_load != 1 & ALU_operation_MEM_load != 2 & ALU_operation_MEM_load != 3)> <Delay = 3.58> <CoreInst = "FIFO">   --->   Core 78 'FIFO' <Latency = 0> <II = 1> <Delay = 3.58> <Storage> <Opcode : 'read' 'write' 'nbread' 'nbwrite'> <Ports = 0> <Width = 32> <Depth = 1000> <FIFO>
ST_6 : Operation 80 [1/1] (0.00ns)   --->   "%br_ln160 = br void %for.inc.i18.i" [ALU_sys_HDL/core.cpp:160->ALU_sys_HDL/core.cpp:187]   --->   Operation 80 'br' 'br_ln160' <Predicate = (ALU_operation_MEM_load != 0 & ALU_operation_MEM_load != 1 & ALU_operation_MEM_load != 2 & ALU_operation_MEM_load != 3)> <Delay = 0.00>

State 7 <SV = 3> <Delay = 4.33>
ST_7 : Operation 81 [35/36] (4.33ns)   --->   "%sdiv_ln148 = sdiv i32 %a, i32 %b" [ALU_sys_HDL/core.cpp:148->ALU_sys_HDL/core.cpp:187]   --->   Operation 81 'sdiv' 'sdiv_ln148' <Predicate = (ALU_operation_MEM_load == 2)> <Delay = 4.33> <CoreInst = "Divider">   --->   Core 6 'Divider' <Latency = 35> <II = 1> <Delay = 4.33> <FuncUnit> <Opcode : 'udiv' 'sdiv' 'urem' 'srem'> <InPorts = 2> <OutPorts = 1>

State 8 <SV = 4> <Delay = 4.33>
ST_8 : Operation 82 [34/36] (4.33ns)   --->   "%sdiv_ln148 = sdiv i32 %a, i32 %b" [ALU_sys_HDL/core.cpp:148->ALU_sys_HDL/core.cpp:187]   --->   Operation 82 'sdiv' 'sdiv_ln148' <Predicate = (ALU_operation_MEM_load == 2)> <Delay = 4.33> <CoreInst = "Divider">   --->   Core 6 'Divider' <Latency = 35> <II = 1> <Delay = 4.33> <FuncUnit> <Opcode : 'udiv' 'sdiv' 'urem' 'srem'> <InPorts = 2> <OutPorts = 1>

State 9 <SV = 5> <Delay = 4.33>
ST_9 : Operation 83 [33/36] (4.33ns)   --->   "%sdiv_ln148 = sdiv i32 %a, i32 %b" [ALU_sys_HDL/core.cpp:148->ALU_sys_HDL/core.cpp:187]   --->   Operation 83 'sdiv' 'sdiv_ln148' <Predicate = (ALU_operation_MEM_load == 2)> <Delay = 4.33> <CoreInst = "Divider">   --->   Core 6 'Divider' <Latency = 35> <II = 1> <Delay = 4.33> <FuncUnit> <Opcode : 'udiv' 'sdiv' 'urem' 'srem'> <InPorts = 2> <OutPorts = 1>

State 10 <SV = 6> <Delay = 4.33>
ST_10 : Operation 84 [32/36] (4.33ns)   --->   "%sdiv_ln148 = sdiv i32 %a, i32 %b" [ALU_sys_HDL/core.cpp:148->ALU_sys_HDL/core.cpp:187]   --->   Operation 84 'sdiv' 'sdiv_ln148' <Predicate = (ALU_operation_MEM_load == 2)> <Delay = 4.33> <CoreInst = "Divider">   --->   Core 6 'Divider' <Latency = 35> <II = 1> <Delay = 4.33> <FuncUnit> <Opcode : 'udiv' 'sdiv' 'urem' 'srem'> <InPorts = 2> <OutPorts = 1>

State 11 <SV = 7> <Delay = 4.33>
ST_11 : Operation 85 [31/36] (4.33ns)   --->   "%sdiv_ln148 = sdiv i32 %a, i32 %b" [ALU_sys_HDL/core.cpp:148->ALU_sys_HDL/core.cpp:187]   --->   Operation 85 'sdiv' 'sdiv_ln148' <Predicate = (ALU_operation_MEM_load == 2)> <Delay = 4.33> <CoreInst = "Divider">   --->   Core 6 'Divider' <Latency = 35> <II = 1> <Delay = 4.33> <FuncUnit> <Opcode : 'udiv' 'sdiv' 'urem' 'srem'> <InPorts = 2> <OutPorts = 1>

State 12 <SV = 8> <Delay = 4.33>
ST_12 : Operation 86 [30/36] (4.33ns)   --->   "%sdiv_ln148 = sdiv i32 %a, i32 %b" [ALU_sys_HDL/core.cpp:148->ALU_sys_HDL/core.cpp:187]   --->   Operation 86 'sdiv' 'sdiv_ln148' <Predicate = (ALU_operation_MEM_load == 2)> <Delay = 4.33> <CoreInst = "Divider">   --->   Core 6 'Divider' <Latency = 35> <II = 1> <Delay = 4.33> <FuncUnit> <Opcode : 'udiv' 'sdiv' 'urem' 'srem'> <InPorts = 2> <OutPorts = 1>

State 13 <SV = 9> <Delay = 4.33>
ST_13 : Operation 87 [29/36] (4.33ns)   --->   "%sdiv_ln148 = sdiv i32 %a, i32 %b" [ALU_sys_HDL/core.cpp:148->ALU_sys_HDL/core.cpp:187]   --->   Operation 87 'sdiv' 'sdiv_ln148' <Predicate = (ALU_operation_MEM_load == 2)> <Delay = 4.33> <CoreInst = "Divider">   --->   Core 6 'Divider' <Latency = 35> <II = 1> <Delay = 4.33> <FuncUnit> <Opcode : 'udiv' 'sdiv' 'urem' 'srem'> <InPorts = 2> <OutPorts = 1>

State 14 <SV = 10> <Delay = 4.33>
ST_14 : Operation 88 [28/36] (4.33ns)   --->   "%sdiv_ln148 = sdiv i32 %a, i32 %b" [ALU_sys_HDL/core.cpp:148->ALU_sys_HDL/core.cpp:187]   --->   Operation 88 'sdiv' 'sdiv_ln148' <Predicate = (ALU_operation_MEM_load == 2)> <Delay = 4.33> <CoreInst = "Divider">   --->   Core 6 'Divider' <Latency = 35> <II = 1> <Delay = 4.33> <FuncUnit> <Opcode : 'udiv' 'sdiv' 'urem' 'srem'> <InPorts = 2> <OutPorts = 1>

State 15 <SV = 11> <Delay = 4.33>
ST_15 : Operation 89 [27/36] (4.33ns)   --->   "%sdiv_ln148 = sdiv i32 %a, i32 %b" [ALU_sys_HDL/core.cpp:148->ALU_sys_HDL/core.cpp:187]   --->   Operation 89 'sdiv' 'sdiv_ln148' <Predicate = (ALU_operation_MEM_load == 2)> <Delay = 4.33> <CoreInst = "Divider">   --->   Core 6 'Divider' <Latency = 35> <II = 1> <Delay = 4.33> <FuncUnit> <Opcode : 'udiv' 'sdiv' 'urem' 'srem'> <InPorts = 2> <OutPorts = 1>

State 16 <SV = 12> <Delay = 4.33>
ST_16 : Operation 90 [26/36] (4.33ns)   --->   "%sdiv_ln148 = sdiv i32 %a, i32 %b" [ALU_sys_HDL/core.cpp:148->ALU_sys_HDL/core.cpp:187]   --->   Operation 90 'sdiv' 'sdiv_ln148' <Predicate = (ALU_operation_MEM_load == 2)> <Delay = 4.33> <CoreInst = "Divider">   --->   Core 6 'Divider' <Latency = 35> <II = 1> <Delay = 4.33> <FuncUnit> <Opcode : 'udiv' 'sdiv' 'urem' 'srem'> <InPorts = 2> <OutPorts = 1>

State 17 <SV = 13> <Delay = 4.33>
ST_17 : Operation 91 [25/36] (4.33ns)   --->   "%sdiv_ln148 = sdiv i32 %a, i32 %b" [ALU_sys_HDL/core.cpp:148->ALU_sys_HDL/core.cpp:187]   --->   Operation 91 'sdiv' 'sdiv_ln148' <Predicate = (ALU_operation_MEM_load == 2)> <Delay = 4.33> <CoreInst = "Divider">   --->   Core 6 'Divider' <Latency = 35> <II = 1> <Delay = 4.33> <FuncUnit> <Opcode : 'udiv' 'sdiv' 'urem' 'srem'> <InPorts = 2> <OutPorts = 1>

State 18 <SV = 14> <Delay = 4.33>
ST_18 : Operation 92 [24/36] (4.33ns)   --->   "%sdiv_ln148 = sdiv i32 %a, i32 %b" [ALU_sys_HDL/core.cpp:148->ALU_sys_HDL/core.cpp:187]   --->   Operation 92 'sdiv' 'sdiv_ln148' <Predicate = (ALU_operation_MEM_load == 2)> <Delay = 4.33> <CoreInst = "Divider">   --->   Core 6 'Divider' <Latency = 35> <II = 1> <Delay = 4.33> <FuncUnit> <Opcode : 'udiv' 'sdiv' 'urem' 'srem'> <InPorts = 2> <OutPorts = 1>

State 19 <SV = 15> <Delay = 4.33>
ST_19 : Operation 93 [23/36] (4.33ns)   --->   "%sdiv_ln148 = sdiv i32 %a, i32 %b" [ALU_sys_HDL/core.cpp:148->ALU_sys_HDL/core.cpp:187]   --->   Operation 93 'sdiv' 'sdiv_ln148' <Predicate = (ALU_operation_MEM_load == 2)> <Delay = 4.33> <CoreInst = "Divider">   --->   Core 6 'Divider' <Latency = 35> <II = 1> <Delay = 4.33> <FuncUnit> <Opcode : 'udiv' 'sdiv' 'urem' 'srem'> <InPorts = 2> <OutPorts = 1>

State 20 <SV = 16> <Delay = 4.33>
ST_20 : Operation 94 [22/36] (4.33ns)   --->   "%sdiv_ln148 = sdiv i32 %a, i32 %b" [ALU_sys_HDL/core.cpp:148->ALU_sys_HDL/core.cpp:187]   --->   Operation 94 'sdiv' 'sdiv_ln148' <Predicate = (ALU_operation_MEM_load == 2)> <Delay = 4.33> <CoreInst = "Divider">   --->   Core 6 'Divider' <Latency = 35> <II = 1> <Delay = 4.33> <FuncUnit> <Opcode : 'udiv' 'sdiv' 'urem' 'srem'> <InPorts = 2> <OutPorts = 1>

State 21 <SV = 17> <Delay = 4.33>
ST_21 : Operation 95 [21/36] (4.33ns)   --->   "%sdiv_ln148 = sdiv i32 %a, i32 %b" [ALU_sys_HDL/core.cpp:148->ALU_sys_HDL/core.cpp:187]   --->   Operation 95 'sdiv' 'sdiv_ln148' <Predicate = (ALU_operation_MEM_load == 2)> <Delay = 4.33> <CoreInst = "Divider">   --->   Core 6 'Divider' <Latency = 35> <II = 1> <Delay = 4.33> <FuncUnit> <Opcode : 'udiv' 'sdiv' 'urem' 'srem'> <InPorts = 2> <OutPorts = 1>

State 22 <SV = 18> <Delay = 4.33>
ST_22 : Operation 96 [20/36] (4.33ns)   --->   "%sdiv_ln148 = sdiv i32 %a, i32 %b" [ALU_sys_HDL/core.cpp:148->ALU_sys_HDL/core.cpp:187]   --->   Operation 96 'sdiv' 'sdiv_ln148' <Predicate = (ALU_operation_MEM_load == 2)> <Delay = 4.33> <CoreInst = "Divider">   --->   Core 6 'Divider' <Latency = 35> <II = 1> <Delay = 4.33> <FuncUnit> <Opcode : 'udiv' 'sdiv' 'urem' 'srem'> <InPorts = 2> <OutPorts = 1>

State 23 <SV = 19> <Delay = 4.33>
ST_23 : Operation 97 [19/36] (4.33ns)   --->   "%sdiv_ln148 = sdiv i32 %a, i32 %b" [ALU_sys_HDL/core.cpp:148->ALU_sys_HDL/core.cpp:187]   --->   Operation 97 'sdiv' 'sdiv_ln148' <Predicate = (ALU_operation_MEM_load == 2)> <Delay = 4.33> <CoreInst = "Divider">   --->   Core 6 'Divider' <Latency = 35> <II = 1> <Delay = 4.33> <FuncUnit> <Opcode : 'udiv' 'sdiv' 'urem' 'srem'> <InPorts = 2> <OutPorts = 1>

State 24 <SV = 20> <Delay = 4.33>
ST_24 : Operation 98 [18/36] (4.33ns)   --->   "%sdiv_ln148 = sdiv i32 %a, i32 %b" [ALU_sys_HDL/core.cpp:148->ALU_sys_HDL/core.cpp:187]   --->   Operation 98 'sdiv' 'sdiv_ln148' <Predicate = (ALU_operation_MEM_load == 2)> <Delay = 4.33> <CoreInst = "Divider">   --->   Core 6 'Divider' <Latency = 35> <II = 1> <Delay = 4.33> <FuncUnit> <Opcode : 'udiv' 'sdiv' 'urem' 'srem'> <InPorts = 2> <OutPorts = 1>

State 25 <SV = 21> <Delay = 4.33>
ST_25 : Operation 99 [17/36] (4.33ns)   --->   "%sdiv_ln148 = sdiv i32 %a, i32 %b" [ALU_sys_HDL/core.cpp:148->ALU_sys_HDL/core.cpp:187]   --->   Operation 99 'sdiv' 'sdiv_ln148' <Predicate = (ALU_operation_MEM_load == 2)> <Delay = 4.33> <CoreInst = "Divider">   --->   Core 6 'Divider' <Latency = 35> <II = 1> <Delay = 4.33> <FuncUnit> <Opcode : 'udiv' 'sdiv' 'urem' 'srem'> <InPorts = 2> <OutPorts = 1>

State 26 <SV = 22> <Delay = 4.33>
ST_26 : Operation 100 [16/36] (4.33ns)   --->   "%sdiv_ln148 = sdiv i32 %a, i32 %b" [ALU_sys_HDL/core.cpp:148->ALU_sys_HDL/core.cpp:187]   --->   Operation 100 'sdiv' 'sdiv_ln148' <Predicate = (ALU_operation_MEM_load == 2)> <Delay = 4.33> <CoreInst = "Divider">   --->   Core 6 'Divider' <Latency = 35> <II = 1> <Delay = 4.33> <FuncUnit> <Opcode : 'udiv' 'sdiv' 'urem' 'srem'> <InPorts = 2> <OutPorts = 1>

State 27 <SV = 23> <Delay = 4.33>
ST_27 : Operation 101 [15/36] (4.33ns)   --->   "%sdiv_ln148 = sdiv i32 %a, i32 %b" [ALU_sys_HDL/core.cpp:148->ALU_sys_HDL/core.cpp:187]   --->   Operation 101 'sdiv' 'sdiv_ln148' <Predicate = (ALU_operation_MEM_load == 2)> <Delay = 4.33> <CoreInst = "Divider">   --->   Core 6 'Divider' <Latency = 35> <II = 1> <Delay = 4.33> <FuncUnit> <Opcode : 'udiv' 'sdiv' 'urem' 'srem'> <InPorts = 2> <OutPorts = 1>

State 28 <SV = 24> <Delay = 4.33>
ST_28 : Operation 102 [14/36] (4.33ns)   --->   "%sdiv_ln148 = sdiv i32 %a, i32 %b" [ALU_sys_HDL/core.cpp:148->ALU_sys_HDL/core.cpp:187]   --->   Operation 102 'sdiv' 'sdiv_ln148' <Predicate = (ALU_operation_MEM_load == 2)> <Delay = 4.33> <CoreInst = "Divider">   --->   Core 6 'Divider' <Latency = 35> <II = 1> <Delay = 4.33> <FuncUnit> <Opcode : 'udiv' 'sdiv' 'urem' 'srem'> <InPorts = 2> <OutPorts = 1>

State 29 <SV = 25> <Delay = 4.33>
ST_29 : Operation 103 [13/36] (4.33ns)   --->   "%sdiv_ln148 = sdiv i32 %a, i32 %b" [ALU_sys_HDL/core.cpp:148->ALU_sys_HDL/core.cpp:187]   --->   Operation 103 'sdiv' 'sdiv_ln148' <Predicate = (ALU_operation_MEM_load == 2)> <Delay = 4.33> <CoreInst = "Divider">   --->   Core 6 'Divider' <Latency = 35> <II = 1> <Delay = 4.33> <FuncUnit> <Opcode : 'udiv' 'sdiv' 'urem' 'srem'> <InPorts = 2> <OutPorts = 1>

State 30 <SV = 26> <Delay = 4.33>
ST_30 : Operation 104 [12/36] (4.33ns)   --->   "%sdiv_ln148 = sdiv i32 %a, i32 %b" [ALU_sys_HDL/core.cpp:148->ALU_sys_HDL/core.cpp:187]   --->   Operation 104 'sdiv' 'sdiv_ln148' <Predicate = (ALU_operation_MEM_load == 2)> <Delay = 4.33> <CoreInst = "Divider">   --->   Core 6 'Divider' <Latency = 35> <II = 1> <Delay = 4.33> <FuncUnit> <Opcode : 'udiv' 'sdiv' 'urem' 'srem'> <InPorts = 2> <OutPorts = 1>

State 31 <SV = 27> <Delay = 4.33>
ST_31 : Operation 105 [11/36] (4.33ns)   --->   "%sdiv_ln148 = sdiv i32 %a, i32 %b" [ALU_sys_HDL/core.cpp:148->ALU_sys_HDL/core.cpp:187]   --->   Operation 105 'sdiv' 'sdiv_ln148' <Predicate = (ALU_operation_MEM_load == 2)> <Delay = 4.33> <CoreInst = "Divider">   --->   Core 6 'Divider' <Latency = 35> <II = 1> <Delay = 4.33> <FuncUnit> <Opcode : 'udiv' 'sdiv' 'urem' 'srem'> <InPorts = 2> <OutPorts = 1>

State 32 <SV = 28> <Delay = 4.33>
ST_32 : Operation 106 [10/36] (4.33ns)   --->   "%sdiv_ln148 = sdiv i32 %a, i32 %b" [ALU_sys_HDL/core.cpp:148->ALU_sys_HDL/core.cpp:187]   --->   Operation 106 'sdiv' 'sdiv_ln148' <Predicate = (ALU_operation_MEM_load == 2)> <Delay = 4.33> <CoreInst = "Divider">   --->   Core 6 'Divider' <Latency = 35> <II = 1> <Delay = 4.33> <FuncUnit> <Opcode : 'udiv' 'sdiv' 'urem' 'srem'> <InPorts = 2> <OutPorts = 1>

State 33 <SV = 29> <Delay = 4.33>
ST_33 : Operation 107 [9/36] (4.33ns)   --->   "%sdiv_ln148 = sdiv i32 %a, i32 %b" [ALU_sys_HDL/core.cpp:148->ALU_sys_HDL/core.cpp:187]   --->   Operation 107 'sdiv' 'sdiv_ln148' <Predicate = (ALU_operation_MEM_load == 2)> <Delay = 4.33> <CoreInst = "Divider">   --->   Core 6 'Divider' <Latency = 35> <II = 1> <Delay = 4.33> <FuncUnit> <Opcode : 'udiv' 'sdiv' 'urem' 'srem'> <InPorts = 2> <OutPorts = 1>

State 34 <SV = 30> <Delay = 4.33>
ST_34 : Operation 108 [8/36] (4.33ns)   --->   "%sdiv_ln148 = sdiv i32 %a, i32 %b" [ALU_sys_HDL/core.cpp:148->ALU_sys_HDL/core.cpp:187]   --->   Operation 108 'sdiv' 'sdiv_ln148' <Predicate = (ALU_operation_MEM_load == 2)> <Delay = 4.33> <CoreInst = "Divider">   --->   Core 6 'Divider' <Latency = 35> <II = 1> <Delay = 4.33> <FuncUnit> <Opcode : 'udiv' 'sdiv' 'urem' 'srem'> <InPorts = 2> <OutPorts = 1>

State 35 <SV = 31> <Delay = 4.33>
ST_35 : Operation 109 [7/36] (4.33ns)   --->   "%sdiv_ln148 = sdiv i32 %a, i32 %b" [ALU_sys_HDL/core.cpp:148->ALU_sys_HDL/core.cpp:187]   --->   Operation 109 'sdiv' 'sdiv_ln148' <Predicate = (ALU_operation_MEM_load == 2)> <Delay = 4.33> <CoreInst = "Divider">   --->   Core 6 'Divider' <Latency = 35> <II = 1> <Delay = 4.33> <FuncUnit> <Opcode : 'udiv' 'sdiv' 'urem' 'srem'> <InPorts = 2> <OutPorts = 1>

State 36 <SV = 32> <Delay = 4.33>
ST_36 : Operation 110 [6/36] (4.33ns)   --->   "%sdiv_ln148 = sdiv i32 %a, i32 %b" [ALU_sys_HDL/core.cpp:148->ALU_sys_HDL/core.cpp:187]   --->   Operation 110 'sdiv' 'sdiv_ln148' <Predicate = (ALU_operation_MEM_load == 2)> <Delay = 4.33> <CoreInst = "Divider">   --->   Core 6 'Divider' <Latency = 35> <II = 1> <Delay = 4.33> <FuncUnit> <Opcode : 'udiv' 'sdiv' 'urem' 'srem'> <InPorts = 2> <OutPorts = 1>

State 37 <SV = 33> <Delay = 4.33>
ST_37 : Operation 111 [5/36] (4.33ns)   --->   "%sdiv_ln148 = sdiv i32 %a, i32 %b" [ALU_sys_HDL/core.cpp:148->ALU_sys_HDL/core.cpp:187]   --->   Operation 111 'sdiv' 'sdiv_ln148' <Predicate = (ALU_operation_MEM_load == 2)> <Delay = 4.33> <CoreInst = "Divider">   --->   Core 6 'Divider' <Latency = 35> <II = 1> <Delay = 4.33> <FuncUnit> <Opcode : 'udiv' 'sdiv' 'urem' 'srem'> <InPorts = 2> <OutPorts = 1>

State 38 <SV = 34> <Delay = 4.33>
ST_38 : Operation 112 [4/36] (4.33ns)   --->   "%sdiv_ln148 = sdiv i32 %a, i32 %b" [ALU_sys_HDL/core.cpp:148->ALU_sys_HDL/core.cpp:187]   --->   Operation 112 'sdiv' 'sdiv_ln148' <Predicate = (ALU_operation_MEM_load == 2)> <Delay = 4.33> <CoreInst = "Divider">   --->   Core 6 'Divider' <Latency = 35> <II = 1> <Delay = 4.33> <FuncUnit> <Opcode : 'udiv' 'sdiv' 'urem' 'srem'> <InPorts = 2> <OutPorts = 1>

State 39 <SV = 35> <Delay = 4.33>
ST_39 : Operation 113 [3/36] (4.33ns)   --->   "%sdiv_ln148 = sdiv i32 %a, i32 %b" [ALU_sys_HDL/core.cpp:148->ALU_sys_HDL/core.cpp:187]   --->   Operation 113 'sdiv' 'sdiv_ln148' <Predicate = (ALU_operation_MEM_load == 2)> <Delay = 4.33> <CoreInst = "Divider">   --->   Core 6 'Divider' <Latency = 35> <II = 1> <Delay = 4.33> <FuncUnit> <Opcode : 'udiv' 'sdiv' 'urem' 'srem'> <InPorts = 2> <OutPorts = 1>


============================================================
+ Verbose Summary: Binding
============================================================
STG Binding: 
---------------- STG Properties BEGIN ----------------
- Is combinational: 0
- Is one-state seq: 0
- Is datapath-only: 0
- Is pipelined: 0
- Is top level: 0
Port [ Return ] is wired: 1; IO mode=ap_ctrl_hs:ce=0
Port [ ALU_operation_MEM]:  wired=1; compound=1; hidden=0; nouse=0; global=0; static=0; extern=0; dir=0; type=1; pingpong=0; private_global=0; MemPort=[13]; IO mode=ap_memory:ce=0
Port [ data_result]:  wired=1; compound=1; hidden=0; nouse=0; global=1; static=1; extern=0; dir=1; type=3; pingpong=0; private_global=0; IO mode=ap_fifo:ce=0
Port [ data_a]:  wired=1; compound=1; hidden=0; nouse=0; global=1; static=1; extern=0; dir=0; type=3; pingpong=0; private_global=0; IO mode=ap_fifo:ce=0
Port [ data_b]:  wired=1; compound=1; hidden=0; nouse=0; global=1; static=1; extern=0; dir=0; type=3; pingpong=0; private_global=0; IO mode=ap_fifo:ce=0
---------------- STG Properties END ------------------

---------------- Datapath Model BEGIN ----------------

<LifeTime>
<method=bitvector/>
i_5                     (alloca           ) [ 0100000000000000000000000000000000000000]
specinterface_ln0       (specinterface    ) [ 0000000000000000000000000000000000000000]
specinterface_ln0       (specinterface    ) [ 0000000000000000000000000000000000000000]
specinterface_ln0       (specinterface    ) [ 0000000000000000000000000000000000000000]
store_ln127             (store            ) [ 0000000000000000000000000000000000000000]
br_ln0                  (br               ) [ 0000000000000000000000000000000000000000]
i                       (load             ) [ 0110000000000000000000000000000000000000]
icmp_ln127              (icmp             ) [ 0111110111111111111111111111111111111111]
add_ln127               (add              ) [ 0000000000000000000000000000000000000000]
br_ln127                (br               ) [ 0000000000000000000000000000000000000000]
store_ln127             (store            ) [ 0000000000000000000000000000000000000000]
br_ln127                (br               ) [ 0000000000000000000000000000000000000000]
zext_ln127              (zext             ) [ 0000000000000000000000000000000000000000]
a                       (read             ) [ 0101111111111111111111111111111111111111]
b                       (read             ) [ 0101111111111111111111111111111111111111]
ALU_operation_MEM_addr  (getelementptr    ) [ 0101000000000000000000000000000000000000]
specpipeline_ln129      (specpipeline     ) [ 0000000000000000000000000000000000000000]
speclooptripcount_ln127 (speclooptripcount) [ 0000000000000000000000000000000000000000]
specloopname_ln127      (specloopname     ) [ 0000000000000000000000000000000000000000]
ALU_operation_MEM_load  (load             ) [ 0101111111111111111111111111111111111111]
switch_ln136            (switch           ) [ 0000000000000000000000000000000000000000]
mul_ln153               (mul              ) [ 0100001000000000000000000000000000000000]
sdiv_ln148              (sdiv             ) [ 0100001000000000000000000000000000000000]
write_ln153             (write            ) [ 0000000000000000000000000000000000000000]
br_ln154                (br               ) [ 0000000000000000000000000000000000000000]
write_ln148             (write            ) [ 0000000000000000000000000000000000000000]
br_ln150                (br               ) [ 0000000000000000000000000000000000000000]
sub_ln144               (sub              ) [ 0000000000000000000000000000000000000000]
write_ln144             (write            ) [ 0000000000000000000000000000000000000000]
br_ln145                (br               ) [ 0000000000000000000000000000000000000000]
add_ln140               (add              ) [ 0000000000000000000000000000000000000000]
write_ln140             (write            ) [ 0000000000000000000000000000000000000000]
br_ln141                (br               ) [ 0000000000000000000000000000000000000000]
write_ln158             (write            ) [ 0000000000000000000000000000000000000000]
br_ln160                (br               ) [ 0000000000000000000000000000000000000000]
ret_ln0                 (ret              ) [ 0000000000000000000000000000000000000000]
</LifeTime>

<model>

<comp_list>
<comp id="0" class="1000" name="ALU_operation_MEM">
<pin_list>
<pin id="1" dir="1" index="0" bw="1" slack="0"/>
</pin_list>
<bind>
<StgValue><ssdm name="ALU_operation_MEM"/><MemPortTyVec>1 3 </MemPortTyVec>
</StgValue>
</bind>
</comp>

<comp id="2" class="1000" name="data_result">
<pin_list>
<pin id="3" dir="1" index="0" bw="1" slack="0"/>
</pin_list>
<bind>
<StgValue><ssdm name="data_result"/></StgValue>
</bind>
</comp>

<comp id="4" class="1000" name="data_a">
<pin_list>
<pin id="5" dir="1" index="0" bw="1" slack="0"/>
</pin_list>
<bind>
<StgValue><ssdm name="data_a"/></StgValue>
</bind>
</comp>

<comp id="6" class="1000" name="data_b">
<pin_list>
<pin id="7" dir="1" index="0" bw="1" slack="0"/>
</pin_list>
<bind>
<StgValue><ssdm name="data_b"/></StgValue>
</bind>
</comp>

<comp id="8" class="1001" name="const_8">
<pin_list>
<pin id="9" dir="1" index="0" bw="1" slack="0"/>
</pin_list>
<bind>
<StgValue><ssdm name=""/></StgValue>
</bind>
</comp>

<comp id="10" class="1001" name="const_10">
<pin_list>
<pin id="11" dir="1" index="0" bw="1" slack="2147483647"/>
</pin_list>
<bind>
<StgValue><ssdm name="_ssdm_op_SpecInterface"/></StgValue>
</bind>
</comp>

<comp id="12" class="1001" name="const_12">
<pin_list>
<pin id="13" dir="1" index="0" bw="1" slack="2147483647"/>
</pin_list>
<bind>
<StgValue><ssdm name="empty_16"/></StgValue>
</bind>
</comp>

<comp id="14" class="1001" name="const_14">
<pin_list>
<pin id="15" dir="1" index="0" bw="1" slack="0"/>
</pin_list>
<bind>
<StgValue><ssdm name=""/></StgValue>
</bind>
</comp>

<comp id="16" class="1001" name="const_16">
<pin_list>
<pin id="17" dir="1" index="0" bw="1" slack="2147483647"/>
</pin_list>
<bind>
<StgValue><ssdm name="empty_20"/></StgValue>
</bind>
</comp>

<comp id="18" class="1001" name="const_18">
<pin_list>
<pin id="19" dir="1" index="0" bw="1" slack="2147483647"/>
</pin_list>
<bind>
<StgValue><ssdm name=""/></StgValue>
</bind>
</comp>

<comp id="20" class="1001" name="const_20">
<pin_list>
<pin id="21" dir="1" index="0" bw="1" slack="0"/>
</pin_list>
<bind>
<StgValue><ssdm name=""/></StgValue>
</bind>
</comp>

<comp id="22" class="1001" name="const_22">
<pin_list>
<pin id="23" dir="1" index="0" bw="1" slack="0"/>
</pin_list>
<bind>
<StgValue><ssdm name=""/></StgValue>
</bind>
</comp>

<comp id="24" class="1001" name="const_24">
<pin_list>
<pin id="25" dir="1" index="0" bw="1" slack="0"/>
</pin_list>
<bind>
<StgValue><ssdm name=""/></StgValue>
</bind>
</comp>

<comp id="26" class="1001" name="const_26">
<pin_list>
<pin id="27" dir="1" index="0" bw="1" slack="0"/>
</pin_list>
<bind>
<StgValue><ssdm name="_ssdm_op_Read.ap_fifo.volatile.i32P0A"/></StgValue>
</bind>
</comp>

<comp id="28" class="1001" name="const_28">
<pin_list>
<pin id="29" dir="1" index="0" bw="1" slack="0"/>
</pin_list>
<bind>
<StgValue><ssdm name=""/></StgValue>
</bind>
</comp>

<comp id="30" class="1001" name="const_30">
<pin_list>
<pin id="31" dir="1" index="0" bw="1" slack="2147483647"/>
</pin_list>
<bind>
<StgValue><ssdm name="_ssdm_op_SpecPipeline"/></StgValue>
</bind>
</comp>

<comp id="32" class="1001" name="const_32">
<pin_list>
<pin id="33" dir="1" index="0" bw="1" slack="2147483647"/>
</pin_list>
<bind>
<StgValue><ssdm name="_ssdm_op_SpecLoopTripCount"/></StgValue>
</bind>
</comp>

<comp id="34" class="1001" name="const_34">
<pin_list>
<pin id="35" dir="1" index="0" bw="1" slack="2147483647"/>
</pin_list>
<bind>
<StgValue><ssdm name=""/></StgValue>
</bind>
</comp>

<comp id="36" class="1001" name="const_36">
<pin_list>
<pin id="37" dir="1" index="0" bw="1" slack="2147483647"/>
</pin_list>
<bind>
<StgValue><ssdm name="_ssdm_op_SpecLoopName"/></StgValue>
</bind>
</comp>

<comp id="38" class="1001" name="const_38">
<pin_list>
<pin id="39" dir="1" index="0" bw="1" slack="2147483647"/>
</pin_list>
<bind>
<StgValue><ssdm name="empty_8"/></StgValue>
</bind>
</comp>

<comp id="40" class="1001" name="const_40">
<pin_list>
<pin id="41" dir="1" index="0" bw="1" slack="2147483647"/>
</pin_list>
<bind>
<StgValue><ssdm name=""/></StgValue>
</bind>
</comp>

<comp id="42" class="1001" name="const_42">
<pin_list>
<pin id="43" dir="1" index="0" bw="1" slack="2147483647"/>
</pin_list>
<bind>
<StgValue><ssdm name=""/></StgValue>
</bind>
</comp>

<comp id="44" class="1001" name="const_44">
<pin_list>
<pin id="45" dir="1" index="0" bw="1" slack="0"/>
</pin_list>
<bind>
<StgValue><ssdm name="_ssdm_op_Write.ap_fifo.volatile.i32P0A"/></StgValue>
</bind>
</comp>

<comp id="46" class="1004" name="i_5_fu_46">
<pin_list>
<pin id="47" dir="0" index="0" bw="1" slack="0"/>
<pin id="48" dir="1" index="1" bw="10" slack="0"/>
</pin_list>
<bind>
<opcode="alloca(26) " fcode="alloca"/>
<opset="i_5/1 "/>
</bind>
</comp>

<comp id="50" class="1004" name="a_read_fu_50">
<pin_list>
<pin id="51" dir="0" index="0" bw="32" slack="0"/>
<pin id="52" dir="0" index="1" bw="32" slack="0"/>
<pin id="53" dir="1" index="2" bw="32" slack="1"/>
</pin_list>
<bind>
<opcode="read(1150) " fcode="read"/>
<opset="a/2 "/>
</bind>
</comp>

<comp id="56" class="1004" name="b_read_fu_56">
<pin_list>
<pin id="57" dir="0" index="0" bw="32" slack="0"/>
<pin id="58" dir="0" index="1" bw="32" slack="0"/>
<pin id="59" dir="1" index="2" bw="32" slack="1"/>
</pin_list>
<bind>
<opcode="read(1150) " fcode="read"/>
<opset="b/2 "/>
</bind>
</comp>

<comp id="62" class="1004" name="grp_write_fu_62">
<pin_list>
<pin id="63" dir="0" index="0" bw="0" slack="0"/>
<pin id="64" dir="0" index="1" bw="32" slack="0"/>
<pin id="65" dir="0" index="2" bw="32" slack="0"/>
<pin id="66" dir="1" index="3" bw="0" slack="2147483647"/>
</pin_list>
<bind>
<opcode="write(1151) " fcode="write"/>
<opset="write_ln153/6 write_ln148/6 write_ln144/6 write_ln140/6 write_ln158/6 "/>
</bind>
</comp>

<comp id="70" class="1004" name="ALU_operation_MEM_addr_gep_fu_70">
<pin_list>
<pin id="71" dir="0" index="0" bw="32" slack="0"/>
<pin id="72" dir="0" index="1" bw="1" slack="0"/>
<pin id="73" dir="0" index="2" bw="10" slack="0"/>
<pin id="74" dir="1" index="3" bw="10" slack="0"/>
</pin_list>
<bind>
<opcode="getelementptr(29) " fcode="getelementptr"/>
<opset="ALU_operation_MEM_addr/2 "/>
</bind>
</comp>

<comp id="77" class="1004" name="grp_access_fu_77">
<pin_list>
<pin id="78" dir="0" index="0" bw="10" slack="0"/>
<pin id="79" dir="0" index="1" bw="32" slack="2147483647"/>
<pin id="80" dir="0" index="2" bw="0" slack="2147483647"/>
<pin id="81" dir="1" index="3" bw="32" slack="1"/>
</pin_list>
<bind>
<opcode="load(27) " fcode="load"/>
<opset="ALU_operation_MEM_load/2 "/>
</bind>
</comp>

<comp id="83" class="1004" name="grp_fu_83">
<pin_list>
<pin id="84" dir="0" index="0" bw="32" slack="35"/>
<pin id="85" dir="0" index="1" bw="32" slack="35"/>
<pin id="86" dir="1" index="2" bw="32" slack="1"/>
</pin_list>
<bind>
<opcode="mul(12) " fcode="mul"/>
<opset="mul_ln153/4 "/>
</bind>
</comp>

<comp id="87" class="1004" name="store_ln127_store_fu_87">
<pin_list>
<pin id="88" dir="0" index="0" bw="1" slack="0"/>
<pin id="89" dir="0" index="1" bw="10" slack="0"/>
<pin id="90" dir="1" index="2" bw="0" slack="2147483647"/>
</pin_list>
<bind>
<opcode="store(28) " fcode="store"/>
<opset="store_ln127/1 "/>
</bind>
</comp>

<comp id="92" class="1004" name="i_load_fu_92">
<pin_list>
<pin id="93" dir="0" index="0" bw="10" slack="0"/>
<pin id="94" dir="1" index="1" bw="10" slack="0"/>
</pin_list>
<bind>
<opcode="load(27) " fcode="load"/>
<opset="i/1 "/>
</bind>
</comp>

<comp id="95" class="1004" name="icmp_ln127_fu_95">
<pin_list>
<pin id="96" dir="0" index="0" bw="10" slack="0"/>
<pin id="97" dir="0" index="1" bw="10" slack="0"/>
<pin id="98" dir="1" index="2" bw="1" slack="37"/>
</pin_list>
<bind>
<opcode="icmp(45) " fcode="icmp"/>
<opset="icmp_ln127/1 "/>
</bind>
</comp>

<comp id="101" class="1004" name="add_ln127_fu_101">
<pin_list>
<pin id="102" dir="0" index="0" bw="10" slack="0"/>
<pin id="103" dir="0" index="1" bw="1" slack="0"/>
<pin id="104" dir="1" index="2" bw="10" slack="0"/>
</pin_list>
<bind>
<opcode="add(8) " fcode="add"/>
<opset="add_ln127/1 "/>
</bind>
</comp>

<comp id="107" class="1004" name="store_ln127_store_fu_107">
<pin_list>
<pin id="108" dir="0" index="0" bw="10" slack="0"/>
<pin id="109" dir="0" index="1" bw="10" slack="0"/>
<pin id="110" dir="1" index="2" bw="0" slack="2147483647"/>
</pin_list>
<bind>
<opcode="store(28) " fcode="store"/>
<opset="store_ln127/1 "/>
</bind>
</comp>

<comp id="112" class="1004" name="zext_ln127_fu_112">
<pin_list>
<pin id="113" dir="0" index="0" bw="10" slack="1"/>
<pin id="114" dir="1" index="1" bw="64" slack="0"/>
</pin_list>
<bind>
<opcode="zext(34) " fcode="zext"/>
<opset="zext_ln127/2 "/>
</bind>
</comp>

<comp id="116" class="1004" name="grp_fu_116">
<pin_list>
<pin id="117" dir="0" index="0" bw="32" slack="1"/>
<pin id="118" dir="0" index="1" bw="32" slack="1"/>
<pin id="119" dir="1" index="2" bw="32" slack="1"/>
</pin_list>
<bind>
<opcode="sdiv(15) " fcode="sdiv"/>
<opset="sdiv_ln148/3 "/>
</bind>
</comp>

<comp id="120" class="1004" name="sub_ln144_fu_120">
<pin_list>
<pin id="121" dir="0" index="0" bw="32" slack="37"/>
<pin id="122" dir="0" index="1" bw="32" slack="37"/>
<pin id="123" dir="1" index="2" bw="32" slack="0"/>
</pin_list>
<bind>
<opcode="sub(10) " fcode="sub"/>
<opset="sub_ln144/6 "/>
</bind>
</comp>

<comp id="125" class="1004" name="add_ln140_fu_125">
<pin_list>
<pin id="126" dir="0" index="0" bw="32" slack="37"/>
<pin id="127" dir="0" index="1" bw="32" slack="37"/>
<pin id="128" dir="1" index="2" bw="32" slack="0"/>
</pin_list>
<bind>
<opcode="add(8) " fcode="add"/>
<opset="add_ln140/6 "/>
</bind>
</comp>

<comp id="130" class="1005" name="i_5_reg_130">
<pin_list>
<pin id="131" dir="0" index="0" bw="10" slack="0"/>
<pin id="132" dir="1" index="1" bw="10" slack="0"/>
</pin_list>
<bind>
<opset="i_5 "/>
</bind>
</comp>

<comp id="137" class="1005" name="i_reg_137">
<pin_list>
<pin id="138" dir="0" index="0" bw="10" slack="1"/>
<pin id="139" dir="1" index="1" bw="10" slack="1"/>
</pin_list>
<bind>
<opset="i "/>
</bind>
</comp>

<comp id="142" class="1005" name="icmp_ln127_reg_142">
<pin_list>
<pin id="143" dir="0" index="0" bw="1" slack="37"/>
<pin id="144" dir="1" index="1" bw="1" slack="2147483647"/>
</pin_list>
<bind>
<opset="icmp_ln127 "/>
</bind>
</comp>

<comp id="146" class="1005" name="a_reg_146">
<pin_list>
<pin id="147" dir="0" index="0" bw="32" slack="1"/>
<pin id="148" dir="1" index="1" bw="32" slack="1"/>
</pin_list>
<bind>
<opset="a "/>
</bind>
</comp>

<comp id="154" class="1005" name="b_reg_154">
<pin_list>
<pin id="155" dir="0" index="0" bw="32" slack="1"/>
<pin id="156" dir="1" index="1" bw="32" slack="1"/>
</pin_list>
<bind>
<opset="b "/>
</bind>
</comp>

<comp id="162" class="1005" name="ALU_operation_MEM_addr_reg_162">
<pin_list>
<pin id="163" dir="0" index="0" bw="10" slack="1"/>
<pin id="164" dir="1" index="1" bw="10" slack="1"/>
</pin_list>
<bind>
<opset="ALU_operation_MEM_addr "/>
</bind>
</comp>

<comp id="167" class="1005" name="ALU_operation_MEM_load_reg_167">
<pin_list>
<pin id="168" dir="0" index="0" bw="32" slack="1"/>
<pin id="169" dir="1" index="1" bw="32" slack="2147483647"/>
</pin_list>
<bind>
<opset="ALU_operation_MEM_load "/>
</bind>
</comp>

<comp id="171" class="1005" name="mul_ln153_reg_171">
<pin_list>
<pin id="172" dir="0" index="0" bw="32" slack="1"/>
<pin id="173" dir="1" index="1" bw="32" slack="1"/>
</pin_list>
<bind>
<opset="mul_ln153 "/>
</bind>
</comp>

<comp id="176" class="1005" name="sdiv_ln148_reg_176">
<pin_list>
<pin id="177" dir="0" index="0" bw="32" slack="1"/>
<pin id="178" dir="1" index="1" bw="32" slack="1"/>
</pin_list>
<bind>
<opset="sdiv_ln148 "/>
</bind>
</comp>

</comp_list>

<net_list>
<net id="49"><net_src comp="8" pin="0"/><net_sink comp="46" pin=0"/></net>

<net id="54"><net_src comp="26" pin="0"/><net_sink comp="50" pin=0"/></net>

<net id="55"><net_src comp="4" pin="0"/><net_sink comp="50" pin=1"/></net>

<net id="60"><net_src comp="26" pin="0"/><net_sink comp="56" pin=0"/></net>

<net id="61"><net_src comp="6" pin="0"/><net_sink comp="56" pin=1"/></net>

<net id="67"><net_src comp="44" pin="0"/><net_sink comp="62" pin=0"/></net>

<net id="68"><net_src comp="2" pin="0"/><net_sink comp="62" pin=1"/></net>

<net id="69"><net_src comp="14" pin="0"/><net_sink comp="62" pin=2"/></net>

<net id="75"><net_src comp="0" pin="0"/><net_sink comp="70" pin=0"/></net>

<net id="76"><net_src comp="28" pin="0"/><net_sink comp="70" pin=1"/></net>

<net id="82"><net_src comp="70" pin="3"/><net_sink comp="77" pin=0"/></net>

<net id="91"><net_src comp="20" pin="0"/><net_sink comp="87" pin=0"/></net>

<net id="99"><net_src comp="92" pin="1"/><net_sink comp="95" pin=0"/></net>

<net id="100"><net_src comp="22" pin="0"/><net_sink comp="95" pin=1"/></net>

<net id="105"><net_src comp="92" pin="1"/><net_sink comp="101" pin=0"/></net>

<net id="106"><net_src comp="24" pin="0"/><net_sink comp="101" pin=1"/></net>

<net id="111"><net_src comp="101" pin="2"/><net_sink comp="107" pin=0"/></net>

<net id="115"><net_src comp="112" pin="1"/><net_sink comp="70" pin=2"/></net>

<net id="124"><net_src comp="120" pin="2"/><net_sink comp="62" pin=2"/></net>

<net id="129"><net_src comp="125" pin="2"/><net_sink comp="62" pin=2"/></net>

<net id="133"><net_src comp="46" pin="1"/><net_sink comp="130" pin=0"/></net>

<net id="134"><net_src comp="130" pin="1"/><net_sink comp="87" pin=1"/></net>

<net id="135"><net_src comp="130" pin="1"/><net_sink comp="92" pin=0"/></net>

<net id="136"><net_src comp="130" pin="1"/><net_sink comp="107" pin=1"/></net>

<net id="140"><net_src comp="92" pin="1"/><net_sink comp="137" pin=0"/></net>

<net id="141"><net_src comp="137" pin="1"/><net_sink comp="112" pin=0"/></net>

<net id="145"><net_src comp="95" pin="2"/><net_sink comp="142" pin=0"/></net>

<net id="149"><net_src comp="50" pin="2"/><net_sink comp="146" pin=0"/></net>

<net id="150"><net_src comp="146" pin="1"/><net_sink comp="116" pin=0"/></net>

<net id="151"><net_src comp="146" pin="1"/><net_sink comp="83" pin=1"/></net>

<net id="152"><net_src comp="146" pin="1"/><net_sink comp="120" pin=0"/></net>

<net id="153"><net_src comp="146" pin="1"/><net_sink comp="125" pin=1"/></net>

<net id="157"><net_src comp="56" pin="2"/><net_sink comp="154" pin=0"/></net>

<net id="158"><net_src comp="154" pin="1"/><net_sink comp="116" pin=1"/></net>

<net id="159"><net_src comp="154" pin="1"/><net_sink comp="83" pin=0"/></net>

<net id="160"><net_src comp="154" pin="1"/><net_sink comp="120" pin=1"/></net>

<net id="161"><net_src comp="154" pin="1"/><net_sink comp="125" pin=0"/></net>

<net id="165"><net_src comp="70" pin="3"/><net_sink comp="162" pin=0"/></net>

<net id="166"><net_src comp="162" pin="1"/><net_sink comp="77" pin=0"/></net>

<net id="170"><net_src comp="77" pin="3"/><net_sink comp="167" pin=0"/></net>

<net id="174"><net_src comp="83" pin="2"/><net_sink comp="171" pin=0"/></net>

<net id="175"><net_src comp="171" pin="1"/><net_sink comp="62" pin=2"/></net>

<net id="179"><net_src comp="116" pin="2"/><net_sink comp="176" pin=0"/></net>

<net id="180"><net_src comp="176" pin="1"/><net_sink comp="62" pin=2"/></net>

</net_list>

</model> 
---------------- Datapath Model END ------------------

* FSMD analyzer results:
  - Output states:
	Port: ALU_operation_MEM | {}
	Port: data_result | {6 }
	Port: data_a | {}
	Port: data_b | {}
 - Input state : 
	Port: op_data_exe_wb_Pipeline_exe : ALU_operation_MEM | {2 3 }
	Port: op_data_exe_wb_Pipeline_exe : data_result | {}
	Port: op_data_exe_wb_Pipeline_exe : data_a | {2 }
	Port: op_data_exe_wb_Pipeline_exe : data_b | {2 }
  - Chain level:
	State 1
		store_ln127 : 1
		i : 1
		icmp_ln127 : 2
		add_ln127 : 2
		br_ln127 : 3
		store_ln127 : 3
	State 2
		ALU_operation_MEM_addr : 1
		ALU_operation_MEM_load : 2
	State 3
		switch_ln136 : 1
	State 4
	State 5
	State 6
		write_ln144 : 1
		write_ln140 : 1
	State 7
	State 8
	State 9
	State 10
	State 11
	State 12
	State 13
	State 14
	State 15
	State 16
	State 17
	State 18
	State 19
	State 20
	State 21
	State 22
	State 23
	State 24
	State 25
	State 26
	State 27
	State 28
	State 29
	State 30
	State 31
	State 32
	State 33
	State 34
	State 35
	State 36
	State 37
	State 38
	State 39


============================================================
+ Verbose Summary: Datapath Resource usage 
============================================================

* Functional unit list:
|----------|-------------------|---------|---------|---------|
| Operation|  Functional Unit  |   DSP   |    FF   |   LUT   |
|----------|-------------------|---------|---------|---------|
|   sdiv   |     grp_fu_116    |    0    |   2283  |   1738  |
|----------|-------------------|---------|---------|---------|
|    mul   |     grp_fu_83     |    3    |   165   |    50   |
|----------|-------------------|---------|---------|---------|
|    add   |  add_ln127_fu_101 |    0    |    0    |    13   |
|          |  add_ln140_fu_125 |    0    |    0    |    39   |
|----------|-------------------|---------|---------|---------|
|    sub   |  sub_ln144_fu_120 |    0    |    0    |    39   |
|----------|-------------------|---------|---------|---------|
|   icmp   |  icmp_ln127_fu_95 |    0    |    0    |    13   |
|----------|-------------------|---------|---------|---------|
|   read   |    a_read_fu_50   |    0    |    0    |    0    |
|          |    b_read_fu_56   |    0    |    0    |    0    |
|----------|-------------------|---------|---------|---------|
|   write  |  grp_write_fu_62  |    0    |    0    |    0    |
|----------|-------------------|---------|---------|---------|
|   zext   | zext_ln127_fu_112 |    0    |    0    |    0    |
|----------|-------------------|---------|---------|---------|
|   Total  |                   |    3    |   2448  |   1892  |
|----------|-------------------|---------|---------|---------|

Memories:
N/A

* Register list:
+------------------------------+--------+
|                              |   FF   |
+------------------------------+--------+
|ALU_operation_MEM_addr_reg_162|   10   |
|ALU_operation_MEM_load_reg_167|   32   |
|           a_reg_146          |   32   |
|           b_reg_154          |   32   |
|          i_5_reg_130         |   10   |
|           i_reg_137          |   10   |
|      icmp_ln127_reg_142      |    1   |
|       mul_ln153_reg_171      |   32   |
|      sdiv_ln148_reg_176      |   32   |
+------------------------------+--------+
|             Total            |   191  |
+------------------------------+--------+

* Multiplexer (MUX) list: 
|------------------|------|------|------|--------||---------||---------|
|       Comp       |  Pin | Size |  BW  | S x BW ||  Delay  ||   LUT   |
|------------------|------|------|------|--------||---------||---------|
|  grp_write_fu_62 |  p2  |   5  |  32  |   160  ||    25   |
| grp_access_fu_77 |  p0  |   2  |  10  |   20   ||    9    |
|------------------|------|------|------|--------||---------||---------|
|       Total      |      |      |      |   180  ||  3.5339 ||    34   |
|------------------|------|------|------|--------||---------||---------|



* Summary:
+-----------+--------+--------+--------+--------+
|           |   DSP  |  Delay |   FF   |   LUT  |
+-----------+--------+--------+--------+--------+
|  Function |    3   |    -   |  2448  |  1892  |
|   Memory  |    -   |    -   |    -   |    -   |
|Multiplexer|    -   |    3   |    -   |   34   |
|  Register |    -   |    -   |   191  |    -   |
+-----------+--------+--------+--------+--------+
|   Total   |    3   |    3   |  2639  |  1926  |
+-----------+--------+--------+--------+--------+
