#-----------------------------------------------------------
# xsim v2023.2 (64-bit)
# SW Build 4029153 on Fri Oct 13 20:14:34 MDT 2023
# IP Build 4028589 on Sat Oct 14 00:45:43 MDT 2023
# SharedData Build 4025554 on Tue Oct 10 17:18:54 MDT 2023
# Start of session at: Sun May 19 16:12:05 2024
# Process ID: 12800
# Current directory: C:/Users/lotto/Desktop/Alveare/M_AXI_ALU/alv_MIMD/HLS/solution1/sim/vhdl
# Command line: xsim.exe -mode tcl -source {xsim.dir/alv_MIMD/xsim_script.tcl}
# Log file: C:/Users/lotto/Desktop/Alveare/M_AXI_ALU/alv_MIMD/HLS/solution1/sim/vhdl/xsim.log
# Journal file: C:/Users/lotto/Desktop/Alveare/M_AXI_ALU/alv_MIMD/HLS/solution1/sim/vhdl\xsim.jou
# Running On: MSI, OS: Windows, CPU Frequency: 2918 MHz, CPU Physical cores: 10, Host memory: 16870 MB
#-----------------------------------------------------------
source xsim.dir/alv_MIMD/xsim_script.tcl
# xsim {alv_MIMD} -autoloadwcfg -tclbatch {alv_MIMD.tcl}
Time resolution is 1 ps
source alv_MIMD.tcl
## run all
Note: simulation done!
Time: 13995 ns  Iteration: 1  Process: /apatb_alv_MIMD_top/generate_sim_done_proc  File: C:/Users/lotto/Desktop/Alveare/M_AXI_ALU/alv_MIMD/HLS/solution1/sim/vhdl/alv_MIMD.autotb.vhd
Failure: NORMAL EXIT (note: failure is to force the simulator to stop)
Time: 13995 ns  Iteration: 1  Process: /apatb_alv_MIMD_top/generate_sim_done_proc  File: C:/Users/lotto/Desktop/Alveare/M_AXI_ALU/alv_MIMD/HLS/solution1/sim/vhdl/alv_MIMD.autotb.vhd
$finish called at time : 13995 ns
## quit
INFO: [Common 17-206] Exiting xsim at Sun May 19 16:12:08 2024...
