Copyright 1986-2022 Xilinx, Inc. All Rights Reserved. Copyright 2022-2023 Advanced Micro Devices, Inc. All Rights Reserved.
---------------------------------------------------------------------------------------------------------------------------------------------
| Tool Version : Vivado v.2023.2 (win64) Build 4029153 Fri Oct 13 20:14:34 MDT 2023
| Date         : Sun Jun 23 13:37:49 2024
| Host         : MSI running 64-bit major release  (build 9200)
| Command      : report_timing_summary -file ./report/ALU_sys_HDL_timing_synth.rpt
| Design       : bd_0_wrapper
| Device       : 7z020-clg400
| Speed File   : -1  PRODUCTION 1.12 2019-11-22
| Design State : Synthesized
---------------------------------------------------------------------------------------------------------------------------------------------

Timing Summary Report

------------------------------------------------------------------------------------------------
| Timer Settings
| --------------
------------------------------------------------------------------------------------------------

  Enable Multi Corner Analysis               :  Yes
  Enable Pessimism Removal                   :  Yes
  Pessimism Removal Resolution               :  Nearest Common Node
  Enable Input Delay Default Clock           :  No
  Enable Preset / Clear Arcs                 :  No
  Disable Flight Delays                      :  No
  Ignore I/O Paths                           :  No
  Timing Early Launch at Borrowing Latches   :  No
  Borrow Time for Max Delay Exceptions       :  Yes
  Merge Timing Exceptions                    :  Yes
  Inter-SLR Compensation                     :  Conservative

  Corner  Analyze    Analyze    
  Name    Max Paths  Min Paths  
  ------  ---------  ---------  
  Slow    Yes        Yes        
  Fast    Yes        Yes        


------------------------------------------------------------------------------------------------
| Report Methodology
| ------------------
------------------------------------------------------------------------------------------------

No report available as report_methodology has not been run prior. Run report_methodology on the current design for the summary of methodology violations.



check_timing report

Table of Contents
-----------------
1. checking no_clock (0)
2. checking constant_clock (0)
3. checking pulse_width_clock (0)
4. checking unconstrained_internal_endpoints (0)
5. checking no_input_delay (168)
6. checking no_output_delay (352)
7. checking multiple_clock (0)
8. checking generated_clocks (0)
9. checking loops (0)
10. checking partial_input_delay (0)
11. checking partial_output_delay (0)
12. checking latch_loops (0)

1. checking no_clock (0)
------------------------
 There are 0 register/latch pins with no clock.


2. checking constant_clock (0)
------------------------------
 There are 0 register/latch pins with constant_clock.


3. checking pulse_width_clock (0)
---------------------------------
 There are 0 register/latch pins which need pulse_width check


4. checking unconstrained_internal_endpoints (0)
------------------------------------------------
 There are 0 pins that are not constrained for maximum delay.

 There are 0 pins that are not constrained for maximum delay due to constant clock.


5. checking no_input_delay (168)
--------------------------------
 There are 168 input ports with no input delay specified. (HIGH)

 There are 0 input ports with no input delay but user has a false path constraint.


6. checking no_output_delay (352)
---------------------------------
 There are 352 ports with no output delay specified. (HIGH)

 There are 0 ports with no output delay but user has a false path constraint

 There are 0 ports with no output delay but with a timing clock defined on it or propagating through it


7. checking multiple_clock (0)
------------------------------
 There are 0 register/latch pins with multiple clocks.


8. checking generated_clocks (0)
--------------------------------
 There are 0 generated clocks that are not connected to a clock source.


9. checking loops (0)
---------------------
 There are 0 combinational loops in the design.


10. checking partial_input_delay (0)
------------------------------------
 There are 0 input ports with partial input delay specified.


11. checking partial_output_delay (0)
-------------------------------------
 There are 0 ports with partial output delay specified.


12. checking latch_loops (0)
----------------------------
 There are 0 combinational latch loops in the design through latch input



------------------------------------------------------------------------------------------------
| Design Timing Summary
| ---------------------
------------------------------------------------------------------------------------------------

    WNS(ns)      TNS(ns)  TNS Failing Endpoints  TNS Total Endpoints      WHS(ns)      THS(ns)  THS Failing Endpoints  THS Total Endpoints     WPWS(ns)     TPWS(ns)  TPWS Failing Endpoints  TPWS Total Endpoints  
    -------      -------  ---------------------  -------------------      -------      -------  ---------------------  -------------------     --------     --------  ----------------------  --------------------  
      3.438        0.000                      0                21767        0.193        0.000                      0                21767        4.020        0.000                       0                 10634  


All user specified timing constraints are met.


------------------------------------------------------------------------------------------------
| Clock Summary
| -------------
------------------------------------------------------------------------------------------------

Clock   Waveform(ns)       Period(ns)      Frequency(MHz)
-----   ------------       ----------      --------------
ap_clk  {0.000 5.000}      10.000          100.000         


------------------------------------------------------------------------------------------------
| Intra Clock Table
| -----------------
------------------------------------------------------------------------------------------------

Clock             WNS(ns)      TNS(ns)  TNS Failing Endpoints  TNS Total Endpoints      WHS(ns)      THS(ns)  THS Failing Endpoints  THS Total Endpoints     WPWS(ns)     TPWS(ns)  TPWS Failing Endpoints  TPWS Total Endpoints  
-----             -------      -------  ---------------------  -------------------      -------      -------  ---------------------  -------------------     --------     --------  ----------------------  --------------------  
ap_clk              3.438        0.000                      0                21767        0.193        0.000                      0                21767        4.020        0.000                       0                 10634  


------------------------------------------------------------------------------------------------
| Inter Clock Table
| -----------------
------------------------------------------------------------------------------------------------

From Clock    To Clock          WNS(ns)      TNS(ns)  TNS Failing Endpoints  TNS Total Endpoints      WHS(ns)      THS(ns)  THS Failing Endpoints  THS Total Endpoints  
----------    --------          -------      -------  ---------------------  -------------------      -------      -------  ---------------------  -------------------  


------------------------------------------------------------------------------------------------
| Other Path Groups Table
| -----------------------
------------------------------------------------------------------------------------------------

Path Group    From Clock    To Clock          WNS(ns)      TNS(ns)  TNS Failing Endpoints  TNS Total Endpoints      WHS(ns)      THS(ns)  THS Failing Endpoints  THS Total Endpoints  
----------    ----------    --------          -------      -------  ---------------------  -------------------      -------      -------  ---------------------  -------------------  


------------------------------------------------------------------------------------------------
| Timing Details
| --------------
------------------------------------------------------------------------------------------------


---------------------------------------------------------------------------------------------------
From Clock:  ap_clk
  To Clock:  ap_clk

Setup :            0  Failing Endpoints,  Worst Slack        3.438ns,  Total Violation        0.000ns
Hold  :            0  Failing Endpoints,  Worst Slack        0.193ns,  Total Violation        0.000ns
PW    :            0  Failing Endpoints,  Worst Slack        4.020ns,  Total Violation        0.000ns
---------------------------------------------------------------------------------------------------


Max Delay Paths
--------------------------------------------------------------------------------------
Slack (MET) :             3.438ns  (required time - arrival time)
  Source:                 bd_0_i/hls_inst/U0/control_s_axi_U/int_selec_reg[12]/C
                            (rising edge-triggered cell FDRE clocked by ap_clk  {rise@0.000ns fall@5.000ns period=10.000ns})
  Destination:            bd_0_i/hls_inst/U0/Block_entry1_proc_U0/data_a_fifo_U/num_data_cnt_reg[6]/D
                            (rising edge-triggered cell FDRE clocked by ap_clk  {rise@0.000ns fall@5.000ns period=10.000ns})
  Path Group:             ap_clk
  Path Type:              Setup (Max at Slow Process Corner)
  Requirement:            10.000ns  (ap_clk rise@10.000ns - ap_clk rise@0.000ns)
  Data Path Delay:        6.587ns  (logic 2.275ns (34.538%)  route 4.312ns (65.462%))
  Logic Levels:           7  (CARRY4=2 LUT4=4 LUT5=1)
  Clock Path Skew:        -0.049ns (DCD - SCD + CPR)
    Destination Clock Delay (DCD):    0.924ns = ( 10.924 - 10.000 ) 
    Source Clock Delay      (SCD):    0.973ns
    Clock Pessimism Removal (CPR):    0.000ns
  Clock Uncertainty:      0.035ns  ((TSJ^2 + TIJ^2)^1/2 + DJ) / 2 + PE
    Total System Jitter     (TSJ):    0.071ns
    Total Input Jitter      (TIJ):    0.000ns
    Discrete Jitter          (DJ):    0.000ns
    Phase Error              (PE):    0.000ns

    Location             Delay type                Incr(ns)  Path(ns)    Netlist Resource(s)
  -------------------------------------------------------------------    -------------------
                         (clock ap_clk rise edge)     0.000     0.000 r  
                                                      0.000     0.000 r  ap_clk (IN)
                         net (fo=10633, unset)        0.973     0.973    bd_0_i/hls_inst/U0/control_s_axi_U/ap_clk
                         FDRE                                         r  bd_0_i/hls_inst/U0/control_s_axi_U/int_selec_reg[12]/C
  -------------------------------------------------------------------    -------------------
                         FDRE (Prop_fdre_C_Q)         0.518     1.491 f  bd_0_i/hls_inst/U0/control_s_axi_U/int_selec_reg[12]/Q
                         net (fo=3, unplaced)         0.759     2.250    bd_0_i/hls_inst/U0/control_s_axi_U/selec[12]
                         LUT4 (Prop_lut4_I1_O)        0.295     2.545 f  bd_0_i/hls_inst/U0/control_s_axi_U/mem_reg_i_49__0/O
                         net (fo=1, unplaced)         0.902     3.447    bd_0_i/hls_inst/U0/control_s_axi_U/mem_reg_i_49__0_n_9
                         LUT4 (Prop_lut4_I1_O)        0.124     3.571 f  bd_0_i/hls_inst/U0/control_s_axi_U/mem_reg_i_45/O
                         net (fo=19, unplaced)        0.508     4.079    bd_0_i/hls_inst/U0/control_s_axi_U/int_selec_reg[26]_0
                         LUT4 (Prop_lut4_I3_O)        0.116     4.195 f  bd_0_i/hls_inst/U0/control_s_axi_U/num_data_cnt[7]_i_3__0/O
                         net (fo=59, unplaced)        0.535     4.730    bd_0_i/hls_inst/U0/Block_entry1_proc_U0/grp_reset_fu_178/ram_reg
                         LUT4 (Prop_lut4_I3_O)        0.124     4.854 r  bd_0_i/hls_inst/U0/Block_entry1_proc_U0/grp_reset_fu_178/mem_reg_i_35__1/O
                         net (fo=6, unplaced)         0.934     5.788    bd_0_i/hls_inst/U0/Block_entry1_proc_U0/data_a_fifo_U/mem_reg_0
                         LUT5 (Prop_lut5_I2_O)        0.124     5.912 r  bd_0_i/hls_inst/U0/Block_entry1_proc_U0/data_a_fifo_U/p_0_out__18_carry_i_5__1/O
                         net (fo=1, unplaced)         0.665     6.577    bd_0_i/hls_inst/U0/Block_entry1_proc_U0/data_a_fifo_U/p_0_out__18_carry_i_5__1_n_9
                         CARRY4 (Prop_carry4_S[0]_CO[3])
                                                      0.637     7.214 r  bd_0_i/hls_inst/U0/Block_entry1_proc_U0/data_a_fifo_U/p_0_out__18_carry/CO[3]
                         net (fo=1, unplaced)         0.009     7.223    bd_0_i/hls_inst/U0/Block_entry1_proc_U0/data_a_fifo_U/p_0_out__18_carry_n_9
                         CARRY4 (Prop_carry4_CI_O[1])
                                                      0.337     7.560 r  bd_0_i/hls_inst/U0/Block_entry1_proc_U0/data_a_fifo_U/p_0_out__18_carry__0/O[1]
                         net (fo=1, unplaced)         0.000     7.560    bd_0_i/hls_inst/U0/Block_entry1_proc_U0/data_a_fifo_U/p_0_out__18_carry__0_n_15
                         FDRE                                         r  bd_0_i/hls_inst/U0/Block_entry1_proc_U0/data_a_fifo_U/num_data_cnt_reg[6]/D
  -------------------------------------------------------------------    -------------------

                         (clock ap_clk rise edge)    10.000    10.000 r  
                                                      0.000    10.000 r  ap_clk (IN)
                         net (fo=10633, unset)        0.924    10.924    bd_0_i/hls_inst/U0/Block_entry1_proc_U0/data_a_fifo_U/ap_clk
                         FDRE                                         r  bd_0_i/hls_inst/U0/Block_entry1_proc_U0/data_a_fifo_U/num_data_cnt_reg[6]/C
                         clock pessimism              0.000    10.924    
                         clock uncertainty           -0.035    10.889    
                         FDRE (Setup_fdre_C_D)        0.109    10.998    bd_0_i/hls_inst/U0/Block_entry1_proc_U0/data_a_fifo_U/num_data_cnt_reg[6]
  -------------------------------------------------------------------
                         required time                         10.998    
                         arrival time                          -7.560    
  -------------------------------------------------------------------
                         slack                                  3.438    





Min Delay Paths
--------------------------------------------------------------------------------------
Slack (MET) :             0.193ns  (arrival time - required time)
  Source:                 bd_0_i/hls_inst/U0/Block_entry1_proc_U0/grp_data_exe_wb_fu_142/grp_data_exe_wb_Pipeline_exe_fu_92/ALU_operation_MEM_load_reg_167_pp0_iter33_reg_reg[0]_srl32/CLK
                            (rising edge-triggered cell SRLC32E clocked by ap_clk  {rise@0.000ns fall@5.000ns period=10.000ns})
  Destination:            bd_0_i/hls_inst/U0/Block_entry1_proc_U0/grp_data_exe_wb_fu_142/grp_data_exe_wb_Pipeline_exe_fu_92/ALU_operation_MEM_load_reg_167_pp0_iter35_reg_reg[0]_srl2/D
                            (rising edge-triggered cell SRLC32E clocked by ap_clk  {rise@0.000ns fall@5.000ns period=10.000ns})
  Path Group:             ap_clk
  Path Type:              Hold (Min at Fast Process Corner)
  Requirement:            0.000ns  (ap_clk rise@0.000ns - ap_clk rise@0.000ns)
  Data Path Delay:        0.332ns  (logic 0.332ns (100.000%)  route 0.000ns (0.000%))
  Logic Levels:           0  
  Clock Path Skew:        0.022ns (DCD - SCD - CPR)
    Destination Clock Delay (DCD):    0.432ns
    Source Clock Delay      (SCD):    0.410ns
    Clock Pessimism Removal (CPR):    -0.000ns

    Location             Delay type                Incr(ns)  Path(ns)    Netlist Resource(s)
  -------------------------------------------------------------------    -------------------
                         (clock ap_clk rise edge)     0.000     0.000 r  
                                                      0.000     0.000 r  ap_clk (IN)
                         net (fo=10633, unset)        0.410     0.410    bd_0_i/hls_inst/U0/Block_entry1_proc_U0/grp_data_exe_wb_fu_142/grp_data_exe_wb_Pipeline_exe_fu_92/ap_clk
                         SRLC32E                                      r  bd_0_i/hls_inst/U0/Block_entry1_proc_U0/grp_data_exe_wb_fu_142/grp_data_exe_wb_Pipeline_exe_fu_92/ALU_operation_MEM_load_reg_167_pp0_iter33_reg_reg[0]_srl32/CLK
  -------------------------------------------------------------------    -------------------
                         SRLC32E (Prop_srlc32e_CLK_Q31)
                                                      0.332     0.742 r  bd_0_i/hls_inst/U0/Block_entry1_proc_U0/grp_data_exe_wb_fu_142/grp_data_exe_wb_Pipeline_exe_fu_92/ALU_operation_MEM_load_reg_167_pp0_iter33_reg_reg[0]_srl32/Q31
                         net (fo=1, unplaced)         0.000     0.742    bd_0_i/hls_inst/U0/Block_entry1_proc_U0/grp_data_exe_wb_fu_142/grp_data_exe_wb_Pipeline_exe_fu_92/ALU_operation_MEM_load_reg_167_pp0_iter33_reg_reg[0]_srl32_n_10
                         SRLC32E                                      r  bd_0_i/hls_inst/U0/Block_entry1_proc_U0/grp_data_exe_wb_fu_142/grp_data_exe_wb_Pipeline_exe_fu_92/ALU_operation_MEM_load_reg_167_pp0_iter35_reg_reg[0]_srl2/D
  -------------------------------------------------------------------    -------------------

                         (clock ap_clk rise edge)     0.000     0.000 r  
                                                      0.000     0.000 r  ap_clk (IN)
                         net (fo=10633, unset)        0.432     0.432    bd_0_i/hls_inst/U0/Block_entry1_proc_U0/grp_data_exe_wb_fu_142/grp_data_exe_wb_Pipeline_exe_fu_92/ap_clk
                         SRLC32E                                      r  bd_0_i/hls_inst/U0/Block_entry1_proc_U0/grp_data_exe_wb_fu_142/grp_data_exe_wb_Pipeline_exe_fu_92/ALU_operation_MEM_load_reg_167_pp0_iter35_reg_reg[0]_srl2/CLK
                         clock pessimism              0.000     0.432    
                         SRLC32E (Hold_srlc32e_CLK_D)
                                                      0.117     0.549    bd_0_i/hls_inst/U0/Block_entry1_proc_U0/grp_data_exe_wb_fu_142/grp_data_exe_wb_Pipeline_exe_fu_92/ALU_operation_MEM_load_reg_167_pp0_iter35_reg_reg[0]_srl2
  -------------------------------------------------------------------
                         required time                         -0.549    
                         arrival time                           0.742    
  -------------------------------------------------------------------
                         slack                                  0.193    





Pulse Width Checks
--------------------------------------------------------------------------------------
Clock Name:         ap_clk
Waveform(ns):       { 0.000 5.000 }
Period(ns):         10.000
Sources:            { ap_clk }

Check Type        Corner  Lib Pin             Reference Pin  Required(ns)  Actual(ns)  Slack(ns)  Location  Pin
Min Period        n/a     RAMB18E1/CLKARDCLK  n/a            2.944         10.000      7.056                bd_0_i/hls_inst/U0/Block_entry1_proc_U0/ALU_operation_MEM_U/ram_reg/CLKARDCLK
Low Pulse Width   Slow    SRL16E/CLK          n/a            0.980         5.000       4.020                bd_0_i/hls_inst/U0/fifo_burst/fifo_srl_gen.U_ffo_srl/fifo_depth_gt1_gen.mem_reg[14][0]_srl15/CLK
High Pulse Width  Slow    SRL16E/CLK          n/a            0.980         5.000       4.020                bd_0_i/hls_inst/U0/fifo_burst/fifo_srl_gen.U_ffo_srl/fifo_depth_gt1_gen.mem_reg[14][0]_srl15/CLK



