
*** Running vivado
    with args -log design_1_wrapper.vdi -applog -m64 -product Vivado -messageDb vivado.pb -mode batch -source design_1_wrapper.tcl -notrace


ECHO disattivato.
ECHO disattivato.

****** Vivado v2023.2 (64-bit)
  **** SW Build 4029153 on Fri Oct 13 20:14:34 MDT 2023
  **** IP Build 4028589 on Sat Oct 14 00:45:43 MDT 2023
  **** SharedData Build 4025554 on Tue Oct 10 17:18:54 MDT 2023
    ** Copyright 1986-2022 Xilinx, Inc. All Rights Reserved.
    ** Copyright 2022-2023 Advanced Micro Devices, Inc. All Rights Reserved.

source design_1_wrapper.tcl -notrace
INFO: [IP_Flow 19-234] Refreshing IP repositories
INFO: [IP_Flow 19-1700] Loaded user IP repository 'c:/Users/lotto/Desktop/Alveare/M_AXI_ALU/M_AXI_ALU/dec_MIMD/ip_repo'.
INFO: [IP_Flow 19-2313] Loaded Vivado IP repository 'C:/Xilinx/Vivado/2023.2/data/ip'.
WARNING: [IP_Flow 19-4995] The host OS only allows 260 characters in a normal path. The IP cache path is more than 80 characters. If you experience issues with IP caching, please consider changing the IP cache to a location with a shorter path. Alternately consider using the OS subst command to map part of the path to a drive letter. 
Current IP cache path is C:/Users/lotto/Desktop/Alveare/M_AXI_ALU/M_AXI_ALU/dec_MIMD/Vivado/dec_MIMD.cache/ip 
Command: link_design -top design_1_wrapper -part xc7z020clg400-1
Design is defaulting to srcset: sources_1
Design is defaulting to constrset: constrs_1
INFO: [Device 21-403] Loading part xc7z020clg400-1
INFO: [Project 1-454] Reading design checkpoint 'c:/Users/lotto/Desktop/Alveare/M_AXI_ALU/M_AXI_ALU/dec_MIMD/Vivado/dec_MIMD.gen/sources_1/bd/design_1/ip/design_1_dec_MIMD_0_1/design_1_dec_MIMD_0_1.dcp' for cell 'design_1_i/dec_MIMD_0'
INFO: [Project 1-454] Reading design checkpoint 'c:/Users/lotto/Desktop/Alveare/M_AXI_ALU/M_AXI_ALU/dec_MIMD/Vivado/dec_MIMD.gen/sources_1/bd/design_1/ip/design_1_processing_system7_0_1/design_1_processing_system7_0_1.dcp' for cell 'design_1_i/processing_system7_0'
INFO: [Project 1-454] Reading design checkpoint 'c:/Users/lotto/Desktop/Alveare/M_AXI_ALU/M_AXI_ALU/dec_MIMD/Vivado/dec_MIMD.gen/sources_1/bd/design_1/ip/design_1_rst_ps7_0_100M_0/design_1_rst_ps7_0_100M_0.dcp' for cell 'design_1_i/rst_ps7_0_100M'
INFO: [Project 1-454] Reading design checkpoint 'c:/Users/lotto/Desktop/Alveare/M_AXI_ALU/M_AXI_ALU/dec_MIMD/Vivado/dec_MIMD.gen/sources_1/bd/design_1/ip/design_1_auto_pc_6/design_1_auto_pc_6.dcp' for cell 'design_1_i/axi_mem_intercon/s00_couplers/auto_pc'
INFO: [Project 1-454] Reading design checkpoint 'c:/Users/lotto/Desktop/Alveare/M_AXI_ALU/M_AXI_ALU/dec_MIMD/Vivado/dec_MIMD.gen/sources_1/bd/design_1/ip/design_1_auto_us_4/design_1_auto_us_4.dcp' for cell 'design_1_i/axi_mem_intercon/s00_couplers/auto_us'
INFO: [Project 1-454] Reading design checkpoint 'c:/Users/lotto/Desktop/Alveare/M_AXI_ALU/M_AXI_ALU/dec_MIMD/Vivado/dec_MIMD.gen/sources_1/bd/design_1/ip/design_1_auto_pc_7/design_1_auto_pc_7.dcp' for cell 'design_1_i/axi_mem_intercon_1/s00_couplers/auto_pc'
INFO: [Project 1-454] Reading design checkpoint 'c:/Users/lotto/Desktop/Alveare/M_AXI_ALU/M_AXI_ALU/dec_MIMD/Vivado/dec_MIMD.gen/sources_1/bd/design_1/ip/design_1_auto_us_5/design_1_auto_us_5.dcp' for cell 'design_1_i/axi_mem_intercon_1/s00_couplers/auto_us'
INFO: [Project 1-454] Reading design checkpoint 'c:/Users/lotto/Desktop/Alveare/M_AXI_ALU/M_AXI_ALU/dec_MIMD/Vivado/dec_MIMD.gen/sources_1/bd/design_1/ip/design_1_auto_pc_8/design_1_auto_pc_8.dcp' for cell 'design_1_i/axi_mem_intercon_2/s00_couplers/auto_pc'
INFO: [Project 1-454] Reading design checkpoint 'c:/Users/lotto/Desktop/Alveare/M_AXI_ALU/M_AXI_ALU/dec_MIMD/Vivado/dec_MIMD.gen/sources_1/bd/design_1/ip/design_1_auto_us_6/design_1_auto_us_6.dcp' for cell 'design_1_i/axi_mem_intercon_2/s00_couplers/auto_us'
INFO: [Project 1-454] Reading design checkpoint 'c:/Users/lotto/Desktop/Alveare/M_AXI_ALU/M_AXI_ALU/dec_MIMD/Vivado/dec_MIMD.gen/sources_1/bd/design_1/ip/design_1_auto_pc_9/design_1_auto_pc_9.dcp' for cell 'design_1_i/axi_mem_intercon_3/s00_couplers/auto_pc'
INFO: [Project 1-454] Reading design checkpoint 'c:/Users/lotto/Desktop/Alveare/M_AXI_ALU/M_AXI_ALU/dec_MIMD/Vivado/dec_MIMD.gen/sources_1/bd/design_1/ip/design_1_auto_us_7/design_1_auto_us_7.dcp' for cell 'design_1_i/axi_mem_intercon_3/s00_couplers/auto_us'
INFO: [Project 1-454] Reading design checkpoint 'c:/Users/lotto/Desktop/Alveare/M_AXI_ALU/M_AXI_ALU/dec_MIMD/Vivado/dec_MIMD.gen/sources_1/bd/design_1/ip/design_1_auto_pc_5/design_1_auto_pc_5.dcp' for cell 'design_1_i/ps7_0_axi_periph/s00_couplers/auto_pc'
Netlist sorting complete. Time (s): cpu = 00:00:00 ; elapsed = 00:00:00.289 . Memory (MB): peak = 1003.258 ; gain = 0.000
INFO: [Netlist 29-17] Analyzing 776 Unisim elements for replacement
INFO: [Netlist 29-28] Unisim Transformation completed in 0 CPU seconds
INFO: [Project 1-479] Netlist was created with Vivado 2023.2
INFO: [Project 1-570] Preparing netlist for logic optimization
Parsing XDC File [c:/Users/lotto/Desktop/Alveare/M_AXI_ALU/M_AXI_ALU/dec_MIMD/Vivado/dec_MIMD.gen/sources_1/bd/design_1/ip/design_1_processing_system7_0_1/design_1_processing_system7_0_1.xdc] for cell 'design_1_i/processing_system7_0/inst'
Finished Parsing XDC File [c:/Users/lotto/Desktop/Alveare/M_AXI_ALU/M_AXI_ALU/dec_MIMD/Vivado/dec_MIMD.gen/sources_1/bd/design_1/ip/design_1_processing_system7_0_1/design_1_processing_system7_0_1.xdc] for cell 'design_1_i/processing_system7_0/inst'
Parsing XDC File [c:/Users/lotto/Desktop/Alveare/M_AXI_ALU/M_AXI_ALU/dec_MIMD/Vivado/dec_MIMD.gen/sources_1/bd/design_1/ip/design_1_rst_ps7_0_100M_0/design_1_rst_ps7_0_100M_0_board.xdc] for cell 'design_1_i/rst_ps7_0_100M/U0'
Finished Parsing XDC File [c:/Users/lotto/Desktop/Alveare/M_AXI_ALU/M_AXI_ALU/dec_MIMD/Vivado/dec_MIMD.gen/sources_1/bd/design_1/ip/design_1_rst_ps7_0_100M_0/design_1_rst_ps7_0_100M_0_board.xdc] for cell 'design_1_i/rst_ps7_0_100M/U0'
Parsing XDC File [c:/Users/lotto/Desktop/Alveare/M_AXI_ALU/M_AXI_ALU/dec_MIMD/Vivado/dec_MIMD.gen/sources_1/bd/design_1/ip/design_1_rst_ps7_0_100M_0/design_1_rst_ps7_0_100M_0.xdc] for cell 'design_1_i/rst_ps7_0_100M/U0'
Finished Parsing XDC File [c:/Users/lotto/Desktop/Alveare/M_AXI_ALU/M_AXI_ALU/dec_MIMD/Vivado/dec_MIMD.gen/sources_1/bd/design_1/ip/design_1_rst_ps7_0_100M_0/design_1_rst_ps7_0_100M_0.xdc] for cell 'design_1_i/rst_ps7_0_100M/U0'
Parsing XDC File [c:/Users/lotto/Desktop/Alveare/M_AXI_ALU/M_AXI_ALU/dec_MIMD/Vivado/dec_MIMD.gen/sources_1/bd/design_1/ip/design_1_auto_us_4/design_1_auto_us_4_clocks.xdc] for cell 'design_1_i/axi_mem_intercon/s00_couplers/auto_us/inst'
WARNING: [Vivado_Tcl 4-921] Waiver ID 'CDC-1' -to list should not be empty. [c:/Users/lotto/Desktop/Alveare/M_AXI_ALU/M_AXI_ALU/dec_MIMD/Vivado/dec_MIMD.gen/sources_1/bd/design_1/ip/design_1_auto_us_4/design_1_auto_us_4_clocks.xdc:9]
WARNING: [Vivado_Tcl 4-921] Waiver ID 'CDC-1' -to list should not be empty. [c:/Users/lotto/Desktop/Alveare/M_AXI_ALU/M_AXI_ALU/dec_MIMD/Vivado/dec_MIMD.gen/sources_1/bd/design_1/ip/design_1_auto_us_4/design_1_auto_us_4_clocks.xdc:12]
WARNING: [Vivado_Tcl 4-921] Waiver ID 'CDC-1' -to list should not be empty. [c:/Users/lotto/Desktop/Alveare/M_AXI_ALU/M_AXI_ALU/dec_MIMD/Vivado/dec_MIMD.gen/sources_1/bd/design_1/ip/design_1_auto_us_4/design_1_auto_us_4_clocks.xdc:15]
WARNING: [Vivado_Tcl 4-921] Waiver ID 'CDC-1' -to list should not be empty. [c:/Users/lotto/Desktop/Alveare/M_AXI_ALU/M_AXI_ALU/dec_MIMD/Vivado/dec_MIMD.gen/sources_1/bd/design_1/ip/design_1_auto_us_4/design_1_auto_us_4_clocks.xdc:18]
WARNING: [Vivado_Tcl 4-921] Waiver ID 'CDC-1' -to list should not be empty. [c:/Users/lotto/Desktop/Alveare/M_AXI_ALU/M_AXI_ALU/dec_MIMD/Vivado/dec_MIMD.gen/sources_1/bd/design_1/ip/design_1_auto_us_4/design_1_auto_us_4_clocks.xdc:21]
WARNING: [Vivado_Tcl 4-921] Waiver ID 'CDC-1' -to list should not be empty. [c:/Users/lotto/Desktop/Alveare/M_AXI_ALU/M_AXI_ALU/dec_MIMD/Vivado/dec_MIMD.gen/sources_1/bd/design_1/ip/design_1_auto_us_4/design_1_auto_us_4_clocks.xdc:24]
WARNING: [Vivado_Tcl 4-921] Waiver ID 'CDC-1' -to list should not be empty. [c:/Users/lotto/Desktop/Alveare/M_AXI_ALU/M_AXI_ALU/dec_MIMD/Vivado/dec_MIMD.gen/sources_1/bd/design_1/ip/design_1_auto_us_4/design_1_auto_us_4_clocks.xdc:27]
WARNING: [Vivado_Tcl 4-921] Waiver ID 'CDC-1' -to list should not be empty. [c:/Users/lotto/Desktop/Alveare/M_AXI_ALU/M_AXI_ALU/dec_MIMD/Vivado/dec_MIMD.gen/sources_1/bd/design_1/ip/design_1_auto_us_4/design_1_auto_us_4_clocks.xdc:33]
WARNING: [Vivado_Tcl 4-921] Waiver ID 'CDC-1' -to list should not be empty. [c:/Users/lotto/Desktop/Alveare/M_AXI_ALU/M_AXI_ALU/dec_MIMD/Vivado/dec_MIMD.gen/sources_1/bd/design_1/ip/design_1_auto_us_4/design_1_auto_us_4_clocks.xdc:36]
WARNING: [Vivado_Tcl 4-921] Waiver ID 'CDC-10' -to list should not be empty. [c:/Users/lotto/Desktop/Alveare/M_AXI_ALU/M_AXI_ALU/dec_MIMD/Vivado/dec_MIMD.gen/sources_1/bd/design_1/ip/design_1_auto_us_4/design_1_auto_us_4_clocks.xdc:39]
WARNING: [Vivado_Tcl 4-921] Waiver ID 'CDC-10' -to list should not be empty. [c:/Users/lotto/Desktop/Alveare/M_AXI_ALU/M_AXI_ALU/dec_MIMD/Vivado/dec_MIMD.gen/sources_1/bd/design_1/ip/design_1_auto_us_4/design_1_auto_us_4_clocks.xdc:42]
WARNING: [Vivado_Tcl 4-921] Waiver ID 'CDC-10' -to list should not be empty. [c:/Users/lotto/Desktop/Alveare/M_AXI_ALU/M_AXI_ALU/dec_MIMD/Vivado/dec_MIMD.gen/sources_1/bd/design_1/ip/design_1_auto_us_4/design_1_auto_us_4_clocks.xdc:45]
WARNING: [Vivado_Tcl 4-921] Waiver ID 'CDC-2' -to list should not be empty. [c:/Users/lotto/Desktop/Alveare/M_AXI_ALU/M_AXI_ALU/dec_MIMD/Vivado/dec_MIMD.gen/sources_1/bd/design_1/ip/design_1_auto_us_4/design_1_auto_us_4_clocks.xdc:48]
WARNING: [Vivado_Tcl 4-921] Waiver ID 'CDC-11' -to list should not be empty. [c:/Users/lotto/Desktop/Alveare/M_AXI_ALU/M_AXI_ALU/dec_MIMD/Vivado/dec_MIMD.gen/sources_1/bd/design_1/ip/design_1_auto_us_4/design_1_auto_us_4_clocks.xdc:51]
WARNING: [Vivado_Tcl 4-921] Waiver ID 'CDC-11' -to list should not be empty. [c:/Users/lotto/Desktop/Alveare/M_AXI_ALU/M_AXI_ALU/dec_MIMD/Vivado/dec_MIMD.gen/sources_1/bd/design_1/ip/design_1_auto_us_4/design_1_auto_us_4_clocks.xdc:54]
Finished Parsing XDC File [c:/Users/lotto/Desktop/Alveare/M_AXI_ALU/M_AXI_ALU/dec_MIMD/Vivado/dec_MIMD.gen/sources_1/bd/design_1/ip/design_1_auto_us_4/design_1_auto_us_4_clocks.xdc] for cell 'design_1_i/axi_mem_intercon/s00_couplers/auto_us/inst'
Parsing XDC File [c:/Users/lotto/Desktop/Alveare/M_AXI_ALU/M_AXI_ALU/dec_MIMD/Vivado/dec_MIMD.gen/sources_1/bd/design_1/ip/design_1_auto_us_5/design_1_auto_us_5_clocks.xdc] for cell 'design_1_i/axi_mem_intercon_1/s00_couplers/auto_us/inst'
WARNING: [Vivado_Tcl 4-921] Waiver ID 'CDC-1' -to list should not be empty. [c:/Users/lotto/Desktop/Alveare/M_AXI_ALU/M_AXI_ALU/dec_MIMD/Vivado/dec_MIMD.gen/sources_1/bd/design_1/ip/design_1_auto_us_5/design_1_auto_us_5_clocks.xdc:9]
WARNING: [Vivado_Tcl 4-921] Waiver ID 'CDC-1' -to list should not be empty. [c:/Users/lotto/Desktop/Alveare/M_AXI_ALU/M_AXI_ALU/dec_MIMD/Vivado/dec_MIMD.gen/sources_1/bd/design_1/ip/design_1_auto_us_5/design_1_auto_us_5_clocks.xdc:12]
WARNING: [Vivado_Tcl 4-921] Waiver ID 'CDC-1' -to list should not be empty. [c:/Users/lotto/Desktop/Alveare/M_AXI_ALU/M_AXI_ALU/dec_MIMD/Vivado/dec_MIMD.gen/sources_1/bd/design_1/ip/design_1_auto_us_5/design_1_auto_us_5_clocks.xdc:15]
WARNING: [Vivado_Tcl 4-921] Waiver ID 'CDC-1' -to list should not be empty. [c:/Users/lotto/Desktop/Alveare/M_AXI_ALU/M_AXI_ALU/dec_MIMD/Vivado/dec_MIMD.gen/sources_1/bd/design_1/ip/design_1_auto_us_5/design_1_auto_us_5_clocks.xdc:18]
WARNING: [Vivado_Tcl 4-921] Waiver ID 'CDC-1' -to list should not be empty. [c:/Users/lotto/Desktop/Alveare/M_AXI_ALU/M_AXI_ALU/dec_MIMD/Vivado/dec_MIMD.gen/sources_1/bd/design_1/ip/design_1_auto_us_5/design_1_auto_us_5_clocks.xdc:21]
WARNING: [Vivado_Tcl 4-921] Waiver ID 'CDC-1' -to list should not be empty. [c:/Users/lotto/Desktop/Alveare/M_AXI_ALU/M_AXI_ALU/dec_MIMD/Vivado/dec_MIMD.gen/sources_1/bd/design_1/ip/design_1_auto_us_5/design_1_auto_us_5_clocks.xdc:24]
WARNING: [Vivado_Tcl 4-921] Waiver ID 'CDC-1' -to list should not be empty. [c:/Users/lotto/Desktop/Alveare/M_AXI_ALU/M_AXI_ALU/dec_MIMD/Vivado/dec_MIMD.gen/sources_1/bd/design_1/ip/design_1_auto_us_5/design_1_auto_us_5_clocks.xdc:27]
WARNING: [Vivado_Tcl 4-921] Waiver ID 'CDC-1' -to list should not be empty. [c:/Users/lotto/Desktop/Alveare/M_AXI_ALU/M_AXI_ALU/dec_MIMD/Vivado/dec_MIMD.gen/sources_1/bd/design_1/ip/design_1_auto_us_5/design_1_auto_us_5_clocks.xdc:33]
WARNING: [Vivado_Tcl 4-921] Waiver ID 'CDC-1' -to list should not be empty. [c:/Users/lotto/Desktop/Alveare/M_AXI_ALU/M_AXI_ALU/dec_MIMD/Vivado/dec_MIMD.gen/sources_1/bd/design_1/ip/design_1_auto_us_5/design_1_auto_us_5_clocks.xdc:36]
WARNING: [Vivado_Tcl 4-921] Waiver ID 'CDC-10' -to list should not be empty. [c:/Users/lotto/Desktop/Alveare/M_AXI_ALU/M_AXI_ALU/dec_MIMD/Vivado/dec_MIMD.gen/sources_1/bd/design_1/ip/design_1_auto_us_5/design_1_auto_us_5_clocks.xdc:39]
WARNING: [Vivado_Tcl 4-921] Waiver ID 'CDC-10' -to list should not be empty. [c:/Users/lotto/Desktop/Alveare/M_AXI_ALU/M_AXI_ALU/dec_MIMD/Vivado/dec_MIMD.gen/sources_1/bd/design_1/ip/design_1_auto_us_5/design_1_auto_us_5_clocks.xdc:42]
WARNING: [Vivado_Tcl 4-921] Waiver ID 'CDC-10' -to list should not be empty. [c:/Users/lotto/Desktop/Alveare/M_AXI_ALU/M_AXI_ALU/dec_MIMD/Vivado/dec_MIMD.gen/sources_1/bd/design_1/ip/design_1_auto_us_5/design_1_auto_us_5_clocks.xdc:45]
WARNING: [Vivado_Tcl 4-921] Waiver ID 'CDC-2' -to list should not be empty. [c:/Users/lotto/Desktop/Alveare/M_AXI_ALU/M_AXI_ALU/dec_MIMD/Vivado/dec_MIMD.gen/sources_1/bd/design_1/ip/design_1_auto_us_5/design_1_auto_us_5_clocks.xdc:48]
WARNING: [Vivado_Tcl 4-921] Waiver ID 'CDC-11' -to list should not be empty. [c:/Users/lotto/Desktop/Alveare/M_AXI_ALU/M_AXI_ALU/dec_MIMD/Vivado/dec_MIMD.gen/sources_1/bd/design_1/ip/design_1_auto_us_5/design_1_auto_us_5_clocks.xdc:51]
WARNING: [Vivado_Tcl 4-921] Waiver ID 'CDC-11' -to list should not be empty. [c:/Users/lotto/Desktop/Alveare/M_AXI_ALU/M_AXI_ALU/dec_MIMD/Vivado/dec_MIMD.gen/sources_1/bd/design_1/ip/design_1_auto_us_5/design_1_auto_us_5_clocks.xdc:54]
Finished Parsing XDC File [c:/Users/lotto/Desktop/Alveare/M_AXI_ALU/M_AXI_ALU/dec_MIMD/Vivado/dec_MIMD.gen/sources_1/bd/design_1/ip/design_1_auto_us_5/design_1_auto_us_5_clocks.xdc] for cell 'design_1_i/axi_mem_intercon_1/s00_couplers/auto_us/inst'
Parsing XDC File [c:/Users/lotto/Desktop/Alveare/M_AXI_ALU/M_AXI_ALU/dec_MIMD/Vivado/dec_MIMD.gen/sources_1/bd/design_1/ip/design_1_auto_us_6/design_1_auto_us_6_clocks.xdc] for cell 'design_1_i/axi_mem_intercon_2/s00_couplers/auto_us/inst'
WARNING: [Vivado_Tcl 4-921] Waiver ID 'CDC-1' -to list should not be empty. [c:/Users/lotto/Desktop/Alveare/M_AXI_ALU/M_AXI_ALU/dec_MIMD/Vivado/dec_MIMD.gen/sources_1/bd/design_1/ip/design_1_auto_us_6/design_1_auto_us_6_clocks.xdc:9]
WARNING: [Vivado_Tcl 4-921] Waiver ID 'CDC-1' -to list should not be empty. [c:/Users/lotto/Desktop/Alveare/M_AXI_ALU/M_AXI_ALU/dec_MIMD/Vivado/dec_MIMD.gen/sources_1/bd/design_1/ip/design_1_auto_us_6/design_1_auto_us_6_clocks.xdc:12]
WARNING: [Vivado_Tcl 4-921] Waiver ID 'CDC-1' -to list should not be empty. [c:/Users/lotto/Desktop/Alveare/M_AXI_ALU/M_AXI_ALU/dec_MIMD/Vivado/dec_MIMD.gen/sources_1/bd/design_1/ip/design_1_auto_us_6/design_1_auto_us_6_clocks.xdc:15]
WARNING: [Vivado_Tcl 4-921] Waiver ID 'CDC-1' -to list should not be empty. [c:/Users/lotto/Desktop/Alveare/M_AXI_ALU/M_AXI_ALU/dec_MIMD/Vivado/dec_MIMD.gen/sources_1/bd/design_1/ip/design_1_auto_us_6/design_1_auto_us_6_clocks.xdc:18]
WARNING: [Vivado_Tcl 4-921] Waiver ID 'CDC-1' -to list should not be empty. [c:/Users/lotto/Desktop/Alveare/M_AXI_ALU/M_AXI_ALU/dec_MIMD/Vivado/dec_MIMD.gen/sources_1/bd/design_1/ip/design_1_auto_us_6/design_1_auto_us_6_clocks.xdc:21]
WARNING: [Vivado_Tcl 4-921] Waiver ID 'CDC-1' -to list should not be empty. [c:/Users/lotto/Desktop/Alveare/M_AXI_ALU/M_AXI_ALU/dec_MIMD/Vivado/dec_MIMD.gen/sources_1/bd/design_1/ip/design_1_auto_us_6/design_1_auto_us_6_clocks.xdc:24]
WARNING: [Vivado_Tcl 4-921] Waiver ID 'CDC-1' -to list should not be empty. [c:/Users/lotto/Desktop/Alveare/M_AXI_ALU/M_AXI_ALU/dec_MIMD/Vivado/dec_MIMD.gen/sources_1/bd/design_1/ip/design_1_auto_us_6/design_1_auto_us_6_clocks.xdc:27]
WARNING: [Vivado_Tcl 4-921] Waiver ID 'CDC-1' -to list should not be empty. [c:/Users/lotto/Desktop/Alveare/M_AXI_ALU/M_AXI_ALU/dec_MIMD/Vivado/dec_MIMD.gen/sources_1/bd/design_1/ip/design_1_auto_us_6/design_1_auto_us_6_clocks.xdc:33]
WARNING: [Vivado_Tcl 4-921] Waiver ID 'CDC-1' -to list should not be empty. [c:/Users/lotto/Desktop/Alveare/M_AXI_ALU/M_AXI_ALU/dec_MIMD/Vivado/dec_MIMD.gen/sources_1/bd/design_1/ip/design_1_auto_us_6/design_1_auto_us_6_clocks.xdc:36]
WARNING: [Vivado_Tcl 4-921] Waiver ID 'CDC-10' -to list should not be empty. [c:/Users/lotto/Desktop/Alveare/M_AXI_ALU/M_AXI_ALU/dec_MIMD/Vivado/dec_MIMD.gen/sources_1/bd/design_1/ip/design_1_auto_us_6/design_1_auto_us_6_clocks.xdc:39]
WARNING: [Vivado_Tcl 4-921] Waiver ID 'CDC-10' -to list should not be empty. [c:/Users/lotto/Desktop/Alveare/M_AXI_ALU/M_AXI_ALU/dec_MIMD/Vivado/dec_MIMD.gen/sources_1/bd/design_1/ip/design_1_auto_us_6/design_1_auto_us_6_clocks.xdc:42]
WARNING: [Vivado_Tcl 4-921] Waiver ID 'CDC-10' -to list should not be empty. [c:/Users/lotto/Desktop/Alveare/M_AXI_ALU/M_AXI_ALU/dec_MIMD/Vivado/dec_MIMD.gen/sources_1/bd/design_1/ip/design_1_auto_us_6/design_1_auto_us_6_clocks.xdc:45]
WARNING: [Vivado_Tcl 4-921] Waiver ID 'CDC-2' -to list should not be empty. [c:/Users/lotto/Desktop/Alveare/M_AXI_ALU/M_AXI_ALU/dec_MIMD/Vivado/dec_MIMD.gen/sources_1/bd/design_1/ip/design_1_auto_us_6/design_1_auto_us_6_clocks.xdc:48]
WARNING: [Vivado_Tcl 4-921] Waiver ID 'CDC-11' -to list should not be empty. [c:/Users/lotto/Desktop/Alveare/M_AXI_ALU/M_AXI_ALU/dec_MIMD/Vivado/dec_MIMD.gen/sources_1/bd/design_1/ip/design_1_auto_us_6/design_1_auto_us_6_clocks.xdc:51]
WARNING: [Vivado_Tcl 4-921] Waiver ID 'CDC-11' -to list should not be empty. [c:/Users/lotto/Desktop/Alveare/M_AXI_ALU/M_AXI_ALU/dec_MIMD/Vivado/dec_MIMD.gen/sources_1/bd/design_1/ip/design_1_auto_us_6/design_1_auto_us_6_clocks.xdc:54]
Finished Parsing XDC File [c:/Users/lotto/Desktop/Alveare/M_AXI_ALU/M_AXI_ALU/dec_MIMD/Vivado/dec_MIMD.gen/sources_1/bd/design_1/ip/design_1_auto_us_6/design_1_auto_us_6_clocks.xdc] for cell 'design_1_i/axi_mem_intercon_2/s00_couplers/auto_us/inst'
Parsing XDC File [c:/Users/lotto/Desktop/Alveare/M_AXI_ALU/M_AXI_ALU/dec_MIMD/Vivado/dec_MIMD.gen/sources_1/bd/design_1/ip/design_1_auto_us_7/design_1_auto_us_7_clocks.xdc] for cell 'design_1_i/axi_mem_intercon_3/s00_couplers/auto_us/inst'
WARNING: [Vivado_Tcl 4-921] Waiver ID 'CDC-1' -to list should not be empty. [c:/Users/lotto/Desktop/Alveare/M_AXI_ALU/M_AXI_ALU/dec_MIMD/Vivado/dec_MIMD.gen/sources_1/bd/design_1/ip/design_1_auto_us_7/design_1_auto_us_7_clocks.xdc:9]
WARNING: [Vivado_Tcl 4-921] Waiver ID 'CDC-1' -to list should not be empty. [c:/Users/lotto/Desktop/Alveare/M_AXI_ALU/M_AXI_ALU/dec_MIMD/Vivado/dec_MIMD.gen/sources_1/bd/design_1/ip/design_1_auto_us_7/design_1_auto_us_7_clocks.xdc:12]
WARNING: [Vivado_Tcl 4-921] Waiver ID 'CDC-1' -to list should not be empty. [c:/Users/lotto/Desktop/Alveare/M_AXI_ALU/M_AXI_ALU/dec_MIMD/Vivado/dec_MIMD.gen/sources_1/bd/design_1/ip/design_1_auto_us_7/design_1_auto_us_7_clocks.xdc:15]
WARNING: [Vivado_Tcl 4-921] Waiver ID 'CDC-1' -to list should not be empty. [c:/Users/lotto/Desktop/Alveare/M_AXI_ALU/M_AXI_ALU/dec_MIMD/Vivado/dec_MIMD.gen/sources_1/bd/design_1/ip/design_1_auto_us_7/design_1_auto_us_7_clocks.xdc:18]
WARNING: [Vivado_Tcl 4-921] Waiver ID 'CDC-1' -to list should not be empty. [c:/Users/lotto/Desktop/Alveare/M_AXI_ALU/M_AXI_ALU/dec_MIMD/Vivado/dec_MIMD.gen/sources_1/bd/design_1/ip/design_1_auto_us_7/design_1_auto_us_7_clocks.xdc:21]
WARNING: [Vivado_Tcl 4-921] Waiver ID 'CDC-1' -to list should not be empty. [c:/Users/lotto/Desktop/Alveare/M_AXI_ALU/M_AXI_ALU/dec_MIMD/Vivado/dec_MIMD.gen/sources_1/bd/design_1/ip/design_1_auto_us_7/design_1_auto_us_7_clocks.xdc:24]
WARNING: [Vivado_Tcl 4-921] Waiver ID 'CDC-1' -to list should not be empty. [c:/Users/lotto/Desktop/Alveare/M_AXI_ALU/M_AXI_ALU/dec_MIMD/Vivado/dec_MIMD.gen/sources_1/bd/design_1/ip/design_1_auto_us_7/design_1_auto_us_7_clocks.xdc:27]
WARNING: [Vivado_Tcl 4-921] Waiver ID 'CDC-1' -to list should not be empty. [c:/Users/lotto/Desktop/Alveare/M_AXI_ALU/M_AXI_ALU/dec_MIMD/Vivado/dec_MIMD.gen/sources_1/bd/design_1/ip/design_1_auto_us_7/design_1_auto_us_7_clocks.xdc:33]
WARNING: [Vivado_Tcl 4-921] Waiver ID 'CDC-1' -to list should not be empty. [c:/Users/lotto/Desktop/Alveare/M_AXI_ALU/M_AXI_ALU/dec_MIMD/Vivado/dec_MIMD.gen/sources_1/bd/design_1/ip/design_1_auto_us_7/design_1_auto_us_7_clocks.xdc:36]
WARNING: [Vivado_Tcl 4-921] Waiver ID 'CDC-10' -to list should not be empty. [c:/Users/lotto/Desktop/Alveare/M_AXI_ALU/M_AXI_ALU/dec_MIMD/Vivado/dec_MIMD.gen/sources_1/bd/design_1/ip/design_1_auto_us_7/design_1_auto_us_7_clocks.xdc:39]
WARNING: [Vivado_Tcl 4-921] Waiver ID 'CDC-10' -to list should not be empty. [c:/Users/lotto/Desktop/Alveare/M_AXI_ALU/M_AXI_ALU/dec_MIMD/Vivado/dec_MIMD.gen/sources_1/bd/design_1/ip/design_1_auto_us_7/design_1_auto_us_7_clocks.xdc:42]
WARNING: [Vivado_Tcl 4-921] Waiver ID 'CDC-10' -to list should not be empty. [c:/Users/lotto/Desktop/Alveare/M_AXI_ALU/M_AXI_ALU/dec_MIMD/Vivado/dec_MIMD.gen/sources_1/bd/design_1/ip/design_1_auto_us_7/design_1_auto_us_7_clocks.xdc:45]
WARNING: [Vivado_Tcl 4-921] Waiver ID 'CDC-2' -to list should not be empty. [c:/Users/lotto/Desktop/Alveare/M_AXI_ALU/M_AXI_ALU/dec_MIMD/Vivado/dec_MIMD.gen/sources_1/bd/design_1/ip/design_1_auto_us_7/design_1_auto_us_7_clocks.xdc:48]
WARNING: [Vivado_Tcl 4-921] Waiver ID 'CDC-11' -to list should not be empty. [c:/Users/lotto/Desktop/Alveare/M_AXI_ALU/M_AXI_ALU/dec_MIMD/Vivado/dec_MIMD.gen/sources_1/bd/design_1/ip/design_1_auto_us_7/design_1_auto_us_7_clocks.xdc:51]
WARNING: [Vivado_Tcl 4-921] Waiver ID 'CDC-11' -to list should not be empty. [c:/Users/lotto/Desktop/Alveare/M_AXI_ALU/M_AXI_ALU/dec_MIMD/Vivado/dec_MIMD.gen/sources_1/bd/design_1/ip/design_1_auto_us_7/design_1_auto_us_7_clocks.xdc:54]
Finished Parsing XDC File [c:/Users/lotto/Desktop/Alveare/M_AXI_ALU/M_AXI_ALU/dec_MIMD/Vivado/dec_MIMD.gen/sources_1/bd/design_1/ip/design_1_auto_us_7/design_1_auto_us_7_clocks.xdc] for cell 'design_1_i/axi_mem_intercon_3/s00_couplers/auto_us/inst'
INFO: [Project 1-1714] 5 XPM XDC files have been applied to the design.
INFO: [Opt 31-138] Pushed 0 inverter(s) to 0 load pin(s).
INFO: [Project 1-1687] 60 scoped IP constraints or related sub-commands were skipped due to synthesis logic optimizations usually triggered by constant connectivity or unconnected output pins. To review the skipped constraints and messages, run the command 'set_param netlist.IPMsgFiltering false' before opening the design.
Netlist sorting complete. Time (s): cpu = 00:00:00 ; elapsed = 00:00:00.004 . Memory (MB): peak = 1161.797 ; gain = 0.000
INFO: [Project 1-111] Unisim Transformation Summary:
  A total of 5 instances were transformed.
  RAM32M => RAM32M (RAMD32(x6), RAMS32(x2)): 2 instances
  RAM32X1D => RAM32X1D (RAMD32(x2)): 3 instances

Impossibile trovare il percorso specificato.
24 Infos, 61 Warnings, 0 Critical Warnings and 0 Errors encountered.
link_design completed successfully
link_design: Time (s): cpu = 00:00:04 ; elapsed = 00:00:11 . Memory (MB): peak = 1161.797 ; gain = 649.395
Command: opt_design
Attempting to get a license for feature 'Implementation' and/or device 'xc7z020'
INFO: [Common 17-349] Got license for feature 'Implementation' and/or device 'xc7z020'
Running DRC as a precondition to command opt_design

Starting DRC Task
INFO: [DRC 23-27] Running DRC with 2 threads
INFO: [Project 1-461] DRC finished with 0 Errors
INFO: [Project 1-462] Please refer to the DRC report (report_drc) for more information.

Time (s): cpu = 00:00:01 ; elapsed = 00:00:00.865 . Memory (MB): peak = 1192.953 ; gain = 31.156

Starting Cache Timing Information Task
INFO: [Timing 38-35] Done setting XDC timing constraints.
Ending Cache Timing Information Task | Checksum: 120e218b0

Time (s): cpu = 00:00:01 ; elapsed = 00:00:05 . Memory (MB): peak = 1709.566 ; gain = 516.613

Starting Logic Optimization Task

Phase 1 Initialization

Phase 1.1 Core Generation And Design Setup
Phase 1.1 Core Generation And Design Setup | Checksum: 120e218b0

Time (s): cpu = 00:00:00 ; elapsed = 00:00:00.004 . Memory (MB): peak = 2091.492 ; gain = 0.000

Phase 1.2 Setup Constraints And Sort Netlist
Phase 1.2 Setup Constraints And Sort Netlist | Checksum: 120e218b0

Time (s): cpu = 00:00:00 ; elapsed = 00:00:00.012 . Memory (MB): peak = 2091.492 ; gain = 0.000
Phase 1 Initialization | Checksum: 120e218b0

Time (s): cpu = 00:00:00 ; elapsed = 00:00:00.014 . Memory (MB): peak = 2091.492 ; gain = 0.000

Phase 2 Timer Update And Timing Data Collection

Phase 2.1 Timer Update
Phase 2.1 Timer Update | Checksum: 120e218b0

Time (s): cpu = 00:00:00 ; elapsed = 00:00:00.248 . Memory (MB): peak = 2091.492 ; gain = 0.000

Phase 2.2 Timing Data Collection
Phase 2.2 Timing Data Collection | Checksum: 120e218b0

Time (s): cpu = 00:00:00 ; elapsed = 00:00:00.278 . Memory (MB): peak = 2091.492 ; gain = 0.000
Phase 2 Timer Update And Timing Data Collection | Checksum: 120e218b0

Time (s): cpu = 00:00:00 ; elapsed = 00:00:00.281 . Memory (MB): peak = 2091.492 ; gain = 0.000

Phase 3 Retarget
INFO: [Opt 31-1566] Pulled 10 inverters resulting in an inversion of 55 pins
INFO: [Opt 31-138] Pushed 1 inverter(s) to 5 load pin(s).
INFO: [Opt 31-49] Retargeted 0 cell(s).
Phase 3 Retarget | Checksum: ceefaadd

Time (s): cpu = 00:00:01 ; elapsed = 00:00:00.578 . Memory (MB): peak = 2091.492 ; gain = 0.000
Retarget | Checksum: ceefaadd
INFO: [Opt 31-389] Phase Retarget created 288 cells and removed 363 cells
INFO: [Opt 31-1021] In phase Retarget, 45 netlist objects are constrained preventing optimization. Please run opt_design with -debug_log to get more detail. 

Phase 4 Constant propagation
INFO: [Opt 31-138] Pushed 11 inverter(s) to 21 load pin(s).
Phase 4 Constant propagation | Checksum: 61960411

Time (s): cpu = 00:00:01 ; elapsed = 00:00:00.848 . Memory (MB): peak = 2091.492 ; gain = 0.000
Constant propagation | Checksum: 61960411
INFO: [Opt 31-389] Phase Constant propagation created 386 cells and removed 1709 cells
INFO: [Opt 31-1021] In phase Constant propagation, 45 netlist objects are constrained preventing optimization. Please run opt_design with -debug_log to get more detail. 

Phase 5 Sweep
Phase 5 Sweep | Checksum: b17585c0

Time (s): cpu = 00:00:01 ; elapsed = 00:00:01 . Memory (MB): peak = 2091.492 ; gain = 0.000
Sweep | Checksum: b17585c0
INFO: [Opt 31-389] Phase Sweep created 0 cells and removed 3141 cells
INFO: [Opt 31-1021] In phase Sweep, 160 netlist objects are constrained preventing optimization. Please run opt_design with -debug_log to get more detail. 

Phase 6 BUFG optimization
Phase 6 BUFG optimization | Checksum: b17585c0

Time (s): cpu = 00:00:01 ; elapsed = 00:00:01 . Memory (MB): peak = 2091.492 ; gain = 0.000
BUFG optimization | Checksum: b17585c0
INFO: [Opt 31-662] Phase BUFG optimization created 0 cells of which 0 are BUFGs and removed 0 cells.

Phase 7 Shift Register Optimization
WARNING: [Opt 31-1131] Can not pull register out from design_1_i/dec_MIMD_0/U0/fifo_burst/fifo_srl_gen.U_ffo_srl/fifo_depth_gt1_gen.mem_reg[14][0]_srl15 due to none static srl address bits
WARNING: [Opt 31-1131] Can not pull register out from design_1_i/dec_MIMD_0/U0/fifo_burst/fifo_srl_gen.U_ffo_srl/fifo_depth_gt1_gen.mem_reg[14][0]_srl15__0 due to none static srl address bits
WARNING: [Opt 31-1131] Can not pull register out from design_1_i/dec_MIMD_0/U0/fifo_burst/fifo_srl_gen.U_ffo_srl/fifo_depth_gt1_gen.mem_reg[14][0]_srl15__1 due to none static srl address bits
WARNING: [Opt 31-1131] Can not pull register out from design_1_i/dec_MIMD_0/U0/gmem0_m_axi_U/load_unit/fifo_rreq/fifo_srl_gen.U_ffo_srl/fifo_depth_gt1_gen.mem_reg[5][9]_srl6 due to none static srl address bits
WARNING: [Opt 31-1131] Can not pull register out from design_1_i/dec_MIMD_0/U0/gmem0_m_axi_U/load_unit/fifo_rreq/fifo_srl_gen.U_ffo_srl/fifo_depth_gt1_gen.mem_reg[5][8]_srl6 due to none static srl address bits
WARNING: [Opt 31-1131] Can not pull register out from design_1_i/dec_MIMD_0/U0/gmem0_m_axi_U/load_unit/fifo_rreq/fifo_srl_gen.U_ffo_srl/fifo_depth_gt1_gen.mem_reg[5][7]_srl6 due to none static srl address bits
WARNING: [Opt 31-1131] Can not pull register out from design_1_i/dec_MIMD_0/U0/gmem0_m_axi_U/load_unit/fifo_rreq/fifo_srl_gen.U_ffo_srl/fifo_depth_gt1_gen.mem_reg[5][6]_srl6 due to none static srl address bits
WARNING: [Opt 31-1131] Can not pull register out from design_1_i/dec_MIMD_0/U0/gmem0_m_axi_U/load_unit/fifo_rreq/fifo_srl_gen.U_ffo_srl/fifo_depth_gt1_gen.mem_reg[5][64]_srl6 due to none static srl address bits
WARNING: [Opt 31-1131] Can not pull register out from design_1_i/dec_MIMD_0/U0/gmem0_m_axi_U/load_unit/fifo_rreq/fifo_srl_gen.U_ffo_srl/fifo_depth_gt1_gen.mem_reg[5][1]_srl6 due to none static srl address bits
WARNING: [Opt 31-1131] Can not pull register out from design_1_i/dec_MIMD_0/U0/gmem0_m_axi_U/load_unit/fifo_rreq/fifo_srl_gen.U_ffo_srl/fifo_depth_gt1_gen.mem_reg[5][20]_srl6 due to none static srl address bits
WARNING: [Opt 31-1131] Can not pull register out from design_1_i/dec_MIMD_0/U0/gmem0_m_axi_U/load_unit/fifo_rreq/fifo_srl_gen.U_ffo_srl/fifo_depth_gt1_gen.mem_reg[5][5]_srl6 due to none static srl address bits
WARNING: [Opt 31-1131] Can not pull register out from design_1_i/dec_MIMD_0/U0/gmem0_m_axi_U/load_unit/fifo_rreq/fifo_srl_gen.U_ffo_srl/fifo_depth_gt1_gen.mem_reg[5][21]_srl6 due to none static srl address bits
WARNING: [Opt 31-1131] Can not pull register out from design_1_i/dec_MIMD_0/U0/gmem0_m_axi_U/load_unit/fifo_rreq/fifo_srl_gen.U_ffo_srl/fifo_depth_gt1_gen.mem_reg[5][22]_srl6 due to none static srl address bits
WARNING: [Opt 31-1131] Can not pull register out from design_1_i/dec_MIMD_0/U0/gmem0_m_axi_U/load_unit/fifo_rreq/fifo_srl_gen.U_ffo_srl/fifo_depth_gt1_gen.mem_reg[5][23]_srl6 due to none static srl address bits
WARNING: [Opt 31-1131] Can not pull register out from design_1_i/dec_MIMD_0/U0/gmem0_m_axi_U/load_unit/fifo_rreq/fifo_srl_gen.U_ffo_srl/fifo_depth_gt1_gen.mem_reg[5][24]_srl6 due to none static srl address bits
WARNING: [Opt 31-1131] Can not pull register out from design_1_i/dec_MIMD_0/U0/gmem0_m_axi_U/load_unit/fifo_rreq/fifo_srl_gen.U_ffo_srl/fifo_depth_gt1_gen.mem_reg[5][25]_srl6 due to none static srl address bits
WARNING: [Opt 31-1131] Can not pull register out from design_1_i/dec_MIMD_0/U0/gmem0_m_axi_U/load_unit/fifo_rreq/fifo_srl_gen.U_ffo_srl/fifo_depth_gt1_gen.mem_reg[5][26]_srl6 due to none static srl address bits
WARNING: [Opt 31-1131] Can not pull register out from design_1_i/dec_MIMD_0/U0/gmem0_m_axi_U/load_unit/fifo_rreq/fifo_srl_gen.U_ffo_srl/fifo_depth_gt1_gen.mem_reg[5][27]_srl6 due to none static srl address bits
WARNING: [Opt 31-1131] Can not pull register out from design_1_i/dec_MIMD_0/U0/gmem0_m_axi_U/load_unit/fifo_rreq/fifo_srl_gen.U_ffo_srl/fifo_depth_gt1_gen.mem_reg[5][28]_srl6 due to none static srl address bits
WARNING: [Opt 31-1131] Can not pull register out from design_1_i/dec_MIMD_0/U0/gmem0_m_axi_U/load_unit/fifo_rreq/fifo_srl_gen.U_ffo_srl/fifo_depth_gt1_gen.mem_reg[5][29]_srl6 due to none static srl address bits
WARNING: [Opt 31-1131] Can not pull register out from design_1_i/dec_MIMD_0/U0/gmem0_m_axi_U/load_unit/fifo_rreq/fifo_srl_gen.U_ffo_srl/fifo_depth_gt1_gen.mem_reg[5][2]_srl6 due to none static srl address bits
WARNING: [Opt 31-1131] Can not pull register out from design_1_i/dec_MIMD_0/U0/gmem0_m_axi_U/load_unit/fifo_rreq/fifo_srl_gen.U_ffo_srl/fifo_depth_gt1_gen.mem_reg[5][4]_srl6 due to none static srl address bits
WARNING: [Opt 31-1131] Can not pull register out from design_1_i/dec_MIMD_0/U0/gmem0_m_axi_U/load_unit/fifo_rreq/fifo_srl_gen.U_ffo_srl/fifo_depth_gt1_gen.mem_reg[5][30]_srl6 due to none static srl address bits
WARNING: [Opt 31-1131] Can not pull register out from design_1_i/dec_MIMD_0/U0/gmem0_m_axi_U/load_unit/fifo_rreq/fifo_srl_gen.U_ffo_srl/fifo_depth_gt1_gen.mem_reg[5][31]_srl6 due to none static srl address bits
WARNING: [Opt 31-1131] Can not pull register out from design_1_i/dec_MIMD_0/U0/gmem0_m_axi_U/load_unit/fifo_rreq/fifo_srl_gen.U_ffo_srl/fifo_depth_gt1_gen.mem_reg[5][32]_srl6 due to none static srl address bits
WARNING: [Opt 31-1131] Can not pull register out from design_1_i/dec_MIMD_0/U0/gmem0_m_axi_U/load_unit/fifo_rreq/fifo_srl_gen.U_ffo_srl/fifo_depth_gt1_gen.mem_reg[5][33]_srl6 due to none static srl address bits
WARNING: [Opt 31-1131] Can not pull register out from design_1_i/dec_MIMD_0/U0/gmem0_m_axi_U/load_unit/fifo_rreq/fifo_srl_gen.U_ffo_srl/fifo_depth_gt1_gen.mem_reg[5][34]_srl6 due to none static srl address bits
WARNING: [Opt 31-1131] Can not pull register out from design_1_i/dec_MIMD_0/U0/gmem0_m_axi_U/load_unit/fifo_rreq/fifo_srl_gen.U_ffo_srl/fifo_depth_gt1_gen.mem_reg[5][3]_srl6 due to none static srl address bits
WARNING: [Opt 31-1131] Can not pull register out from design_1_i/dec_MIMD_0/U0/gmem0_m_axi_U/load_unit/fifo_rreq/fifo_srl_gen.U_ffo_srl/fifo_depth_gt1_gen.mem_reg[5][0]_srl6 due to none static srl address bits
WARNING: [Opt 31-1131] Can not pull register out from design_1_i/dec_MIMD_0/U0/gmem0_m_axi_U/load_unit/fifo_rreq/fifo_srl_gen.U_ffo_srl/fifo_depth_gt1_gen.mem_reg[5][10]_srl6 due to none static srl address bits
WARNING: [Opt 31-1131] Can not pull register out from design_1_i/dec_MIMD_0/U0/gmem0_m_axi_U/load_unit/fifo_rreq/fifo_srl_gen.U_ffo_srl/fifo_depth_gt1_gen.mem_reg[5][11]_srl6 due to none static srl address bits
WARNING: [Opt 31-1131] Can not pull register out from design_1_i/dec_MIMD_0/U0/gmem0_m_axi_U/load_unit/fifo_rreq/fifo_srl_gen.U_ffo_srl/fifo_depth_gt1_gen.mem_reg[5][12]_srl6 due to none static srl address bits
WARNING: [Opt 31-1131] Can not pull register out from design_1_i/dec_MIMD_0/U0/gmem0_m_axi_U/load_unit/fifo_rreq/fifo_srl_gen.U_ffo_srl/fifo_depth_gt1_gen.mem_reg[5][13]_srl6 due to none static srl address bits
WARNING: [Opt 31-1131] Can not pull register out from design_1_i/dec_MIMD_0/U0/gmem0_m_axi_U/load_unit/fifo_rreq/fifo_srl_gen.U_ffo_srl/fifo_depth_gt1_gen.mem_reg[5][14]_srl6 due to none static srl address bits
WARNING: [Opt 31-1131] Can not pull register out from design_1_i/dec_MIMD_0/U0/gmem0_m_axi_U/load_unit/fifo_rreq/fifo_srl_gen.U_ffo_srl/fifo_depth_gt1_gen.mem_reg[5][15]_srl6 due to none static srl address bits
WARNING: [Opt 31-1131] Can not pull register out from design_1_i/dec_MIMD_0/U0/gmem0_m_axi_U/load_unit/fifo_rreq/fifo_srl_gen.U_ffo_srl/fifo_depth_gt1_gen.mem_reg[5][16]_srl6 due to none static srl address bits
WARNING: [Opt 31-1131] Can not pull register out from design_1_i/dec_MIMD_0/U0/gmem0_m_axi_U/load_unit/fifo_rreq/fifo_srl_gen.U_ffo_srl/fifo_depth_gt1_gen.mem_reg[5][17]_srl6 due to none static srl address bits
WARNING: [Opt 31-1131] Can not pull register out from design_1_i/dec_MIMD_0/U0/gmem0_m_axi_U/load_unit/fifo_rreq/fifo_srl_gen.U_ffo_srl/fifo_depth_gt1_gen.mem_reg[5][18]_srl6 due to none static srl address bits
WARNING: [Opt 31-1131] Can not pull register out from design_1_i/dec_MIMD_0/U0/gmem0_m_axi_U/load_unit/fifo_rreq/fifo_srl_gen.U_ffo_srl/fifo_depth_gt1_gen.mem_reg[5][19]_srl6 due to none static srl address bits
WARNING: [Opt 31-1131] Can not pull register out from design_1_i/dec_MIMD_0/U0/gmem1_m_axi_U/load_unit/fifo_rreq/fifo_srl_gen.U_ffo_srl/fifo_depth_gt1_gen.mem_reg[5][9]_srl6 due to none static srl address bits
WARNING: [Opt 31-1131] Can not pull register out from design_1_i/dec_MIMD_0/U0/gmem1_m_axi_U/load_unit/fifo_rreq/fifo_srl_gen.U_ffo_srl/fifo_depth_gt1_gen.mem_reg[5][8]_srl6 due to none static srl address bits
WARNING: [Opt 31-1131] Can not pull register out from design_1_i/dec_MIMD_0/U0/gmem1_m_axi_U/load_unit/fifo_rreq/fifo_srl_gen.U_ffo_srl/fifo_depth_gt1_gen.mem_reg[5][7]_srl6 due to none static srl address bits
WARNING: [Opt 31-1131] Can not pull register out from design_1_i/dec_MIMD_0/U0/gmem1_m_axi_U/load_unit/fifo_rreq/fifo_srl_gen.U_ffo_srl/fifo_depth_gt1_gen.mem_reg[5][6]_srl6 due to none static srl address bits
WARNING: [Opt 31-1131] Can not pull register out from design_1_i/dec_MIMD_0/U0/gmem1_m_axi_U/load_unit/fifo_rreq/fifo_srl_gen.U_ffo_srl/fifo_depth_gt1_gen.mem_reg[5][64]_srl6 due to none static srl address bits
WARNING: [Opt 31-1131] Can not pull register out from design_1_i/dec_MIMD_0/U0/gmem1_m_axi_U/load_unit/fifo_rreq/fifo_srl_gen.U_ffo_srl/fifo_depth_gt1_gen.mem_reg[5][1]_srl6 due to none static srl address bits
WARNING: [Opt 31-1131] Can not pull register out from design_1_i/dec_MIMD_0/U0/gmem1_m_axi_U/load_unit/fifo_rreq/fifo_srl_gen.U_ffo_srl/fifo_depth_gt1_gen.mem_reg[5][20]_srl6 due to none static srl address bits
WARNING: [Opt 31-1131] Can not pull register out from design_1_i/dec_MIMD_0/U0/gmem1_m_axi_U/load_unit/fifo_rreq/fifo_srl_gen.U_ffo_srl/fifo_depth_gt1_gen.mem_reg[5][5]_srl6 due to none static srl address bits
WARNING: [Opt 31-1131] Can not pull register out from design_1_i/dec_MIMD_0/U0/gmem1_m_axi_U/load_unit/fifo_rreq/fifo_srl_gen.U_ffo_srl/fifo_depth_gt1_gen.mem_reg[5][21]_srl6 due to none static srl address bits
WARNING: [Opt 31-1131] Can not pull register out from design_1_i/dec_MIMD_0/U0/gmem1_m_axi_U/load_unit/fifo_rreq/fifo_srl_gen.U_ffo_srl/fifo_depth_gt1_gen.mem_reg[5][22]_srl6 due to none static srl address bits
WARNING: [Opt 31-1131] Can not pull register out from design_1_i/dec_MIMD_0/U0/gmem1_m_axi_U/load_unit/fifo_rreq/fifo_srl_gen.U_ffo_srl/fifo_depth_gt1_gen.mem_reg[5][23]_srl6 due to none static srl address bits
WARNING: [Opt 31-1131] Can not pull register out from design_1_i/dec_MIMD_0/U0/gmem1_m_axi_U/load_unit/fifo_rreq/fifo_srl_gen.U_ffo_srl/fifo_depth_gt1_gen.mem_reg[5][24]_srl6 due to none static srl address bits
WARNING: [Opt 31-1131] Can not pull register out from design_1_i/dec_MIMD_0/U0/gmem1_m_axi_U/load_unit/fifo_rreq/fifo_srl_gen.U_ffo_srl/fifo_depth_gt1_gen.mem_reg[5][25]_srl6 due to none static srl address bits
WARNING: [Opt 31-1131] Can not pull register out from design_1_i/dec_MIMD_0/U0/gmem1_m_axi_U/load_unit/fifo_rreq/fifo_srl_gen.U_ffo_srl/fifo_depth_gt1_gen.mem_reg[5][26]_srl6 due to none static srl address bits
WARNING: [Opt 31-1131] Can not pull register out from design_1_i/dec_MIMD_0/U0/gmem1_m_axi_U/load_unit/fifo_rreq/fifo_srl_gen.U_ffo_srl/fifo_depth_gt1_gen.mem_reg[5][27]_srl6 due to none static srl address bits
WARNING: [Opt 31-1131] Can not pull register out from design_1_i/dec_MIMD_0/U0/gmem1_m_axi_U/load_unit/fifo_rreq/fifo_srl_gen.U_ffo_srl/fifo_depth_gt1_gen.mem_reg[5][28]_srl6 due to none static srl address bits
WARNING: [Opt 31-1131] Can not pull register out from design_1_i/dec_MIMD_0/U0/gmem1_m_axi_U/load_unit/fifo_rreq/fifo_srl_gen.U_ffo_srl/fifo_depth_gt1_gen.mem_reg[5][29]_srl6 due to none static srl address bits
WARNING: [Opt 31-1131] Can not pull register out from design_1_i/dec_MIMD_0/U0/gmem1_m_axi_U/load_unit/fifo_rreq/fifo_srl_gen.U_ffo_srl/fifo_depth_gt1_gen.mem_reg[5][2]_srl6 due to none static srl address bits
WARNING: [Opt 31-1131] Can not pull register out from design_1_i/dec_MIMD_0/U0/gmem1_m_axi_U/load_unit/fifo_rreq/fifo_srl_gen.U_ffo_srl/fifo_depth_gt1_gen.mem_reg[5][4]_srl6 due to none static srl address bits
WARNING: [Opt 31-1131] Can not pull register out from design_1_i/dec_MIMD_0/U0/gmem1_m_axi_U/load_unit/fifo_rreq/fifo_srl_gen.U_ffo_srl/fifo_depth_gt1_gen.mem_reg[5][30]_srl6 due to none static srl address bits
WARNING: [Opt 31-1131] Can not pull register out from design_1_i/dec_MIMD_0/U0/gmem1_m_axi_U/load_unit/fifo_rreq/fifo_srl_gen.U_ffo_srl/fifo_depth_gt1_gen.mem_reg[5][31]_srl6 due to none static srl address bits
WARNING: [Opt 31-1131] Can not pull register out from design_1_i/dec_MIMD_0/U0/gmem1_m_axi_U/load_unit/fifo_rreq/fifo_srl_gen.U_ffo_srl/fifo_depth_gt1_gen.mem_reg[5][32]_srl6 due to none static srl address bits
WARNING: [Opt 31-1131] Can not pull register out from design_1_i/dec_MIMD_0/U0/gmem1_m_axi_U/load_unit/fifo_rreq/fifo_srl_gen.U_ffo_srl/fifo_depth_gt1_gen.mem_reg[5][33]_srl6 due to none static srl address bits
WARNING: [Opt 31-1131] Can not pull register out from design_1_i/dec_MIMD_0/U0/gmem1_m_axi_U/load_unit/fifo_rreq/fifo_srl_gen.U_ffo_srl/fifo_depth_gt1_gen.mem_reg[5][34]_srl6 due to none static srl address bits
WARNING: [Opt 31-1131] Can not pull register out from design_1_i/dec_MIMD_0/U0/gmem1_m_axi_U/load_unit/fifo_rreq/fifo_srl_gen.U_ffo_srl/fifo_depth_gt1_gen.mem_reg[5][3]_srl6 due to none static srl address bits
WARNING: [Opt 31-1131] Can not pull register out from design_1_i/dec_MIMD_0/U0/gmem1_m_axi_U/load_unit/fifo_rreq/fifo_srl_gen.U_ffo_srl/fifo_depth_gt1_gen.mem_reg[5][0]_srl6 due to none static srl address bits
WARNING: [Opt 31-1131] Can not pull register out from design_1_i/dec_MIMD_0/U0/gmem1_m_axi_U/load_unit/fifo_rreq/fifo_srl_gen.U_ffo_srl/fifo_depth_gt1_gen.mem_reg[5][10]_srl6 due to none static srl address bits
WARNING: [Opt 31-1131] Can not pull register out from design_1_i/dec_MIMD_0/U0/gmem1_m_axi_U/load_unit/fifo_rreq/fifo_srl_gen.U_ffo_srl/fifo_depth_gt1_gen.mem_reg[5][11]_srl6 due to none static srl address bits
WARNING: [Opt 31-1131] Can not pull register out from design_1_i/dec_MIMD_0/U0/gmem1_m_axi_U/load_unit/fifo_rreq/fifo_srl_gen.U_ffo_srl/fifo_depth_gt1_gen.mem_reg[5][12]_srl6 due to none static srl address bits
WARNING: [Opt 31-1131] Can not pull register out from design_1_i/dec_MIMD_0/U0/gmem1_m_axi_U/load_unit/fifo_rreq/fifo_srl_gen.U_ffo_srl/fifo_depth_gt1_gen.mem_reg[5][13]_srl6 due to none static srl address bits
WARNING: [Opt 31-1131] Can not pull register out from design_1_i/dec_MIMD_0/U0/gmem1_m_axi_U/load_unit/fifo_rreq/fifo_srl_gen.U_ffo_srl/fifo_depth_gt1_gen.mem_reg[5][14]_srl6 due to none static srl address bits
WARNING: [Opt 31-1131] Can not pull register out from design_1_i/dec_MIMD_0/U0/gmem1_m_axi_U/load_unit/fifo_rreq/fifo_srl_gen.U_ffo_srl/fifo_depth_gt1_gen.mem_reg[5][15]_srl6 due to none static srl address bits
WARNING: [Opt 31-1131] Can not pull register out from design_1_i/dec_MIMD_0/U0/gmem1_m_axi_U/load_unit/fifo_rreq/fifo_srl_gen.U_ffo_srl/fifo_depth_gt1_gen.mem_reg[5][16]_srl6 due to none static srl address bits
WARNING: [Opt 31-1131] Can not pull register out from design_1_i/dec_MIMD_0/U0/gmem1_m_axi_U/load_unit/fifo_rreq/fifo_srl_gen.U_ffo_srl/fifo_depth_gt1_gen.mem_reg[5][17]_srl6 due to none static srl address bits
WARNING: [Opt 31-1131] Can not pull register out from design_1_i/dec_MIMD_0/U0/gmem1_m_axi_U/load_unit/fifo_rreq/fifo_srl_gen.U_ffo_srl/fifo_depth_gt1_gen.mem_reg[5][18]_srl6 due to none static srl address bits
WARNING: [Opt 31-1131] Can not pull register out from design_1_i/dec_MIMD_0/U0/gmem1_m_axi_U/load_unit/fifo_rreq/fifo_srl_gen.U_ffo_srl/fifo_depth_gt1_gen.mem_reg[5][19]_srl6 due to none static srl address bits
WARNING: [Opt 31-1131] Can not pull register out from design_1_i/dec_MIMD_0/U0/gmem2_m_axi_U/store_unit/fifo_wreq/fifo_srl_gen.U_ffo_srl/fifo_depth_gt1_gen.mem_reg[2][9]_srl3 due to none static srl address bits
WARNING: [Opt 31-1131] Can not pull register out from design_1_i/dec_MIMD_0/U0/gmem2_m_axi_U/store_unit/fifo_wreq/fifo_srl_gen.U_ffo_srl/fifo_depth_gt1_gen.mem_reg[2][8]_srl3 due to none static srl address bits
WARNING: [Opt 31-1131] Can not pull register out from design_1_i/dec_MIMD_0/U0/gmem2_m_axi_U/store_unit/fifo_wreq/fifo_srl_gen.U_ffo_srl/fifo_depth_gt1_gen.mem_reg[2][7]_srl3 due to none static srl address bits
WARNING: [Opt 31-1131] Can not pull register out from design_1_i/dec_MIMD_0/U0/gmem2_m_axi_U/store_unit/fifo_wreq/fifo_srl_gen.U_ffo_srl/fifo_depth_gt1_gen.mem_reg[2][6]_srl3 due to none static srl address bits
WARNING: [Opt 31-1131] Can not pull register out from design_1_i/dec_MIMD_0/U0/gmem2_m_axi_U/store_unit/fifo_wreq/fifo_srl_gen.U_ffo_srl/fifo_depth_gt1_gen.mem_reg[2][64]_srl3 due to none static srl address bits
WARNING: [Opt 31-1131] Can not pull register out from design_1_i/dec_MIMD_0/U0/gmem2_m_axi_U/store_unit/fifo_wreq/fifo_srl_gen.U_ffo_srl/fifo_depth_gt1_gen.mem_reg[2][1]_srl3 due to none static srl address bits
WARNING: [Opt 31-1131] Can not pull register out from design_1_i/dec_MIMD_0/U0/gmem2_m_axi_U/store_unit/fifo_wreq/fifo_srl_gen.U_ffo_srl/fifo_depth_gt1_gen.mem_reg[2][20]_srl3 due to none static srl address bits
WARNING: [Opt 31-1131] Can not pull register out from design_1_i/dec_MIMD_0/U0/gmem2_m_axi_U/store_unit/fifo_wreq/fifo_srl_gen.U_ffo_srl/fifo_depth_gt1_gen.mem_reg[2][5]_srl3 due to none static srl address bits
WARNING: [Opt 31-1131] Can not pull register out from design_1_i/dec_MIMD_0/U0/gmem2_m_axi_U/store_unit/fifo_wreq/fifo_srl_gen.U_ffo_srl/fifo_depth_gt1_gen.mem_reg[2][21]_srl3 due to none static srl address bits
WARNING: [Opt 31-1131] Can not pull register out from design_1_i/dec_MIMD_0/U0/gmem2_m_axi_U/store_unit/fifo_wreq/fifo_srl_gen.U_ffo_srl/fifo_depth_gt1_gen.mem_reg[2][22]_srl3 due to none static srl address bits
WARNING: [Opt 31-1131] Can not pull register out from design_1_i/dec_MIMD_0/U0/gmem2_m_axi_U/store_unit/fifo_wreq/fifo_srl_gen.U_ffo_srl/fifo_depth_gt1_gen.mem_reg[2][23]_srl3 due to none static srl address bits
WARNING: [Opt 31-1131] Can not pull register out from design_1_i/dec_MIMD_0/U0/gmem2_m_axi_U/store_unit/fifo_wreq/fifo_srl_gen.U_ffo_srl/fifo_depth_gt1_gen.mem_reg[2][24]_srl3 due to none static srl address bits
WARNING: [Opt 31-1131] Can not pull register out from design_1_i/dec_MIMD_0/U0/gmem2_m_axi_U/store_unit/fifo_wreq/fifo_srl_gen.U_ffo_srl/fifo_depth_gt1_gen.mem_reg[2][25]_srl3 due to none static srl address bits
WARNING: [Opt 31-1131] Can not pull register out from design_1_i/dec_MIMD_0/U0/gmem2_m_axi_U/store_unit/fifo_wreq/fifo_srl_gen.U_ffo_srl/fifo_depth_gt1_gen.mem_reg[2][26]_srl3 due to none static srl address bits
WARNING: [Opt 31-1131] Can not pull register out from design_1_i/dec_MIMD_0/U0/gmem2_m_axi_U/store_unit/fifo_wreq/fifo_srl_gen.U_ffo_srl/fifo_depth_gt1_gen.mem_reg[2][27]_srl3 due to none static srl address bits
WARNING: [Opt 31-1131] Can not pull register out from design_1_i/dec_MIMD_0/U0/gmem2_m_axi_U/store_unit/fifo_wreq/fifo_srl_gen.U_ffo_srl/fifo_depth_gt1_gen.mem_reg[2][28]_srl3 due to none static srl address bits
WARNING: [Opt 31-1131] Can not pull register out from design_1_i/dec_MIMD_0/U0/gmem2_m_axi_U/store_unit/fifo_wreq/fifo_srl_gen.U_ffo_srl/fifo_depth_gt1_gen.mem_reg[2][29]_srl3 due to none static srl address bits
WARNING: [Opt 31-1131] Can not pull register out from design_1_i/dec_MIMD_0/U0/gmem2_m_axi_U/store_unit/fifo_wreq/fifo_srl_gen.U_ffo_srl/fifo_depth_gt1_gen.mem_reg[2][2]_srl3 due to none static srl address bits
WARNING: [Opt 31-1131] Can not pull register out from design_1_i/dec_MIMD_0/U0/gmem2_m_axi_U/store_unit/fifo_wreq/fifo_srl_gen.U_ffo_srl/fifo_depth_gt1_gen.mem_reg[2][4]_srl3 due to none static srl address bits
WARNING: [Opt 31-1131] Can not pull register out from design_1_i/dec_MIMD_0/U0/gmem2_m_axi_U/store_unit/fifo_wreq/fifo_srl_gen.U_ffo_srl/fifo_depth_gt1_gen.mem_reg[2][30]_srl3 due to none static srl address bits
WARNING: [Opt 31-1131] Can not pull register out from design_1_i/dec_MIMD_0/U0/gmem2_m_axi_U/store_unit/fifo_wreq/fifo_srl_gen.U_ffo_srl/fifo_depth_gt1_gen.mem_reg[2][31]_srl3 due to none static srl address bits
WARNING: [Opt 31-1131] Can not pull register out from design_1_i/dec_MIMD_0/U0/gmem2_m_axi_U/store_unit/fifo_wreq/fifo_srl_gen.U_ffo_srl/fifo_depth_gt1_gen.mem_reg[2][32]_srl3 due to none static srl address bits
WARNING: [Opt 31-1131] Can not pull register out from design_1_i/dec_MIMD_0/U0/gmem2_m_axi_U/store_unit/fifo_wreq/fifo_srl_gen.U_ffo_srl/fifo_depth_gt1_gen.mem_reg[2][33]_srl3 due to none static srl address bits
WARNING: [Opt 31-1131] Can not pull register out from design_1_i/dec_MIMD_0/U0/gmem2_m_axi_U/store_unit/fifo_wreq/fifo_srl_gen.U_ffo_srl/fifo_depth_gt1_gen.mem_reg[2][34]_srl3 due to none static srl address bits
WARNING: [Opt 31-1131] Can not pull register out from design_1_i/dec_MIMD_0/U0/gmem2_m_axi_U/store_unit/fifo_wreq/fifo_srl_gen.U_ffo_srl/fifo_depth_gt1_gen.mem_reg[2][3]_srl3 due to none static srl address bits
INFO: [Common 17-14] Message 'Opt 31-1131' appears 100 times and further instances of the messages will be disabled. Use the Tcl command set_msg_config to change the current settings.
INFO: [Opt 31-1064] SRL Remap converted 0 SRLs to 0 registers and converted 0 registers of register chains to 0 SRLs
Phase 7 Shift Register Optimization | Checksum: b17585c0

Time (s): cpu = 00:00:01 ; elapsed = 00:00:01 . Memory (MB): peak = 2091.492 ; gain = 0.000
Shift Register Optimization | Checksum: b17585c0
INFO: [Opt 31-389] Phase Shift Register Optimization created 0 cells and removed 0 cells

Phase 8 Post Processing Netlist
Phase 8 Post Processing Netlist | Checksum: 57861cb4

Time (s): cpu = 00:00:01 ; elapsed = 00:00:02 . Memory (MB): peak = 2091.492 ; gain = 0.000
Post Processing Netlist | Checksum: 57861cb4
INFO: [Opt 31-389] Phase Post Processing Netlist created 0 cells and removed 0 cells
INFO: [Opt 31-1021] In phase Post Processing Netlist, 55 netlist objects are constrained preventing optimization. Please run opt_design with -debug_log to get more detail. 

Phase 9 Finalization

Phase 9.1 Finalizing Design Cores and Updating Shapes
Phase 9.1 Finalizing Design Cores and Updating Shapes | Checksum: 1223e534e

Time (s): cpu = 00:00:01 ; elapsed = 00:00:02 . Memory (MB): peak = 2091.492 ; gain = 0.000

Phase 9.2 Verifying Netlist Connectivity

Starting Connectivity Check Task

Time (s): cpu = 00:00:00 ; elapsed = 00:00:00.013 . Memory (MB): peak = 2091.492 ; gain = 0.000
Phase 9.2 Verifying Netlist Connectivity | Checksum: 1223e534e

Time (s): cpu = 00:00:01 ; elapsed = 00:00:02 . Memory (MB): peak = 2091.492 ; gain = 0.000
Phase 9 Finalization | Checksum: 1223e534e

Time (s): cpu = 00:00:01 ; elapsed = 00:00:02 . Memory (MB): peak = 2091.492 ; gain = 0.000
Opt_design Change Summary
=========================


-------------------------------------------------------------------------------------------------------------------------
|  Phase                        |  #Cells created  |  #Cells Removed  |  #Constrained objects preventing optimizations  |
-------------------------------------------------------------------------------------------------------------------------
|  Retarget                     |             288  |             363  |                                             45  |
|  Constant propagation         |             386  |            1709  |                                             45  |
|  Sweep                        |               0  |            3141  |                                            160  |
|  BUFG optimization            |               0  |               0  |                                              0  |
|  Shift Register Optimization  |               0  |               0  |                                              0  |
|  Post Processing Netlist      |               0  |               0  |                                             55  |
-------------------------------------------------------------------------------------------------------------------------


Ending Logic Optimization Task | Checksum: 1223e534e

Time (s): cpu = 00:00:01 ; elapsed = 00:00:02 . Memory (MB): peak = 2091.492 ; gain = 0.000
INFO: [Constraints 18-11670] Building netlist checker database with flags, 0x8
Done building netlist checker database: Time (s): cpu = 00:00:00 ; elapsed = 00:00:00.004 . Memory (MB): peak = 2091.492 ; gain = 0.000

Starting Power Optimization Task
INFO: [Pwropt 34-132] Skipping clock gating for clocks with a period < 2.00 ns.
INFO: [Pwropt 34-9] Applying IDT optimizations ...
INFO: [Pwropt 34-10] Applying ODC optimizations ...
INFO: [Timing 38-35] Done setting XDC timing constraints.
Running Vector-less Activity Propagation...

Finished Running Vector-less Activity Propagation


Starting PowerOpt Patch Enables Task
INFO: [Pwropt 34-162] WRITE_MODE attribute of 0 BRAM(s) out of a total of 8 has been updated to save power. Run report_power_opt to get a complete listing of the BRAMs updated.
INFO: [Pwropt 34-201] Structural ODC has moved 0 WE to EN ports
Number of BRAM Ports augmented: 2 newly gated: 3 Total Ports: 16
Ending PowerOpt Patch Enables Task | Checksum: 1a92c07ac

Time (s): cpu = 00:00:00 ; elapsed = 00:00:00.035 . Memory (MB): peak = 2232.387 ; gain = 0.000
Ending Power Optimization Task | Checksum: 1a92c07ac

Time (s): cpu = 00:00:02 ; elapsed = 00:00:02 . Memory (MB): peak = 2232.387 ; gain = 140.895

Starting Final Cleanup Task
Ending Final Cleanup Task | Checksum: 1a92c07ac

Time (s): cpu = 00:00:00 ; elapsed = 00:00:00.003 . Memory (MB): peak = 2232.387 ; gain = 0.000

Starting Netlist Obfuscation Task
Netlist sorting complete. Time (s): cpu = 00:00:00 ; elapsed = 00:00:00.020 . Memory (MB): peak = 2232.387 ; gain = 0.000
Ending Netlist Obfuscation Task | Checksum: 11bbc053f

Time (s): cpu = 00:00:00 ; elapsed = 00:00:00.022 . Memory (MB): peak = 2232.387 ; gain = 0.000
INFO: [Common 17-83] Releasing license: Implementation
53 Infos, 161 Warnings, 0 Critical Warnings and 0 Errors encountered.
opt_design completed successfully
opt_design: Time (s): cpu = 00:00:06 ; elapsed = 00:00:12 . Memory (MB): peak = 2232.387 ; gain = 1070.590
INFO: [runtcl-4] Executing : report_drc -file design_1_wrapper_drc_opted.rpt -pb design_1_wrapper_drc_opted.pb -rpx design_1_wrapper_drc_opted.rpx
Command: report_drc -file design_1_wrapper_drc_opted.rpt -pb design_1_wrapper_drc_opted.pb -rpx design_1_wrapper_drc_opted.rpx
INFO: [IP_Flow 19-1839] IP Catalog is up to date.
INFO: [DRC 23-27] Running DRC with 2 threads
INFO: [Vivado_Tcl 2-168] The results of DRC are in file C:/Users/lotto/Desktop/Alveare/M_AXI_ALU/M_AXI_ALU/dec_MIMD/Vivado/dec_MIMD.runs/impl_1/design_1_wrapper_drc_opted.rpt.
report_drc completed successfully
INFO: [Timing 38-480] Writing timing data to binary archive.
Wrote PlaceDB: Time (s): cpu = 00:00:00 ; elapsed = 00:00:00.010 . Memory (MB): peak = 2232.387 ; gain = 0.000
Wrote PulsedLatchDB: Time (s): cpu = 00:00:00 ; elapsed = 00:00:00 . Memory (MB): peak = 2232.387 ; gain = 0.000
Writing XDEF routing.
Writing XDEF routing logical nets.
Write ShapeDB Complete: Time (s): cpu = 00:00:00 ; elapsed = 00:00:00.041 . Memory (MB): peak = 2232.387 ; gain = 0.000
Writing XDEF routing special nets.
Wrote RouteStorage: Time (s): cpu = 00:00:00 ; elapsed = 00:00:00.043 . Memory (MB): peak = 2232.387 ; gain = 0.000
Wrote Netlist Cache: Time (s): cpu = 00:00:00 ; elapsed = 00:00:00.001 . Memory (MB): peak = 2232.387 ; gain = 0.000
Wrote Device Cache: Time (s): cpu = 00:00:00 ; elapsed = 00:00:00.010 . Memory (MB): peak = 2232.387 ; gain = 0.000
Write Physdb Complete: Time (s): cpu = 00:00:00 ; elapsed = 00:00:00.073 . Memory (MB): peak = 2232.387 ; gain = 0.000
INFO: [Common 17-1381] The checkpoint 'C:/Users/lotto/Desktop/Alveare/M_AXI_ALU/M_AXI_ALU/dec_MIMD/Vivado/dec_MIMD.runs/impl_1/design_1_wrapper_opt.dcp' has been generated.
Command: place_design
Attempting to get a license for feature 'Implementation' and/or device 'xc7z020'
INFO: [Common 17-349] Got license for feature 'Implementation' and/or device 'xc7z020'
INFO: [Common 17-83] Releasing license: Implementation
INFO: [DRC 23-27] Running DRC with 2 threads
INFO: [Vivado_Tcl 4-198] DRC finished with 0 Errors
INFO: [Vivado_Tcl 4-199] Please refer to the DRC report (report_drc) for more information.
Running DRC as a precondition to command place_design
INFO: [DRC 23-27] Running DRC with 2 threads
INFO: [Vivado_Tcl 4-198] DRC finished with 0 Errors
INFO: [Vivado_Tcl 4-199] Please refer to the DRC report (report_drc) for more information.
INFO: [Place 30-611] Multithreading enabled for place_design using a maximum of 2 CPUs

Starting Placer Task

Phase 1 Placer Initialization

Phase 1.1 Placer Initialization Netlist Sorting
Netlist sorting complete. Time (s): cpu = 00:00:00 ; elapsed = 00:00:00.004 . Memory (MB): peak = 2232.387 ; gain = 0.000
Phase 1.1 Placer Initialization Netlist Sorting | Checksum: 11a867f86

Time (s): cpu = 00:00:00 ; elapsed = 00:00:00.010 . Memory (MB): peak = 2232.387 ; gain = 0.000
Netlist sorting complete. Time (s): cpu = 00:00:00 ; elapsed = 00:00:00.003 . Memory (MB): peak = 2232.387 ; gain = 0.000

Phase 1.2 IO Placement/ Clock Placement/ Build Placer Device
INFO: [Timing 38-35] Done setting XDC timing constraints.
Phase 1.2 IO Placement/ Clock Placement/ Build Placer Device | Checksum: 16fb26fc

Time (s): cpu = 00:00:01 ; elapsed = 00:00:01 . Memory (MB): peak = 2232.387 ; gain = 0.000

Phase 1.3 Build Placer Netlist Model
Phase 1.3 Build Placer Netlist Model | Checksum: 132a0c231

Time (s): cpu = 00:00:01 ; elapsed = 00:00:03 . Memory (MB): peak = 2232.387 ; gain = 0.000

Phase 1.4 Constrain Clocks/Macros
Phase 1.4 Constrain Clocks/Macros | Checksum: 132a0c231

Time (s): cpu = 00:00:01 ; elapsed = 00:00:03 . Memory (MB): peak = 2232.387 ; gain = 0.000
Phase 1 Placer Initialization | Checksum: 132a0c231

Time (s): cpu = 00:00:01 ; elapsed = 00:00:03 . Memory (MB): peak = 2232.387 ; gain = 0.000

Phase 2 Global Placement

Phase 2.1 Floorplanning
Phase 2.1 Floorplanning | Checksum: 99f44a4d

Time (s): cpu = 00:00:01 ; elapsed = 00:00:03 . Memory (MB): peak = 2232.387 ; gain = 0.000

Phase 2.2 Update Timing before SLR Path Opt
Phase 2.2 Update Timing before SLR Path Opt | Checksum: a3b35d90

Time (s): cpu = 00:00:02 ; elapsed = 00:00:03 . Memory (MB): peak = 2232.387 ; gain = 0.000

Phase 2.3 Post-Processing in Floorplanning
Phase 2.3 Post-Processing in Floorplanning | Checksum: a3b35d90

Time (s): cpu = 00:00:02 ; elapsed = 00:00:03 . Memory (MB): peak = 2232.387 ; gain = 0.000

Phase 2.4 Global Placement Core

Phase 2.4.1 UpdateTiming Before Physical Synthesis
Phase 2.4.1 UpdateTiming Before Physical Synthesis | Checksum: 19cd94b7e

Time (s): cpu = 00:00:04 ; elapsed = 00:00:07 . Memory (MB): peak = 2232.387 ; gain = 0.000

Phase 2.4.2 Physical Synthesis In Placer
INFO: [Physopt 32-1035] Found 0 LUTNM shape to break, 383 LUT instances to create LUTNM shape
INFO: [Physopt 32-1044] Break lutnm for timing: one critical 0, two critical 0, total 0, new lutff created 0
INFO: [Physopt 32-1138] End 1 Pass. Optimized 157 nets or LUTs. Breaked 0 LUT, combined 157 existing LUTs and moved 0 existing LUT
INFO: [Physopt 32-65] No nets found for high-fanout optimization.
INFO: [Physopt 32-232] Optimized 0 net. Created 0 new instance.
INFO: [Physopt 32-775] End 1 Pass. Optimized 0 net or cell. Created 0 new cell, deleted 0 existing cell and moved 0 existing cell
INFO: [Physopt 32-670] No setup violation found.  DSP Register Optimization was not performed.
INFO: [Physopt 32-670] No setup violation found.  Shift Register to Pipeline Optimization was not performed.
INFO: [Physopt 32-670] No setup violation found.  Shift Register Optimization was not performed.
INFO: [Physopt 32-670] No setup violation found.  BRAM Register Optimization was not performed.
INFO: [Physopt 32-670] No setup violation found.  URAM Register Optimization was not performed.
INFO: [Physopt 32-949] No candidate nets found for dynamic/static region interface net replication
INFO: [Physopt 32-775] End 1 Pass. Optimized 0 net or cell. Created 0 new cell, deleted 0 existing cell and moved 0 existing cell
Netlist sorting complete. Time (s): cpu = 00:00:00 ; elapsed = 00:00:00.005 . Memory (MB): peak = 2232.387 ; gain = 0.000

Summary of Physical Synthesis Optimizations
============================================


-----------------------------------------------------------------------------------------------------------------------------------------------------------
|  Optimization                                     |  Added Cells  |  Removed Cells  |  Optimized Cells/Nets  |  Dont Touch  |  Iterations  |  Elapsed   |
-----------------------------------------------------------------------------------------------------------------------------------------------------------
|  LUT Combining                                    |            0  |            157  |                   157  |           0  |           1  |  00:00:00  |
|  Retime                                           |            0  |              0  |                     0  |           0  |           1  |  00:00:00  |
|  Very High Fanout                                 |            0  |              0  |                     0  |           0  |           1  |  00:00:00  |
|  DSP Register                                     |            0  |              0  |                     0  |           0  |           0  |  00:00:00  |
|  Shift Register to Pipeline                       |            0  |              0  |                     0  |           0  |           0  |  00:00:00  |
|  Shift Register                                   |            0  |              0  |                     0  |           0  |           0  |  00:00:00  |
|  BRAM Register                                    |            0  |              0  |                     0  |           0  |           0  |  00:00:00  |
|  URAM Register                                    |            0  |              0  |                     0  |           0  |           0  |  00:00:00  |
|  Dynamic/Static Region Interface Net Replication  |            0  |              0  |                     0  |           0  |           1  |  00:00:00  |
|  Total                                            |            0  |            157  |                   157  |           0  |           4  |  00:00:00  |
-----------------------------------------------------------------------------------------------------------------------------------------------------------


Phase 2.4.2 Physical Synthesis In Placer | Checksum: 2254f894c

Time (s): cpu = 00:00:04 ; elapsed = 00:00:08 . Memory (MB): peak = 2232.387 ; gain = 0.000
Phase 2.4 Global Placement Core | Checksum: 1d9b7c8f9

Time (s): cpu = 00:00:04 ; elapsed = 00:00:08 . Memory (MB): peak = 2232.387 ; gain = 0.000
Phase 2 Global Placement | Checksum: 1d9b7c8f9

Time (s): cpu = 00:00:04 ; elapsed = 00:00:08 . Memory (MB): peak = 2232.387 ; gain = 0.000

Phase 3 Detail Placement

Phase 3.1 Commit Multi Column Macros
Phase 3.1 Commit Multi Column Macros | Checksum: 19ba3d542

Time (s): cpu = 00:00:05 ; elapsed = 00:00:09 . Memory (MB): peak = 2232.387 ; gain = 0.000

Phase 3.2 Commit Most Macros & LUTRAMs
Phase 3.2 Commit Most Macros & LUTRAMs | Checksum: 1f09587c4

Time (s): cpu = 00:00:05 ; elapsed = 00:00:10 . Memory (MB): peak = 2232.387 ; gain = 0.000

Phase 3.3 Area Swap Optimization
Phase 3.3 Area Swap Optimization | Checksum: 1f2f80aa7

Time (s): cpu = 00:00:05 ; elapsed = 00:00:10 . Memory (MB): peak = 2232.387 ; gain = 0.000

Phase 3.4 Pipeline Register Optimization
Phase 3.4 Pipeline Register Optimization | Checksum: 214d0b3b5

Time (s): cpu = 00:00:05 ; elapsed = 00:00:10 . Memory (MB): peak = 2232.387 ; gain = 0.000

Phase 3.5 Small Shape Detail Placement
Phase 3.5 Small Shape Detail Placement | Checksum: 1dfd9e4d7

Time (s): cpu = 00:00:06 ; elapsed = 00:00:13 . Memory (MB): peak = 2232.387 ; gain = 0.000

Phase 3.6 Re-assign LUT pins
Phase 3.6 Re-assign LUT pins | Checksum: 2d284fc74

Time (s): cpu = 00:00:07 ; elapsed = 00:00:13 . Memory (MB): peak = 2232.387 ; gain = 0.000

Phase 3.7 Pipeline Register Optimization
Phase 3.7 Pipeline Register Optimization | Checksum: 2bcb97864

Time (s): cpu = 00:00:07 ; elapsed = 00:00:13 . Memory (MB): peak = 2232.387 ; gain = 0.000
Phase 3 Detail Placement | Checksum: 2bcb97864

Time (s): cpu = 00:00:07 ; elapsed = 00:00:13 . Memory (MB): peak = 2232.387 ; gain = 0.000

Phase 4 Post Placement Optimization and Clean-Up

Phase 4.1 Post Commit Optimization
INFO: [Timing 38-35] Done setting XDC timing constraints.

Phase 4.1.1 Post Placement Optimization
Post Placement Optimization Initialization | Checksum: 1fc16f0ed

Phase 4.1.1.1 BUFG Insertion

Starting Physical Synthesis Task

Phase 1 Physical Synthesis Initialization
INFO: [Physopt 32-721] Multithreading enabled for phys_opt_design using a maximum of 2 CPUs
INFO: [Physopt 32-619] Estimated Timing Summary | WNS=0.405 | TNS=0.000 |
Phase 1 Physical Synthesis Initialization | Checksum: 1ac8aa549

Time (s): cpu = 00:00:00 ; elapsed = 00:00:00.579 . Memory (MB): peak = 2232.387 ; gain = 0.000
INFO: [Place 46-33] Processed net design_1_i/dec_MIMD_0/U0/gmem2_m_axi_U/bus_write/wreq_burst_conv/rs_req/SR[0], BUFG insertion was skipped due to placement/routing conflicts.
INFO: [Place 46-56] BUFG insertion identified 1 candidate nets. Inserted BUFG: 0, Replicated BUFG Driver: 0, Skipped due to Placement/Routing Conflicts: 1, Skipped due to Timing Degradation: 0, Skipped due to netlist editing failed: 0.
Ending Physical Synthesis Task | Checksum: 1ac8aa549

Time (s): cpu = 00:00:00 ; elapsed = 00:00:00.795 . Memory (MB): peak = 2232.387 ; gain = 0.000
Phase 4.1.1.1 BUFG Insertion | Checksum: 1fc16f0ed

Time (s): cpu = 00:00:08 ; elapsed = 00:00:17 . Memory (MB): peak = 2232.387 ; gain = 0.000

Phase 4.1.1.2 Post Placement Timing Optimization
INFO: [Place 30-746] Post Placement Timing Summary WNS=0.836. For the most accurate timing information please run report_timing.
Phase 4.1.1.2 Post Placement Timing Optimization | Checksum: 1598d986b

Time (s): cpu = 00:00:09 ; elapsed = 00:00:18 . Memory (MB): peak = 2232.387 ; gain = 0.000

Time (s): cpu = 00:00:09 ; elapsed = 00:00:18 . Memory (MB): peak = 2232.387 ; gain = 0.000
Phase 4.1 Post Commit Optimization | Checksum: 1598d986b

Time (s): cpu = 00:00:09 ; elapsed = 00:00:18 . Memory (MB): peak = 2232.387 ; gain = 0.000

Phase 4.2 Post Placement Cleanup
Phase 4.2 Post Placement Cleanup | Checksum: 1598d986b

Time (s): cpu = 00:00:09 ; elapsed = 00:00:18 . Memory (MB): peak = 2232.387 ; gain = 0.000

Phase 4.3 Placer Reporting

Phase 4.3.1 Print Estimated Congestion
INFO: [Place 30-612] Post-Placement Estimated Congestion 
 ____________________________________________________
|           | Global Congestion | Short Congestion  |
| Direction | Region Size       | Region Size       |
|___________|___________________|___________________|
|      North|                1x1|                1x1|
|___________|___________________|___________________|
|      South|                1x1|                2x2|
|___________|___________________|___________________|
|       East|                1x1|                1x1|
|___________|___________________|___________________|
|       West|                1x1|                1x1|
|___________|___________________|___________________|

Phase 4.3.1 Print Estimated Congestion | Checksum: 1598d986b

Time (s): cpu = 00:00:09 ; elapsed = 00:00:18 . Memory (MB): peak = 2232.387 ; gain = 0.000
Phase 4.3 Placer Reporting | Checksum: 1598d986b

Time (s): cpu = 00:00:09 ; elapsed = 00:00:18 . Memory (MB): peak = 2232.387 ; gain = 0.000

Phase 4.4 Final Placement Cleanup
Netlist sorting complete. Time (s): cpu = 00:00:00 ; elapsed = 00:00:00.005 . Memory (MB): peak = 2232.387 ; gain = 0.000

Time (s): cpu = 00:00:09 ; elapsed = 00:00:18 . Memory (MB): peak = 2232.387 ; gain = 0.000
Phase 4 Post Placement Optimization and Clean-Up | Checksum: 17bca2547

Time (s): cpu = 00:00:09 ; elapsed = 00:00:18 . Memory (MB): peak = 2232.387 ; gain = 0.000
Ending Placer Task | Checksum: 108db028c

Time (s): cpu = 00:00:09 ; elapsed = 00:00:18 . Memory (MB): peak = 2232.387 ; gain = 0.000
89 Infos, 161 Warnings, 0 Critical Warnings and 0 Errors encountered.
place_design completed successfully
place_design: Time (s): cpu = 00:00:09 ; elapsed = 00:00:19 . Memory (MB): peak = 2232.387 ; gain = 0.000
INFO: [runtcl-4] Executing : report_io -file design_1_wrapper_io_placed.rpt
report_io: Time (s): cpu = 00:00:00 ; elapsed = 00:00:00.054 . Memory (MB): peak = 2232.387 ; gain = 0.000
INFO: [runtcl-4] Executing : report_utilization -file design_1_wrapper_utilization_placed.rpt -pb design_1_wrapper_utilization_placed.pb
INFO: [runtcl-4] Executing : report_control_sets -verbose -file design_1_wrapper_control_sets_placed.rpt
report_control_sets: Time (s): cpu = 00:00:00 ; elapsed = 00:00:00.038 . Memory (MB): peak = 2232.387 ; gain = 0.000
INFO: [Timing 38-480] Writing timing data to binary archive.
Write ShapeDB Complete: Time (s): cpu = 00:00:00 ; elapsed = 00:00:00.080 . Memory (MB): peak = 2232.387 ; gain = 0.000
Wrote PlaceDB: Time (s): cpu = 00:00:02 ; elapsed = 00:00:01 . Memory (MB): peak = 2232.387 ; gain = 0.000
Wrote PulsedLatchDB: Time (s): cpu = 00:00:00 ; elapsed = 00:00:00 . Memory (MB): peak = 2232.387 ; gain = 0.000
Writing XDEF routing.
Writing XDEF routing logical nets.
Writing XDEF routing special nets.
Wrote RouteStorage: Time (s): cpu = 00:00:00 ; elapsed = 00:00:00.052 . Memory (MB): peak = 2232.387 ; gain = 0.000
Wrote Netlist Cache: Time (s): cpu = 00:00:00 ; elapsed = 00:00:00.032 . Memory (MB): peak = 2232.387 ; gain = 0.000
Wrote Device Cache: Time (s): cpu = 00:00:00 ; elapsed = 00:00:00.014 . Memory (MB): peak = 2232.387 ; gain = 0.000
Write Physdb Complete: Time (s): cpu = 00:00:02 ; elapsed = 00:00:01 . Memory (MB): peak = 2232.387 ; gain = 0.000
INFO: [Common 17-1381] The checkpoint 'C:/Users/lotto/Desktop/Alveare/M_AXI_ALU/M_AXI_ALU/dec_MIMD/Vivado/dec_MIMD.runs/impl_1/design_1_wrapper_placed.dcp' has been generated.
Command: phys_opt_design
Attempting to get a license for feature 'Implementation' and/or device 'xc7z020'
INFO: [Common 17-349] Got license for feature 'Implementation' and/or device 'xc7z020'

Starting Initial Update Timing Task

Time (s): cpu = 00:00:00 ; elapsed = 00:00:02 . Memory (MB): peak = 2232.387 ; gain = 0.000
INFO: [Vivado_Tcl 4-383] Design worst setup slack (WNS) is greater than or equal to 0.000 ns. Skipping all physical synthesis optimizations.
INFO: [Vivado_Tcl 4-232] No setup violation found. The netlist was not modified.
INFO: [Common 17-83] Releasing license: Implementation
98 Infos, 161 Warnings, 0 Critical Warnings and 0 Errors encountered.
phys_opt_design completed successfully
INFO: [Timing 38-480] Writing timing data to binary archive.
Write ShapeDB Complete: Time (s): cpu = 00:00:00 ; elapsed = 00:00:00.056 . Memory (MB): peak = 2232.387 ; gain = 0.000
Wrote PlaceDB: Time (s): cpu = 00:00:01 ; elapsed = 00:00:00.960 . Memory (MB): peak = 2232.387 ; gain = 0.000
Wrote PulsedLatchDB: Time (s): cpu = 00:00:00 ; elapsed = 00:00:00 . Memory (MB): peak = 2232.387 ; gain = 0.000
Writing XDEF routing.
Writing XDEF routing logical nets.
Writing XDEF routing special nets.
Wrote RouteStorage: Time (s): cpu = 00:00:00 ; elapsed = 00:00:00.043 . Memory (MB): peak = 2232.387 ; gain = 0.000
Wrote Netlist Cache: Time (s): cpu = 00:00:00 ; elapsed = 00:00:00.023 . Memory (MB): peak = 2232.387 ; gain = 0.000
Wrote Device Cache: Time (s): cpu = 00:00:00 ; elapsed = 00:00:00.013 . Memory (MB): peak = 2232.387 ; gain = 0.000
Write Physdb Complete: Time (s): cpu = 00:00:01 ; elapsed = 00:00:01 . Memory (MB): peak = 2232.387 ; gain = 0.000
INFO: [Common 17-1381] The checkpoint 'C:/Users/lotto/Desktop/Alveare/M_AXI_ALU/M_AXI_ALU/dec_MIMD/Vivado/dec_MIMD.runs/impl_1/design_1_wrapper_physopt.dcp' has been generated.
Command: route_design
Attempting to get a license for feature 'Implementation' and/or device 'xc7z020'
INFO: [Common 17-349] Got license for feature 'Implementation' and/or device 'xc7z020'
Running DRC as a precondition to command route_design
INFO: [DRC 23-27] Running DRC with 2 threads
INFO: [Vivado_Tcl 4-198] DRC finished with 0 Errors
INFO: [Vivado_Tcl 4-199] Please refer to the DRC report (report_drc) for more information.


Starting Routing Task
INFO: [Route 35-254] Multithreading enabled for route_design using a maximum of 8 CPUs

Phase 1 Build RT Design
Checksum: PlaceDB: 33de4904 ConstDB: 0 ShapeSum: d4fcb988 RouteDB: 0
Post Restoration Checksum: NetGraph: 648e0529 | NumContArr: 13dcba12 | Constraints: c2a8fa9d | Timing: c2a8fa9d
Phase 1 Build RT Design | Checksum: 1fdbcb475

Time (s): cpu = 00:00:09 ; elapsed = 00:00:22 . Memory (MB): peak = 2309.953 ; gain = 77.566

Phase 2 Router Initialization

Phase 2.1 Fix Topology Constraints
Phase 2.1 Fix Topology Constraints | Checksum: 1fdbcb475

Time (s): cpu = 00:00:09 ; elapsed = 00:00:22 . Memory (MB): peak = 2309.953 ; gain = 77.566

Phase 2.2 Pre Route Cleanup
Phase 2.2 Pre Route Cleanup | Checksum: 1fdbcb475

Time (s): cpu = 00:00:09 ; elapsed = 00:00:22 . Memory (MB): peak = 2309.953 ; gain = 77.566
 Number of Nodes with overlaps = 0

Phase 2.3 Update Timing
Phase 2.3 Update Timing | Checksum: 27db68a1e

Time (s): cpu = 00:00:10 ; elapsed = 00:00:24 . Memory (MB): peak = 2341.371 ; gain = 108.984
INFO: [Route 35-416] Intermediate Timing Summary | WNS=1.046  | TNS=0.000  | WHS=-0.239 | THS=-162.217|


Router Utilization Summary
  Global Vertical Routing Utilization    = 0 %
  Global Horizontal Routing Utilization  = 0 %
  Routable Net Status*
  *Does not include unroutable nets such as driverless and loadless.
  Run report_route_status for detailed report.
  Number of Failed Nets               = 12410
    (Failed Nets is the sum of unrouted and partially routed nets)
  Number of Unrouted Nets             = 12410
  Number of Partially Routed Nets     = 0
  Number of Node Overlaps             = 0

Phase 2 Router Initialization | Checksum: 2647e888d

Time (s): cpu = 00:00:10 ; elapsed = 00:00:25 . Memory (MB): peak = 2376.266 ; gain = 143.879

Phase 3 Initial Routing

Phase 3.1 Global Routing
Phase 3.1 Global Routing | Checksum: 2647e888d

Time (s): cpu = 00:00:10 ; elapsed = 00:00:25 . Memory (MB): peak = 2376.266 ; gain = 143.879

Phase 3.2 Initial Net Routing
Phase 3.2 Initial Net Routing | Checksum: 1d9ce6a1e

Time (s): cpu = 00:00:11 ; elapsed = 00:00:26 . Memory (MB): peak = 2376.266 ; gain = 143.879
Phase 3 Initial Routing | Checksum: 1d9ce6a1e

Time (s): cpu = 00:00:11 ; elapsed = 00:00:26 . Memory (MB): peak = 2376.266 ; gain = 143.879

Phase 4 Rip-up And Reroute

Phase 4.1 Global Iteration 0
 Number of Nodes with overlaps = 651
 Number of Nodes with overlaps = 57
 Number of Nodes with overlaps = 19
 Number of Nodes with overlaps = 16
 Number of Nodes with overlaps = 11
 Number of Nodes with overlaps = 8
 Number of Nodes with overlaps = 6
 Number of Nodes with overlaps = 2
 Number of Nodes with overlaps = 1
 Number of Nodes with overlaps = 0
INFO: [Route 35-416] Intermediate Timing Summary | WNS=0.857  | TNS=0.000  | WHS=N/A    | THS=N/A    |

Phase 4.1 Global Iteration 0 | Checksum: 198f6dff3

Time (s): cpu = 00:00:12 ; elapsed = 00:00:30 . Memory (MB): peak = 2376.266 ; gain = 143.879

Phase 4.2 Global Iteration 1
 Number of Nodes with overlaps = 1
 Number of Nodes with overlaps = 7
 Number of Nodes with overlaps = 7
 Number of Nodes with overlaps = 5
 Number of Nodes with overlaps = 3
 Number of Nodes with overlaps = 0
INFO: [Route 35-416] Intermediate Timing Summary | WNS=0.818  | TNS=0.000  | WHS=N/A    | THS=N/A    |

Phase 4.2 Global Iteration 1 | Checksum: 35dd3edaf

Time (s): cpu = 00:00:12 ; elapsed = 00:00:32 . Memory (MB): peak = 2376.266 ; gain = 143.879
Phase 4 Rip-up And Reroute | Checksum: 35dd3edaf

Time (s): cpu = 00:00:12 ; elapsed = 00:00:32 . Memory (MB): peak = 2376.266 ; gain = 143.879

Phase 5 Delay and Skew Optimization

Phase 5.1 Delay CleanUp
Phase 5.1 Delay CleanUp | Checksum: 35dd3edaf

Time (s): cpu = 00:00:12 ; elapsed = 00:00:32 . Memory (MB): peak = 2376.266 ; gain = 143.879

Phase 5.2 Clock Skew Optimization
Phase 5.2 Clock Skew Optimization | Checksum: 35dd3edaf

Time (s): cpu = 00:00:12 ; elapsed = 00:00:32 . Memory (MB): peak = 2376.266 ; gain = 143.879
Phase 5 Delay and Skew Optimization | Checksum: 35dd3edaf

Time (s): cpu = 00:00:12 ; elapsed = 00:00:32 . Memory (MB): peak = 2376.266 ; gain = 143.879

Phase 6 Post Hold Fix

Phase 6.1 Hold Fix Iter

Phase 6.1.1 Update Timing
Phase 6.1.1 Update Timing | Checksum: 2e9dabf2e

Time (s): cpu = 00:00:12 ; elapsed = 00:00:33 . Memory (MB): peak = 2376.266 ; gain = 143.879
INFO: [Route 35-416] Intermediate Timing Summary | WNS=0.818  | TNS=0.000  | WHS=0.010  | THS=0.000  |

Phase 6.1 Hold Fix Iter | Checksum: 31919b31a

Time (s): cpu = 00:00:12 ; elapsed = 00:00:33 . Memory (MB): peak = 2376.266 ; gain = 143.879
Phase 6 Post Hold Fix | Checksum: 31919b31a

Time (s): cpu = 00:00:12 ; elapsed = 00:00:33 . Memory (MB): peak = 2376.266 ; gain = 143.879

Phase 7 Route finalize

Router Utilization Summary
  Global Vertical Routing Utilization    = 1.65543 %
  Global Horizontal Routing Utilization  = 2.41498 %
  Routable Net Status*
  *Does not include unroutable nets such as driverless and loadless.
  Run report_route_status for detailed report.
  Number of Failed Nets               = 0
    (Failed Nets is the sum of unrouted and partially routed nets)
  Number of Unrouted Nets             = 0
  Number of Partially Routed Nets     = 0
  Number of Node Overlaps             = 0

Phase 7 Route finalize | Checksum: 31919b31a

Time (s): cpu = 00:00:12 ; elapsed = 00:00:33 . Memory (MB): peak = 2376.266 ; gain = 143.879

Phase 8 Verifying routed nets

 Verification completed successfully
Phase 8 Verifying routed nets | Checksum: 31919b31a

Time (s): cpu = 00:00:12 ; elapsed = 00:00:33 . Memory (MB): peak = 2376.266 ; gain = 143.879

Phase 9 Depositing Routes
Phase 9 Depositing Routes | Checksum: 26729ccb5

Time (s): cpu = 00:00:12 ; elapsed = 00:00:33 . Memory (MB): peak = 2376.266 ; gain = 143.879

Phase 10 Post Router Timing
INFO: [Route 35-57] Estimated Timing Summary | WNS=0.818  | TNS=0.000  | WHS=0.010  | THS=0.000  |

INFO: [Route 35-327] The final timing numbers are based on the router estimated timing analysis. For a complete and accurate timing signoff, please run report_timing_summary.
Phase 10 Post Router Timing | Checksum: 26729ccb5

Time (s): cpu = 00:00:12 ; elapsed = 00:00:34 . Memory (MB): peak = 2376.266 ; gain = 143.879
INFO: [Route 35-16] Router Completed Successfully

Phase 11 Post-Route Event Processing
Phase 11 Post-Route Event Processing | Checksum: 1ac048821

Time (s): cpu = 00:00:12 ; elapsed = 00:00:34 . Memory (MB): peak = 2376.266 ; gain = 143.879
Ending Routing Task | Checksum: 1ac048821

Time (s): cpu = 00:00:12 ; elapsed = 00:00:34 . Memory (MB): peak = 2376.266 ; gain = 143.879

Routing Is Done.
INFO: [Common 17-83] Releasing license: Implementation
113 Infos, 161 Warnings, 0 Critical Warnings and 0 Errors encountered.
route_design completed successfully
route_design: Time (s): cpu = 00:00:12 ; elapsed = 00:00:36 . Memory (MB): peak = 2376.266 ; gain = 143.879
INFO: [runtcl-4] Executing : report_drc -file design_1_wrapper_drc_routed.rpt -pb design_1_wrapper_drc_routed.pb -rpx design_1_wrapper_drc_routed.rpx
Command: report_drc -file design_1_wrapper_drc_routed.rpt -pb design_1_wrapper_drc_routed.pb -rpx design_1_wrapper_drc_routed.rpx
INFO: [IP_Flow 19-1839] IP Catalog is up to date.
INFO: [DRC 23-27] Running DRC with 2 threads
INFO: [Vivado_Tcl 2-168] The results of DRC are in file C:/Users/lotto/Desktop/Alveare/M_AXI_ALU/M_AXI_ALU/dec_MIMD/Vivado/dec_MIMD.runs/impl_1/design_1_wrapper_drc_routed.rpt.
report_drc completed successfully
INFO: [runtcl-4] Executing : report_methodology -file design_1_wrapper_methodology_drc_routed.rpt -pb design_1_wrapper_methodology_drc_routed.pb -rpx design_1_wrapper_methodology_drc_routed.rpx
Command: report_methodology -file design_1_wrapper_methodology_drc_routed.rpt -pb design_1_wrapper_methodology_drc_routed.pb -rpx design_1_wrapper_methodology_drc_routed.rpx
INFO: [Timing 38-35] Done setting XDC timing constraints.
INFO: [DRC 23-133] Running Methodology with 2 threads
INFO: [Vivado_Tcl 2-1520] The results of Report Methodology are in file C:/Users/lotto/Desktop/Alveare/M_AXI_ALU/M_AXI_ALU/dec_MIMD/Vivado/dec_MIMD.runs/impl_1/design_1_wrapper_methodology_drc_routed.rpt.
report_methodology completed successfully
INFO: [runtcl-4] Executing : report_power -file design_1_wrapper_power_routed.rpt -pb design_1_wrapper_power_summary_routed.pb -rpx design_1_wrapper_power_routed.rpx
Command: report_power -file design_1_wrapper_power_routed.rpt -pb design_1_wrapper_power_summary_routed.pb -rpx design_1_wrapper_power_routed.rpx
INFO: [Timing 38-35] Done setting XDC timing constraints.
Running Vector-less Activity Propagation...

Finished Running Vector-less Activity Propagation
123 Infos, 161 Warnings, 0 Critical Warnings and 0 Errors encountered.
report_power completed successfully
INFO: [runtcl-4] Executing : report_route_status -file design_1_wrapper_route_status.rpt -pb design_1_wrapper_route_status.pb
INFO: [runtcl-4] Executing : report_timing_summary -max_paths 10 -report_unconstrained -file design_1_wrapper_timing_summary_routed.rpt -pb design_1_wrapper_timing_summary_routed.pb -rpx design_1_wrapper_timing_summary_routed.rpx -warn_on_violation 
INFO: [Timing 38-91] UpdateTimingParams: Speed grade: -1, Delay Type: min_max.
INFO: [Timing 38-191] Multithreading enabled for timing update using a maximum of 2 CPUs
INFO: [runtcl-4] Executing : report_incremental_reuse -file design_1_wrapper_incremental_reuse_routed.rpt
INFO: [Vivado_Tcl 4-1062] Incremental flow is disabled. No incremental reuse Info to report.
INFO: [runtcl-4] Executing : report_clock_utilization -file design_1_wrapper_clock_utilization_routed.rpt
INFO: [runtcl-4] Executing : report_bus_skew -warn_on_violation -file design_1_wrapper_bus_skew_routed.rpt -pb design_1_wrapper_bus_skew_routed.pb -rpx design_1_wrapper_bus_skew_routed.rpx
INFO: [Timing 38-91] UpdateTimingParams: Speed grade: -1, Delay Type: min_max.
INFO: [Timing 38-191] Multithreading enabled for timing update using a maximum of 2 CPUs
INFO: [Timing 38-480] Writing timing data to binary archive.
Write ShapeDB Complete: Time (s): cpu = 00:00:00 ; elapsed = 00:00:00.042 . Memory (MB): peak = 2413.180 ; gain = 13.336
Wrote PlaceDB: Time (s): cpu = 00:00:00 ; elapsed = 00:00:00.723 . Memory (MB): peak = 2415.520 ; gain = 11.320
Wrote PulsedLatchDB: Time (s): cpu = 00:00:00 ; elapsed = 00:00:00 . Memory (MB): peak = 2415.520 ; gain = 0.000
Writing XDEF routing.
Writing XDEF routing logical nets.
Writing XDEF routing special nets.
Wrote RouteStorage: Time (s): cpu = 00:00:01 ; elapsed = 00:00:00.123 . Memory (MB): peak = 2415.520 ; gain = 0.000
Wrote Netlist Cache: Time (s): cpu = 00:00:00 ; elapsed = 00:00:00.016 . Memory (MB): peak = 2415.520 ; gain = 0.000
Wrote Device Cache: Time (s): cpu = 00:00:00 ; elapsed = 00:00:00.008 . Memory (MB): peak = 2415.520 ; gain = 0.000
Write Physdb Complete: Time (s): cpu = 00:00:01 ; elapsed = 00:00:00.888 . Memory (MB): peak = 2415.520 ; gain = 15.676
INFO: [Common 17-1381] The checkpoint 'C:/Users/lotto/Desktop/Alveare/M_AXI_ALU/M_AXI_ALU/dec_MIMD/Vivado/dec_MIMD.runs/impl_1/design_1_wrapper_routed.dcp' has been generated.
Command: write_bitstream -force design_1_wrapper.bit
Attempting to get a license for feature 'Implementation' and/or device 'xc7z020'
INFO: [Common 17-349] Got license for feature 'Implementation' and/or device 'xc7z020'
Running DRC as a precondition to command write_bitstream
INFO: [IP_Flow 19-1839] IP Catalog is up to date.
INFO: [DRC 23-27] Running DRC with 2 threads
WARNING: [DRC PDCN-1569] LUT equation term check: Used physical LUT pin 'A1' of cell design_1_i/axi_mem_intercon_3/s00_couplers/auto_pc/inst/gen_axi4_axi3.axi3_conv_inst/USE_READ.USE_SPLIT_R.read_addr_inst/USE_R_CHANNEL.cmd_queue/inst/fifo_gen_inst/inst_fifo_gen/gconvfifo.rf/grf.rf/gntv_or_sync_fifo.gl0.rd/gr1.gr1_int.rfwft/gpregsm1.user_valid_i_1 (pin design_1_i/axi_mem_intercon_3/s00_couplers/auto_pc/inst/gen_axi4_axi3.axi3_conv_inst/USE_READ.USE_SPLIT_R.read_addr_inst/USE_R_CHANNEL.cmd_queue/inst/fifo_gen_inst/inst_fifo_gen/gconvfifo.rf/grf.rf/gntv_or_sync_fifo.gl0.rd/gr1.gr1_int.rfwft/gpregsm1.user_valid_i_1/I1) is not included in the LUT equation: 'O6=(A2)+((~A2)*(~A6)*A3)'. If this cell is a user instantiated LUT in the design, please remove connectivity to the pin or change the equation and/or INIT string of the LUT to prevent this issue. If the cell is inferred or IP created LUT, please regenerate the IP and/or resynthesize the design to attempt to correct the issue.
WARNING: [DRC PDCN-1569] LUT equation term check: Used physical LUT pin 'A2' of cell design_1_i/axi_mem_intercon/s00_couplers/auto_pc/inst/gen_axi4_axi3.axi3_conv_inst/USE_READ.USE_SPLIT_R.read_addr_inst/USE_R_CHANNEL.cmd_queue/inst/fifo_gen_inst/inst_fifo_gen/gconvfifo.rf/grf.rf/gntv_or_sync_fifo.gl0.rd/gr1.gr1_int.rfwft/gpregsm1.user_valid_i_1 (pin design_1_i/axi_mem_intercon/s00_couplers/auto_pc/inst/gen_axi4_axi3.axi3_conv_inst/USE_READ.USE_SPLIT_R.read_addr_inst/USE_R_CHANNEL.cmd_queue/inst/fifo_gen_inst/inst_fifo_gen/gconvfifo.rf/grf.rf/gntv_or_sync_fifo.gl0.rd/gr1.gr1_int.rfwft/gpregsm1.user_valid_i_1/I1) is not included in the LUT equation: 'O6=(A6)+((~A6)*(~A5)*A3)'. If this cell is a user instantiated LUT in the design, please remove connectivity to the pin or change the equation and/or INIT string of the LUT to prevent this issue. If the cell is inferred or IP created LUT, please regenerate the IP and/or resynthesize the design to attempt to correct the issue.
WARNING: [DRC PDCN-1569] LUT equation term check: Used physical LUT pin 'A2' of cell design_1_i/axi_mem_intercon_2/s00_couplers/auto_pc/inst/gen_axi4_axi3.axi3_conv_inst/USE_WRITE.write_addr_inst/USE_BURSTS.cmd_queue/inst/fifo_gen_inst/inst_fifo_gen/gconvfifo.rf/grf.rf/gntv_or_sync_fifo.gl0.rd/gr1.gr1_int.rfwft/gpregsm1.user_valid_i_1 (pin design_1_i/axi_mem_intercon_2/s00_couplers/auto_pc/inst/gen_axi4_axi3.axi3_conv_inst/USE_WRITE.write_addr_inst/USE_BURSTS.cmd_queue/inst/fifo_gen_inst/inst_fifo_gen/gconvfifo.rf/grf.rf/gntv_or_sync_fifo.gl0.rd/gr1.gr1_int.rfwft/gpregsm1.user_valid_i_1/I1) is not included in the LUT equation: 'O6=(A6)+((~A6)*(~A5)*A3)'. If this cell is a user instantiated LUT in the design, please remove connectivity to the pin or change the equation and/or INIT string of the LUT to prevent this issue. If the cell is inferred or IP created LUT, please regenerate the IP and/or resynthesize the design to attempt to correct the issue.
WARNING: [DRC PDCN-1569] LUT equation term check: Used physical LUT pin 'A4' of cell design_1_i/axi_mem_intercon_2/s00_couplers/auto_pc/inst/gen_axi4_axi3.axi3_conv_inst/USE_WRITE.write_addr_inst/USE_B_CHANNEL.cmd_b_queue/inst/fifo_gen_inst/inst_fifo_gen/gconvfifo.rf/grf.rf/gntv_or_sync_fifo.gl0.rd/gr1.gr1_int.rfwft/gpregsm1.user_valid_i_1 (pin design_1_i/axi_mem_intercon_2/s00_couplers/auto_pc/inst/gen_axi4_axi3.axi3_conv_inst/USE_WRITE.write_addr_inst/USE_B_CHANNEL.cmd_b_queue/inst/fifo_gen_inst/inst_fifo_gen/gconvfifo.rf/grf.rf/gntv_or_sync_fifo.gl0.rd/gr1.gr1_int.rfwft/gpregsm1.user_valid_i_1/I1) is not included in the LUT equation: 'O6=(A1)+((~A1)*(~A6)*A5)'. If this cell is a user instantiated LUT in the design, please remove connectivity to the pin or change the equation and/or INIT string of the LUT to prevent this issue. If the cell is inferred or IP created LUT, please regenerate the IP and/or resynthesize the design to attempt to correct the issue.
WARNING: [DRC PDCN-1569] LUT equation term check: Used physical LUT pin 'A5' of cell design_1_i/axi_mem_intercon_1/s00_couplers/auto_pc/inst/gen_axi4_axi3.axi3_conv_inst/USE_READ.USE_SPLIT_R.read_addr_inst/USE_R_CHANNEL.cmd_queue/inst/fifo_gen_inst/inst_fifo_gen/gconvfifo.rf/grf.rf/gntv_or_sync_fifo.gl0.rd/gr1.gr1_int.rfwft/gpregsm1.user_valid_i_1 (pin design_1_i/axi_mem_intercon_1/s00_couplers/auto_pc/inst/gen_axi4_axi3.axi3_conv_inst/USE_READ.USE_SPLIT_R.read_addr_inst/USE_R_CHANNEL.cmd_queue/inst/fifo_gen_inst/inst_fifo_gen/gconvfifo.rf/grf.rf/gntv_or_sync_fifo.gl0.rd/gr1.gr1_int.rfwft/gpregsm1.user_valid_i_1/I1) is not included in the LUT equation: 'O6=(A2)+((~A2)*(~A6)*A4)'. If this cell is a user instantiated LUT in the design, please remove connectivity to the pin or change the equation and/or INIT string of the LUT to prevent this issue. If the cell is inferred or IP created LUT, please regenerate the IP and/or resynthesize the design to attempt to correct the issue.
WARNING: [DRC RTSTAT-10] No routable loads: 55 net(s) have no routable loads. The problem bus(es) and/or net(s) are design_1_i/axi_mem_intercon_1/s00_couplers/auto_pc/inst/gen_axi4_axi3.axi3_conv_inst/USE_READ.USE_SPLIT_R.read_addr_inst/USE_R_CHANNEL.cmd_queue/inst/fifo_gen_inst/inst_fifo_gen/gconvfifo.rf/grf.rf/gntv_or_sync_fifo.gl0.rd/gr1.gr1_int.rfwft/aempty_fwft_i, design_1_i/axi_mem_intercon_2/s00_couplers/auto_pc/inst/gen_axi4_axi3.axi3_conv_inst/USE_WRITE.write_addr_inst/USE_BURSTS.cmd_queue/inst/fifo_gen_inst/inst_fifo_gen/gconvfifo.rf/grf.rf/gntv_or_sync_fifo.gl0.rd/gr1.gr1_int.rfwft/aempty_fwft_i, design_1_i/axi_mem_intercon_3/s00_couplers/auto_pc/inst/gen_axi4_axi3.axi3_conv_inst/USE_READ.USE_SPLIT_R.read_addr_inst/USE_R_CHANNEL.cmd_queue/inst/fifo_gen_inst/inst_fifo_gen/gconvfifo.rf/grf.rf/gntv_or_sync_fifo.gl0.rd/gr1.gr1_int.rfwft/aempty_fwft_i, design_1_i/axi_mem_intercon/s00_couplers/auto_pc/inst/gen_axi4_axi3.axi3_conv_inst/USE_READ.USE_SPLIT_R.read_addr_inst/USE_R_CHANNEL.cmd_queue/inst/fifo_gen_inst/inst_fifo_gen/gconvfifo.rf/grf.rf/gntv_or_sync_fifo.gl0.rd/gr1.gr1_int.rfwft/aempty_fwft_i, design_1_i/axi_mem_intercon_2/s00_couplers/auto_pc/inst/gen_axi4_axi3.axi3_conv_inst/USE_WRITE.write_addr_inst/USE_B_CHANNEL.cmd_b_queue/inst/fifo_gen_inst/inst_fifo_gen/gconvfifo.rf/grf.rf/gntv_or_sync_fifo.gl0.rd/gr1.gr1_int.rfwft/aempty_fwft_i, design_1_i/axi_mem_intercon_1/s00_couplers/auto_pc/inst/gen_axi4_axi3.axi3_conv_inst/USE_READ.USE_SPLIT_R.read_addr_inst/USE_R_CHANNEL.cmd_queue/inst/fifo_gen_inst/inst_fifo_gen/gconvfifo.rf/grf.rf/rstblk/ngwrdrst.grst.rd_rst_reg[2:0], design_1_i/axi_mem_intercon_2/s00_couplers/auto_pc/inst/gen_axi4_axi3.axi3_conv_inst/USE_WRITE.write_addr_inst/USE_BURSTS.cmd_queue/inst/fifo_gen_inst/inst_fifo_gen/gconvfifo.rf/grf.rf/rstblk/ngwrdrst.grst.rd_rst_reg[2:0], design_1_i/axi_mem_intercon/s00_couplers/auto_pc/inst/gen_axi4_axi3.axi3_conv_inst/USE_READ.USE_SPLIT_R.read_addr_inst/USE_R_CHANNEL.cmd_queue/inst/fifo_gen_inst/inst_fifo_gen/gconvfifo.rf/grf.rf/rstblk/ngwrdrst.grst.rd_rst_reg[2:0], design_1_i/axi_mem_intercon_3/s00_couplers/auto_pc/inst/gen_axi4_axi3.axi3_conv_inst/USE_READ.USE_SPLIT_R.read_addr_inst/USE_R_CHANNEL.cmd_queue/inst/fifo_gen_inst/inst_fifo_gen/gconvfifo.rf/grf.rf/rstblk/ngwrdrst.grst.rd_rst_reg[2:0], design_1_i/axi_mem_intercon_2/s00_couplers/auto_pc/inst/gen_axi4_axi3.axi3_conv_inst/USE_WRITE.write_addr_inst/USE_B_CHANNEL.cmd_b_queue/inst/fifo_gen_inst/inst_fifo_gen/gconvfifo.rf/grf.rf/rstblk/ngwrdrst.grst.rd_rst_reg[2:0], design_1_i/axi_mem_intercon_1/s00_couplers/auto_pc/inst/gen_axi4_axi3.axi3_conv_inst/USE_READ.USE_SPLIT_R.read_addr_inst/USE_R_CHANNEL.cmd_queue/inst/fifo_gen_inst/inst_fifo_gen/gconvfifo.rf/grf.rf/rstblk/ngwrdrst.grst.wr_rst_reg[2:0], design_1_i/axi_mem_intercon_2/s00_couplers/auto_pc/inst/gen_axi4_axi3.axi3_conv_inst/USE_WRITE.write_addr_inst/USE_BURSTS.cmd_queue/inst/fifo_gen_inst/inst_fifo_gen/gconvfifo.rf/grf.rf/rstblk/ngwrdrst.grst.wr_rst_reg[2:0], design_1_i/axi_mem_intercon/s00_couplers/auto_pc/inst/gen_axi4_axi3.axi3_conv_inst/USE_READ.USE_SPLIT_R.read_addr_inst/USE_R_CHANNEL.cmd_queue/inst/fifo_gen_inst/inst_fifo_gen/gconvfifo.rf/grf.rf/rstblk/ngwrdrst.grst.wr_rst_reg[2:0], design_1_i/axi_mem_intercon_3/s00_couplers/auto_pc/inst/gen_axi4_axi3.axi3_conv_inst/USE_READ.USE_SPLIT_R.read_addr_inst/USE_R_CHANNEL.cmd_queue/inst/fifo_gen_inst/inst_fifo_gen/gconvfifo.rf/grf.rf/rstblk/ngwrdrst.grst.wr_rst_reg[2:0], design_1_i/axi_mem_intercon_2/s00_couplers/auto_pc/inst/gen_axi4_axi3.axi3_conv_inst/USE_WRITE.write_addr_inst/USE_B_CHANNEL.cmd_b_queue/inst/fifo_gen_inst/inst_fifo_gen/gconvfifo.rf/grf.rf/rstblk/ngwrdrst.grst.wr_rst_reg[2:0]... and (the first 15 of 35 listed).
INFO: [Vivado 12-3199] DRC finished with 0 Errors, 6 Warnings
INFO: [Vivado 12-3200] Please refer to the DRC report (report_drc) for more information.
INFO: [Designutils 20-2272] Running write_bitstream with 2 threads.
Loading data files...
Loading site data...
Loading route data...
Processing options...
Creating bitmap...
Creating bitstream...
Writing bitstream ./design_1_wrapper.bit...
INFO: [Vivado 12-1842] Bitgen Completed Successfully.
INFO: [Project 1-1876] WebTalk data collection is mandatory when using a ULT device. To see the specific WebTalk data collected for your design, open the usage_statistics_webtalk.html or usage_statistics_webtalk.xml file in the implementation directory.
INFO: [Common 17-83] Releasing license: Implementation
14 Infos, 6 Warnings, 0 Critical Warnings and 0 Errors encountered.
write_bitstream completed successfully
write_bitstream: Time (s): cpu = 00:00:04 ; elapsed = 00:00:13 . Memory (MB): peak = 2867.809 ; gain = 452.289
INFO: [Common 17-206] Exiting Vivado at Wed Apr 24 23:52:08 2024...
