

================================================================
== Vitis HLS Report for 'data_exe_wb_Pipeline_l_data_b'
================================================================
* Date:           Sun Jun  9 09:50:16 2024

* Version:        2023.2 (Build 4023990 on Oct 11 2023)
* Project:        alv_VHDL
* Solution:       solution1 (Vivado IP Flow Target)
* Product family: zynq
* Target device:  xc7z020-clg400-1


================================================================
== Performance Estimates
================================================================
+ Timing: 
    * Summary: 
    +--------+----------+----------+------------+
    |  Clock |  Target  | Estimated| Uncertainty|
    +--------+----------+----------+------------+
    |ap_clk  |  10.00 ns|  7.300 ns|     2.70 ns|
    +--------+----------+----------+------------+

+ Latency: 
    * Summary: 
    +---------+---------+----------+----------+-----+-----+---------+
    |  Latency (cycles) |  Latency (absolute) |  Interval | Pipeline|
    |   min   |   max   |    min   |    max   | min | max |   Type  |
    +---------+---------+----------+----------+-----+-----+---------+
    |       61|       61|  0.610 us|  0.610 us|   61|   61|       no|
    +---------+---------+----------+----------+-----+-----+---------+

    + Detail: 
        * Instance: 
        N/A

        * Loop: 
        +------------+---------+---------+----------+-----------+-----------+------+----------+
        |            |  Latency (cycles) | Iteration|  Initiation Interval  | Trip |          |
        |  Loop Name |   min   |   max   |  Latency |  achieved |   target  | Count| Pipelined|
        +------------+---------+---------+----------+-----------+-----------+------+----------+
        |- l_data_b  |       59|       59|        11|          1|          1|    50|       yes|
        +------------+---------+---------+----------+-----------+-----------+------+----------+



================================================================
== Utilization Estimates
================================================================
* Summary: 
+-----------------+---------+-----+--------+-------+-----+
|       Name      | BRAM_18K| DSP |   FF   |  LUT  | URAM|
+-----------------+---------+-----+--------+-------+-----+
|DSP              |        -|    -|       -|      -|    -|
|Expression       |        -|    -|       0|    105|    -|
|FIFO             |        -|    -|       -|      -|    -|
|Instance         |        -|    -|       -|      -|    -|
|Memory           |        -|    -|       -|      -|    -|
|Multiplexer      |        -|    -|       -|     63|    -|
|Register         |        -|    -|     123|      -|    -|
+-----------------+---------+-----+--------+-------+-----+
|Total            |        0|    0|     123|    168|    0|
+-----------------+---------+-----+--------+-------+-----+
|Available        |      280|  220|  106400|  53200|    0|
+-----------------+---------+-----+--------+-------+-----+
|Utilization (%)  |        0|    0|      ~0|     ~0|    0|
+-----------------+---------+-----+--------+-------+-----+

+ Detail: 
    * Instance: 
    N/A

    * DSP: 
    N/A

    * Memory: 
    N/A

    * FIFO: 
    N/A

    * Expression: 
    +---------------------------+----------+----+---+----+------------+------------+
    |       Variable Name       | Operation| DSP| FF| LUT| Bitwidth P0| Bitwidth P1|
    +---------------------------+----------+----+---+----+------------+------------+
    |add_ln74_fu_105_p2         |         +|   0|  0|  14|           6|           1|
    |add_ln78_fu_123_p2         |         +|   0|  0|  71|          64|          64|
    |icmp_ln74_fu_99_p2         |      icmp|   0|  0|  14|           6|           5|
    |ap_block_pp0_stage0_01001  |        or|   0|  0|   2|           1|           1|
    |ap_block_pp0_stage0_11001  |        or|   0|  0|   2|           1|           1|
    |ap_enable_pp0              |       xor|   0|  0|   2|           1|           2|
    +---------------------------+----------+----+---+----+------------+------------+
    |Total                      |          |   0|  0| 105|          79|          74|
    +---------------------------+----------+----+---+----+------------+------------+

    * Multiplexer: 
    +-------------------------+----+-----------+-----+-----------+
    |           Name          | LUT| Input Size| Bits| Total Bits|
    +-------------------------+----+-----------+-----+-----------+
    |ap_done_int              |   9|          2|    1|          2|
    |ap_enable_reg_pp0_iter1  |   9|          2|    1|          2|
    |ap_sig_allocacmp_i_7     |   9|          2|    6|         12|
    |data_b_blk_n             |   9|          2|    1|          2|
    |gmem1_blk_n_AR           |   9|          2|    1|          2|
    |gmem1_blk_n_R            |   9|          2|    1|          2|
    |i_fu_62                  |   9|          2|    6|         12|
    +-------------------------+----+-----------+-----+-----------+
    |Total                    |  63|         14|   17|         34|
    +-------------------------+----+-----------+-----+-----------+

    * Register: 
    +----------------------------------+----+----+-----+-----------+
    |               Name               | FF | LUT| Bits| Const Bits|
    +----------------------------------+----+----+-----+-----------+
    |ap_CS_fsm                         |   1|   0|    1|          0|
    |ap_done_reg                       |   1|   0|    1|          0|
    |ap_enable_reg_pp0_iter1           |   1|   0|    1|          0|
    |ap_enable_reg_pp0_iter10          |   1|   0|    1|          0|
    |ap_enable_reg_pp0_iter2           |   1|   0|    1|          0|
    |ap_enable_reg_pp0_iter3           |   1|   0|    1|          0|
    |ap_enable_reg_pp0_iter4           |   1|   0|    1|          0|
    |ap_enable_reg_pp0_iter5           |   1|   0|    1|          0|
    |ap_enable_reg_pp0_iter6           |   1|   0|    1|          0|
    |ap_enable_reg_pp0_iter7           |   1|   0|    1|          0|
    |ap_enable_reg_pp0_iter8           |   1|   0|    1|          0|
    |ap_enable_reg_pp0_iter9           |   1|   0|    1|          0|
    |ap_loop_exit_ready_pp0_iter1_reg  |   1|   0|    1|          0|
    |ap_loop_exit_ready_pp0_iter2_reg  |   1|   0|    1|          0|
    |ap_loop_exit_ready_pp0_iter3_reg  |   1|   0|    1|          0|
    |ap_loop_exit_ready_pp0_iter4_reg  |   1|   0|    1|          0|
    |ap_loop_exit_ready_pp0_iter5_reg  |   1|   0|    1|          0|
    |ap_loop_exit_ready_pp0_iter6_reg  |   1|   0|    1|          0|
    |ap_loop_exit_ready_pp0_iter7_reg  |   1|   0|    1|          0|
    |ap_loop_exit_ready_pp0_iter8_reg  |   1|   0|    1|          0|
    |ap_loop_exit_ready_pp0_iter9_reg  |   1|   0|    1|          0|
    |gmem1_addr_reg_165                |  64|   0|   64|          0|
    |i_fu_62                           |   6|   0|    6|          0|
    |tmp_b_reg_171                     |  32|   0|   32|          0|
    +----------------------------------+----+----+-----+-----------+
    |Total                             | 123|   0|  123|          0|
    +----------------------------------+----+----+-----+-----------+



================================================================
== Interface
================================================================
* Summary: 
+----------------------+-----+-----+------------+-------------------------------+--------------+
|       RTL Ports      | Dir | Bits|  Protocol  |         Source Object         |    C Type    |
+----------------------+-----+-----+------------+-------------------------------+--------------+
|ap_clk                |   in|    1|  ap_ctrl_hs|  data_exe_wb_Pipeline_l_data_b|  return value|
|ap_rst                |   in|    1|  ap_ctrl_hs|  data_exe_wb_Pipeline_l_data_b|  return value|
|ap_start              |   in|    1|  ap_ctrl_hs|  data_exe_wb_Pipeline_l_data_b|  return value|
|ap_done               |  out|    1|  ap_ctrl_hs|  data_exe_wb_Pipeline_l_data_b|  return value|
|ap_idle               |  out|    1|  ap_ctrl_hs|  data_exe_wb_Pipeline_l_data_b|  return value|
|ap_ready              |  out|    1|  ap_ctrl_hs|  data_exe_wb_Pipeline_l_data_b|  return value|
|m_axi_gmem1_AWVALID   |  out|    1|       m_axi|                          gmem1|       pointer|
|m_axi_gmem1_AWREADY   |   in|    1|       m_axi|                          gmem1|       pointer|
|m_axi_gmem1_AWADDR    |  out|   64|       m_axi|                          gmem1|       pointer|
|m_axi_gmem1_AWID      |  out|    1|       m_axi|                          gmem1|       pointer|
|m_axi_gmem1_AWLEN     |  out|   32|       m_axi|                          gmem1|       pointer|
|m_axi_gmem1_AWSIZE    |  out|    3|       m_axi|                          gmem1|       pointer|
|m_axi_gmem1_AWBURST   |  out|    2|       m_axi|                          gmem1|       pointer|
|m_axi_gmem1_AWLOCK    |  out|    2|       m_axi|                          gmem1|       pointer|
|m_axi_gmem1_AWCACHE   |  out|    4|       m_axi|                          gmem1|       pointer|
|m_axi_gmem1_AWPROT    |  out|    3|       m_axi|                          gmem1|       pointer|
|m_axi_gmem1_AWQOS     |  out|    4|       m_axi|                          gmem1|       pointer|
|m_axi_gmem1_AWREGION  |  out|    4|       m_axi|                          gmem1|       pointer|
|m_axi_gmem1_AWUSER    |  out|    1|       m_axi|                          gmem1|       pointer|
|m_axi_gmem1_WVALID    |  out|    1|       m_axi|                          gmem1|       pointer|
|m_axi_gmem1_WREADY    |   in|    1|       m_axi|                          gmem1|       pointer|
|m_axi_gmem1_WDATA     |  out|   32|       m_axi|                          gmem1|       pointer|
|m_axi_gmem1_WSTRB     |  out|    4|       m_axi|                          gmem1|       pointer|
|m_axi_gmem1_WLAST     |  out|    1|       m_axi|                          gmem1|       pointer|
|m_axi_gmem1_WID       |  out|    1|       m_axi|                          gmem1|       pointer|
|m_axi_gmem1_WUSER     |  out|    1|       m_axi|                          gmem1|       pointer|
|m_axi_gmem1_ARVALID   |  out|    1|       m_axi|                          gmem1|       pointer|
|m_axi_gmem1_ARREADY   |   in|    1|       m_axi|                          gmem1|       pointer|
|m_axi_gmem1_ARADDR    |  out|   64|       m_axi|                          gmem1|       pointer|
|m_axi_gmem1_ARID      |  out|    1|       m_axi|                          gmem1|       pointer|
|m_axi_gmem1_ARLEN     |  out|   32|       m_axi|                          gmem1|       pointer|
|m_axi_gmem1_ARSIZE    |  out|    3|       m_axi|                          gmem1|       pointer|
|m_axi_gmem1_ARBURST   |  out|    2|       m_axi|                          gmem1|       pointer|
|m_axi_gmem1_ARLOCK    |  out|    2|       m_axi|                          gmem1|       pointer|
|m_axi_gmem1_ARCACHE   |  out|    4|       m_axi|                          gmem1|       pointer|
|m_axi_gmem1_ARPROT    |  out|    3|       m_axi|                          gmem1|       pointer|
|m_axi_gmem1_ARQOS     |  out|    4|       m_axi|                          gmem1|       pointer|
|m_axi_gmem1_ARREGION  |  out|    4|       m_axi|                          gmem1|       pointer|
|m_axi_gmem1_ARUSER    |  out|    1|       m_axi|                          gmem1|       pointer|
|m_axi_gmem1_RVALID    |   in|    1|       m_axi|                          gmem1|       pointer|
|m_axi_gmem1_RREADY    |  out|    1|       m_axi|                          gmem1|       pointer|
|m_axi_gmem1_RDATA     |   in|   32|       m_axi|                          gmem1|       pointer|
|m_axi_gmem1_RLAST     |   in|    1|       m_axi|                          gmem1|       pointer|
|m_axi_gmem1_RID       |   in|    1|       m_axi|                          gmem1|       pointer|
|m_axi_gmem1_RFIFONUM  |   in|    9|       m_axi|                          gmem1|       pointer|
|m_axi_gmem1_RUSER     |   in|    1|       m_axi|                          gmem1|       pointer|
|m_axi_gmem1_RRESP     |   in|    2|       m_axi|                          gmem1|       pointer|
|m_axi_gmem1_BVALID    |   in|    1|       m_axi|                          gmem1|       pointer|
|m_axi_gmem1_BREADY    |  out|    1|       m_axi|                          gmem1|       pointer|
|m_axi_gmem1_BRESP     |   in|    2|       m_axi|                          gmem1|       pointer|
|m_axi_gmem1_BID       |   in|    1|       m_axi|                          gmem1|       pointer|
|m_axi_gmem1_BUSER     |   in|    1|       m_axi|                          gmem1|       pointer|
|data_b_din            |  out|   32|     ap_fifo|                         data_b|       pointer|
|data_b_full_n         |   in|    1|     ap_fifo|                         data_b|       pointer|
|data_b_write          |  out|    1|     ap_fifo|                         data_b|       pointer|
|b                     |   in|   64|     ap_none|                              b|        scalar|
+----------------------+-----+-----+------------+-------------------------------+--------------+

