

================================================================
== Vitis HLS Report for 'alv_MIMD_Pipeline_reset'
================================================================
* Date:           Sun May 12 19:57:49 2024

* Version:        2023.2 (Build 4023990 on Oct 11 2023)
* Project:        HLS
* Solution:       solution1 (Vivado IP Flow Target)
* Product family: zynq
* Target device:  xc7z020-clg400-1


================================================================
== Performance Estimates
================================================================
+ Timing: 
    * Summary: 
    +--------+----------+----------+------------+
    |  Clock |  Target  | Estimated| Uncertainty|
    +--------+----------+----------+------------+
    |ap_clk  |  10.00 ns|  7.300 ns|     2.70 ns|
    +--------+----------+----------+------------+

+ Latency: 
    * Summary: 
    +---------+---------+----------+----------+-----+-----+---------+
    |  Latency (cycles) |  Latency (absolute) |  Interval | Pipeline|
    |   min   |   max   |    min   |    max   | min | max |   Type  |
    +---------+---------+----------+----------+-----+-----+---------+
    |       58|       58|  0.580 us|  0.580 us|   58|   58|       no|
    +---------+---------+----------+----------+-----+-----+---------+

    + Detail: 
        * Instance: 
        N/A

        * Loop: 
        +----------+---------+---------+----------+-----------+-----------+------+----------+
        |          |  Latency (cycles) | Iteration|  Initiation Interval  | Trip |          |
        | Loop Name|   min   |   max   |  Latency |  achieved |   target  | Count| Pipelined|
        +----------+---------+---------+----------+-----------+-----------+------+----------+
        |- reset   |       56|       56|         8|          1|          1|    50|       yes|
        +----------+---------+---------+----------+-----------+-----------+------+----------+

============================================================
+ Verbose Summary: Synthesis Manager
============================================================
InlineROM: 1
ExposeGlobal: 0
============================================================
+ Verbose Summary: CDFG Model
============================================================
IsTopModel: 0
ResetActiveHigh: 1
IsCombinational: 0
IsDatapathOnly: 0
HasWiredReturn: 1
HasMFsm: 2
HasVarLatency: 1
IsPipeline: 0
IsRtlPipelined: 0
IsInstanceOverlapped: 0
IsDontTouch: 0
HasImplIP: 0
IsGatedGlobalClock: 0

+ Individual pipeline summary: 
  * Pipeline-0: initiation interval (II) = 1, depth = 8


============================================================
+ Verbose Summary: Schedule
============================================================
* Number of FSM states : 8
* Pipeline : 1
  Pipeline-0 : II = 1, D = 8, States = { 1 2 3 4 5 6 7 8 }
* Dataflow Pipeline: 0

* FSM state transitions: 
1 --> 2 
2 --> 3 
3 --> 4 
4 --> 5 
5 --> 6 
6 --> 7 
7 --> 8 
8 --> 

* FSM state operations: 

State 1 <SV = 0> <Delay = 5.10>
ST_1 : Operation 11 [1/1] (0.00ns)   --->   "%i = alloca i32 1" [HLS/core.cpp:12->HLS/core.cpp:202]   --->   Operation 11 'alloca' 'i' <Predicate = true> <Delay = 0.00>
ST_1 : Operation 12 [1/1] (0.00ns)   --->   "%specinterface_ln0 = specinterface void @_ssdm_op_SpecInterface, i32 %data_b, void @empty_15, i32 0, i32 0, void @empty_0, i32 0, i32 0, void @empty_0, void @empty_0, void @empty_0, i32 0, i32 0, i32 0, i32 0, void @empty_0, void @empty_0, i32 4294967295, i32 0"   --->   Operation 12 'specinterface' 'specinterface_ln0' <Predicate = true> <Delay = 0.00>
ST_1 : Operation 13 [1/1] (0.00ns)   --->   "%specinterface_ln0 = specinterface void @_ssdm_op_SpecInterface, i32 %data_a, void @empty_15, i32 0, i32 0, void @empty_0, i32 0, i32 0, void @empty_0, void @empty_0, void @empty_0, i32 0, i32 0, i32 0, i32 0, void @empty_0, void @empty_0, i32 4294967295, i32 0"   --->   Operation 13 'specinterface' 'specinterface_ln0' <Predicate = true> <Delay = 0.00>
ST_1 : Operation 14 [1/1] (0.00ns)   --->   "%specinterface_ln0 = specinterface void @_ssdm_op_SpecInterface, i32 %gmem2, void @empty, i32 0, i32 0, void @empty_0, i32 0, i32 50, void @empty_4, void @empty_2, void @empty_0, i32 16, i32 16, i32 16, i32 16, void @empty_0, void @empty_0, i32 4294967295, i32 0"   --->   Operation 14 'specinterface' 'specinterface_ln0' <Predicate = true> <Delay = 0.00>
ST_1 : Operation 15 [1/1] (0.00ns)   --->   "%c_read = read i64 @_ssdm_op_Read.ap_auto.i64, i64 %c"   --->   Operation 15 'read' 'c_read' <Predicate = true> <Delay = 0.00>
ST_1 : Operation 16 [1/1] (1.58ns)   --->   "%store_ln12 = store i6 0, i6 %i" [HLS/core.cpp:12->HLS/core.cpp:202]   --->   Operation 16 'store' 'store_ln12' <Predicate = true> <Delay = 1.58>
ST_1 : Operation 17 [1/1] (0.00ns)   --->   "%br_ln0 = br void %for.inc.i30"   --->   Operation 17 'br' 'br_ln0' <Predicate = true> <Delay = 0.00>
ST_1 : Operation 18 [1/1] (0.00ns)   --->   "%i_3 = load i6 %i" [HLS/core.cpp:12->HLS/core.cpp:202]   --->   Operation 18 'load' 'i_3' <Predicate = true> <Delay = 0.00>
ST_1 : Operation 19 [1/1] (0.00ns)   --->   "%specbitsmap_ln0 = specbitsmap void @_ssdm_op_SpecBitsMap, i32 %gmem2"   --->   Operation 19 'specbitsmap' 'specbitsmap_ln0' <Predicate = true> <Delay = 0.00>
ST_1 : Operation 20 [1/1] (1.82ns)   --->   "%icmp_ln12 = icmp_eq  i6 %i_3, i6 50" [HLS/core.cpp:12->HLS/core.cpp:202]   --->   Operation 20 'icmp' 'icmp_ln12' <Predicate = true> <Delay = 1.82> <CoreInst = "Cmp">   --->   Core 9 'Cmp' <Latency = 0> <II = 1> <Delay = 1.82> <FuncUnit> <Opcode : 'icmp'> <InPorts = 2> <OutPorts = 1>
ST_1 : Operation 21 [1/1] (1.82ns)   --->   "%add_ln12 = add i6 %i_3, i6 1" [HLS/core.cpp:12->HLS/core.cpp:202]   --->   Operation 21 'add' 'add_ln12' <Predicate = true> <Delay = 1.82> <CoreInst = "Adder">   --->   Core 1 'Adder' <Latency = 0> <II = 1> <Delay = 1.82> <FuncUnit> <Opcode : 'add' 'sub'> <InPorts = 2> <OutPorts = 1>
ST_1 : Operation 22 [1/1] (0.00ns)   --->   "%br_ln12 = br i1 %icmp_ln12, void %for.inc.i30.split, void %sw.epilog.loopexit.exitStub" [HLS/core.cpp:12->HLS/core.cpp:202]   --->   Operation 22 'br' 'br_ln12' <Predicate = true> <Delay = 0.00>
ST_1 : Operation 23 [1/1] (0.00ns)   --->   "%shl_ln = bitconcatenate i8 @_ssdm_op_BitConcatenate.i8.i6.i2, i6 %i_3, i2 0" [HLS/core.cpp:14->HLS/core.cpp:202]   --->   Operation 23 'bitconcatenate' 'shl_ln' <Predicate = (!icmp_ln12)> <Delay = 0.00>
ST_1 : Operation 24 [1/1] (0.00ns)   --->   "%zext_ln14 = zext i8 %shl_ln" [HLS/core.cpp:14->HLS/core.cpp:202]   --->   Operation 24 'zext' 'zext_ln14' <Predicate = (!icmp_ln12)> <Delay = 0.00>
ST_1 : Operation 25 [1/1] (3.52ns)   --->   "%add_ln14 = add i64 %zext_ln14, i64 %c_read" [HLS/core.cpp:14->HLS/core.cpp:202]   --->   Operation 25 'add' 'add_ln14' <Predicate = (!icmp_ln12)> <Delay = 3.52> <CoreInst = "Adder">   --->   Core 1 'Adder' <Latency = 0> <II = 1> <Delay = 3.52> <FuncUnit> <Opcode : 'add' 'sub'> <InPorts = 2> <OutPorts = 1>
ST_1 : Operation 26 [1/1] (0.00ns)   --->   "%trunc_ln = partselect i62 @_ssdm_op_PartSelect.i62.i64.i32.i32, i64 %add_ln14, i32 2, i32 63" [HLS/core.cpp:14->HLS/core.cpp:202]   --->   Operation 26 'partselect' 'trunc_ln' <Predicate = (!icmp_ln12)> <Delay = 0.00>
ST_1 : Operation 27 [1/1] (0.00ns)   --->   "%sext_ln14 = sext i62 %trunc_ln" [HLS/core.cpp:14->HLS/core.cpp:202]   --->   Operation 27 'sext' 'sext_ln14' <Predicate = (!icmp_ln12)> <Delay = 0.00>
ST_1 : Operation 28 [1/1] (0.00ns)   --->   "%gmem2_addr = getelementptr i32 %gmem2, i64 %sext_ln14" [HLS/core.cpp:14->HLS/core.cpp:202]   --->   Operation 28 'getelementptr' 'gmem2_addr' <Predicate = (!icmp_ln12)> <Delay = 0.00>
ST_1 : Operation 29 [1/1] (1.58ns)   --->   "%store_ln12 = store i6 %add_ln12, i6 %i" [HLS/core.cpp:12->HLS/core.cpp:202]   --->   Operation 29 'store' 'store_ln12' <Predicate = (!icmp_ln12)> <Delay = 1.58>

State 2 <SV = 1> <Delay = 7.30>
ST_2 : Operation 30 [1/1] (7.30ns)   --->   "%gmem2_addr_req = writereq i1 @_ssdm_op_WriteReq.m_axi.i32P1A, i32 %gmem2_addr, i32 1" [HLS/core.cpp:14->HLS/core.cpp:202]   --->   Operation 30 'writereq' 'gmem2_addr_req' <Predicate = true> <Delay = 7.30> <CoreInst = "m_axi">   --->   Core 113 'm_axi' <Latency = 0> <II = 1> <Delay = 1.00> <Adapter> <Opcode : 'read' 'write' 'readreq' 'writereq' 'writeresp'>

State 3 <SV = 2> <Delay = 7.30>
ST_3 : Operation 31 [1/1] (7.30ns)   --->   "%write_ln14 = write void @_ssdm_op_Write.m_axi.volatile.i32P1A, i32 %gmem2_addr, i32 0, i4 15" [HLS/core.cpp:14->HLS/core.cpp:202]   --->   Operation 31 'write' 'write_ln14' <Predicate = true> <Delay = 7.30> <CoreInst = "m_axi">   --->   Core 113 'm_axi' <Latency = 0> <II = 1> <Delay = 1.00> <Adapter> <Opcode : 'read' 'write' 'readreq' 'writereq' 'writeresp'>
ST_3 : Operation 32 [1/1] (3.63ns)   --->   "%write_ln15 = write void @_ssdm_op_Write.ap_fifo.volatile.i32P0A, i32 %data_a, i32 0" [HLS/core.cpp:15->HLS/core.cpp:202]   --->   Operation 32 'write' 'write_ln15' <Predicate = true> <Delay = 3.63> <CoreInst = "FIFO_SRL">   --->   Core 81 'FIFO_SRL' <Latency = 0> <II = 1> <Delay = 3.63> <Storage> <Opcode : 'read' 'write' 'nbread' 'nbwrite'> <Ports = 0> <Width = 32> <Depth = 2> <FIFO>
ST_3 : Operation 33 [1/1] (3.63ns)   --->   "%write_ln16 = write void @_ssdm_op_Write.ap_fifo.volatile.i32P0A, i32 %data_b, i32 0" [HLS/core.cpp:16->HLS/core.cpp:202]   --->   Operation 33 'write' 'write_ln16' <Predicate = true> <Delay = 3.63> <CoreInst = "FIFO_SRL">   --->   Core 81 'FIFO_SRL' <Latency = 0> <II = 1> <Delay = 3.63> <Storage> <Opcode : 'read' 'write' 'nbread' 'nbwrite'> <Ports = 0> <Width = 32> <Depth = 2> <FIFO>

State 4 <SV = 3> <Delay = 7.30>
ST_4 : Operation 34 [5/5] (7.30ns)   --->   "%gmem2_addr_resp = writeresp i1 @_ssdm_op_WriteResp.m_axi.i32P1A, i32 %gmem2_addr" [HLS/core.cpp:14->HLS/core.cpp:202]   --->   Operation 34 'writeresp' 'gmem2_addr_resp' <Predicate = true> <Delay = 7.30> <CoreInst = "m_axi">   --->   Core 113 'm_axi' <Latency = 0> <II = 1> <Delay = 1.00> <Adapter> <Opcode : 'read' 'write' 'readreq' 'writereq' 'writeresp'>

State 5 <SV = 4> <Delay = 7.30>
ST_5 : Operation 35 [4/5] (7.30ns)   --->   "%gmem2_addr_resp = writeresp i1 @_ssdm_op_WriteResp.m_axi.i32P1A, i32 %gmem2_addr" [HLS/core.cpp:14->HLS/core.cpp:202]   --->   Operation 35 'writeresp' 'gmem2_addr_resp' <Predicate = true> <Delay = 7.30> <CoreInst = "m_axi">   --->   Core 113 'm_axi' <Latency = 0> <II = 1> <Delay = 1.00> <Adapter> <Opcode : 'read' 'write' 'readreq' 'writereq' 'writeresp'>

State 6 <SV = 5> <Delay = 7.30>
ST_6 : Operation 36 [3/5] (7.30ns)   --->   "%gmem2_addr_resp = writeresp i1 @_ssdm_op_WriteResp.m_axi.i32P1A, i32 %gmem2_addr" [HLS/core.cpp:14->HLS/core.cpp:202]   --->   Operation 36 'writeresp' 'gmem2_addr_resp' <Predicate = true> <Delay = 7.30> <CoreInst = "m_axi">   --->   Core 113 'm_axi' <Latency = 0> <II = 1> <Delay = 1.00> <Adapter> <Opcode : 'read' 'write' 'readreq' 'writereq' 'writeresp'>

State 7 <SV = 6> <Delay = 7.30>
ST_7 : Operation 37 [2/5] (7.30ns)   --->   "%gmem2_addr_resp = writeresp i1 @_ssdm_op_WriteResp.m_axi.i32P1A, i32 %gmem2_addr" [HLS/core.cpp:14->HLS/core.cpp:202]   --->   Operation 37 'writeresp' 'gmem2_addr_resp' <Predicate = true> <Delay = 7.30> <CoreInst = "m_axi">   --->   Core 113 'm_axi' <Latency = 0> <II = 1> <Delay = 1.00> <Adapter> <Opcode : 'read' 'write' 'readreq' 'writereq' 'writeresp'>
ST_7 : Operation 43 [1/1] (0.00ns)   --->   "%ret_ln0 = ret"   --->   Operation 43 'ret' 'ret_ln0' <Predicate = (icmp_ln12)> <Delay = 0.00>

State 8 <SV = 7> <Delay = 7.30>
ST_8 : Operation 38 [1/1] (0.00ns)   --->   "%specpipeline_ln12 = specpipeline void @_ssdm_op_SpecPipeline, i32 4294967295, i32 0, i32 0, i32 0, void @empty_0" [HLS/core.cpp:12->HLS/core.cpp:202]   --->   Operation 38 'specpipeline' 'specpipeline_ln12' <Predicate = true> <Delay = 0.00>
ST_8 : Operation 39 [1/1] (0.00ns)   --->   "%speclooptripcount_ln12 = speclooptripcount void @_ssdm_op_SpecLoopTripCount, i64 50, i64 50, i64 50" [HLS/core.cpp:12->HLS/core.cpp:202]   --->   Operation 39 'speclooptripcount' 'speclooptripcount_ln12' <Predicate = true> <Delay = 0.00>
ST_8 : Operation 40 [1/1] (0.00ns)   --->   "%specloopname_ln12 = specloopname void @_ssdm_op_SpecLoopName, void @empty_18" [HLS/core.cpp:12->HLS/core.cpp:202]   --->   Operation 40 'specloopname' 'specloopname_ln12' <Predicate = true> <Delay = 0.00>
ST_8 : Operation 41 [1/5] (7.30ns)   --->   "%gmem2_addr_resp = writeresp i1 @_ssdm_op_WriteResp.m_axi.i32P1A, i32 %gmem2_addr" [HLS/core.cpp:14->HLS/core.cpp:202]   --->   Operation 41 'writeresp' 'gmem2_addr_resp' <Predicate = true> <Delay = 7.30> <CoreInst = "m_axi">   --->   Core 113 'm_axi' <Latency = 0> <II = 1> <Delay = 1.00> <Adapter> <Opcode : 'read' 'write' 'readreq' 'writereq' 'writeresp'>
ST_8 : Operation 42 [1/1] (0.00ns)   --->   "%br_ln12 = br void %for.inc.i30" [HLS/core.cpp:12->HLS/core.cpp:202]   --->   Operation 42 'br' 'br_ln12' <Predicate = true> <Delay = 0.00>


============================================================
+ Verbose Summary: Binding
============================================================
STG Binding: 
---------------- STG Properties BEGIN ----------------
- Is combinational: 0
- Is one-state seq: 0
- Is datapath-only: 0
- Is pipelined: 0
- Is top level: 0
Port [ Return ] is wired: 1; IO mode=ap_ctrl_hs:ce=0
Port [ gmem2]:  wired=1; compound=1; hidden=0; nouse=0; global=0; static=0; extern=0; dir=1; type=4; pingpong=0; private_global=0; IO mode=m_axi:ce=0
Port [ c]:  wired=1; compound=0; hidden=0; nouse=0; global=0; static=0; extern=0; dir=0; type=0; pingpong=0; private_global=0; IO mode=ap_none:ce=0
Port [ data_a]:  wired=1; compound=1; hidden=0; nouse=0; global=0; static=0; extern=0; dir=1; type=3; pingpong=0; private_global=0; IO mode=ap_fifo:ce=0
Port [ data_b]:  wired=1; compound=1; hidden=0; nouse=0; global=0; static=0; extern=0; dir=1; type=3; pingpong=0; private_global=0; IO mode=ap_fifo:ce=0
---------------- STG Properties END ------------------

---------------- Datapath Model BEGIN ----------------

<LifeTime>
<method=bitvector/>
i                      (alloca           ) [ 010000000]
specinterface_ln0      (specinterface    ) [ 000000000]
specinterface_ln0      (specinterface    ) [ 000000000]
specinterface_ln0      (specinterface    ) [ 000000000]
c_read                 (read             ) [ 000000000]
store_ln12             (store            ) [ 000000000]
br_ln0                 (br               ) [ 000000000]
i_3                    (load             ) [ 000000000]
specbitsmap_ln0        (specbitsmap      ) [ 000000000]
icmp_ln12              (icmp             ) [ 011111110]
add_ln12               (add              ) [ 000000000]
br_ln12                (br               ) [ 000000000]
shl_ln                 (bitconcatenate   ) [ 000000000]
zext_ln14              (zext             ) [ 000000000]
add_ln14               (add              ) [ 000000000]
trunc_ln               (partselect       ) [ 000000000]
sext_ln14              (sext             ) [ 000000000]
gmem2_addr             (getelementptr    ) [ 011111111]
store_ln12             (store            ) [ 000000000]
gmem2_addr_req         (writereq         ) [ 000000000]
write_ln14             (write            ) [ 000000000]
write_ln15             (write            ) [ 000000000]
write_ln16             (write            ) [ 000000000]
specpipeline_ln12      (specpipeline     ) [ 000000000]
speclooptripcount_ln12 (speclooptripcount) [ 000000000]
specloopname_ln12      (specloopname     ) [ 000000000]
gmem2_addr_resp        (writeresp        ) [ 000000000]
br_ln12                (br               ) [ 000000000]
ret_ln0                (ret              ) [ 000000000]
</LifeTime>

<model>

<comp_list>
<comp id="0" class="1000" name="gmem2">
<pin_list>
<pin id="1" dir="1" index="0" bw="1" slack="0"/>
</pin_list>
<bind>
<StgValue><ssdm name="gmem2"/></StgValue>
</bind>
</comp>

<comp id="2" class="1000" name="c">
<pin_list>
<pin id="3" dir="1" index="0" bw="1" slack="0"/>
</pin_list>
<bind>
<StgValue><ssdm name="c"/></StgValue>
</bind>
</comp>

<comp id="4" class="1000" name="data_a">
<pin_list>
<pin id="5" dir="1" index="0" bw="1" slack="0"/>
</pin_list>
<bind>
<StgValue><ssdm name="data_a"/></StgValue>
</bind>
</comp>

<comp id="6" class="1000" name="data_b">
<pin_list>
<pin id="7" dir="1" index="0" bw="1" slack="0"/>
</pin_list>
<bind>
<StgValue><ssdm name="data_b"/></StgValue>
</bind>
</comp>

<comp id="8" class="1001" name="const_8">
<pin_list>
<pin id="9" dir="1" index="0" bw="1" slack="0"/>
</pin_list>
<bind>
<StgValue><ssdm name=""/></StgValue>
</bind>
</comp>

<comp id="10" class="1001" name="const_10">
<pin_list>
<pin id="11" dir="1" index="0" bw="1" slack="2147483647"/>
</pin_list>
<bind>
<StgValue><ssdm name="_ssdm_op_SpecInterface"/></StgValue>
</bind>
</comp>

<comp id="12" class="1001" name="const_12">
<pin_list>
<pin id="13" dir="1" index="0" bw="1" slack="2147483647"/>
</pin_list>
<bind>
<StgValue><ssdm name="empty_15"/></StgValue>
</bind>
</comp>

<comp id="14" class="1001" name="const_14">
<pin_list>
<pin id="15" dir="1" index="0" bw="1" slack="0"/>
</pin_list>
<bind>
<StgValue><ssdm name=""/></StgValue>
</bind>
</comp>

<comp id="16" class="1001" name="const_16">
<pin_list>
<pin id="17" dir="1" index="0" bw="1" slack="2147483647"/>
</pin_list>
<bind>
<StgValue><ssdm name="empty_0"/></StgValue>
</bind>
</comp>

<comp id="18" class="1001" name="const_18">
<pin_list>
<pin id="19" dir="1" index="0" bw="1" slack="2147483647"/>
</pin_list>
<bind>
<StgValue><ssdm name=""/></StgValue>
</bind>
</comp>

<comp id="20" class="1001" name="const_20">
<pin_list>
<pin id="21" dir="1" index="0" bw="1" slack="2147483647"/>
</pin_list>
<bind>
<StgValue><ssdm name="empty"/></StgValue>
</bind>
</comp>

<comp id="22" class="1001" name="const_22">
<pin_list>
<pin id="23" dir="1" index="0" bw="1" slack="2147483647"/>
</pin_list>
<bind>
<StgValue><ssdm name=""/></StgValue>
</bind>
</comp>

<comp id="24" class="1001" name="const_24">
<pin_list>
<pin id="25" dir="1" index="0" bw="1" slack="2147483647"/>
</pin_list>
<bind>
<StgValue><ssdm name="empty_4"/></StgValue>
</bind>
</comp>

<comp id="26" class="1001" name="const_26">
<pin_list>
<pin id="27" dir="1" index="0" bw="1" slack="2147483647"/>
</pin_list>
<bind>
<StgValue><ssdm name="empty_2"/></StgValue>
</bind>
</comp>

<comp id="28" class="1001" name="const_28">
<pin_list>
<pin id="29" dir="1" index="0" bw="1" slack="2147483647"/>
</pin_list>
<bind>
<StgValue><ssdm name=""/></StgValue>
</bind>
</comp>

<comp id="30" class="1001" name="const_30">
<pin_list>
<pin id="31" dir="1" index="0" bw="1" slack="0"/>
</pin_list>
<bind>
<StgValue><ssdm name="_ssdm_op_Read.ap_auto.i64"/></StgValue>
</bind>
</comp>

<comp id="32" class="1001" name="const_32">
<pin_list>
<pin id="33" dir="1" index="0" bw="1" slack="0"/>
</pin_list>
<bind>
<StgValue><ssdm name=""/></StgValue>
</bind>
</comp>

<comp id="34" class="1001" name="const_34">
<pin_list>
<pin id="35" dir="1" index="0" bw="1" slack="2147483647"/>
</pin_list>
<bind>
<StgValue><ssdm name="_ssdm_op_SpecBitsMap"/></StgValue>
</bind>
</comp>

<comp id="36" class="1001" name="const_36">
<pin_list>
<pin id="37" dir="1" index="0" bw="1" slack="0"/>
</pin_list>
<bind>
<StgValue><ssdm name=""/></StgValue>
</bind>
</comp>

<comp id="38" class="1001" name="const_38">
<pin_list>
<pin id="39" dir="1" index="0" bw="1" slack="0"/>
</pin_list>
<bind>
<StgValue><ssdm name=""/></StgValue>
</bind>
</comp>

<comp id="40" class="1001" name="const_40">
<pin_list>
<pin id="41" dir="1" index="0" bw="1" slack="0"/>
</pin_list>
<bind>
<StgValue><ssdm name="_ssdm_op_BitConcatenate.i8.i6.i2"/></StgValue>
</bind>
</comp>

<comp id="42" class="1001" name="const_42">
<pin_list>
<pin id="43" dir="1" index="0" bw="1" slack="0"/>
</pin_list>
<bind>
<StgValue><ssdm name=""/></StgValue>
</bind>
</comp>

<comp id="44" class="1001" name="const_44">
<pin_list>
<pin id="45" dir="1" index="0" bw="1" slack="0"/>
</pin_list>
<bind>
<StgValue><ssdm name="_ssdm_op_PartSelect.i62.i64.i32.i32"/></StgValue>
</bind>
</comp>

<comp id="46" class="1001" name="const_46">
<pin_list>
<pin id="47" dir="1" index="0" bw="1" slack="0"/>
</pin_list>
<bind>
<StgValue><ssdm name=""/></StgValue>
</bind>
</comp>

<comp id="48" class="1001" name="const_48">
<pin_list>
<pin id="49" dir="1" index="0" bw="1" slack="0"/>
</pin_list>
<bind>
<StgValue><ssdm name=""/></StgValue>
</bind>
</comp>

<comp id="50" class="1001" name="const_50">
<pin_list>
<pin id="51" dir="1" index="0" bw="1" slack="0"/>
</pin_list>
<bind>
<StgValue><ssdm name="_ssdm_op_WriteReq.m_axi.i32P1A"/></StgValue>
</bind>
</comp>

<comp id="52" class="1001" name="const_52">
<pin_list>
<pin id="53" dir="1" index="0" bw="1" slack="0"/>
</pin_list>
<bind>
<StgValue><ssdm name="_ssdm_op_Write.m_axi.volatile.i32P1A"/></StgValue>
</bind>
</comp>

<comp id="54" class="1001" name="const_54">
<pin_list>
<pin id="55" dir="1" index="0" bw="1" slack="0"/>
</pin_list>
<bind>
<StgValue><ssdm name=""/></StgValue>
</bind>
</comp>

<comp id="56" class="1001" name="const_56">
<pin_list>
<pin id="57" dir="1" index="0" bw="1" slack="0"/>
</pin_list>
<bind>
<StgValue><ssdm name="_ssdm_op_Write.ap_fifo.volatile.i32P0A"/></StgValue>
</bind>
</comp>

<comp id="58" class="1001" name="const_58">
<pin_list>
<pin id="59" dir="1" index="0" bw="1" slack="0"/>
</pin_list>
<bind>
<StgValue><ssdm name="_ssdm_op_WriteResp.m_axi.i32P1A"/></StgValue>
</bind>
</comp>

<comp id="60" class="1001" name="const_60">
<pin_list>
<pin id="61" dir="1" index="0" bw="1" slack="2147483647"/>
</pin_list>
<bind>
<StgValue><ssdm name="_ssdm_op_SpecPipeline"/></StgValue>
</bind>
</comp>

<comp id="62" class="1001" name="const_62">
<pin_list>
<pin id="63" dir="1" index="0" bw="1" slack="2147483647"/>
</pin_list>
<bind>
<StgValue><ssdm name="_ssdm_op_SpecLoopTripCount"/></StgValue>
</bind>
</comp>

<comp id="64" class="1001" name="const_64">
<pin_list>
<pin id="65" dir="1" index="0" bw="1" slack="2147483647"/>
</pin_list>
<bind>
<StgValue><ssdm name=""/></StgValue>
</bind>
</comp>

<comp id="66" class="1001" name="const_66">
<pin_list>
<pin id="67" dir="1" index="0" bw="1" slack="2147483647"/>
</pin_list>
<bind>
<StgValue><ssdm name="_ssdm_op_SpecLoopName"/></StgValue>
</bind>
</comp>

<comp id="68" class="1001" name="const_68">
<pin_list>
<pin id="69" dir="1" index="0" bw="1" slack="2147483647"/>
</pin_list>
<bind>
<StgValue><ssdm name="empty_18"/></StgValue>
</bind>
</comp>

<comp id="70" class="1004" name="i_fu_70">
<pin_list>
<pin id="71" dir="0" index="0" bw="1" slack="0"/>
<pin id="72" dir="1" index="1" bw="6" slack="0"/>
</pin_list>
<bind>
<opcode="alloca(26) " fcode="alloca"/>
<opset="i/1 "/>
</bind>
</comp>

<comp id="74" class="1004" name="c_read_read_fu_74">
<pin_list>
<pin id="75" dir="0" index="0" bw="64" slack="0"/>
<pin id="76" dir="0" index="1" bw="64" slack="0"/>
<pin id="77" dir="1" index="2" bw="64" slack="0"/>
</pin_list>
<bind>
<opcode="read(1150) " fcode="read"/>
<opset="c_read/1 "/>
</bind>
</comp>

<comp id="80" class="1004" name="grp_writeresp_fu_80">
<pin_list>
<pin id="81" dir="0" index="0" bw="1" slack="0"/>
<pin id="82" dir="0" index="1" bw="32" slack="1"/>
<pin id="83" dir="0" index="2" bw="1" slack="0"/>
<pin id="84" dir="1" index="3" bw="1" slack="2147483647"/>
</pin_list>
<bind>
<opcode="writereq(1155) writeresp(1158) " fcode="writeresp"/>
<opset="gmem2_addr_req/2 gmem2_addr_resp/4 "/>
</bind>
</comp>

<comp id="87" class="1004" name="write_ln14_write_fu_87">
<pin_list>
<pin id="88" dir="0" index="0" bw="0" slack="0"/>
<pin id="89" dir="0" index="1" bw="32" slack="2"/>
<pin id="90" dir="0" index="2" bw="1" slack="0"/>
<pin id="91" dir="0" index="3" bw="1" slack="0"/>
<pin id="92" dir="1" index="4" bw="0" slack="2147483647"/>
</pin_list>
<bind>
<opcode="write(1151) " fcode="write"/>
<opset="write_ln14/3 "/>
</bind>
</comp>

<comp id="96" class="1004" name="write_ln15_write_fu_96">
<pin_list>
<pin id="97" dir="0" index="0" bw="0" slack="0"/>
<pin id="98" dir="0" index="1" bw="32" slack="0"/>
<pin id="99" dir="0" index="2" bw="1" slack="0"/>
<pin id="100" dir="1" index="3" bw="0" slack="2147483647"/>
</pin_list>
<bind>
<opcode="write(1151) " fcode="write"/>
<opset="write_ln15/3 "/>
</bind>
</comp>

<comp id="104" class="1004" name="write_ln16_write_fu_104">
<pin_list>
<pin id="105" dir="0" index="0" bw="0" slack="0"/>
<pin id="106" dir="0" index="1" bw="32" slack="0"/>
<pin id="107" dir="0" index="2" bw="1" slack="0"/>
<pin id="108" dir="1" index="3" bw="0" slack="2147483647"/>
</pin_list>
<bind>
<opcode="write(1151) " fcode="write"/>
<opset="write_ln16/3 "/>
</bind>
</comp>

<comp id="113" class="1004" name="store_ln12_store_fu_113">
<pin_list>
<pin id="114" dir="0" index="0" bw="1" slack="0"/>
<pin id="115" dir="0" index="1" bw="6" slack="0"/>
<pin id="116" dir="1" index="2" bw="0" slack="2147483647"/>
</pin_list>
<bind>
<opcode="store(28) " fcode="store"/>
<opset="store_ln12/1 "/>
</bind>
</comp>

<comp id="118" class="1004" name="i_3_load_fu_118">
<pin_list>
<pin id="119" dir="0" index="0" bw="6" slack="0"/>
<pin id="120" dir="1" index="1" bw="6" slack="0"/>
</pin_list>
<bind>
<opcode="load(27) " fcode="load"/>
<opset="i_3/1 "/>
</bind>
</comp>

<comp id="121" class="1004" name="icmp_ln12_fu_121">
<pin_list>
<pin id="122" dir="0" index="0" bw="6" slack="0"/>
<pin id="123" dir="0" index="1" bw="5" slack="0"/>
<pin id="124" dir="1" index="2" bw="1" slack="6"/>
</pin_list>
<bind>
<opcode="icmp(45) " fcode="icmp"/>
<opset="icmp_ln12/1 "/>
</bind>
</comp>

<comp id="127" class="1004" name="add_ln12_fu_127">
<pin_list>
<pin id="128" dir="0" index="0" bw="6" slack="0"/>
<pin id="129" dir="0" index="1" bw="1" slack="0"/>
<pin id="130" dir="1" index="2" bw="6" slack="0"/>
</pin_list>
<bind>
<opcode="add(8) " fcode="add"/>
<opset="add_ln12/1 "/>
</bind>
</comp>

<comp id="133" class="1004" name="shl_ln_fu_133">
<pin_list>
<pin id="134" dir="0" index="0" bw="8" slack="0"/>
<pin id="135" dir="0" index="1" bw="6" slack="0"/>
<pin id="136" dir="0" index="2" bw="1" slack="0"/>
<pin id="137" dir="1" index="3" bw="8" slack="0"/>
</pin_list>
<bind>
<opcode="bitconcatenate(1004) " fcode="bitconcatenate"/>
<opset="shl_ln/1 "/>
</bind>
</comp>

<comp id="141" class="1004" name="zext_ln14_fu_141">
<pin_list>
<pin id="142" dir="0" index="0" bw="8" slack="0"/>
<pin id="143" dir="1" index="1" bw="64" slack="0"/>
</pin_list>
<bind>
<opcode="zext(34) " fcode="zext"/>
<opset="zext_ln14/1 "/>
</bind>
</comp>

<comp id="145" class="1004" name="add_ln14_fu_145">
<pin_list>
<pin id="146" dir="0" index="0" bw="8" slack="0"/>
<pin id="147" dir="0" index="1" bw="64" slack="0"/>
<pin id="148" dir="1" index="2" bw="64" slack="0"/>
</pin_list>
<bind>
<opcode="add(8) " fcode="add"/>
<opset="add_ln14/1 "/>
</bind>
</comp>

<comp id="151" class="1004" name="trunc_ln_fu_151">
<pin_list>
<pin id="152" dir="0" index="0" bw="62" slack="0"/>
<pin id="153" dir="0" index="1" bw="64" slack="0"/>
<pin id="154" dir="0" index="2" bw="3" slack="0"/>
<pin id="155" dir="0" index="3" bw="7" slack="0"/>
<pin id="156" dir="1" index="4" bw="62" slack="0"/>
</pin_list>
<bind>
<opcode="partselect(1002) " fcode="partselect"/>
<opset="trunc_ln/1 "/>
</bind>
</comp>

<comp id="161" class="1004" name="sext_ln14_fu_161">
<pin_list>
<pin id="162" dir="0" index="0" bw="62" slack="0"/>
<pin id="163" dir="1" index="1" bw="64" slack="0"/>
</pin_list>
<bind>
<opcode="sext(35) " fcode="sext"/>
<opset="sext_ln14/1 "/>
</bind>
</comp>

<comp id="165" class="1004" name="gmem2_addr_fu_165">
<pin_list>
<pin id="166" dir="0" index="0" bw="32" slack="0"/>
<pin id="167" dir="0" index="1" bw="62" slack="0"/>
<pin id="168" dir="1" index="2" bw="32" slack="1"/>
</pin_list>
<bind>
<opcode="getelementptr(29) " fcode="getelementptr"/>
<opset="gmem2_addr/1 "/>
</bind>
</comp>

<comp id="171" class="1004" name="store_ln12_store_fu_171">
<pin_list>
<pin id="172" dir="0" index="0" bw="6" slack="0"/>
<pin id="173" dir="0" index="1" bw="6" slack="0"/>
<pin id="174" dir="1" index="2" bw="0" slack="2147483647"/>
</pin_list>
<bind>
<opcode="store(28) " fcode="store"/>
<opset="store_ln12/1 "/>
</bind>
</comp>

<comp id="176" class="1005" name="i_reg_176">
<pin_list>
<pin id="177" dir="0" index="0" bw="6" slack="0"/>
<pin id="178" dir="1" index="1" bw="6" slack="0"/>
</pin_list>
<bind>
<opset="i "/>
</bind>
</comp>

<comp id="183" class="1005" name="icmp_ln12_reg_183">
<pin_list>
<pin id="184" dir="0" index="0" bw="1" slack="6"/>
<pin id="185" dir="1" index="1" bw="1" slack="2147483647"/>
</pin_list>
<bind>
<opset="icmp_ln12 "/>
</bind>
</comp>

<comp id="187" class="1005" name="gmem2_addr_reg_187">
<pin_list>
<pin id="188" dir="0" index="0" bw="32" slack="1"/>
<pin id="189" dir="1" index="1" bw="32" slack="1"/>
</pin_list>
<bind>
<opset="gmem2_addr "/>
</bind>
</comp>

</comp_list>

<net_list>
<net id="73"><net_src comp="8" pin="0"/><net_sink comp="70" pin=0"/></net>

<net id="78"><net_src comp="30" pin="0"/><net_sink comp="74" pin=0"/></net>

<net id="79"><net_src comp="2" pin="0"/><net_sink comp="74" pin=1"/></net>

<net id="85"><net_src comp="50" pin="0"/><net_sink comp="80" pin=0"/></net>

<net id="86"><net_src comp="8" pin="0"/><net_sink comp="80" pin=2"/></net>

<net id="93"><net_src comp="52" pin="0"/><net_sink comp="87" pin=0"/></net>

<net id="94"><net_src comp="14" pin="0"/><net_sink comp="87" pin=2"/></net>

<net id="95"><net_src comp="54" pin="0"/><net_sink comp="87" pin=3"/></net>

<net id="101"><net_src comp="56" pin="0"/><net_sink comp="96" pin=0"/></net>

<net id="102"><net_src comp="4" pin="0"/><net_sink comp="96" pin=1"/></net>

<net id="103"><net_src comp="14" pin="0"/><net_sink comp="96" pin=2"/></net>

<net id="109"><net_src comp="56" pin="0"/><net_sink comp="104" pin=0"/></net>

<net id="110"><net_src comp="6" pin="0"/><net_sink comp="104" pin=1"/></net>

<net id="111"><net_src comp="14" pin="0"/><net_sink comp="104" pin=2"/></net>

<net id="112"><net_src comp="58" pin="0"/><net_sink comp="80" pin=0"/></net>

<net id="117"><net_src comp="32" pin="0"/><net_sink comp="113" pin=0"/></net>

<net id="125"><net_src comp="118" pin="1"/><net_sink comp="121" pin=0"/></net>

<net id="126"><net_src comp="36" pin="0"/><net_sink comp="121" pin=1"/></net>

<net id="131"><net_src comp="118" pin="1"/><net_sink comp="127" pin=0"/></net>

<net id="132"><net_src comp="38" pin="0"/><net_sink comp="127" pin=1"/></net>

<net id="138"><net_src comp="40" pin="0"/><net_sink comp="133" pin=0"/></net>

<net id="139"><net_src comp="118" pin="1"/><net_sink comp="133" pin=1"/></net>

<net id="140"><net_src comp="42" pin="0"/><net_sink comp="133" pin=2"/></net>

<net id="144"><net_src comp="133" pin="3"/><net_sink comp="141" pin=0"/></net>

<net id="149"><net_src comp="141" pin="1"/><net_sink comp="145" pin=0"/></net>

<net id="150"><net_src comp="74" pin="2"/><net_sink comp="145" pin=1"/></net>

<net id="157"><net_src comp="44" pin="0"/><net_sink comp="151" pin=0"/></net>

<net id="158"><net_src comp="145" pin="2"/><net_sink comp="151" pin=1"/></net>

<net id="159"><net_src comp="46" pin="0"/><net_sink comp="151" pin=2"/></net>

<net id="160"><net_src comp="48" pin="0"/><net_sink comp="151" pin=3"/></net>

<net id="164"><net_src comp="151" pin="4"/><net_sink comp="161" pin=0"/></net>

<net id="169"><net_src comp="0" pin="0"/><net_sink comp="165" pin=0"/></net>

<net id="170"><net_src comp="161" pin="1"/><net_sink comp="165" pin=1"/></net>

<net id="175"><net_src comp="127" pin="2"/><net_sink comp="171" pin=0"/></net>

<net id="179"><net_src comp="70" pin="1"/><net_sink comp="176" pin=0"/></net>

<net id="180"><net_src comp="176" pin="1"/><net_sink comp="113" pin=1"/></net>

<net id="181"><net_src comp="176" pin="1"/><net_sink comp="118" pin=0"/></net>

<net id="182"><net_src comp="176" pin="1"/><net_sink comp="171" pin=1"/></net>

<net id="186"><net_src comp="121" pin="2"/><net_sink comp="183" pin=0"/></net>

<net id="190"><net_src comp="165" pin="2"/><net_sink comp="187" pin=0"/></net>

<net id="191"><net_src comp="187" pin="1"/><net_sink comp="80" pin=1"/></net>

<net id="192"><net_src comp="187" pin="1"/><net_sink comp="87" pin=1"/></net>

</net_list>

</model> 
---------------- Datapath Model END ------------------

* FSMD analyzer results:
  - Output states:
	Port: gmem2 | {2 3 4 5 6 7 8 }
	Port: data_a | {3 }
	Port: data_b | {3 }
 - Input state : 
	Port: alv_MIMD_Pipeline_reset : c | {1 }
  - Chain level:
	State 1
		store_ln12 : 1
		i_3 : 1
		icmp_ln12 : 2
		add_ln12 : 2
		br_ln12 : 3
		shl_ln : 2
		zext_ln14 : 3
		add_ln14 : 4
		trunc_ln : 5
		sext_ln14 : 6
		gmem2_addr : 7
		store_ln12 : 3
	State 2
	State 3
	State 4
	State 5
	State 6
	State 7
	State 8


============================================================
+ Verbose Summary: Datapath Resource usage 
============================================================

* Functional unit list:
|----------|-------------------------|---------|---------|
| Operation|     Functional Unit     |    FF   |   LUT   |
|----------|-------------------------|---------|---------|
|    add   |     add_ln12_fu_127     |    0    |    14   |
|          |     add_ln14_fu_145     |    0    |    71   |
|----------|-------------------------|---------|---------|
|   icmp   |     icmp_ln12_fu_121    |    0    |    14   |
|----------|-------------------------|---------|---------|
|   read   |    c_read_read_fu_74    |    0    |    0    |
|----------|-------------------------|---------|---------|
| writeresp|   grp_writeresp_fu_80   |    0    |    0    |
|----------|-------------------------|---------|---------|
|          |  write_ln14_write_fu_87 |    0    |    0    |
|   write  |  write_ln15_write_fu_96 |    0    |    0    |
|          | write_ln16_write_fu_104 |    0    |    0    |
|----------|-------------------------|---------|---------|
|bitconcatenate|      shl_ln_fu_133      |    0    |    0    |
|----------|-------------------------|---------|---------|
|   zext   |     zext_ln14_fu_141    |    0    |    0    |
|----------|-------------------------|---------|---------|
|partselect|     trunc_ln_fu_151     |    0    |    0    |
|----------|-------------------------|---------|---------|
|   sext   |     sext_ln14_fu_161    |    0    |    0    |
|----------|-------------------------|---------|---------|
|   Total  |                         |    0    |    99   |
|----------|-------------------------|---------|---------|

Memories:
N/A

* Register list:
+------------------+--------+
|                  |   FF   |
+------------------+--------+
|gmem2_addr_reg_187|   32   |
|     i_reg_176    |    6   |
| icmp_ln12_reg_183|    1   |
+------------------+--------+
|       Total      |   39   |
+------------------+--------+

* Multiplexer (MUX) list: 
|---------------------|------|------|------|--------||---------|
|         Comp        |  Pin | Size |  BW  | S x BW ||  Delay  |
|---------------------|------|------|------|--------||---------|
| grp_writeresp_fu_80 |  p0  |   2  |   1  |    2   |
|---------------------|------|------|------|--------||---------|
|        Total        |      |      |      |    2   ||  1.588  |
|---------------------|------|------|------|--------||---------|



* Summary:
+-----------+--------+--------+--------+
|           |  Delay |   FF   |   LUT  |
+-----------+--------+--------+--------+
|  Function |    -   |    0   |   99   |
|   Memory  |    -   |    -   |    -   |
|Multiplexer|    1   |    -   |    -   |
|  Register |    -   |   39   |    -   |
+-----------+--------+--------+--------+
|   Total   |    1   |   39   |   99   |
+-----------+--------+--------+--------+
