

================================================================
== Vitis HLS Report for 'alv_MIMD_Pipeline_l_data'
================================================================
* Date:           Sun May 12 19:57:49 2024

* Version:        2023.2 (Build 4023990 on Oct 11 2023)
* Project:        HLS
* Solution:       solution1 (Vivado IP Flow Target)
* Product family: zynq
* Target device:  xc7z020-clg400-1


================================================================
== Performance Estimates
================================================================
+ Timing: 
    * Summary: 
    +--------+----------+----------+------------+
    |  Clock |  Target  | Estimated| Uncertainty|
    +--------+----------+----------+------------+
    |ap_clk  |  10.00 ns|  7.300 ns|     2.70 ns|
    +--------+----------+----------+------------+

+ Latency: 
    * Summary: 
    +---------+---------+----------+----------+-----+-----+---------+
    |  Latency (cycles) |  Latency (absolute) |  Interval | Pipeline|
    |   min   |   max   |    min   |    max   | min | max |   Type  |
    +---------+---------+----------+----------+-----+-----+---------+
    |       61|       61|  0.610 us|  0.610 us|   61|   61|       no|
    +---------+---------+----------+----------+-----+-----+---------+

    + Detail: 
        * Instance: 
        N/A

        * Loop: 
        +----------+---------+---------+----------+-----------+-----------+------+----------+
        |          |  Latency (cycles) | Iteration|  Initiation Interval  | Trip |          |
        | Loop Name|   min   |   max   |  Latency |  achieved |   target  | Count| Pipelined|
        +----------+---------+---------+----------+-----------+-----------+------+----------+
        |- l_data  |       59|       59|        11|          1|          1|    50|       yes|
        +----------+---------+---------+----------+-----------+-----------+------+----------+

============================================================
+ Verbose Summary: Synthesis Manager
============================================================
InlineROM: 1
ExposeGlobal: 0
============================================================
+ Verbose Summary: CDFG Model
============================================================
IsTopModel: 0
ResetActiveHigh: 1
IsCombinational: 0
IsDatapathOnly: 0
HasWiredReturn: 1
HasMFsm: 2
HasVarLatency: 1
IsPipeline: 0
IsRtlPipelined: 0
IsInstanceOverlapped: 0
IsDontTouch: 0
HasImplIP: 0
IsGatedGlobalClock: 0

+ Individual pipeline summary: 
  * Pipeline-0: initiation interval (II) = 1, depth = 11


============================================================
+ Verbose Summary: Schedule
============================================================
* Number of FSM states : 11
* Pipeline : 1
  Pipeline-0 : II = 1, D = 11, States = { 1 2 3 4 5 6 7 8 9 10 11 }
* Dataflow Pipeline: 0

* FSM state transitions: 
1 --> 2 
2 --> 3 
3 --> 4 
4 --> 5 
5 --> 6 
6 --> 7 
7 --> 8 
8 --> 9 
9 --> 10 
10 --> 11 
11 --> 

* FSM state operations: 

State 1 <SV = 0> <Delay = 5.10>
ST_1 : Operation 14 [1/1] (0.00ns)   --->   "%i_3 = alloca i32 1" [HLS/core.cpp:23->HLS/core.cpp:183]   --->   Operation 14 'alloca' 'i_3' <Predicate = true> <Delay = 0.00>
ST_1 : Operation 15 [1/1] (0.00ns)   --->   "%specinterface_ln0 = specinterface void @_ssdm_op_SpecInterface, i32 %data_b, void @empty_15, i32 0, i32 0, void @empty_0, i32 0, i32 0, void @empty_0, void @empty_0, void @empty_0, i32 0, i32 0, i32 0, i32 0, void @empty_0, void @empty_0, i32 4294967295, i32 0"   --->   Operation 15 'specinterface' 'specinterface_ln0' <Predicate = true> <Delay = 0.00>
ST_1 : Operation 16 [1/1] (0.00ns)   --->   "%specinterface_ln0 = specinterface void @_ssdm_op_SpecInterface, i32 %data_a, void @empty_15, i32 0, i32 0, void @empty_0, i32 0, i32 0, void @empty_0, void @empty_0, void @empty_0, i32 0, i32 0, i32 0, i32 0, void @empty_0, void @empty_0, i32 4294967295, i32 0"   --->   Operation 16 'specinterface' 'specinterface_ln0' <Predicate = true> <Delay = 0.00>
ST_1 : Operation 17 [1/1] (0.00ns)   --->   "%specinterface_ln0 = specinterface void @_ssdm_op_SpecInterface, i32 %gmem0, void @empty, i32 0, i32 0, void @empty_0, i32 0, i32 50, void @empty_1, void @empty_2, void @empty_0, i32 16, i32 16, i32 16, i32 16, void @empty_0, void @empty_0, i32 4294967295, i32 0"   --->   Operation 17 'specinterface' 'specinterface_ln0' <Predicate = true> <Delay = 0.00>
ST_1 : Operation 18 [1/1] (0.00ns)   --->   "%a_read = read i64 @_ssdm_op_Read.ap_auto.i64, i64 %a"   --->   Operation 18 'read' 'a_read' <Predicate = true> <Delay = 0.00>
ST_1 : Operation 19 [1/1] (1.58ns)   --->   "%store_ln23 = store i6 0, i6 %i_3" [HLS/core.cpp:23->HLS/core.cpp:183]   --->   Operation 19 'store' 'store_ln23' <Predicate = true> <Delay = 1.58>
ST_1 : Operation 20 [1/1] (0.00ns)   --->   "%br_ln0 = br void %for.inc.i9"   --->   Operation 20 'br' 'br_ln0' <Predicate = true> <Delay = 0.00>
ST_1 : Operation 21 [1/1] (0.00ns)   --->   "%i = load i6 %i_3" [HLS/core.cpp:23->HLS/core.cpp:183]   --->   Operation 21 'load' 'i' <Predicate = true> <Delay = 0.00>
ST_1 : Operation 22 [1/1] (0.00ns)   --->   "%specbitsmap_ln0 = specbitsmap void @_ssdm_op_SpecBitsMap, i32 %gmem0"   --->   Operation 22 'specbitsmap' 'specbitsmap_ln0' <Predicate = true> <Delay = 0.00>
ST_1 : Operation 23 [1/1] (1.82ns)   --->   "%icmp_ln23 = icmp_eq  i6 %i, i6 50" [HLS/core.cpp:23->HLS/core.cpp:183]   --->   Operation 23 'icmp' 'icmp_ln23' <Predicate = true> <Delay = 1.82> <CoreInst = "Cmp">   --->   Core 9 'Cmp' <Latency = 0> <II = 1> <Delay = 1.82> <FuncUnit> <Opcode : 'icmp'> <InPorts = 2> <OutPorts = 1>
ST_1 : Operation 24 [1/1] (1.82ns)   --->   "%add_ln23 = add i6 %i, i6 1" [HLS/core.cpp:23->HLS/core.cpp:183]   --->   Operation 24 'add' 'add_ln23' <Predicate = true> <Delay = 1.82> <CoreInst = "Adder">   --->   Core 1 'Adder' <Latency = 0> <II = 1> <Delay = 1.82> <FuncUnit> <Opcode : 'add' 'sub'> <InPorts = 2> <OutPorts = 1>
ST_1 : Operation 25 [1/1] (0.00ns)   --->   "%br_ln23 = br i1 %icmp_ln23, void %for.inc.i9.split, void %_Z9load_dataPViS0_RN3hls6streamIiLi0EEES4_.exit.exitStub" [HLS/core.cpp:23->HLS/core.cpp:183]   --->   Operation 25 'br' 'br_ln23' <Predicate = true> <Delay = 0.00>
ST_1 : Operation 26 [1/1] (0.00ns)   --->   "%shl_ln3 = bitconcatenate i8 @_ssdm_op_BitConcatenate.i8.i6.i2, i6 %i, i2 0" [HLS/core.cpp:27->HLS/core.cpp:183]   --->   Operation 26 'bitconcatenate' 'shl_ln3' <Predicate = (!icmp_ln23)> <Delay = 0.00>
ST_1 : Operation 27 [1/1] (0.00ns)   --->   "%zext_ln27 = zext i8 %shl_ln3" [HLS/core.cpp:27->HLS/core.cpp:183]   --->   Operation 27 'zext' 'zext_ln27' <Predicate = (!icmp_ln23)> <Delay = 0.00>
ST_1 : Operation 28 [1/1] (3.52ns)   --->   "%add_ln27 = add i64 %zext_ln27, i64 %a_read" [HLS/core.cpp:27->HLS/core.cpp:183]   --->   Operation 28 'add' 'add_ln27' <Predicate = (!icmp_ln23)> <Delay = 3.52> <CoreInst = "Adder">   --->   Core 1 'Adder' <Latency = 0> <II = 1> <Delay = 3.52> <FuncUnit> <Opcode : 'add' 'sub'> <InPorts = 2> <OutPorts = 1>
ST_1 : Operation 29 [1/1] (0.00ns)   --->   "%trunc_ln3 = partselect i62 @_ssdm_op_PartSelect.i62.i64.i32.i32, i64 %add_ln27, i32 2, i32 63" [HLS/core.cpp:27->HLS/core.cpp:183]   --->   Operation 29 'partselect' 'trunc_ln3' <Predicate = (!icmp_ln23)> <Delay = 0.00>
ST_1 : Operation 30 [1/1] (0.00ns)   --->   "%sext_ln27 = sext i62 %trunc_ln3" [HLS/core.cpp:27->HLS/core.cpp:183]   --->   Operation 30 'sext' 'sext_ln27' <Predicate = (!icmp_ln23)> <Delay = 0.00>
ST_1 : Operation 31 [1/1] (0.00ns)   --->   "%gmem0_addr = getelementptr i32 %gmem0, i64 %sext_ln27" [HLS/core.cpp:27->HLS/core.cpp:183]   --->   Operation 31 'getelementptr' 'gmem0_addr' <Predicate = (!icmp_ln23)> <Delay = 0.00>
ST_1 : Operation 32 [1/1] (1.58ns)   --->   "%store_ln23 = store i6 %add_ln23, i6 %i_3" [HLS/core.cpp:23->HLS/core.cpp:183]   --->   Operation 32 'store' 'store_ln23' <Predicate = (!icmp_ln23)> <Delay = 1.58>

State 2 <SV = 1> <Delay = 7.30>
ST_2 : Operation 33 [8/8] (7.30ns)   --->   "%tmp_a_req = readreq i1 @_ssdm_op_ReadReq.m_axi.i32P1A, i32 %gmem0_addr, i32 1" [HLS/core.cpp:27->HLS/core.cpp:183]   --->   Operation 33 'readreq' 'tmp_a_req' <Predicate = true> <Delay = 7.30> <CoreInst = "m_axi">   --->   Core 113 'm_axi' <Latency = 0> <II = 1> <Delay = 1.00> <Adapter> <Opcode : 'read' 'write' 'readreq' 'writereq' 'writeresp'>

State 3 <SV = 2> <Delay = 7.30>
ST_3 : Operation 34 [7/8] (7.30ns)   --->   "%tmp_a_req = readreq i1 @_ssdm_op_ReadReq.m_axi.i32P1A, i32 %gmem0_addr, i32 1" [HLS/core.cpp:27->HLS/core.cpp:183]   --->   Operation 34 'readreq' 'tmp_a_req' <Predicate = true> <Delay = 7.30> <CoreInst = "m_axi">   --->   Core 113 'm_axi' <Latency = 0> <II = 1> <Delay = 1.00> <Adapter> <Opcode : 'read' 'write' 'readreq' 'writereq' 'writeresp'>

State 4 <SV = 3> <Delay = 7.30>
ST_4 : Operation 35 [6/8] (7.30ns)   --->   "%tmp_a_req = readreq i1 @_ssdm_op_ReadReq.m_axi.i32P1A, i32 %gmem0_addr, i32 1" [HLS/core.cpp:27->HLS/core.cpp:183]   --->   Operation 35 'readreq' 'tmp_a_req' <Predicate = true> <Delay = 7.30> <CoreInst = "m_axi">   --->   Core 113 'm_axi' <Latency = 0> <II = 1> <Delay = 1.00> <Adapter> <Opcode : 'read' 'write' 'readreq' 'writereq' 'writeresp'>

State 5 <SV = 4> <Delay = 7.30>
ST_5 : Operation 36 [5/8] (7.30ns)   --->   "%tmp_a_req = readreq i1 @_ssdm_op_ReadReq.m_axi.i32P1A, i32 %gmem0_addr, i32 1" [HLS/core.cpp:27->HLS/core.cpp:183]   --->   Operation 36 'readreq' 'tmp_a_req' <Predicate = true> <Delay = 7.30> <CoreInst = "m_axi">   --->   Core 113 'm_axi' <Latency = 0> <II = 1> <Delay = 1.00> <Adapter> <Opcode : 'read' 'write' 'readreq' 'writereq' 'writeresp'>

State 6 <SV = 5> <Delay = 7.30>
ST_6 : Operation 37 [4/8] (7.30ns)   --->   "%tmp_a_req = readreq i1 @_ssdm_op_ReadReq.m_axi.i32P1A, i32 %gmem0_addr, i32 1" [HLS/core.cpp:27->HLS/core.cpp:183]   --->   Operation 37 'readreq' 'tmp_a_req' <Predicate = true> <Delay = 7.30> <CoreInst = "m_axi">   --->   Core 113 'm_axi' <Latency = 0> <II = 1> <Delay = 1.00> <Adapter> <Opcode : 'read' 'write' 'readreq' 'writereq' 'writeresp'>

State 7 <SV = 6> <Delay = 7.30>
ST_7 : Operation 38 [3/8] (7.30ns)   --->   "%tmp_a_req = readreq i1 @_ssdm_op_ReadReq.m_axi.i32P1A, i32 %gmem0_addr, i32 1" [HLS/core.cpp:27->HLS/core.cpp:183]   --->   Operation 38 'readreq' 'tmp_a_req' <Predicate = true> <Delay = 7.30> <CoreInst = "m_axi">   --->   Core 113 'm_axi' <Latency = 0> <II = 1> <Delay = 1.00> <Adapter> <Opcode : 'read' 'write' 'readreq' 'writereq' 'writeresp'>

State 8 <SV = 7> <Delay = 7.30>
ST_8 : Operation 39 [2/8] (7.30ns)   --->   "%tmp_a_req = readreq i1 @_ssdm_op_ReadReq.m_axi.i32P1A, i32 %gmem0_addr, i32 1" [HLS/core.cpp:27->HLS/core.cpp:183]   --->   Operation 39 'readreq' 'tmp_a_req' <Predicate = true> <Delay = 7.30> <CoreInst = "m_axi">   --->   Core 113 'm_axi' <Latency = 0> <II = 1> <Delay = 1.00> <Adapter> <Opcode : 'read' 'write' 'readreq' 'writereq' 'writeresp'>

State 9 <SV = 8> <Delay = 7.30>
ST_9 : Operation 40 [1/8] (7.30ns)   --->   "%tmp_a_req = readreq i1 @_ssdm_op_ReadReq.m_axi.i32P1A, i32 %gmem0_addr, i32 1" [HLS/core.cpp:27->HLS/core.cpp:183]   --->   Operation 40 'readreq' 'tmp_a_req' <Predicate = true> <Delay = 7.30> <CoreInst = "m_axi">   --->   Core 113 'm_axi' <Latency = 0> <II = 1> <Delay = 1.00> <Adapter> <Opcode : 'read' 'write' 'readreq' 'writereq' 'writeresp'>

State 10 <SV = 9> <Delay = 7.30>
ST_10 : Operation 41 [1/1] (7.30ns)   --->   "%tmp_a = read i32 @_ssdm_op_Read.m_axi.volatile.i32P1A, i32 %gmem0_addr" [HLS/core.cpp:27->HLS/core.cpp:183]   --->   Operation 41 'read' 'tmp_a' <Predicate = true> <Delay = 7.30> <CoreInst = "m_axi">   --->   Core 113 'm_axi' <Latency = 0> <II = 1> <Delay = 1.00> <Adapter> <Opcode : 'read' 'write' 'readreq' 'writereq' 'writeresp'>
ST_10 : Operation 48 [1/1] (0.00ns)   --->   "%ret_ln0 = ret"   --->   Operation 48 'ret' 'ret_ln0' <Predicate = (icmp_ln23)> <Delay = 0.00>

State 11 <SV = 10> <Delay = 3.63>
ST_11 : Operation 42 [1/1] (0.00ns)   --->   "%specpipeline_ln25 = specpipeline void @_ssdm_op_SpecPipeline, i32 1, i32 0, i32 0, i32 0, void @empty_0" [HLS/core.cpp:25->HLS/core.cpp:183]   --->   Operation 42 'specpipeline' 'specpipeline_ln25' <Predicate = true> <Delay = 0.00>
ST_11 : Operation 43 [1/1] (0.00ns)   --->   "%speclooptripcount_ln23 = speclooptripcount void @_ssdm_op_SpecLoopTripCount, i64 50, i64 50, i64 50" [HLS/core.cpp:23->HLS/core.cpp:183]   --->   Operation 43 'speclooptripcount' 'speclooptripcount_ln23' <Predicate = true> <Delay = 0.00>
ST_11 : Operation 44 [1/1] (0.00ns)   --->   "%specloopname_ln23 = specloopname void @_ssdm_op_SpecLoopName, void @empty_21" [HLS/core.cpp:23->HLS/core.cpp:183]   --->   Operation 44 'specloopname' 'specloopname_ln23' <Predicate = true> <Delay = 0.00>
ST_11 : Operation 45 [1/1] (3.63ns)   --->   "%write_ln28 = write void @_ssdm_op_Write.ap_fifo.volatile.i32P0A, i32 %data_a, i32 %tmp_a" [HLS/core.cpp:28->HLS/core.cpp:183]   --->   Operation 45 'write' 'write_ln28' <Predicate = true> <Delay = 3.63> <CoreInst = "FIFO_SRL">   --->   Core 81 'FIFO_SRL' <Latency = 0> <II = 1> <Delay = 3.63> <Storage> <Opcode : 'read' 'write' 'nbread' 'nbwrite'> <Ports = 0> <Width = 32> <Depth = 2> <FIFO>
ST_11 : Operation 46 [1/1] (3.63ns)   --->   "%write_ln31 = write void @_ssdm_op_Write.ap_fifo.volatile.i32P0A, i32 %data_b, i32 %tmp_a" [HLS/core.cpp:31->HLS/core.cpp:183]   --->   Operation 46 'write' 'write_ln31' <Predicate = true> <Delay = 3.63> <CoreInst = "FIFO_SRL">   --->   Core 81 'FIFO_SRL' <Latency = 0> <II = 1> <Delay = 3.63> <Storage> <Opcode : 'read' 'write' 'nbread' 'nbwrite'> <Ports = 0> <Width = 32> <Depth = 2> <FIFO>
ST_11 : Operation 47 [1/1] (0.00ns)   --->   "%br_ln23 = br void %for.inc.i9" [HLS/core.cpp:23->HLS/core.cpp:183]   --->   Operation 47 'br' 'br_ln23' <Predicate = true> <Delay = 0.00>


============================================================
+ Verbose Summary: Binding
============================================================
STG Binding: 
---------------- STG Properties BEGIN ----------------
- Is combinational: 0
- Is one-state seq: 0
- Is datapath-only: 0
- Is pipelined: 0
- Is top level: 0
Port [ Return ] is wired: 1; IO mode=ap_ctrl_hs:ce=0
Port [ gmem0]:  wired=1; compound=1; hidden=0; nouse=0; global=0; static=0; extern=0; dir=0; type=4; pingpong=0; private_global=0; IO mode=m_axi:ce=0
Port [ a]:  wired=1; compound=0; hidden=0; nouse=0; global=0; static=0; extern=0; dir=0; type=0; pingpong=0; private_global=0; IO mode=ap_none:ce=0
Port [ data_a]:  wired=1; compound=1; hidden=0; nouse=0; global=0; static=0; extern=0; dir=1; type=3; pingpong=0; private_global=0; IO mode=ap_fifo:ce=0
Port [ data_b]:  wired=1; compound=1; hidden=0; nouse=0; global=0; static=0; extern=0; dir=1; type=3; pingpong=0; private_global=0; IO mode=ap_fifo:ce=0
---------------- STG Properties END ------------------

---------------- Datapath Model BEGIN ----------------

<LifeTime>
<method=bitvector/>
i_3                    (alloca           ) [ 010000000000]
specinterface_ln0      (specinterface    ) [ 000000000000]
specinterface_ln0      (specinterface    ) [ 000000000000]
specinterface_ln0      (specinterface    ) [ 000000000000]
a_read                 (read             ) [ 000000000000]
store_ln23             (store            ) [ 000000000000]
br_ln0                 (br               ) [ 000000000000]
i                      (load             ) [ 000000000000]
specbitsmap_ln0        (specbitsmap      ) [ 000000000000]
icmp_ln23              (icmp             ) [ 011111111110]
add_ln23               (add              ) [ 000000000000]
br_ln23                (br               ) [ 000000000000]
shl_ln3                (bitconcatenate   ) [ 000000000000]
zext_ln27              (zext             ) [ 000000000000]
add_ln27               (add              ) [ 000000000000]
trunc_ln3              (partselect       ) [ 000000000000]
sext_ln27              (sext             ) [ 000000000000]
gmem0_addr             (getelementptr    ) [ 011111111110]
store_ln23             (store            ) [ 000000000000]
tmp_a_req              (readreq          ) [ 000000000000]
tmp_a                  (read             ) [ 010000000001]
specpipeline_ln25      (specpipeline     ) [ 000000000000]
speclooptripcount_ln23 (speclooptripcount) [ 000000000000]
specloopname_ln23      (specloopname     ) [ 000000000000]
write_ln28             (write            ) [ 000000000000]
write_ln31             (write            ) [ 000000000000]
br_ln23                (br               ) [ 000000000000]
ret_ln0                (ret              ) [ 000000000000]
</LifeTime>

<model>

<comp_list>
<comp id="0" class="1000" name="gmem0">
<pin_list>
<pin id="1" dir="1" index="0" bw="1" slack="0"/>
</pin_list>
<bind>
<StgValue><ssdm name="gmem0"/></StgValue>
</bind>
</comp>

<comp id="2" class="1000" name="a">
<pin_list>
<pin id="3" dir="1" index="0" bw="1" slack="0"/>
</pin_list>
<bind>
<StgValue><ssdm name="a"/></StgValue>
</bind>
</comp>

<comp id="4" class="1000" name="data_a">
<pin_list>
<pin id="5" dir="1" index="0" bw="1" slack="0"/>
</pin_list>
<bind>
<StgValue><ssdm name="data_a"/></StgValue>
</bind>
</comp>

<comp id="6" class="1000" name="data_b">
<pin_list>
<pin id="7" dir="1" index="0" bw="1" slack="0"/>
</pin_list>
<bind>
<StgValue><ssdm name="data_b"/></StgValue>
</bind>
</comp>

<comp id="8" class="1001" name="const_8">
<pin_list>
<pin id="9" dir="1" index="0" bw="1" slack="0"/>
</pin_list>
<bind>
<StgValue><ssdm name=""/></StgValue>
</bind>
</comp>

<comp id="10" class="1001" name="const_10">
<pin_list>
<pin id="11" dir="1" index="0" bw="1" slack="2147483647"/>
</pin_list>
<bind>
<StgValue><ssdm name="_ssdm_op_SpecInterface"/></StgValue>
</bind>
</comp>

<comp id="12" class="1001" name="const_12">
<pin_list>
<pin id="13" dir="1" index="0" bw="1" slack="2147483647"/>
</pin_list>
<bind>
<StgValue><ssdm name="empty_15"/></StgValue>
</bind>
</comp>

<comp id="14" class="1001" name="const_14">
<pin_list>
<pin id="15" dir="1" index="0" bw="1" slack="2147483647"/>
</pin_list>
<bind>
<StgValue><ssdm name=""/></StgValue>
</bind>
</comp>

<comp id="16" class="1001" name="const_16">
<pin_list>
<pin id="17" dir="1" index="0" bw="1" slack="2147483647"/>
</pin_list>
<bind>
<StgValue><ssdm name="empty_0"/></StgValue>
</bind>
</comp>

<comp id="18" class="1001" name="const_18">
<pin_list>
<pin id="19" dir="1" index="0" bw="1" slack="2147483647"/>
</pin_list>
<bind>
<StgValue><ssdm name=""/></StgValue>
</bind>
</comp>

<comp id="20" class="1001" name="const_20">
<pin_list>
<pin id="21" dir="1" index="0" bw="1" slack="2147483647"/>
</pin_list>
<bind>
<StgValue><ssdm name="empty"/></StgValue>
</bind>
</comp>

<comp id="22" class="1001" name="const_22">
<pin_list>
<pin id="23" dir="1" index="0" bw="1" slack="2147483647"/>
</pin_list>
<bind>
<StgValue><ssdm name=""/></StgValue>
</bind>
</comp>

<comp id="24" class="1001" name="const_24">
<pin_list>
<pin id="25" dir="1" index="0" bw="1" slack="2147483647"/>
</pin_list>
<bind>
<StgValue><ssdm name="empty_1"/></StgValue>
</bind>
</comp>

<comp id="26" class="1001" name="const_26">
<pin_list>
<pin id="27" dir="1" index="0" bw="1" slack="2147483647"/>
</pin_list>
<bind>
<StgValue><ssdm name="empty_2"/></StgValue>
</bind>
</comp>

<comp id="28" class="1001" name="const_28">
<pin_list>
<pin id="29" dir="1" index="0" bw="1" slack="2147483647"/>
</pin_list>
<bind>
<StgValue><ssdm name=""/></StgValue>
</bind>
</comp>

<comp id="30" class="1001" name="const_30">
<pin_list>
<pin id="31" dir="1" index="0" bw="1" slack="0"/>
</pin_list>
<bind>
<StgValue><ssdm name="_ssdm_op_Read.ap_auto.i64"/></StgValue>
</bind>
</comp>

<comp id="32" class="1001" name="const_32">
<pin_list>
<pin id="33" dir="1" index="0" bw="1" slack="0"/>
</pin_list>
<bind>
<StgValue><ssdm name=""/></StgValue>
</bind>
</comp>

<comp id="34" class="1001" name="const_34">
<pin_list>
<pin id="35" dir="1" index="0" bw="1" slack="2147483647"/>
</pin_list>
<bind>
<StgValue><ssdm name="_ssdm_op_SpecBitsMap"/></StgValue>
</bind>
</comp>

<comp id="36" class="1001" name="const_36">
<pin_list>
<pin id="37" dir="1" index="0" bw="1" slack="0"/>
</pin_list>
<bind>
<StgValue><ssdm name=""/></StgValue>
</bind>
</comp>

<comp id="38" class="1001" name="const_38">
<pin_list>
<pin id="39" dir="1" index="0" bw="1" slack="0"/>
</pin_list>
<bind>
<StgValue><ssdm name=""/></StgValue>
</bind>
</comp>

<comp id="40" class="1001" name="const_40">
<pin_list>
<pin id="41" dir="1" index="0" bw="1" slack="0"/>
</pin_list>
<bind>
<StgValue><ssdm name="_ssdm_op_BitConcatenate.i8.i6.i2"/></StgValue>
</bind>
</comp>

<comp id="42" class="1001" name="const_42">
<pin_list>
<pin id="43" dir="1" index="0" bw="1" slack="0"/>
</pin_list>
<bind>
<StgValue><ssdm name=""/></StgValue>
</bind>
</comp>

<comp id="44" class="1001" name="const_44">
<pin_list>
<pin id="45" dir="1" index="0" bw="1" slack="0"/>
</pin_list>
<bind>
<StgValue><ssdm name="_ssdm_op_PartSelect.i62.i64.i32.i32"/></StgValue>
</bind>
</comp>

<comp id="46" class="1001" name="const_46">
<pin_list>
<pin id="47" dir="1" index="0" bw="1" slack="0"/>
</pin_list>
<bind>
<StgValue><ssdm name=""/></StgValue>
</bind>
</comp>

<comp id="48" class="1001" name="const_48">
<pin_list>
<pin id="49" dir="1" index="0" bw="1" slack="0"/>
</pin_list>
<bind>
<StgValue><ssdm name=""/></StgValue>
</bind>
</comp>

<comp id="50" class="1001" name="const_50">
<pin_list>
<pin id="51" dir="1" index="0" bw="1" slack="0"/>
</pin_list>
<bind>
<StgValue><ssdm name="_ssdm_op_ReadReq.m_axi.i32P1A"/></StgValue>
</bind>
</comp>

<comp id="52" class="1001" name="const_52">
<pin_list>
<pin id="53" dir="1" index="0" bw="1" slack="0"/>
</pin_list>
<bind>
<StgValue><ssdm name="_ssdm_op_Read.m_axi.volatile.i32P1A"/></StgValue>
</bind>
</comp>

<comp id="54" class="1001" name="const_54">
<pin_list>
<pin id="55" dir="1" index="0" bw="1" slack="2147483647"/>
</pin_list>
<bind>
<StgValue><ssdm name="_ssdm_op_SpecPipeline"/></StgValue>
</bind>
</comp>

<comp id="56" class="1001" name="const_56">
<pin_list>
<pin id="57" dir="1" index="0" bw="1" slack="2147483647"/>
</pin_list>
<bind>
<StgValue><ssdm name="_ssdm_op_SpecLoopTripCount"/></StgValue>
</bind>
</comp>

<comp id="58" class="1001" name="const_58">
<pin_list>
<pin id="59" dir="1" index="0" bw="1" slack="2147483647"/>
</pin_list>
<bind>
<StgValue><ssdm name=""/></StgValue>
</bind>
</comp>

<comp id="60" class="1001" name="const_60">
<pin_list>
<pin id="61" dir="1" index="0" bw="1" slack="2147483647"/>
</pin_list>
<bind>
<StgValue><ssdm name="_ssdm_op_SpecLoopName"/></StgValue>
</bind>
</comp>

<comp id="62" class="1001" name="const_62">
<pin_list>
<pin id="63" dir="1" index="0" bw="1" slack="2147483647"/>
</pin_list>
<bind>
<StgValue><ssdm name="empty_21"/></StgValue>
</bind>
</comp>

<comp id="64" class="1001" name="const_64">
<pin_list>
<pin id="65" dir="1" index="0" bw="1" slack="0"/>
</pin_list>
<bind>
<StgValue><ssdm name="_ssdm_op_Write.ap_fifo.volatile.i32P0A"/></StgValue>
</bind>
</comp>

<comp id="66" class="1004" name="i_3_fu_66">
<pin_list>
<pin id="67" dir="0" index="0" bw="1" slack="0"/>
<pin id="68" dir="1" index="1" bw="6" slack="0"/>
</pin_list>
<bind>
<opcode="alloca(26) " fcode="alloca"/>
<opset="i_3/1 "/>
</bind>
</comp>

<comp id="70" class="1004" name="a_read_read_fu_70">
<pin_list>
<pin id="71" dir="0" index="0" bw="64" slack="0"/>
<pin id="72" dir="0" index="1" bw="64" slack="0"/>
<pin id="73" dir="1" index="2" bw="64" slack="0"/>
</pin_list>
<bind>
<opcode="read(1150) " fcode="read"/>
<opset="a_read/1 "/>
</bind>
</comp>

<comp id="76" class="1004" name="grp_readreq_fu_76">
<pin_list>
<pin id="77" dir="0" index="0" bw="1" slack="0"/>
<pin id="78" dir="0" index="1" bw="32" slack="1"/>
<pin id="79" dir="0" index="2" bw="1" slack="0"/>
<pin id="80" dir="1" index="3" bw="1" slack="2147483647"/>
</pin_list>
<bind>
<opcode="readreq(1154) " fcode="readreq"/>
<opset="tmp_a_req/2 "/>
</bind>
</comp>

<comp id="83" class="1004" name="tmp_a_read_fu_83">
<pin_list>
<pin id="84" dir="0" index="0" bw="32" slack="0"/>
<pin id="85" dir="0" index="1" bw="32" slack="9"/>
<pin id="86" dir="1" index="2" bw="32" slack="1"/>
</pin_list>
<bind>
<opcode="read(1150) " fcode="read"/>
<opset="tmp_a/10 "/>
</bind>
</comp>

<comp id="88" class="1004" name="write_ln28_write_fu_88">
<pin_list>
<pin id="89" dir="0" index="0" bw="0" slack="0"/>
<pin id="90" dir="0" index="1" bw="32" slack="0"/>
<pin id="91" dir="0" index="2" bw="32" slack="1"/>
<pin id="92" dir="1" index="3" bw="0" slack="2147483647"/>
</pin_list>
<bind>
<opcode="write(1151) " fcode="write"/>
<opset="write_ln28/11 "/>
</bind>
</comp>

<comp id="95" class="1004" name="write_ln31_write_fu_95">
<pin_list>
<pin id="96" dir="0" index="0" bw="0" slack="0"/>
<pin id="97" dir="0" index="1" bw="32" slack="0"/>
<pin id="98" dir="0" index="2" bw="32" slack="1"/>
<pin id="99" dir="1" index="3" bw="0" slack="2147483647"/>
</pin_list>
<bind>
<opcode="write(1151) " fcode="write"/>
<opset="write_ln31/11 "/>
</bind>
</comp>

<comp id="102" class="1004" name="store_ln23_store_fu_102">
<pin_list>
<pin id="103" dir="0" index="0" bw="1" slack="0"/>
<pin id="104" dir="0" index="1" bw="6" slack="0"/>
<pin id="105" dir="1" index="2" bw="0" slack="2147483647"/>
</pin_list>
<bind>
<opcode="store(28) " fcode="store"/>
<opset="store_ln23/1 "/>
</bind>
</comp>

<comp id="107" class="1004" name="i_load_fu_107">
<pin_list>
<pin id="108" dir="0" index="0" bw="6" slack="0"/>
<pin id="109" dir="1" index="1" bw="6" slack="0"/>
</pin_list>
<bind>
<opcode="load(27) " fcode="load"/>
<opset="i/1 "/>
</bind>
</comp>

<comp id="110" class="1004" name="icmp_ln23_fu_110">
<pin_list>
<pin id="111" dir="0" index="0" bw="6" slack="0"/>
<pin id="112" dir="0" index="1" bw="5" slack="0"/>
<pin id="113" dir="1" index="2" bw="1" slack="9"/>
</pin_list>
<bind>
<opcode="icmp(45) " fcode="icmp"/>
<opset="icmp_ln23/1 "/>
</bind>
</comp>

<comp id="116" class="1004" name="add_ln23_fu_116">
<pin_list>
<pin id="117" dir="0" index="0" bw="6" slack="0"/>
<pin id="118" dir="0" index="1" bw="1" slack="0"/>
<pin id="119" dir="1" index="2" bw="6" slack="0"/>
</pin_list>
<bind>
<opcode="add(8) " fcode="add"/>
<opset="add_ln23/1 "/>
</bind>
</comp>

<comp id="122" class="1004" name="shl_ln3_fu_122">
<pin_list>
<pin id="123" dir="0" index="0" bw="8" slack="0"/>
<pin id="124" dir="0" index="1" bw="6" slack="0"/>
<pin id="125" dir="0" index="2" bw="1" slack="0"/>
<pin id="126" dir="1" index="3" bw="8" slack="0"/>
</pin_list>
<bind>
<opcode="bitconcatenate(1004) " fcode="bitconcatenate"/>
<opset="shl_ln3/1 "/>
</bind>
</comp>

<comp id="130" class="1004" name="zext_ln27_fu_130">
<pin_list>
<pin id="131" dir="0" index="0" bw="8" slack="0"/>
<pin id="132" dir="1" index="1" bw="64" slack="0"/>
</pin_list>
<bind>
<opcode="zext(34) " fcode="zext"/>
<opset="zext_ln27/1 "/>
</bind>
</comp>

<comp id="134" class="1004" name="add_ln27_fu_134">
<pin_list>
<pin id="135" dir="0" index="0" bw="8" slack="0"/>
<pin id="136" dir="0" index="1" bw="64" slack="0"/>
<pin id="137" dir="1" index="2" bw="64" slack="0"/>
</pin_list>
<bind>
<opcode="add(8) " fcode="add"/>
<opset="add_ln27/1 "/>
</bind>
</comp>

<comp id="140" class="1004" name="trunc_ln3_fu_140">
<pin_list>
<pin id="141" dir="0" index="0" bw="62" slack="0"/>
<pin id="142" dir="0" index="1" bw="64" slack="0"/>
<pin id="143" dir="0" index="2" bw="3" slack="0"/>
<pin id="144" dir="0" index="3" bw="7" slack="0"/>
<pin id="145" dir="1" index="4" bw="62" slack="0"/>
</pin_list>
<bind>
<opcode="partselect(1002) " fcode="partselect"/>
<opset="trunc_ln3/1 "/>
</bind>
</comp>

<comp id="150" class="1004" name="sext_ln27_fu_150">
<pin_list>
<pin id="151" dir="0" index="0" bw="62" slack="0"/>
<pin id="152" dir="1" index="1" bw="64" slack="0"/>
</pin_list>
<bind>
<opcode="sext(35) " fcode="sext"/>
<opset="sext_ln27/1 "/>
</bind>
</comp>

<comp id="154" class="1004" name="gmem0_addr_fu_154">
<pin_list>
<pin id="155" dir="0" index="0" bw="32" slack="0"/>
<pin id="156" dir="0" index="1" bw="62" slack="0"/>
<pin id="157" dir="1" index="2" bw="32" slack="1"/>
</pin_list>
<bind>
<opcode="getelementptr(29) " fcode="getelementptr"/>
<opset="gmem0_addr/1 "/>
</bind>
</comp>

<comp id="160" class="1004" name="store_ln23_store_fu_160">
<pin_list>
<pin id="161" dir="0" index="0" bw="6" slack="0"/>
<pin id="162" dir="0" index="1" bw="6" slack="0"/>
<pin id="163" dir="1" index="2" bw="0" slack="2147483647"/>
</pin_list>
<bind>
<opcode="store(28) " fcode="store"/>
<opset="store_ln23/1 "/>
</bind>
</comp>

<comp id="165" class="1005" name="i_3_reg_165">
<pin_list>
<pin id="166" dir="0" index="0" bw="6" slack="0"/>
<pin id="167" dir="1" index="1" bw="6" slack="0"/>
</pin_list>
<bind>
<opset="i_3 "/>
</bind>
</comp>

<comp id="172" class="1005" name="icmp_ln23_reg_172">
<pin_list>
<pin id="173" dir="0" index="0" bw="1" slack="9"/>
<pin id="174" dir="1" index="1" bw="1" slack="2147483647"/>
</pin_list>
<bind>
<opset="icmp_ln23 "/>
</bind>
</comp>

<comp id="176" class="1005" name="gmem0_addr_reg_176">
<pin_list>
<pin id="177" dir="0" index="0" bw="32" slack="1"/>
<pin id="178" dir="1" index="1" bw="32" slack="1"/>
</pin_list>
<bind>
<opset="gmem0_addr "/>
</bind>
</comp>

<comp id="182" class="1005" name="tmp_a_reg_182">
<pin_list>
<pin id="183" dir="0" index="0" bw="32" slack="1"/>
<pin id="184" dir="1" index="1" bw="32" slack="1"/>
</pin_list>
<bind>
<opset="tmp_a "/>
</bind>
</comp>

</comp_list>

<net_list>
<net id="69"><net_src comp="8" pin="0"/><net_sink comp="66" pin=0"/></net>

<net id="74"><net_src comp="30" pin="0"/><net_sink comp="70" pin=0"/></net>

<net id="75"><net_src comp="2" pin="0"/><net_sink comp="70" pin=1"/></net>

<net id="81"><net_src comp="50" pin="0"/><net_sink comp="76" pin=0"/></net>

<net id="82"><net_src comp="8" pin="0"/><net_sink comp="76" pin=2"/></net>

<net id="87"><net_src comp="52" pin="0"/><net_sink comp="83" pin=0"/></net>

<net id="93"><net_src comp="64" pin="0"/><net_sink comp="88" pin=0"/></net>

<net id="94"><net_src comp="4" pin="0"/><net_sink comp="88" pin=1"/></net>

<net id="100"><net_src comp="64" pin="0"/><net_sink comp="95" pin=0"/></net>

<net id="101"><net_src comp="6" pin="0"/><net_sink comp="95" pin=1"/></net>

<net id="106"><net_src comp="32" pin="0"/><net_sink comp="102" pin=0"/></net>

<net id="114"><net_src comp="107" pin="1"/><net_sink comp="110" pin=0"/></net>

<net id="115"><net_src comp="36" pin="0"/><net_sink comp="110" pin=1"/></net>

<net id="120"><net_src comp="107" pin="1"/><net_sink comp="116" pin=0"/></net>

<net id="121"><net_src comp="38" pin="0"/><net_sink comp="116" pin=1"/></net>

<net id="127"><net_src comp="40" pin="0"/><net_sink comp="122" pin=0"/></net>

<net id="128"><net_src comp="107" pin="1"/><net_sink comp="122" pin=1"/></net>

<net id="129"><net_src comp="42" pin="0"/><net_sink comp="122" pin=2"/></net>

<net id="133"><net_src comp="122" pin="3"/><net_sink comp="130" pin=0"/></net>

<net id="138"><net_src comp="130" pin="1"/><net_sink comp="134" pin=0"/></net>

<net id="139"><net_src comp="70" pin="2"/><net_sink comp="134" pin=1"/></net>

<net id="146"><net_src comp="44" pin="0"/><net_sink comp="140" pin=0"/></net>

<net id="147"><net_src comp="134" pin="2"/><net_sink comp="140" pin=1"/></net>

<net id="148"><net_src comp="46" pin="0"/><net_sink comp="140" pin=2"/></net>

<net id="149"><net_src comp="48" pin="0"/><net_sink comp="140" pin=3"/></net>

<net id="153"><net_src comp="140" pin="4"/><net_sink comp="150" pin=0"/></net>

<net id="158"><net_src comp="0" pin="0"/><net_sink comp="154" pin=0"/></net>

<net id="159"><net_src comp="150" pin="1"/><net_sink comp="154" pin=1"/></net>

<net id="164"><net_src comp="116" pin="2"/><net_sink comp="160" pin=0"/></net>

<net id="168"><net_src comp="66" pin="1"/><net_sink comp="165" pin=0"/></net>

<net id="169"><net_src comp="165" pin="1"/><net_sink comp="102" pin=1"/></net>

<net id="170"><net_src comp="165" pin="1"/><net_sink comp="107" pin=0"/></net>

<net id="171"><net_src comp="165" pin="1"/><net_sink comp="160" pin=1"/></net>

<net id="175"><net_src comp="110" pin="2"/><net_sink comp="172" pin=0"/></net>

<net id="179"><net_src comp="154" pin="2"/><net_sink comp="176" pin=0"/></net>

<net id="180"><net_src comp="176" pin="1"/><net_sink comp="76" pin=1"/></net>

<net id="181"><net_src comp="176" pin="1"/><net_sink comp="83" pin=1"/></net>

<net id="185"><net_src comp="83" pin="2"/><net_sink comp="182" pin=0"/></net>

<net id="186"><net_src comp="182" pin="1"/><net_sink comp="88" pin=2"/></net>

<net id="187"><net_src comp="182" pin="1"/><net_sink comp="95" pin=2"/></net>

</net_list>

</model> 
---------------- Datapath Model END ------------------

* FSMD analyzer results:
  - Output states:
	Port: data_a | {11 }
	Port: data_b | {11 }
 - Input state : 
	Port: alv_MIMD_Pipeline_l_data : gmem0 | {2 3 4 5 6 7 8 9 10 }
	Port: alv_MIMD_Pipeline_l_data : a | {1 }
  - Chain level:
	State 1
		store_ln23 : 1
		i : 1
		icmp_ln23 : 2
		add_ln23 : 2
		br_ln23 : 3
		shl_ln3 : 2
		zext_ln27 : 3
		add_ln27 : 4
		trunc_ln3 : 5
		sext_ln27 : 6
		gmem0_addr : 7
		store_ln23 : 3
	State 2
	State 3
	State 4
	State 5
	State 6
	State 7
	State 8
	State 9
	State 10
	State 11


============================================================
+ Verbose Summary: Datapath Resource usage 
============================================================

* Functional unit list:
|----------|------------------------|---------|---------|
| Operation|     Functional Unit    |    FF   |   LUT   |
|----------|------------------------|---------|---------|
|    add   |     add_ln23_fu_116    |    0    |    14   |
|          |     add_ln27_fu_134    |    0    |    71   |
|----------|------------------------|---------|---------|
|   icmp   |    icmp_ln23_fu_110    |    0    |    14   |
|----------|------------------------|---------|---------|
|   read   |    a_read_read_fu_70   |    0    |    0    |
|          |    tmp_a_read_fu_83    |    0    |    0    |
|----------|------------------------|---------|---------|
|  readreq |    grp_readreq_fu_76   |    0    |    0    |
|----------|------------------------|---------|---------|
|   write  | write_ln28_write_fu_88 |    0    |    0    |
|          | write_ln31_write_fu_95 |    0    |    0    |
|----------|------------------------|---------|---------|
|bitconcatenate|     shl_ln3_fu_122     |    0    |    0    |
|----------|------------------------|---------|---------|
|   zext   |    zext_ln27_fu_130    |    0    |    0    |
|----------|------------------------|---------|---------|
|partselect|    trunc_ln3_fu_140    |    0    |    0    |
|----------|------------------------|---------|---------|
|   sext   |    sext_ln27_fu_150    |    0    |    0    |
|----------|------------------------|---------|---------|
|   Total  |                        |    0    |    99   |
|----------|------------------------|---------|---------|

Memories:
N/A

* Register list:
+------------------+--------+
|                  |   FF   |
+------------------+--------+
|gmem0_addr_reg_176|   32   |
|    i_3_reg_165   |    6   |
| icmp_ln23_reg_172|    1   |
|   tmp_a_reg_182  |   32   |
+------------------+--------+
|       Total      |   71   |
+------------------+--------+

* Multiplexer (MUX) list: 
|--------|------|------|------|--------|
|  Comp  |  Pin | Size |  BW  | S x BW |
|--------|------|------|------|--------|
|  Total |      |      |      |    0   |
|--------|------|------|------|--------|



* Summary:
+-----------+--------+--------+
|           |   FF   |   LUT  |
+-----------+--------+--------+
|  Function |    0   |   99   |
|   Memory  |    -   |    -   |
|Multiplexer|    -   |    -   |
|  Register |   71   |    -   |
+-----------+--------+--------+
|   Total   |   71   |   99   |
+-----------+--------+--------+
