

================================================================
== Vitis HLS Report for 'alv_MIMD_Pipeline_l_data'
================================================================
* Date:           Sun May 12 19:57:49 2024

* Version:        2023.2 (Build 4023990 on Oct 11 2023)
* Project:        HLS
* Solution:       solution1 (Vivado IP Flow Target)
* Product family: zynq
* Target device:  xc7z020-clg400-1


================================================================
== Performance Estimates
================================================================
+ Timing: 
    * Summary: 
    +--------+----------+----------+------------+
    |  Clock |  Target  | Estimated| Uncertainty|
    +--------+----------+----------+------------+
    |ap_clk  |  10.00 ns|  7.300 ns|     2.70 ns|
    +--------+----------+----------+------------+

+ Latency: 
    * Summary: 
    +---------+---------+----------+----------+-----+-----+---------+
    |  Latency (cycles) |  Latency (absolute) |  Interval | Pipeline|
    |   min   |   max   |    min   |    max   | min | max |   Type  |
    +---------+---------+----------+----------+-----+-----+---------+
    |       61|       61|  0.610 us|  0.610 us|   61|   61|       no|
    +---------+---------+----------+----------+-----+-----+---------+

    + Detail: 
        * Instance: 
        N/A

        * Loop: 
        +----------+---------+---------+----------+-----------+-----------+------+----------+
        |          |  Latency (cycles) | Iteration|  Initiation Interval  | Trip |          |
        | Loop Name|   min   |   max   |  Latency |  achieved |   target  | Count| Pipelined|
        +----------+---------+---------+----------+-----------+-----------+------+----------+
        |- l_data  |       59|       59|        11|          1|          1|    50|       yes|
        +----------+---------+---------+----------+-----------+-----------+------+----------+

============================================================
+ Verbose Summary: Synthesis Manager
============================================================
InlineROM: 1
ExposeGlobal: 0
============================================================
+ Verbose Summary: CDFG Model
============================================================
IsTopModel: 0
ResetActiveHigh: 1
IsCombinational: 0
IsDatapathOnly: 0
HasWiredReturn: 1
HasMFsm: 2
HasVarLatency: 1
IsPipeline: 0
IsRtlPipelined: 0
IsInstanceOverlapped: 0
IsDontTouch: 0
HasImplIP: 0
IsGatedGlobalClock: 0

+ Individual pipeline summary: 
  * Pipeline-0: initiation interval (II) = 1, depth = 11


============================================================
+ Verbose Summary: Schedule
============================================================
* Number of FSM states : 11
* Pipeline : 1
  Pipeline-0 : II = 1, D = 11, States = { 1 2 3 4 5 6 7 8 9 10 11 }
* Dataflow Pipeline: 0

* FSM state transitions: 
1 --> 2 
2 --> 3 
3 --> 4 
4 --> 5 
5 --> 6 
6 --> 7 
7 --> 8 
8 --> 9 
9 --> 10 
10 --> 11 
11 --> 

* FSM state operations: 

State 1 <SV = 0> <Delay = 5.10>
ST_1 : Operation 14 [1/1] (0.00ns)   --->   "%i_3 = alloca i32 1" [HLS/core.cpp:23->HLS/core.cpp:183]   --->   Operation 14 'alloca' 'i_3' <Predicate = true> <Delay = 0.00>
ST_1 : Operation 15 [1/1] (0.00ns)   --->   "%specinterface_ln0 = specinterface void @_ssdm_op_SpecInterface, i32 %data_b, void @empty_15, i32 0, i32 0, void @empty_0, i32 0, i32 0, void @empty_0, void @empty_0, void @empty_0, i32 0, i32 0, i32 0, i32 0, void @empty_0, void @empty_0, i32 4294967295, i32 0"   --->   Operation 15 'specinterface' 'specinterface_ln0' <Predicate = true> <Delay = 0.00>
ST_1 : Operation 16 [1/1] (0.00ns)   --->   "%specinterface_ln0 = specinterface void @_ssdm_op_SpecInterface, i32 %data_a, void @empty_15, i32 0, i32 0, void @empty_0, i32 0, i32 0, void @empty_0, void @empty_0, void @empty_0, i32 0, i32 0, i32 0, i32 0, void @empty_0, void @empty_0, i32 4294967295, i32 0"   --->   Operation 16 'specinterface' 'specinterface_ln0' <Predicate = true> <Delay = 0.00>
ST_1 : Operation 17 [1/1] (0.00ns)   --->   "%specinterface_ln0 = specinterface void @_ssdm_op_SpecInterface, i32 %gmem0, void @empty, i32 0, i32 0, void @empty_0, i32 0, i32 50, void @empty_1, void @empty_2, void @empty_0, i32 16, i32 16, i32 16, i32 16, void @empty_0, void @empty_0, i32 4294967295, i32 0"   --->   Operation 17 'specinterface' 'specinterface_ln0' <Predicate = true> <Delay = 0.00>
ST_1 : Operation 18 [1/1] (0.00ns)   --->   "%a_read = read i64 @_ssdm_op_Read.ap_auto.i64, i64 %a"   --->   Operation 18 'read' 'a_read' <Predicate = true> <Delay = 0.00>
ST_1 : Operation 19 [1/1] (1.58ns)   --->   "%store_ln23 = store i6 0, i6 %i_3" [HLS/core.cpp:23->HLS/core.cpp:183]   --->   Operation 19 'store' 'store_ln23' <Predicate = true> <Delay = 1.58>
ST_1 : Operation 20 [1/1] (0.00ns)   --->   "%br_ln0 = br void %for.inc.i9"   --->   Operation 20 'br' 'br_ln0' <Predicate = true> <Delay = 0.00>
ST_1 : Operation 21 [1/1] (0.00ns)   --->   "%i = load i6 %i_3" [HLS/core.cpp:23->HLS/core.cpp:183]   --->   Operation 21 'load' 'i' <Predicate = true> <Delay = 0.00>
ST_1 : Operation 22 [1/1] (0.00ns)   --->   "%specbitsmap_ln0 = specbitsmap void @_ssdm_op_SpecBitsMap, i32 %gmem0"   --->   Operation 22 'specbitsmap' 'specbitsmap_ln0' <Predicate = true> <Delay = 0.00>
ST_1 : Operation 23 [1/1] (1.82ns)   --->   "%icmp_ln23 = icmp_eq  i6 %i, i6 50" [HLS/core.cpp:23->HLS/core.cpp:183]   --->   Operation 23 'icmp' 'icmp_ln23' <Predicate = true> <Delay = 1.82> <CoreInst = "Cmp">   --->   Core 9 'Cmp' <Latency = 0> <II = 1> <Delay = 1.82> <FuncUnit> <Opcode : 'icmp'> <InPorts = 2> <OutPorts = 1>
ST_1 : Operation 24 [1/1] (1.82ns)   --->   "%add_ln23 = add i6 %i, i6 1" [HLS/core.cpp:23->HLS/core.cpp:183]   --->   Operation 24 'add' 'add_ln23' <Predicate = true> <Delay = 1.82> <CoreInst = "Adder">   --->   Core 1 'Adder' <Latency = 0> <II = 1> <Delay = 1.82> <FuncUnit> <Opcode : 'add' 'sub'> <InPorts = 2> <OutPorts = 1>
ST_1 : Operation 25 [1/1] (0.00ns)   --->   "%br_ln23 = br i1 %icmp_ln23, void %for.inc.i9.split, void %_Z9load_dataPViS0_RN3hls6streamIiLi0EEES4_.exit.exitStub" [HLS/core.cpp:23->HLS/core.cpp:183]   --->   Operation 25 'br' 'br_ln23' <Predicate = true> <Delay = 0.00>
ST_1 : Operation 26 [1/1] (0.00ns)   --->   "%shl_ln3 = bitconcatenate i8 @_ssdm_op_BitConcatenate.i8.i6.i2, i6 %i, i2 0" [HLS/core.cpp:27->HLS/core.cpp:183]   --->   Operation 26 'bitconcatenate' 'shl_ln3' <Predicate = (!icmp_ln23)> <Delay = 0.00>
ST_1 : Operation 27 [1/1] (0.00ns)   --->   "%zext_ln27 = zext i8 %shl_ln3" [HLS/core.cpp:27->HLS/core.cpp:183]   --->   Operation 27 'zext' 'zext_ln27' <Predicate = (!icmp_ln23)> <Delay = 0.00>
ST_1 : Operation 28 [1/1] (3.52ns)   --->   "%add_ln27 = add i64 %zext_ln27, i64 %a_read" [HLS/core.cpp:27->HLS/core.cpp:183]   --->   Operation 28 'add' 'add_ln27' <Predicate = (!icmp_ln23)> <Delay = 3.52> <CoreInst = "Adder">   --->   Core 1 'Adder' <Latency = 0> <II = 1> <Delay = 3.52> <FuncUnit> <Opcode : 'add' 'sub'> <InPorts = 2> <OutPorts = 1>
ST_1 : Operation 29 [1/1] (0.00ns)   --->   "%trunc_ln3 = partselect i62 @_ssdm_op_PartSelect.i62.i64.i32.i32, i64 %add_ln27, i32 2, i32 63" [HLS/core.cpp:27->HLS/core.cpp:183]   --->   Operation 29 'partselect' 'trunc_ln3' <Predicate = (!icmp_ln23)> <Delay = 0.00>
ST_1 : Operation 30 [1/1] (0.00ns)   --->   "%sext_ln27 = sext i62 %trunc_ln3" [HLS/core.cpp:27->HLS/core.cpp:183]   --->   Operation 30 'sext' 'sext_ln27' <Predicate = (!icmp_ln23)> <Delay = 0.00>
ST_1 : Operation 31 [1/1] (0.00ns)   --->   "%gmem0_addr = getelementptr i32 %gmem0, i64 %sext_ln27" [HLS/core.cpp:27->HLS/core.cpp:183]   --->   Operation 31 'getelementptr' 'gmem0_addr' <Predicate = (!icmp_ln23)> <Delay = 0.00>
ST_1 : Operation 32 [1/1] (1.58ns)   --->   "%store_ln23 = store i6 %add_ln23, i6 %i_3" [HLS/core.cpp:23->HLS/core.cpp:183]   --->   Operation 32 'store' 'store_ln23' <Predicate = (!icmp_ln23)> <Delay = 1.58>

State 2 <SV = 1> <Delay = 7.30>
ST_2 : Operation 33 [8/8] (7.30ns)   --->   "%tmp_a_req = readreq i1 @_ssdm_op_ReadReq.m_axi.i32P1A, i32 %gmem0_addr, i32 1" [HLS/core.cpp:27->HLS/core.cpp:183]   --->   Operation 33 'readreq' 'tmp_a_req' <Predicate = true> <Delay = 7.30> <CoreInst = "m_axi">   --->   Core 113 'm_axi' <Latency = 0> <II = 1> <Delay = 1.00> <Adapter> <Opcode : 'read' 'write' 'readreq' 'writereq' 'writeresp'>

State 3 <SV = 2> <Delay = 7.30>
ST_3 : Operation 34 [7/8] (7.30ns)   --->   "%tmp_a_req = readreq i1 @_ssdm_op_ReadReq.m_axi.i32P1A, i32 %gmem0_addr, i32 1" [HLS/core.cpp:27->HLS/core.cpp:183]   --->   Operation 34 'readreq' 'tmp_a_req' <Predicate = true> <Delay = 7.30> <CoreInst = "m_axi">   --->   Core 113 'm_axi' <Latency = 0> <II = 1> <Delay = 1.00> <Adapter> <Opcode : 'read' 'write' 'readreq' 'writereq' 'writeresp'>

State 4 <SV = 3> <Delay = 7.30>
ST_4 : Operation 35 [6/8] (7.30ns)   --->   "%tmp_a_req = readreq i1 @_ssdm_op_ReadReq.m_axi.i32P1A, i32 %gmem0_addr, i32 1" [HLS/core.cpp:27->HLS/core.cpp:183]   --->   Operation 35 'readreq' 'tmp_a_req' <Predicate = true> <Delay = 7.30> <CoreInst = "m_axi">   --->   Core 113 'm_axi' <Latency = 0> <II = 1> <Delay = 1.00> <Adapter> <Opcode : 'read' 'write' 'readreq' 'writereq' 'writeresp'>

State 5 <SV = 4> <Delay = 7.30>
ST_5 : Operation 36 [5/8] (7.30ns)   --->   "%tmp_a_req = readreq i1 @_ssdm_op_ReadReq.m_axi.i32P1A, i32 %gmem0_addr, i32 1" [HLS/core.cpp:27->HLS/core.cpp:183]   --->   Operation 36 'readreq' 'tmp_a_req' <Predicate = true> <Delay = 7.30> <CoreInst = "m_axi">   --->   Core 113 'm_axi' <Latency = 0> <II = 1> <Delay = 1.00> <Adapter> <Opcode : 'read' 'write' 'readreq' 'writereq' 'writeresp'>

State 6 <SV = 5> <Delay = 7.30>
ST_6 : Operation 37 [4/8] (7.30ns)   --->   "%tmp_a_req = readreq i1 @_ssdm_op_ReadReq.m_axi.i32P1A, i32 %gmem0_addr, i32 1" [HLS/core.cpp:27->HLS/core.cpp:183]   --->   Operation 37 'readreq' 'tmp_a_req' <Predicate = true> <Delay = 7.30> <CoreInst = "m_axi">   --->   Core 113 'm_axi' <Latency = 0> <II = 1> <Delay = 1.00> <Adapter> <Opcode : 'read' 'write' 'readreq' 'writereq' 'writeresp'>

State 7 <SV = 6> <Delay = 7.30>
ST_7 : Operation 38 [3/8] (7.30ns)   --->   "%tmp_a_req = readreq i1 @_ssdm_op_ReadReq.m_axi.i32P1A, i32 %gmem0_addr, i32 1" [HLS/core.cpp:27->HLS/core.cpp:183]   --->   Operation 38 'readreq' 'tmp_a_req' <Predicate = true> <Delay = 7.30> <CoreInst = "m_axi">   --->   Core 113 'm_axi' <Latency = 0> <II = 1> <Delay = 1.00> <Adapter> <Opcode : 'read' 'write' 'readreq' 'writereq' 'writeresp'>

State 8 <SV = 7> <Delay = 7.30>
ST_8 : Operation 39 [2/8] (7.30ns)   --->   "%tmp_a_req = readreq i1 @_ssdm_op_ReadReq.m_axi.i32P1A, i32 %gmem0_addr, i32 1" [HLS/core.cpp:27->HLS/core.cpp:183]   --->   Operation 39 'readreq' 'tmp_a_req' <Predicate = true> <Delay = 7.30> <CoreInst = "m_axi">   --->   Core 113 'm_axi' <Latency = 0> <II = 1> <Delay = 1.00> <Adapter> <Opcode : 'read' 'write' 'readreq' 'writereq' 'writeresp'>

State 9 <SV = 8> <Delay = 7.30>
ST_9 : Operation 40 [1/8] (7.30ns)   --->   "%tmp_a_req = readreq i1 @_ssdm_op_ReadReq.m_axi.i32P1A, i32 %gmem0_addr, i32 1" [HLS/core.cpp:27->HLS/core.cpp:183]   --->   Operation 40 'readreq' 'tmp_a_req' <Predicate = true> <Delay = 7.30> <CoreInst = "m_axi">   --->   Core 113 'm_axi' <Latency = 0> <II = 1> <Delay = 1.00> <Adapter> <Opcode : 'read' 'write' 'readreq' 'writereq' 'writeresp'>

State 10 <SV = 9> <Delay = 7.30>
ST_10 : Operation 41 [1/1] (7.30ns)   --->   "%tmp_a = read i32 @_ssdm_op_Read.m_axi.volatile.i32P1A, i32 %gmem0_addr" [HLS/core.cpp:27->HLS/core.cpp:183]   --->   Operation 41 'read' 'tmp_a' <Predicate = true> <Delay = 7.30> <CoreInst = "m_axi">   --->   Core 113 'm_axi' <Latency = 0> <II = 1> <Delay = 1.00> <Adapter> <Opcode : 'read' 'write' 'readreq' 'writereq' 'writeresp'>
ST_10 : Operation 48 [1/1] (0.00ns)   --->   "%ret_ln0 = ret"   --->   Operation 48 'ret' 'ret_ln0' <Predicate = (icmp_ln23)> <Delay = 0.00>

State 11 <SV = 10> <Delay = 3.63>
ST_11 : Operation 42 [1/1] (0.00ns)   --->   "%specpipeline_ln25 = specpipeline void @_ssdm_op_SpecPipeline, i32 1, i32 0, i32 0, i32 0, void @empty_0" [HLS/core.cpp:25->HLS/core.cpp:183]   --->   Operation 42 'specpipeline' 'specpipeline_ln25' <Predicate = true> <Delay = 0.00>
ST_11 : Operation 43 [1/1] (0.00ns)   --->   "%speclooptripcount_ln23 = speclooptripcount void @_ssdm_op_SpecLoopTripCount, i64 50, i64 50, i64 50" [HLS/core.cpp:23->HLS/core.cpp:183]   --->   Operation 43 'speclooptripcount' 'speclooptripcount_ln23' <Predicate = true> <Delay = 0.00>
ST_11 : Operation 44 [1/1] (0.00ns)   --->   "%specloopname_ln23 = specloopname void @_ssdm_op_SpecLoopName, void @empty_21" [HLS/core.cpp:23->HLS/core.cpp:183]   --->   Operation 44 'specloopname' 'specloopname_ln23' <Predicate = true> <Delay = 0.00>
ST_11 : Operation 45 [1/1] (3.63ns)   --->   "%write_ln28 = write void @_ssdm_op_Write.ap_fifo.volatile.i32P0A, i32 %data_a, i32 %tmp_a" [HLS/core.cpp:28->HLS/core.cpp:183]   --->   Operation 45 'write' 'write_ln28' <Predicate = true> <Delay = 3.63> <CoreInst = "FIFO_SRL">   --->   Core 81 'FIFO_SRL' <Latency = 0> <II = 1> <Delay = 3.63> <Storage> <Opcode : 'read' 'write' 'nbread' 'nbwrite'> <Ports = 0> <Width = 32> <Depth = 2> <FIFO>
ST_11 : Operation 46 [1/1] (3.63ns)   --->   "%write_ln31 = write void @_ssdm_op_Write.ap_fifo.volatile.i32P0A, i32 %data_b, i32 %tmp_a" [HLS/core.cpp:31->HLS/core.cpp:183]   --->   Operation 46 'write' 'write_ln31' <Predicate = true> <Delay = 3.63> <CoreInst = "FIFO_SRL">   --->   Core 81 'FIFO_SRL' <Latency = 0> <II = 1> <Delay = 3.63> <Storage> <Opcode : 'read' 'write' 'nbread' 'nbwrite'> <Ports = 0> <Width = 32> <Depth = 2> <FIFO>
ST_11 : Operation 47 [1/1] (0.00ns)   --->   "%br_ln23 = br void %for.inc.i9" [HLS/core.cpp:23->HLS/core.cpp:183]   --->   Operation 47 'br' 'br_ln23' <Predicate = true> <Delay = 0.00>


============================================================
+ Verbose Summary: Timing violations
============================================================
Target clock period: 10.000ns, clock uncertainty: 2.700ns.

 <State 1>: 5.108ns
The critical path consists of the following:
	'store' operation 0 bit ('store_ln23', HLS/core.cpp:23->HLS/core.cpp:183) of constant 0 on local variable 'i', HLS/core.cpp:23->HLS/core.cpp:183 [10]  (1.588 ns)
	'load' operation 6 bit ('i', HLS/core.cpp:23->HLS/core.cpp:183) on local variable 'i', HLS/core.cpp:23->HLS/core.cpp:183 [13]  (0.000 ns)
	'add' operation 64 bit ('add_ln27', HLS/core.cpp:27->HLS/core.cpp:183) [24]  (3.520 ns)

 <State 2>: 7.300ns
The critical path consists of the following:
	bus request operation ('tmp_a_req', HLS/core.cpp:27->HLS/core.cpp:183) on port 'gmem0' (HLS/core.cpp:27->HLS/core.cpp:183) [28]  (7.300 ns)

 <State 3>: 7.300ns
The critical path consists of the following:
	bus request operation ('tmp_a_req', HLS/core.cpp:27->HLS/core.cpp:183) on port 'gmem0' (HLS/core.cpp:27->HLS/core.cpp:183) [28]  (7.300 ns)

 <State 4>: 7.300ns
The critical path consists of the following:
	bus request operation ('tmp_a_req', HLS/core.cpp:27->HLS/core.cpp:183) on port 'gmem0' (HLS/core.cpp:27->HLS/core.cpp:183) [28]  (7.300 ns)

 <State 5>: 7.300ns
The critical path consists of the following:
	bus request operation ('tmp_a_req', HLS/core.cpp:27->HLS/core.cpp:183) on port 'gmem0' (HLS/core.cpp:27->HLS/core.cpp:183) [28]  (7.300 ns)

 <State 6>: 7.300ns
The critical path consists of the following:
	bus request operation ('tmp_a_req', HLS/core.cpp:27->HLS/core.cpp:183) on port 'gmem0' (HLS/core.cpp:27->HLS/core.cpp:183) [28]  (7.300 ns)

 <State 7>: 7.300ns
The critical path consists of the following:
	bus request operation ('tmp_a_req', HLS/core.cpp:27->HLS/core.cpp:183) on port 'gmem0' (HLS/core.cpp:27->HLS/core.cpp:183) [28]  (7.300 ns)

 <State 8>: 7.300ns
The critical path consists of the following:
	bus request operation ('tmp_a_req', HLS/core.cpp:27->HLS/core.cpp:183) on port 'gmem0' (HLS/core.cpp:27->HLS/core.cpp:183) [28]  (7.300 ns)

 <State 9>: 7.300ns
The critical path consists of the following:
	bus request operation ('tmp_a_req', HLS/core.cpp:27->HLS/core.cpp:183) on port 'gmem0' (HLS/core.cpp:27->HLS/core.cpp:183) [28]  (7.300 ns)

 <State 10>: 7.300ns
The critical path consists of the following:
	bus read operation ('tmp_a', HLS/core.cpp:27->HLS/core.cpp:183) on port 'gmem0' (HLS/core.cpp:27->HLS/core.cpp:183) [29]  (7.300 ns)

 <State 11>: 3.634ns
The critical path consists of the following:
	fifo write operation ('write_ln28', HLS/core.cpp:28->HLS/core.cpp:183) on port 'data_a' (HLS/core.cpp:28->HLS/core.cpp:183) [30]  (3.634 ns)


============================================================
+ Verbose Summary: Binding
============================================================
N/A
* FSMD analyzer results:
  - Output states:
 - Input state : 
  - Chain level:
	State 1
	State 2
	State 3
	State 4
	State 5
	State 6
	State 7
	State 8
	State 9
	State 10
	State 11


============================================================
+ Verbose Summary: Datapath Resource usage 
============================================================
N/A
