

================================================================
== Vitis HLS Report for 'data_exe_wb_Pipeline_exe'
================================================================
* Date:           Sun May 19 16:11:28 2024

* Version:        2023.2 (Build 4023990 on Oct 11 2023)
* Project:        HLS
* Solution:       solution1 (Vivado IP Flow Target)
* Product family: zynq
* Target device:  xc7z020-clg400-1


================================================================
== Performance Estimates
================================================================
+ Timing: 
    * Summary: 
    +--------+----------+----------+------------+
    |  Clock |  Target  | Estimated| Uncertainty|
    +--------+----------+----------+------------+
    |ap_clk  |  10.00 ns|  6.912 ns|     2.70 ns|
    +--------+----------+----------+------------+

+ Latency: 
    * Summary: 
    +---------+---------+----------+----------+-----+-----+---------+
    |  Latency (cycles) |  Latency (absolute) |  Interval | Pipeline|
    |   min   |   max   |    min   |    max   | min | max |   Type  |
    +---------+---------+----------+----------+-----+-----+---------+
    |       89|       89|  0.890 us|  0.890 us|   89|   89|       no|
    +---------+---------+----------+----------+-----+-----+---------+

    + Detail: 
        * Instance: 
        N/A

        * Loop: 
        +----------+---------+---------+----------+-----------+-----------+------+----------+
        |          |  Latency (cycles) | Iteration|  Initiation Interval  | Trip |          |
        | Loop Name|   min   |   max   |  Latency |  achieved |   target  | Count| Pipelined|
        +----------+---------+---------+----------+-----------+-----------+------+----------+
        |- exe     |       87|       87|        39|          1|          1|    50|       yes|
        +----------+---------+---------+----------+-----------+-----------+------+----------+

============================================================
+ Verbose Summary: Synthesis Manager
============================================================
InlineROM: 1
ExposeGlobal: 0
============================================================
+ Verbose Summary: CDFG Model
============================================================
IsTopModel: 0
ResetActiveHigh: 1
IsCombinational: 0
IsDatapathOnly: 0
HasWiredReturn: 1
HasMFsm: 2
HasVarLatency: 1
IsPipeline: 0
IsRtlPipelined: 0
IsInstanceOverlapped: 0
IsDontTouch: 0
HasImplIP: 0
IsGatedGlobalClock: 0

+ Individual pipeline summary: 
  * Pipeline-0: initiation interval (II) = 1, depth = 39


============================================================
+ Verbose Summary: Schedule
============================================================
* Number of FSM states : 39
* Pipeline : 1
  Pipeline-0 : II = 1, D = 39, States = { 1 2 3 4 5 6 7 8 9 10 11 12 13 14 15 16 17 18 19 20 21 22 23 24 25 26 27 28 29 30 31 32 33 34 35 36 37 38 39 }
* Dataflow Pipeline: 0

* FSM state transitions: 
1 --> 2 
2 --> 3 
3 --> 4 
4 --> 5 
5 --> 6 
6 --> 7 
7 --> 8 
8 --> 9 
9 --> 10 
10 --> 11 
11 --> 12 
12 --> 13 
13 --> 14 
14 --> 15 
15 --> 16 
16 --> 17 
17 --> 18 
18 --> 19 
19 --> 20 
20 --> 21 
21 --> 22 
22 --> 23 
23 --> 24 
24 --> 25 
25 --> 26 
26 --> 27 
27 --> 28 
28 --> 29 
29 --> 30 
30 --> 31 
31 --> 32 
32 --> 33 
33 --> 34 
34 --> 35 
35 --> 36 
36 --> 37 
37 --> 38 
38 --> 39 
39 --> 

* FSM state operations: 

State 1 <SV = 0> <Delay = 5.00>
ST_1 : Operation 42 [1/1] (0.00ns)   --->   "%i_8 = alloca i32 1" [HLS/core.cpp:157->HLS/core.cpp:247]   --->   Operation 42 'alloca' 'i_8' <Predicate = true> <Delay = 0.00>
ST_1 : Operation 43 [1/1] (0.00ns)   --->   "%specinterface_ln0 = specinterface void @_ssdm_op_SpecInterface, i32 %data_result, void @empty_16, i32 0, i32 0, void @empty_20, i32 0, i32 0, void @empty_20, void @empty_20, void @empty_20, i32 0, i32 0, i32 0, i32 0, void @empty_20, void @empty_20, i32 4294967295, i32 0"   --->   Operation 43 'specinterface' 'specinterface_ln0' <Predicate = true> <Delay = 0.00>
ST_1 : Operation 44 [1/1] (0.00ns)   --->   "%specinterface_ln0 = specinterface void @_ssdm_op_SpecInterface, i32 %data_b, void @empty_16, i32 0, i32 0, void @empty_20, i32 0, i32 0, void @empty_20, void @empty_20, void @empty_20, i32 0, i32 0, i32 0, i32 0, void @empty_20, void @empty_20, i32 4294967295, i32 0"   --->   Operation 44 'specinterface' 'specinterface_ln0' <Predicate = true> <Delay = 0.00>
ST_1 : Operation 45 [1/1] (0.00ns)   --->   "%specinterface_ln0 = specinterface void @_ssdm_op_SpecInterface, i32 %data_a, void @empty_16, i32 0, i32 0, void @empty_20, i32 0, i32 0, void @empty_20, void @empty_20, void @empty_20, i32 0, i32 0, i32 0, i32 0, void @empty_20, void @empty_20, i32 4294967295, i32 0"   --->   Operation 45 'specinterface' 'specinterface_ln0' <Predicate = true> <Delay = 0.00>
ST_1 : Operation 46 [1/1] (1.58ns)   --->   "%store_ln157 = store i6 0, i6 %i_8" [HLS/core.cpp:157->HLS/core.cpp:247]   --->   Operation 46 'store' 'store_ln157' <Predicate = true> <Delay = 1.58>
ST_1 : Operation 47 [1/1] (0.00ns)   --->   "%br_ln0 = br void %for.body.i.i"   --->   Operation 47 'br' 'br_ln0' <Predicate = true> <Delay = 0.00>
ST_1 : Operation 48 [1/1] (0.00ns)   --->   "%i = load i6 %i_8" [HLS/core.cpp:157->HLS/core.cpp:247]   --->   Operation 48 'load' 'i' <Predicate = true> <Delay = 0.00>
ST_1 : Operation 49 [1/1] (1.82ns)   --->   "%icmp_ln157 = icmp_eq  i6 %i, i6 50" [HLS/core.cpp:157->HLS/core.cpp:247]   --->   Operation 49 'icmp' 'icmp_ln157' <Predicate = true> <Delay = 1.82> <CoreInst = "Cmp">   --->   Core 9 'Cmp' <Latency = 0> <II = 1> <Delay = 1.82> <FuncUnit> <Opcode : 'icmp'> <InPorts = 2> <OutPorts = 1>
ST_1 : Operation 50 [1/1] (1.82ns)   --->   "%add_ln157 = add i6 %i, i6 1" [HLS/core.cpp:157->HLS/core.cpp:247]   --->   Operation 50 'add' 'add_ln157' <Predicate = true> <Delay = 1.82> <CoreInst = "Adder">   --->   Core 1 'Adder' <Latency = 0> <II = 1> <Delay = 1.82> <FuncUnit> <Opcode : 'add' 'sub'> <InPorts = 2> <OutPorts = 1>
ST_1 : Operation 51 [1/1] (0.00ns)   --->   "%br_ln157 = br i1 %icmp_ln157, void %for.body.i.split.i, void %for.inc.i14.i.preheader.exitStub" [HLS/core.cpp:157->HLS/core.cpp:247]   --->   Operation 51 'br' 'br_ln157' <Predicate = true> <Delay = 0.00>
ST_1 : Operation 52 [1/1] (1.58ns)   --->   "%store_ln157 = store i6 %add_ln157, i6 %i_8" [HLS/core.cpp:157->HLS/core.cpp:247]   --->   Operation 52 'store' 'store_ln157' <Predicate = (!icmp_ln157)> <Delay = 1.58>
ST_1 : Operation 53 [1/1] (0.00ns)   --->   "%br_ln157 = br void %for.body.i.i" [HLS/core.cpp:157->HLS/core.cpp:247]   --->   Operation 53 'br' 'br_ln157' <Predicate = (!icmp_ln157)> <Delay = 0.00>

State 2 <SV = 1> <Delay = 3.58>
ST_2 : Operation 54 [1/1] (0.00ns)   --->   "%zext_ln157 = zext i6 %i" [HLS/core.cpp:157->HLS/core.cpp:247]   --->   Operation 54 'zext' 'zext_ln157' <Predicate = true> <Delay = 0.00>
ST_2 : Operation 55 [1/1] (3.58ns)   --->   "%a = read i32 @_ssdm_op_Read.ap_fifo.volatile.i32P0A, i32 %data_a" [HLS/core.cpp:162->HLS/core.cpp:247]   --->   Operation 55 'read' 'a' <Predicate = true> <Delay = 3.58> <CoreInst = "FIFO">   --->   Core 78 'FIFO' <Latency = 0> <II = 1> <Delay = 3.58> <Storage> <Opcode : 'read' 'write' 'nbread' 'nbwrite'> <Ports = 0> <Width = 32> <Depth = 50> <FIFO>
ST_2 : Operation 56 [1/1] (3.58ns)   --->   "%b = read i32 @_ssdm_op_Read.ap_fifo.volatile.i32P0A, i32 %data_b" [HLS/core.cpp:163->HLS/core.cpp:247]   --->   Operation 56 'read' 'b' <Predicate = true> <Delay = 3.58> <CoreInst = "FIFO">   --->   Core 78 'FIFO' <Latency = 0> <II = 1> <Delay = 3.58> <Storage> <Opcode : 'read' 'write' 'nbread' 'nbwrite'> <Ports = 0> <Width = 32> <Depth = 50> <FIFO>
ST_2 : Operation 57 [1/1] (0.00ns)   --->   "%ALU_operation_MEM_addr = getelementptr i32 %ALU_operation_MEM, i64 0, i64 %zext_ln157" [HLS/core.cpp:164->HLS/core.cpp:247]   --->   Operation 57 'getelementptr' 'ALU_operation_MEM_addr' <Predicate = true> <Delay = 0.00>
ST_2 : Operation 58 [2/2] (3.25ns)   --->   "%ALU_operation_MEM_load = load i6 %ALU_operation_MEM_addr" [HLS/core.cpp:164->HLS/core.cpp:247]   --->   Operation 58 'load' 'ALU_operation_MEM_load' <Predicate = true> <Delay = 3.25> <CoreInst = "RAM">   --->   Core 82 'RAM' <Latency = 1> <II = 1> <Delay = 3.25> <Storage> <Opcode : 'load' 'store'> <Ports = 2> <Width = 32> <Depth = 50> <RAM>

State 3 <SV = 2> <Delay = 5.49>
ST_3 : Operation 59 [1/1] (0.00ns)   --->   "%specpipeline_ln159 = specpipeline void @_ssdm_op_SpecPipeline, i32 1, i32 0, i32 0, i32 0, void @empty_20" [HLS/core.cpp:159->HLS/core.cpp:247]   --->   Operation 59 'specpipeline' 'specpipeline_ln159' <Predicate = true> <Delay = 0.00>
ST_3 : Operation 60 [1/1] (0.00ns)   --->   "%speclooptripcount_ln157 = speclooptripcount void @_ssdm_op_SpecLoopTripCount, i64 50, i64 50, i64 50" [HLS/core.cpp:157->HLS/core.cpp:247]   --->   Operation 60 'speclooptripcount' 'speclooptripcount_ln157' <Predicate = true> <Delay = 0.00>
ST_3 : Operation 61 [1/1] (0.00ns)   --->   "%specloopname_ln157 = specloopname void @_ssdm_op_SpecLoopName, void @empty_12" [HLS/core.cpp:157->HLS/core.cpp:247]   --->   Operation 61 'specloopname' 'specloopname_ln157' <Predicate = true> <Delay = 0.00>
ST_3 : Operation 62 [1/2] (3.25ns)   --->   "%ALU_operation_MEM_load = load i6 %ALU_operation_MEM_addr" [HLS/core.cpp:164->HLS/core.cpp:247]   --->   Operation 62 'load' 'ALU_operation_MEM_load' <Predicate = true> <Delay = 3.25> <CoreInst = "RAM">   --->   Core 82 'RAM' <Latency = 1> <II = 1> <Delay = 3.25> <Storage> <Opcode : 'load' 'store'> <Ports = 2> <Width = 32> <Depth = 50> <RAM>
ST_3 : Operation 63 [1/1] (2.23ns)   --->   "%switch_ln164 = switch i32 %ALU_operation_MEM_load, void %sw.default.i.i, i32 0, void %sw.bb.i.i, i32 1, void %sw.bb2.i.i, i32 2, void %sw.bb5.i.i, i32 3, void %sw.bb7.i.i, i32 4, void %sw.bb10.i.i, i32 5, void %sw.bb12.i.i, i32 6, void %sw.bb15.i.i, i32 7, void %sw.bb18.i.i, i32 8, void %sw.bb20.i.i, i32 9, void %sw.bb23.i.i" [HLS/core.cpp:164->HLS/core.cpp:247]   --->   Operation 63 'switch' 'switch_ln164' <Predicate = true> <Delay = 2.23>
ST_3 : Operation 64 [36/36] (4.33ns)   --->   "%sdiv_ln205 = sdiv i32 %a, i32 %b" [HLS/core.cpp:205->HLS/core.cpp:247]   --->   Operation 64 'sdiv' 'sdiv_ln205' <Predicate = (ALU_operation_MEM_load == 9)> <Delay = 4.33> <CoreInst = "Divider">   --->   Core 6 'Divider' <Latency = 35> <II = 1> <Delay = 4.33> <FuncUnit> <Opcode : 'udiv' 'sdiv' 'urem' 'srem'> <InPorts = 2> <OutPorts = 1>

State 4 <SV = 3> <Delay = 4.33>
ST_4 : Operation 65 [35/36] (4.33ns)   --->   "%sdiv_ln205 = sdiv i32 %a, i32 %b" [HLS/core.cpp:205->HLS/core.cpp:247]   --->   Operation 65 'sdiv' 'sdiv_ln205' <Predicate = (ALU_operation_MEM_load == 9)> <Delay = 4.33> <CoreInst = "Divider">   --->   Core 6 'Divider' <Latency = 35> <II = 1> <Delay = 4.33> <FuncUnit> <Opcode : 'udiv' 'sdiv' 'urem' 'srem'> <InPorts = 2> <OutPorts = 1>

State 5 <SV = 4> <Delay = 4.33>
ST_5 : Operation 66 [34/36] (4.33ns)   --->   "%sdiv_ln205 = sdiv i32 %a, i32 %b" [HLS/core.cpp:205->HLS/core.cpp:247]   --->   Operation 66 'sdiv' 'sdiv_ln205' <Predicate = (ALU_operation_MEM_load == 9)> <Delay = 4.33> <CoreInst = "Divider">   --->   Core 6 'Divider' <Latency = 35> <II = 1> <Delay = 4.33> <FuncUnit> <Opcode : 'udiv' 'sdiv' 'urem' 'srem'> <InPorts = 2> <OutPorts = 1>

State 6 <SV = 5> <Delay = 4.33>
ST_6 : Operation 67 [33/36] (4.33ns)   --->   "%sdiv_ln205 = sdiv i32 %a, i32 %b" [HLS/core.cpp:205->HLS/core.cpp:247]   --->   Operation 67 'sdiv' 'sdiv_ln205' <Predicate = (ALU_operation_MEM_load == 9)> <Delay = 4.33> <CoreInst = "Divider">   --->   Core 6 'Divider' <Latency = 35> <II = 1> <Delay = 4.33> <FuncUnit> <Opcode : 'udiv' 'sdiv' 'urem' 'srem'> <InPorts = 2> <OutPorts = 1>

State 7 <SV = 6> <Delay = 4.33>
ST_7 : Operation 68 [32/36] (4.33ns)   --->   "%sdiv_ln205 = sdiv i32 %a, i32 %b" [HLS/core.cpp:205->HLS/core.cpp:247]   --->   Operation 68 'sdiv' 'sdiv_ln205' <Predicate = (ALU_operation_MEM_load == 9)> <Delay = 4.33> <CoreInst = "Divider">   --->   Core 6 'Divider' <Latency = 35> <II = 1> <Delay = 4.33> <FuncUnit> <Opcode : 'udiv' 'sdiv' 'urem' 'srem'> <InPorts = 2> <OutPorts = 1>

State 8 <SV = 7> <Delay = 4.33>
ST_8 : Operation 69 [31/36] (4.33ns)   --->   "%sdiv_ln205 = sdiv i32 %a, i32 %b" [HLS/core.cpp:205->HLS/core.cpp:247]   --->   Operation 69 'sdiv' 'sdiv_ln205' <Predicate = (ALU_operation_MEM_load == 9)> <Delay = 4.33> <CoreInst = "Divider">   --->   Core 6 'Divider' <Latency = 35> <II = 1> <Delay = 4.33> <FuncUnit> <Opcode : 'udiv' 'sdiv' 'urem' 'srem'> <InPorts = 2> <OutPorts = 1>

State 9 <SV = 8> <Delay = 4.33>
ST_9 : Operation 70 [30/36] (4.33ns)   --->   "%sdiv_ln205 = sdiv i32 %a, i32 %b" [HLS/core.cpp:205->HLS/core.cpp:247]   --->   Operation 70 'sdiv' 'sdiv_ln205' <Predicate = (ALU_operation_MEM_load == 9)> <Delay = 4.33> <CoreInst = "Divider">   --->   Core 6 'Divider' <Latency = 35> <II = 1> <Delay = 4.33> <FuncUnit> <Opcode : 'udiv' 'sdiv' 'urem' 'srem'> <InPorts = 2> <OutPorts = 1>

State 10 <SV = 9> <Delay = 4.33>
ST_10 : Operation 71 [29/36] (4.33ns)   --->   "%sdiv_ln205 = sdiv i32 %a, i32 %b" [HLS/core.cpp:205->HLS/core.cpp:247]   --->   Operation 71 'sdiv' 'sdiv_ln205' <Predicate = (ALU_operation_MEM_load == 9)> <Delay = 4.33> <CoreInst = "Divider">   --->   Core 6 'Divider' <Latency = 35> <II = 1> <Delay = 4.33> <FuncUnit> <Opcode : 'udiv' 'sdiv' 'urem' 'srem'> <InPorts = 2> <OutPorts = 1>

State 11 <SV = 10> <Delay = 4.33>
ST_11 : Operation 72 [28/36] (4.33ns)   --->   "%sdiv_ln205 = sdiv i32 %a, i32 %b" [HLS/core.cpp:205->HLS/core.cpp:247]   --->   Operation 72 'sdiv' 'sdiv_ln205' <Predicate = (ALU_operation_MEM_load == 9)> <Delay = 4.33> <CoreInst = "Divider">   --->   Core 6 'Divider' <Latency = 35> <II = 1> <Delay = 4.33> <FuncUnit> <Opcode : 'udiv' 'sdiv' 'urem' 'srem'> <InPorts = 2> <OutPorts = 1>

State 12 <SV = 11> <Delay = 4.33>
ST_12 : Operation 73 [27/36] (4.33ns)   --->   "%sdiv_ln205 = sdiv i32 %a, i32 %b" [HLS/core.cpp:205->HLS/core.cpp:247]   --->   Operation 73 'sdiv' 'sdiv_ln205' <Predicate = (ALU_operation_MEM_load == 9)> <Delay = 4.33> <CoreInst = "Divider">   --->   Core 6 'Divider' <Latency = 35> <II = 1> <Delay = 4.33> <FuncUnit> <Opcode : 'udiv' 'sdiv' 'urem' 'srem'> <InPorts = 2> <OutPorts = 1>

State 13 <SV = 12> <Delay = 4.33>
ST_13 : Operation 74 [26/36] (4.33ns)   --->   "%sdiv_ln205 = sdiv i32 %a, i32 %b" [HLS/core.cpp:205->HLS/core.cpp:247]   --->   Operation 74 'sdiv' 'sdiv_ln205' <Predicate = (ALU_operation_MEM_load == 9)> <Delay = 4.33> <CoreInst = "Divider">   --->   Core 6 'Divider' <Latency = 35> <II = 1> <Delay = 4.33> <FuncUnit> <Opcode : 'udiv' 'sdiv' 'urem' 'srem'> <InPorts = 2> <OutPorts = 1>

State 14 <SV = 13> <Delay = 4.33>
ST_14 : Operation 75 [25/36] (4.33ns)   --->   "%sdiv_ln205 = sdiv i32 %a, i32 %b" [HLS/core.cpp:205->HLS/core.cpp:247]   --->   Operation 75 'sdiv' 'sdiv_ln205' <Predicate = (ALU_operation_MEM_load == 9)> <Delay = 4.33> <CoreInst = "Divider">   --->   Core 6 'Divider' <Latency = 35> <II = 1> <Delay = 4.33> <FuncUnit> <Opcode : 'udiv' 'sdiv' 'urem' 'srem'> <InPorts = 2> <OutPorts = 1>

State 15 <SV = 14> <Delay = 4.33>
ST_15 : Operation 76 [24/36] (4.33ns)   --->   "%sdiv_ln205 = sdiv i32 %a, i32 %b" [HLS/core.cpp:205->HLS/core.cpp:247]   --->   Operation 76 'sdiv' 'sdiv_ln205' <Predicate = (ALU_operation_MEM_load == 9)> <Delay = 4.33> <CoreInst = "Divider">   --->   Core 6 'Divider' <Latency = 35> <II = 1> <Delay = 4.33> <FuncUnit> <Opcode : 'udiv' 'sdiv' 'urem' 'srem'> <InPorts = 2> <OutPorts = 1>

State 16 <SV = 15> <Delay = 4.33>
ST_16 : Operation 77 [23/36] (4.33ns)   --->   "%sdiv_ln205 = sdiv i32 %a, i32 %b" [HLS/core.cpp:205->HLS/core.cpp:247]   --->   Operation 77 'sdiv' 'sdiv_ln205' <Predicate = (ALU_operation_MEM_load == 9)> <Delay = 4.33> <CoreInst = "Divider">   --->   Core 6 'Divider' <Latency = 35> <II = 1> <Delay = 4.33> <FuncUnit> <Opcode : 'udiv' 'sdiv' 'urem' 'srem'> <InPorts = 2> <OutPorts = 1>

State 17 <SV = 16> <Delay = 4.33>
ST_17 : Operation 78 [22/36] (4.33ns)   --->   "%sdiv_ln205 = sdiv i32 %a, i32 %b" [HLS/core.cpp:205->HLS/core.cpp:247]   --->   Operation 78 'sdiv' 'sdiv_ln205' <Predicate = (ALU_operation_MEM_load == 9)> <Delay = 4.33> <CoreInst = "Divider">   --->   Core 6 'Divider' <Latency = 35> <II = 1> <Delay = 4.33> <FuncUnit> <Opcode : 'udiv' 'sdiv' 'urem' 'srem'> <InPorts = 2> <OutPorts = 1>

State 18 <SV = 17> <Delay = 4.33>
ST_18 : Operation 79 [21/36] (4.33ns)   --->   "%sdiv_ln205 = sdiv i32 %a, i32 %b" [HLS/core.cpp:205->HLS/core.cpp:247]   --->   Operation 79 'sdiv' 'sdiv_ln205' <Predicate = (ALU_operation_MEM_load == 9)> <Delay = 4.33> <CoreInst = "Divider">   --->   Core 6 'Divider' <Latency = 35> <II = 1> <Delay = 4.33> <FuncUnit> <Opcode : 'udiv' 'sdiv' 'urem' 'srem'> <InPorts = 2> <OutPorts = 1>

State 19 <SV = 18> <Delay = 4.33>
ST_19 : Operation 80 [20/36] (4.33ns)   --->   "%sdiv_ln205 = sdiv i32 %a, i32 %b" [HLS/core.cpp:205->HLS/core.cpp:247]   --->   Operation 80 'sdiv' 'sdiv_ln205' <Predicate = (ALU_operation_MEM_load == 9)> <Delay = 4.33> <CoreInst = "Divider">   --->   Core 6 'Divider' <Latency = 35> <II = 1> <Delay = 4.33> <FuncUnit> <Opcode : 'udiv' 'sdiv' 'urem' 'srem'> <InPorts = 2> <OutPorts = 1>

State 20 <SV = 19> <Delay = 4.33>
ST_20 : Operation 81 [19/36] (4.33ns)   --->   "%sdiv_ln205 = sdiv i32 %a, i32 %b" [HLS/core.cpp:205->HLS/core.cpp:247]   --->   Operation 81 'sdiv' 'sdiv_ln205' <Predicate = (ALU_operation_MEM_load == 9)> <Delay = 4.33> <CoreInst = "Divider">   --->   Core 6 'Divider' <Latency = 35> <II = 1> <Delay = 4.33> <FuncUnit> <Opcode : 'udiv' 'sdiv' 'urem' 'srem'> <InPorts = 2> <OutPorts = 1>

State 21 <SV = 20> <Delay = 4.33>
ST_21 : Operation 82 [18/36] (4.33ns)   --->   "%sdiv_ln205 = sdiv i32 %a, i32 %b" [HLS/core.cpp:205->HLS/core.cpp:247]   --->   Operation 82 'sdiv' 'sdiv_ln205' <Predicate = (ALU_operation_MEM_load == 9)> <Delay = 4.33> <CoreInst = "Divider">   --->   Core 6 'Divider' <Latency = 35> <II = 1> <Delay = 4.33> <FuncUnit> <Opcode : 'udiv' 'sdiv' 'urem' 'srem'> <InPorts = 2> <OutPorts = 1>

State 22 <SV = 21> <Delay = 4.33>
ST_22 : Operation 83 [17/36] (4.33ns)   --->   "%sdiv_ln205 = sdiv i32 %a, i32 %b" [HLS/core.cpp:205->HLS/core.cpp:247]   --->   Operation 83 'sdiv' 'sdiv_ln205' <Predicate = (ALU_operation_MEM_load == 9)> <Delay = 4.33> <CoreInst = "Divider">   --->   Core 6 'Divider' <Latency = 35> <II = 1> <Delay = 4.33> <FuncUnit> <Opcode : 'udiv' 'sdiv' 'urem' 'srem'> <InPorts = 2> <OutPorts = 1>

State 23 <SV = 22> <Delay = 4.33>
ST_23 : Operation 84 [16/36] (4.33ns)   --->   "%sdiv_ln205 = sdiv i32 %a, i32 %b" [HLS/core.cpp:205->HLS/core.cpp:247]   --->   Operation 84 'sdiv' 'sdiv_ln205' <Predicate = (ALU_operation_MEM_load == 9)> <Delay = 4.33> <CoreInst = "Divider">   --->   Core 6 'Divider' <Latency = 35> <II = 1> <Delay = 4.33> <FuncUnit> <Opcode : 'udiv' 'sdiv' 'urem' 'srem'> <InPorts = 2> <OutPorts = 1>

State 24 <SV = 23> <Delay = 4.33>
ST_24 : Operation 85 [15/36] (4.33ns)   --->   "%sdiv_ln205 = sdiv i32 %a, i32 %b" [HLS/core.cpp:205->HLS/core.cpp:247]   --->   Operation 85 'sdiv' 'sdiv_ln205' <Predicate = (ALU_operation_MEM_load == 9)> <Delay = 4.33> <CoreInst = "Divider">   --->   Core 6 'Divider' <Latency = 35> <II = 1> <Delay = 4.33> <FuncUnit> <Opcode : 'udiv' 'sdiv' 'urem' 'srem'> <InPorts = 2> <OutPorts = 1>

State 25 <SV = 24> <Delay = 4.33>
ST_25 : Operation 86 [14/36] (4.33ns)   --->   "%sdiv_ln205 = sdiv i32 %a, i32 %b" [HLS/core.cpp:205->HLS/core.cpp:247]   --->   Operation 86 'sdiv' 'sdiv_ln205' <Predicate = (ALU_operation_MEM_load == 9)> <Delay = 4.33> <CoreInst = "Divider">   --->   Core 6 'Divider' <Latency = 35> <II = 1> <Delay = 4.33> <FuncUnit> <Opcode : 'udiv' 'sdiv' 'urem' 'srem'> <InPorts = 2> <OutPorts = 1>

State 26 <SV = 25> <Delay = 4.33>
ST_26 : Operation 87 [13/36] (4.33ns)   --->   "%sdiv_ln205 = sdiv i32 %a, i32 %b" [HLS/core.cpp:205->HLS/core.cpp:247]   --->   Operation 87 'sdiv' 'sdiv_ln205' <Predicate = (ALU_operation_MEM_load == 9)> <Delay = 4.33> <CoreInst = "Divider">   --->   Core 6 'Divider' <Latency = 35> <II = 1> <Delay = 4.33> <FuncUnit> <Opcode : 'udiv' 'sdiv' 'urem' 'srem'> <InPorts = 2> <OutPorts = 1>

State 27 <SV = 26> <Delay = 4.33>
ST_27 : Operation 88 [12/36] (4.33ns)   --->   "%sdiv_ln205 = sdiv i32 %a, i32 %b" [HLS/core.cpp:205->HLS/core.cpp:247]   --->   Operation 88 'sdiv' 'sdiv_ln205' <Predicate = (ALU_operation_MEM_load == 9)> <Delay = 4.33> <CoreInst = "Divider">   --->   Core 6 'Divider' <Latency = 35> <II = 1> <Delay = 4.33> <FuncUnit> <Opcode : 'udiv' 'sdiv' 'urem' 'srem'> <InPorts = 2> <OutPorts = 1>

State 28 <SV = 27> <Delay = 4.33>
ST_28 : Operation 89 [11/36] (4.33ns)   --->   "%sdiv_ln205 = sdiv i32 %a, i32 %b" [HLS/core.cpp:205->HLS/core.cpp:247]   --->   Operation 89 'sdiv' 'sdiv_ln205' <Predicate = (ALU_operation_MEM_load == 9)> <Delay = 4.33> <CoreInst = "Divider">   --->   Core 6 'Divider' <Latency = 35> <II = 1> <Delay = 4.33> <FuncUnit> <Opcode : 'udiv' 'sdiv' 'urem' 'srem'> <InPorts = 2> <OutPorts = 1>

State 29 <SV = 28> <Delay = 4.33>
ST_29 : Operation 90 [10/36] (4.33ns)   --->   "%sdiv_ln205 = sdiv i32 %a, i32 %b" [HLS/core.cpp:205->HLS/core.cpp:247]   --->   Operation 90 'sdiv' 'sdiv_ln205' <Predicate = (ALU_operation_MEM_load == 9)> <Delay = 4.33> <CoreInst = "Divider">   --->   Core 6 'Divider' <Latency = 35> <II = 1> <Delay = 4.33> <FuncUnit> <Opcode : 'udiv' 'sdiv' 'urem' 'srem'> <InPorts = 2> <OutPorts = 1>

State 30 <SV = 29> <Delay = 4.33>
ST_30 : Operation 91 [9/36] (4.33ns)   --->   "%sdiv_ln205 = sdiv i32 %a, i32 %b" [HLS/core.cpp:205->HLS/core.cpp:247]   --->   Operation 91 'sdiv' 'sdiv_ln205' <Predicate = (ALU_operation_MEM_load == 9)> <Delay = 4.33> <CoreInst = "Divider">   --->   Core 6 'Divider' <Latency = 35> <II = 1> <Delay = 4.33> <FuncUnit> <Opcode : 'udiv' 'sdiv' 'urem' 'srem'> <InPorts = 2> <OutPorts = 1>

State 31 <SV = 30> <Delay = 4.33>
ST_31 : Operation 92 [8/36] (4.33ns)   --->   "%sdiv_ln205 = sdiv i32 %a, i32 %b" [HLS/core.cpp:205->HLS/core.cpp:247]   --->   Operation 92 'sdiv' 'sdiv_ln205' <Predicate = (ALU_operation_MEM_load == 9)> <Delay = 4.33> <CoreInst = "Divider">   --->   Core 6 'Divider' <Latency = 35> <II = 1> <Delay = 4.33> <FuncUnit> <Opcode : 'udiv' 'sdiv' 'urem' 'srem'> <InPorts = 2> <OutPorts = 1>

State 32 <SV = 31> <Delay = 4.33>
ST_32 : Operation 93 [7/36] (4.33ns)   --->   "%sdiv_ln205 = sdiv i32 %a, i32 %b" [HLS/core.cpp:205->HLS/core.cpp:247]   --->   Operation 93 'sdiv' 'sdiv_ln205' <Predicate = (ALU_operation_MEM_load == 9)> <Delay = 4.33> <CoreInst = "Divider">   --->   Core 6 'Divider' <Latency = 35> <II = 1> <Delay = 4.33> <FuncUnit> <Opcode : 'udiv' 'sdiv' 'urem' 'srem'> <InPorts = 2> <OutPorts = 1>

State 33 <SV = 32> <Delay = 4.33>
ST_33 : Operation 94 [6/36] (4.33ns)   --->   "%sdiv_ln205 = sdiv i32 %a, i32 %b" [HLS/core.cpp:205->HLS/core.cpp:247]   --->   Operation 94 'sdiv' 'sdiv_ln205' <Predicate = (ALU_operation_MEM_load == 9)> <Delay = 4.33> <CoreInst = "Divider">   --->   Core 6 'Divider' <Latency = 35> <II = 1> <Delay = 4.33> <FuncUnit> <Opcode : 'udiv' 'sdiv' 'urem' 'srem'> <InPorts = 2> <OutPorts = 1>

State 34 <SV = 33> <Delay = 4.33>
ST_34 : Operation 95 [5/36] (4.33ns)   --->   "%sdiv_ln205 = sdiv i32 %a, i32 %b" [HLS/core.cpp:205->HLS/core.cpp:247]   --->   Operation 95 'sdiv' 'sdiv_ln205' <Predicate = (ALU_operation_MEM_load == 9)> <Delay = 4.33> <CoreInst = "Divider">   --->   Core 6 'Divider' <Latency = 35> <II = 1> <Delay = 4.33> <FuncUnit> <Opcode : 'udiv' 'sdiv' 'urem' 'srem'> <InPorts = 2> <OutPorts = 1>

State 35 <SV = 34> <Delay = 4.33>
ST_35 : Operation 96 [4/36] (4.33ns)   --->   "%sdiv_ln205 = sdiv i32 %a, i32 %b" [HLS/core.cpp:205->HLS/core.cpp:247]   --->   Operation 96 'sdiv' 'sdiv_ln205' <Predicate = (ALU_operation_MEM_load == 9)> <Delay = 4.33> <CoreInst = "Divider">   --->   Core 6 'Divider' <Latency = 35> <II = 1> <Delay = 4.33> <FuncUnit> <Opcode : 'udiv' 'sdiv' 'urem' 'srem'> <InPorts = 2> <OutPorts = 1>

State 36 <SV = 35> <Delay = 4.33>
ST_36 : Operation 97 [3/36] (4.33ns)   --->   "%sdiv_ln205 = sdiv i32 %a, i32 %b" [HLS/core.cpp:205->HLS/core.cpp:247]   --->   Operation 97 'sdiv' 'sdiv_ln205' <Predicate = (ALU_operation_MEM_load == 9)> <Delay = 4.33> <CoreInst = "Divider">   --->   Core 6 'Divider' <Latency = 35> <II = 1> <Delay = 4.33> <FuncUnit> <Opcode : 'udiv' 'sdiv' 'urem' 'srem'> <InPorts = 2> <OutPorts = 1>

State 37 <SV = 36> <Delay = 6.91>
ST_37 : Operation 98 [2/36] (4.33ns)   --->   "%sdiv_ln205 = sdiv i32 %a, i32 %b" [HLS/core.cpp:205->HLS/core.cpp:247]   --->   Operation 98 'sdiv' 'sdiv_ln205' <Predicate = (ALU_operation_MEM_load == 9)> <Delay = 4.33> <CoreInst = "Divider">   --->   Core 6 'Divider' <Latency = 35> <II = 1> <Delay = 4.33> <FuncUnit> <Opcode : 'udiv' 'sdiv' 'urem' 'srem'> <InPorts = 2> <OutPorts = 1>
ST_37 : Operation 99 [2/2] (6.91ns)   --->   "%mul_ln201 = mul i32 %b, i32 %a" [HLS/core.cpp:201->HLS/core.cpp:247]   --->   Operation 99 'mul' 'mul_ln201' <Predicate = (ALU_operation_MEM_load == 8)> <Delay = 6.91> <CoreInst = "Multiplier">   --->   Core 3 'Multiplier' <Latency = 1> <II = 1> <Delay = 6.91> <FuncUnit> <Opcode : 'mul'> <InPorts = 2> <OutPorts = 1>

State 38 <SV = 37> <Delay = 6.91>
ST_38 : Operation 100 [1/36] (4.33ns)   --->   "%sdiv_ln205 = sdiv i32 %a, i32 %b" [HLS/core.cpp:205->HLS/core.cpp:247]   --->   Operation 100 'sdiv' 'sdiv_ln205' <Predicate = (ALU_operation_MEM_load == 9)> <Delay = 4.33> <CoreInst = "Divider">   --->   Core 6 'Divider' <Latency = 35> <II = 1> <Delay = 4.33> <FuncUnit> <Opcode : 'udiv' 'sdiv' 'urem' 'srem'> <InPorts = 2> <OutPorts = 1>
ST_38 : Operation 101 [1/2] (6.91ns)   --->   "%mul_ln201 = mul i32 %b, i32 %a" [HLS/core.cpp:201->HLS/core.cpp:247]   --->   Operation 101 'mul' 'mul_ln201' <Predicate = (ALU_operation_MEM_load == 8)> <Delay = 6.91> <CoreInst = "Multiplier">   --->   Core 3 'Multiplier' <Latency = 1> <II = 1> <Delay = 6.91> <FuncUnit> <Opcode : 'mul'> <InPorts = 2> <OutPorts = 1>
ST_38 : Operation 102 [1/1] (2.55ns)   --->   "%sub_ln189 = sub i32 0, i32 %b" [HLS/core.cpp:189->HLS/core.cpp:247]   --->   Operation 102 'sub' 'sub_ln189' <Predicate = (ALU_operation_MEM_load == 5)> <Delay = 2.55> <CoreInst = "Adder">   --->   Core 1 'Adder' <Latency = 0> <II = 1> <Delay = 2.55> <FuncUnit> <Opcode : 'add' 'sub'> <InPorts = 2> <OutPorts = 1>
ST_38 : Operation 103 [1/1] (0.00ns)   --->   "%lshr_ln189_3 = partselect i31 @_ssdm_op_PartSelect.i31.i32.i32.i32, i32 %sub_ln189, i32 1, i32 31" [HLS/core.cpp:189->HLS/core.cpp:247]   --->   Operation 103 'partselect' 'lshr_ln189_3' <Predicate = (ALU_operation_MEM_load == 5)> <Delay = 0.00>
ST_38 : Operation 104 [1/1] (2.55ns)   --->   "%sub_ln185 = sub i32 0, i32 %a" [HLS/core.cpp:185->HLS/core.cpp:247]   --->   Operation 104 'sub' 'sub_ln185' <Predicate = (ALU_operation_MEM_load == 4)> <Delay = 2.55> <CoreInst = "Adder">   --->   Core 1 'Adder' <Latency = 0> <II = 1> <Delay = 2.55> <FuncUnit> <Opcode : 'add' 'sub'> <InPorts = 2> <OutPorts = 1>
ST_38 : Operation 105 [1/1] (0.00ns)   --->   "%lshr_ln185_3 = partselect i31 @_ssdm_op_PartSelect.i31.i32.i32.i32, i32 %sub_ln185, i32 1, i32 31" [HLS/core.cpp:185->HLS/core.cpp:247]   --->   Operation 105 'partselect' 'lshr_ln185_3' <Predicate = (ALU_operation_MEM_load == 4)> <Delay = 0.00>
ST_38 : Operation 146 [1/1] (0.00ns)   --->   "%ret_ln0 = ret"   --->   Operation 146 'ret' 'ret_ln0' <Predicate = (icmp_ln157)> <Delay = 0.00>

State 39 <SV = 38> <Delay = 6.80>
ST_39 : Operation 106 [1/1] (3.58ns)   --->   "%write_ln205 = write void @_ssdm_op_Write.ap_fifo.volatile.i32P0A, i32 %data_result, i32 %sdiv_ln205" [HLS/core.cpp:205->HLS/core.cpp:247]   --->   Operation 106 'write' 'write_ln205' <Predicate = (ALU_operation_MEM_load == 9)> <Delay = 3.58> <CoreInst = "FIFO">   --->   Core 78 'FIFO' <Latency = 0> <II = 1> <Delay = 3.58> <Storage> <Opcode : 'read' 'write' 'nbread' 'nbwrite'> <Ports = 0> <Width = 32> <Depth = 50> <FIFO>
ST_39 : Operation 107 [1/1] (0.00ns)   --->   "%br_ln206 = br void %for.inc.i9.i" [HLS/core.cpp:206->HLS/core.cpp:247]   --->   Operation 107 'br' 'br_ln206' <Predicate = (ALU_operation_MEM_load == 9)> <Delay = 0.00>
ST_39 : Operation 108 [1/1] (3.58ns)   --->   "%write_ln201 = write void @_ssdm_op_Write.ap_fifo.volatile.i32P0A, i32 %data_result, i32 %mul_ln201" [HLS/core.cpp:201->HLS/core.cpp:247]   --->   Operation 108 'write' 'write_ln201' <Predicate = (ALU_operation_MEM_load == 8)> <Delay = 3.58> <CoreInst = "FIFO">   --->   Core 78 'FIFO' <Latency = 0> <II = 1> <Delay = 3.58> <Storage> <Opcode : 'read' 'write' 'nbread' 'nbwrite'> <Ports = 0> <Width = 32> <Depth = 50> <FIFO>
ST_39 : Operation 109 [1/1] (0.00ns)   --->   "%br_ln202 = br void %for.inc.i9.i" [HLS/core.cpp:202->HLS/core.cpp:247]   --->   Operation 109 'br' 'br_ln202' <Predicate = (ALU_operation_MEM_load == 8)> <Delay = 0.00>
ST_39 : Operation 110 [1/1] (2.55ns)   --->   "%sub_ln197 = sub i32 %a, i32 %b" [HLS/core.cpp:197->HLS/core.cpp:247]   --->   Operation 110 'sub' 'sub_ln197' <Predicate = (ALU_operation_MEM_load == 7)> <Delay = 2.55> <CoreInst = "Adder">   --->   Core 1 'Adder' <Latency = 0> <II = 1> <Delay = 2.55> <FuncUnit> <Opcode : 'add' 'sub'> <InPorts = 2> <OutPorts = 1>
ST_39 : Operation 111 [1/1] (3.58ns)   --->   "%write_ln197 = write void @_ssdm_op_Write.ap_fifo.volatile.i32P0A, i32 %data_result, i32 %sub_ln197" [HLS/core.cpp:197->HLS/core.cpp:247]   --->   Operation 111 'write' 'write_ln197' <Predicate = (ALU_operation_MEM_load == 7)> <Delay = 3.58> <CoreInst = "FIFO">   --->   Core 78 'FIFO' <Latency = 0> <II = 1> <Delay = 3.58> <Storage> <Opcode : 'read' 'write' 'nbread' 'nbwrite'> <Ports = 0> <Width = 32> <Depth = 50> <FIFO>
ST_39 : Operation 112 [1/1] (0.00ns)   --->   "%br_ln198 = br void %for.inc.i9.i" [HLS/core.cpp:198->HLS/core.cpp:247]   --->   Operation 112 'br' 'br_ln198' <Predicate = (ALU_operation_MEM_load == 7)> <Delay = 0.00>
ST_39 : Operation 113 [1/1] (2.55ns)   --->   "%add_ln193 = add i32 %b, i32 %a" [HLS/core.cpp:193->HLS/core.cpp:247]   --->   Operation 113 'add' 'add_ln193' <Predicate = (ALU_operation_MEM_load == 6)> <Delay = 2.55> <CoreInst = "Adder">   --->   Core 1 'Adder' <Latency = 0> <II = 1> <Delay = 2.55> <FuncUnit> <Opcode : 'add' 'sub'> <InPorts = 2> <OutPorts = 1>
ST_39 : Operation 114 [1/1] (3.58ns)   --->   "%write_ln193 = write void @_ssdm_op_Write.ap_fifo.volatile.i32P0A, i32 %data_result, i32 %add_ln193" [HLS/core.cpp:193->HLS/core.cpp:247]   --->   Operation 114 'write' 'write_ln193' <Predicate = (ALU_operation_MEM_load == 6)> <Delay = 3.58> <CoreInst = "FIFO">   --->   Core 78 'FIFO' <Latency = 0> <II = 1> <Delay = 3.58> <Storage> <Opcode : 'read' 'write' 'nbread' 'nbwrite'> <Ports = 0> <Width = 32> <Depth = 50> <FIFO>
ST_39 : Operation 115 [1/1] (0.00ns)   --->   "%br_ln194 = br void %for.inc.i9.i" [HLS/core.cpp:194->HLS/core.cpp:247]   --->   Operation 115 'br' 'br_ln194' <Predicate = (ALU_operation_MEM_load == 6)> <Delay = 0.00>
ST_39 : Operation 116 [1/1] (0.00ns)   --->   "%tmp_2 = bitselect i1 @_ssdm_op_BitSelect.i1.i32.i32, i32 %b, i32 31" [HLS/core.cpp:189->HLS/core.cpp:247]   --->   Operation 116 'bitselect' 'tmp_2' <Predicate = (ALU_operation_MEM_load == 5)> <Delay = 0.00>
ST_39 : Operation 117 [1/1] (0.00ns)   --->   "%zext_ln189 = zext i31 %lshr_ln189_3" [HLS/core.cpp:189->HLS/core.cpp:247]   --->   Operation 117 'zext' 'zext_ln189' <Predicate = (ALU_operation_MEM_load == 5)> <Delay = 0.00>
ST_39 : Operation 118 [1/1] (2.52ns)   --->   "%sub_ln189_2 = sub i32 0, i32 %zext_ln189" [HLS/core.cpp:189->HLS/core.cpp:247]   --->   Operation 118 'sub' 'sub_ln189_2' <Predicate = (ALU_operation_MEM_load == 5)> <Delay = 2.52> <CoreInst = "Adder">   --->   Core 1 'Adder' <Latency = 0> <II = 1> <Delay = 2.52> <FuncUnit> <Opcode : 'add' 'sub'> <InPorts = 2> <OutPorts = 1>
ST_39 : Operation 119 [1/1] (0.00ns)   --->   "%lshr_ln189_4 = partselect i31 @_ssdm_op_PartSelect.i31.i32.i32.i32, i32 %b, i32 1, i32 31" [HLS/core.cpp:189->HLS/core.cpp:247]   --->   Operation 119 'partselect' 'lshr_ln189_4' <Predicate = (ALU_operation_MEM_load == 5)> <Delay = 0.00>
ST_39 : Operation 120 [1/1] (0.00ns)   --->   "%zext_ln189_2 = zext i31 %lshr_ln189_4" [HLS/core.cpp:189->HLS/core.cpp:247]   --->   Operation 120 'zext' 'zext_ln189_2' <Predicate = (ALU_operation_MEM_load == 5)> <Delay = 0.00>
ST_39 : Operation 121 [1/1] (0.69ns)   --->   "%select_ln189 = select i1 %tmp_2, i32 %sub_ln189_2, i32 %zext_ln189_2" [HLS/core.cpp:189->HLS/core.cpp:247]   --->   Operation 121 'select' 'select_ln189' <Predicate = (ALU_operation_MEM_load == 5)> <Delay = 0.69> <CoreInst = "Sel">   --->   Core 73 'Sel' <Latency = 0> <II = 1> <Delay = 0.69> <FuncUnit> <Opcode : 'select'> <InPorts = 3> <OutPorts = 1>
ST_39 : Operation 122 [1/1] (3.58ns)   --->   "%write_ln189 = write void @_ssdm_op_Write.ap_fifo.volatile.i32P0A, i32 %data_result, i32 %select_ln189" [HLS/core.cpp:189->HLS/core.cpp:247]   --->   Operation 122 'write' 'write_ln189' <Predicate = (ALU_operation_MEM_load == 5)> <Delay = 3.58> <CoreInst = "FIFO">   --->   Core 78 'FIFO' <Latency = 0> <II = 1> <Delay = 3.58> <Storage> <Opcode : 'read' 'write' 'nbread' 'nbwrite'> <Ports = 0> <Width = 32> <Depth = 50> <FIFO>
ST_39 : Operation 123 [1/1] (0.00ns)   --->   "%br_ln190 = br void %for.inc.i9.i" [HLS/core.cpp:190->HLS/core.cpp:247]   --->   Operation 123 'br' 'br_ln190' <Predicate = (ALU_operation_MEM_load == 5)> <Delay = 0.00>
ST_39 : Operation 124 [1/1] (0.00ns)   --->   "%tmp = bitselect i1 @_ssdm_op_BitSelect.i1.i32.i32, i32 %a, i32 31" [HLS/core.cpp:185->HLS/core.cpp:247]   --->   Operation 124 'bitselect' 'tmp' <Predicate = (ALU_operation_MEM_load == 4)> <Delay = 0.00>
ST_39 : Operation 125 [1/1] (0.00ns)   --->   "%zext_ln185 = zext i31 %lshr_ln185_3" [HLS/core.cpp:185->HLS/core.cpp:247]   --->   Operation 125 'zext' 'zext_ln185' <Predicate = (ALU_operation_MEM_load == 4)> <Delay = 0.00>
ST_39 : Operation 126 [1/1] (2.52ns)   --->   "%sub_ln185_2 = sub i32 0, i32 %zext_ln185" [HLS/core.cpp:185->HLS/core.cpp:247]   --->   Operation 126 'sub' 'sub_ln185_2' <Predicate = (ALU_operation_MEM_load == 4)> <Delay = 2.52> <CoreInst = "Adder">   --->   Core 1 'Adder' <Latency = 0> <II = 1> <Delay = 2.52> <FuncUnit> <Opcode : 'add' 'sub'> <InPorts = 2> <OutPorts = 1>
ST_39 : Operation 127 [1/1] (0.00ns)   --->   "%lshr_ln185_4 = partselect i31 @_ssdm_op_PartSelect.i31.i32.i32.i32, i32 %a, i32 1, i32 31" [HLS/core.cpp:185->HLS/core.cpp:247]   --->   Operation 127 'partselect' 'lshr_ln185_4' <Predicate = (ALU_operation_MEM_load == 4)> <Delay = 0.00>
ST_39 : Operation 128 [1/1] (0.00ns)   --->   "%zext_ln185_2 = zext i31 %lshr_ln185_4" [HLS/core.cpp:185->HLS/core.cpp:247]   --->   Operation 128 'zext' 'zext_ln185_2' <Predicate = (ALU_operation_MEM_load == 4)> <Delay = 0.00>
ST_39 : Operation 129 [1/1] (0.69ns)   --->   "%select_ln185 = select i1 %tmp, i32 %sub_ln185_2, i32 %zext_ln185_2" [HLS/core.cpp:185->HLS/core.cpp:247]   --->   Operation 129 'select' 'select_ln185' <Predicate = (ALU_operation_MEM_load == 4)> <Delay = 0.69> <CoreInst = "Sel">   --->   Core 73 'Sel' <Latency = 0> <II = 1> <Delay = 0.69> <FuncUnit> <Opcode : 'select'> <InPorts = 3> <OutPorts = 1>
ST_39 : Operation 130 [1/1] (3.58ns)   --->   "%write_ln185 = write void @_ssdm_op_Write.ap_fifo.volatile.i32P0A, i32 %data_result, i32 %select_ln185" [HLS/core.cpp:185->HLS/core.cpp:247]   --->   Operation 130 'write' 'write_ln185' <Predicate = (ALU_operation_MEM_load == 4)> <Delay = 3.58> <CoreInst = "FIFO">   --->   Core 78 'FIFO' <Latency = 0> <II = 1> <Delay = 3.58> <Storage> <Opcode : 'read' 'write' 'nbread' 'nbwrite'> <Ports = 0> <Width = 32> <Depth = 50> <FIFO>
ST_39 : Operation 131 [1/1] (0.00ns)   --->   "%br_ln186 = br void %for.inc.i9.i" [HLS/core.cpp:186->HLS/core.cpp:247]   --->   Operation 131 'br' 'br_ln186' <Predicate = (ALU_operation_MEM_load == 4)> <Delay = 0.00>
ST_39 : Operation 132 [1/1] (0.00ns)   --->   "%shl_ln181 = shl i32 %b, i32 1" [HLS/core.cpp:181->HLS/core.cpp:247]   --->   Operation 132 'shl' 'shl_ln181' <Predicate = (ALU_operation_MEM_load == 3)> <Delay = 0.00>
ST_39 : Operation 133 [1/1] (3.58ns)   --->   "%write_ln181 = write void @_ssdm_op_Write.ap_fifo.volatile.i32P0A, i32 %data_result, i32 %shl_ln181" [HLS/core.cpp:181->HLS/core.cpp:247]   --->   Operation 133 'write' 'write_ln181' <Predicate = (ALU_operation_MEM_load == 3)> <Delay = 3.58> <CoreInst = "FIFO">   --->   Core 78 'FIFO' <Latency = 0> <II = 1> <Delay = 3.58> <Storage> <Opcode : 'read' 'write' 'nbread' 'nbwrite'> <Ports = 0> <Width = 32> <Depth = 50> <FIFO>
ST_39 : Operation 134 [1/1] (0.00ns)   --->   "%br_ln182 = br void %for.inc.i9.i" [HLS/core.cpp:182->HLS/core.cpp:247]   --->   Operation 134 'br' 'br_ln182' <Predicate = (ALU_operation_MEM_load == 3)> <Delay = 0.00>
ST_39 : Operation 135 [1/1] (0.00ns)   --->   "%shl_ln176 = shl i32 %a, i32 1" [HLS/core.cpp:176->HLS/core.cpp:247]   --->   Operation 135 'shl' 'shl_ln176' <Predicate = (ALU_operation_MEM_load == 2)> <Delay = 0.00>
ST_39 : Operation 136 [1/1] (3.58ns)   --->   "%write_ln176 = write void @_ssdm_op_Write.ap_fifo.volatile.i32P0A, i32 %data_result, i32 %shl_ln176" [HLS/core.cpp:176->HLS/core.cpp:247]   --->   Operation 136 'write' 'write_ln176' <Predicate = (ALU_operation_MEM_load == 2)> <Delay = 3.58> <CoreInst = "FIFO">   --->   Core 78 'FIFO' <Latency = 0> <II = 1> <Delay = 3.58> <Storage> <Opcode : 'read' 'write' 'nbread' 'nbwrite'> <Ports = 0> <Width = 32> <Depth = 50> <FIFO>
ST_39 : Operation 137 [1/1] (0.00ns)   --->   "%br_ln178 = br void %for.inc.i9.i" [HLS/core.cpp:178->HLS/core.cpp:247]   --->   Operation 137 'br' 'br_ln178' <Predicate = (ALU_operation_MEM_load == 2)> <Delay = 0.00>
ST_39 : Operation 138 [1/1] (2.55ns)   --->   "%add_ln172 = add i32 %b, i32 27" [HLS/core.cpp:172->HLS/core.cpp:247]   --->   Operation 138 'add' 'add_ln172' <Predicate = (ALU_operation_MEM_load == 1)> <Delay = 2.55> <CoreInst = "Adder">   --->   Core 1 'Adder' <Latency = 0> <II = 1> <Delay = 2.55> <FuncUnit> <Opcode : 'add' 'sub'> <InPorts = 2> <OutPorts = 1>
ST_39 : Operation 139 [1/1] (3.58ns)   --->   "%write_ln172 = write void @_ssdm_op_Write.ap_fifo.volatile.i32P0A, i32 %data_result, i32 %add_ln172" [HLS/core.cpp:172->HLS/core.cpp:247]   --->   Operation 139 'write' 'write_ln172' <Predicate = (ALU_operation_MEM_load == 1)> <Delay = 3.58> <CoreInst = "FIFO">   --->   Core 78 'FIFO' <Latency = 0> <II = 1> <Delay = 3.58> <Storage> <Opcode : 'read' 'write' 'nbread' 'nbwrite'> <Ports = 0> <Width = 32> <Depth = 50> <FIFO>
ST_39 : Operation 140 [1/1] (0.00ns)   --->   "%br_ln173 = br void %for.inc.i9.i" [HLS/core.cpp:173->HLS/core.cpp:247]   --->   Operation 140 'br' 'br_ln173' <Predicate = (ALU_operation_MEM_load == 1)> <Delay = 0.00>
ST_39 : Operation 141 [1/1] (2.55ns)   --->   "%add_ln168 = add i32 %a, i32 27" [HLS/core.cpp:168->HLS/core.cpp:247]   --->   Operation 141 'add' 'add_ln168' <Predicate = (ALU_operation_MEM_load == 0)> <Delay = 2.55> <CoreInst = "Adder">   --->   Core 1 'Adder' <Latency = 0> <II = 1> <Delay = 2.55> <FuncUnit> <Opcode : 'add' 'sub'> <InPorts = 2> <OutPorts = 1>
ST_39 : Operation 142 [1/1] (3.58ns)   --->   "%write_ln168 = write void @_ssdm_op_Write.ap_fifo.volatile.i32P0A, i32 %data_result, i32 %add_ln168" [HLS/core.cpp:168->HLS/core.cpp:247]   --->   Operation 142 'write' 'write_ln168' <Predicate = (ALU_operation_MEM_load == 0)> <Delay = 3.58> <CoreInst = "FIFO">   --->   Core 78 'FIFO' <Latency = 0> <II = 1> <Delay = 3.58> <Storage> <Opcode : 'read' 'write' 'nbread' 'nbwrite'> <Ports = 0> <Width = 32> <Depth = 50> <FIFO>
ST_39 : Operation 143 [1/1] (0.00ns)   --->   "%br_ln169 = br void %for.inc.i9.i" [HLS/core.cpp:169->HLS/core.cpp:247]   --->   Operation 143 'br' 'br_ln169' <Predicate = (ALU_operation_MEM_load == 0)> <Delay = 0.00>
ST_39 : Operation 144 [1/1] (3.58ns)   --->   "%write_ln210 = write void @_ssdm_op_Write.ap_fifo.volatile.i32P0A, i32 %data_result, i32 0" [HLS/core.cpp:210->HLS/core.cpp:247]   --->   Operation 144 'write' 'write_ln210' <Predicate = (ALU_operation_MEM_load != 0 & ALU_operation_MEM_load != 1 & ALU_operation_MEM_load != 2 & ALU_operation_MEM_load != 3 & ALU_operation_MEM_load != 4 & ALU_operation_MEM_load != 5 & ALU_operation_MEM_load != 6 & ALU_operation_MEM_load != 7 & ALU_operation_MEM_load != 8 & ALU_operation_MEM_load != 9)> <Delay = 3.58> <CoreInst = "FIFO">   --->   Core 78 'FIFO' <Latency = 0> <II = 1> <Delay = 3.58> <Storage> <Opcode : 'read' 'write' 'nbread' 'nbwrite'> <Ports = 0> <Width = 32> <Depth = 50> <FIFO>
ST_39 : Operation 145 [1/1] (0.00ns)   --->   "%br_ln212 = br void %for.inc.i9.i" [HLS/core.cpp:212->HLS/core.cpp:247]   --->   Operation 145 'br' 'br_ln212' <Predicate = (ALU_operation_MEM_load != 0 & ALU_operation_MEM_load != 1 & ALU_operation_MEM_load != 2 & ALU_operation_MEM_load != 3 & ALU_operation_MEM_load != 4 & ALU_operation_MEM_load != 5 & ALU_operation_MEM_load != 6 & ALU_operation_MEM_load != 7 & ALU_operation_MEM_load != 8 & ALU_operation_MEM_load != 9)> <Delay = 0.00>


============================================================
+ Verbose Summary: Binding
============================================================
STG Binding: 
---------------- STG Properties BEGIN ----------------
- Is combinational: 0
- Is one-state seq: 0
- Is datapath-only: 0
- Is pipelined: 0
- Is top level: 0
Port [ Return ] is wired: 1; IO mode=ap_ctrl_hs:ce=0
Port [ ALU_operation_MEM]:  wired=1; compound=1; hidden=0; nouse=0; global=0; static=0; extern=0; dir=0; type=1; pingpong=0; private_global=0; MemPort=[13]; IO mode=ap_memory:ce=0
Port [ data_result]:  wired=1; compound=1; hidden=0; nouse=0; global=1; static=1; extern=0; dir=1; type=3; pingpong=0; private_global=0; IO mode=ap_fifo:ce=0
Port [ data_a]:  wired=1; compound=1; hidden=0; nouse=0; global=1; static=1; extern=0; dir=0; type=3; pingpong=0; private_global=0; IO mode=ap_fifo:ce=0
Port [ data_b]:  wired=1; compound=1; hidden=0; nouse=0; global=1; static=1; extern=0; dir=0; type=3; pingpong=0; private_global=0; IO mode=ap_fifo:ce=0
---------------- STG Properties END ------------------

---------------- Datapath Model BEGIN ----------------

<LifeTime>
<method=bitvector/>
i_8                     (alloca           ) [ 0100000000000000000000000000000000000000]
specinterface_ln0       (specinterface    ) [ 0000000000000000000000000000000000000000]
specinterface_ln0       (specinterface    ) [ 0000000000000000000000000000000000000000]
specinterface_ln0       (specinterface    ) [ 0000000000000000000000000000000000000000]
store_ln157             (store            ) [ 0000000000000000000000000000000000000000]
br_ln0                  (br               ) [ 0000000000000000000000000000000000000000]
i                       (load             ) [ 0110000000000000000000000000000000000000]
icmp_ln157              (icmp             ) [ 0111111111111111111111111111111111111110]
add_ln157               (add              ) [ 0000000000000000000000000000000000000000]
br_ln157                (br               ) [ 0000000000000000000000000000000000000000]
store_ln157             (store            ) [ 0000000000000000000000000000000000000000]
br_ln157                (br               ) [ 0000000000000000000000000000000000000000]
zext_ln157              (zext             ) [ 0000000000000000000000000000000000000000]
a                       (read             ) [ 0101111111111111111111111111111111111111]
b                       (read             ) [ 0101111111111111111111111111111111111111]
ALU_operation_MEM_addr  (getelementptr    ) [ 0101000000000000000000000000000000000000]
specpipeline_ln159      (specpipeline     ) [ 0000000000000000000000000000000000000000]
speclooptripcount_ln157 (speclooptripcount) [ 0000000000000000000000000000000000000000]
specloopname_ln157      (specloopname     ) [ 0000000000000000000000000000000000000000]
ALU_operation_MEM_load  (load             ) [ 0101111111111111111111111111111111111111]
switch_ln164            (switch           ) [ 0000000000000000000000000000000000000000]
sdiv_ln205              (sdiv             ) [ 0100000000000000000000000000000000000001]
mul_ln201               (mul              ) [ 0100000000000000000000000000000000000001]
sub_ln189               (sub              ) [ 0000000000000000000000000000000000000000]
lshr_ln189_3            (partselect       ) [ 0100000000000000000000000000000000000001]
sub_ln185               (sub              ) [ 0000000000000000000000000000000000000000]
lshr_ln185_3            (partselect       ) [ 0100000000000000000000000000000000000001]
write_ln205             (write            ) [ 0000000000000000000000000000000000000000]
br_ln206                (br               ) [ 0000000000000000000000000000000000000000]
write_ln201             (write            ) [ 0000000000000000000000000000000000000000]
br_ln202                (br               ) [ 0000000000000000000000000000000000000000]
sub_ln197               (sub              ) [ 0000000000000000000000000000000000000000]
write_ln197             (write            ) [ 0000000000000000000000000000000000000000]
br_ln198                (br               ) [ 0000000000000000000000000000000000000000]
add_ln193               (add              ) [ 0000000000000000000000000000000000000000]
write_ln193             (write            ) [ 0000000000000000000000000000000000000000]
br_ln194                (br               ) [ 0000000000000000000000000000000000000000]
tmp_2                   (bitselect        ) [ 0000000000000000000000000000000000000000]
zext_ln189              (zext             ) [ 0000000000000000000000000000000000000000]
sub_ln189_2             (sub              ) [ 0000000000000000000000000000000000000000]
lshr_ln189_4            (partselect       ) [ 0000000000000000000000000000000000000000]
zext_ln189_2            (zext             ) [ 0000000000000000000000000000000000000000]
select_ln189            (select           ) [ 0000000000000000000000000000000000000000]
write_ln189             (write            ) [ 0000000000000000000000000000000000000000]
br_ln190                (br               ) [ 0000000000000000000000000000000000000000]
tmp                     (bitselect        ) [ 0000000000000000000000000000000000000000]
zext_ln185              (zext             ) [ 0000000000000000000000000000000000000000]
sub_ln185_2             (sub              ) [ 0000000000000000000000000000000000000000]
lshr_ln185_4            (partselect       ) [ 0000000000000000000000000000000000000000]
zext_ln185_2            (zext             ) [ 0000000000000000000000000000000000000000]
select_ln185            (select           ) [ 0000000000000000000000000000000000000000]
write_ln185             (write            ) [ 0000000000000000000000000000000000000000]
br_ln186                (br               ) [ 0000000000000000000000000000000000000000]
shl_ln181               (shl              ) [ 0000000000000000000000000000000000000000]
write_ln181             (write            ) [ 0000000000000000000000000000000000000000]
br_ln182                (br               ) [ 0000000000000000000000000000000000000000]
shl_ln176               (shl              ) [ 0000000000000000000000000000000000000000]
write_ln176             (write            ) [ 0000000000000000000000000000000000000000]
br_ln178                (br               ) [ 0000000000000000000000000000000000000000]
add_ln172               (add              ) [ 0000000000000000000000000000000000000000]
write_ln172             (write            ) [ 0000000000000000000000000000000000000000]
br_ln173                (br               ) [ 0000000000000000000000000000000000000000]
add_ln168               (add              ) [ 0000000000000000000000000000000000000000]
write_ln168             (write            ) [ 0000000000000000000000000000000000000000]
br_ln169                (br               ) [ 0000000000000000000000000000000000000000]
write_ln210             (write            ) [ 0000000000000000000000000000000000000000]
br_ln212                (br               ) [ 0000000000000000000000000000000000000000]
ret_ln0                 (ret              ) [ 0000000000000000000000000000000000000000]
</LifeTime>

<model>

<comp_list>
<comp id="0" class="1000" name="ALU_operation_MEM">
<pin_list>
<pin id="1" dir="1" index="0" bw="1" slack="0"/>
</pin_list>
<bind>
<StgValue><ssdm name="ALU_operation_MEM"/><MemPortTyVec>1 3 </MemPortTyVec>
</StgValue>
</bind>
</comp>

<comp id="2" class="1000" name="data_result">
<pin_list>
<pin id="3" dir="1" index="0" bw="1" slack="0"/>
</pin_list>
<bind>
<StgValue><ssdm name="data_result"/></StgValue>
</bind>
</comp>

<comp id="4" class="1000" name="data_a">
<pin_list>
<pin id="5" dir="1" index="0" bw="1" slack="0"/>
</pin_list>
<bind>
<StgValue><ssdm name="data_a"/></StgValue>
</bind>
</comp>

<comp id="6" class="1000" name="data_b">
<pin_list>
<pin id="7" dir="1" index="0" bw="1" slack="0"/>
</pin_list>
<bind>
<StgValue><ssdm name="data_b"/></StgValue>
</bind>
</comp>

<comp id="8" class="1001" name="const_8">
<pin_list>
<pin id="9" dir="1" index="0" bw="1" slack="0"/>
</pin_list>
<bind>
<StgValue><ssdm name=""/></StgValue>
</bind>
</comp>

<comp id="10" class="1001" name="const_10">
<pin_list>
<pin id="11" dir="1" index="0" bw="1" slack="2147483647"/>
</pin_list>
<bind>
<StgValue><ssdm name="_ssdm_op_SpecInterface"/></StgValue>
</bind>
</comp>

<comp id="12" class="1001" name="const_12">
<pin_list>
<pin id="13" dir="1" index="0" bw="1" slack="2147483647"/>
</pin_list>
<bind>
<StgValue><ssdm name="empty_16"/></StgValue>
</bind>
</comp>

<comp id="14" class="1001" name="const_14">
<pin_list>
<pin id="15" dir="1" index="0" bw="1" slack="0"/>
</pin_list>
<bind>
<StgValue><ssdm name=""/></StgValue>
</bind>
</comp>

<comp id="16" class="1001" name="const_16">
<pin_list>
<pin id="17" dir="1" index="0" bw="1" slack="2147483647"/>
</pin_list>
<bind>
<StgValue><ssdm name="empty_20"/></StgValue>
</bind>
</comp>

<comp id="18" class="1001" name="const_18">
<pin_list>
<pin id="19" dir="1" index="0" bw="1" slack="2147483647"/>
</pin_list>
<bind>
<StgValue><ssdm name=""/></StgValue>
</bind>
</comp>

<comp id="20" class="1001" name="const_20">
<pin_list>
<pin id="21" dir="1" index="0" bw="1" slack="0"/>
</pin_list>
<bind>
<StgValue><ssdm name=""/></StgValue>
</bind>
</comp>

<comp id="22" class="1001" name="const_22">
<pin_list>
<pin id="23" dir="1" index="0" bw="1" slack="0"/>
</pin_list>
<bind>
<StgValue><ssdm name=""/></StgValue>
</bind>
</comp>

<comp id="24" class="1001" name="const_24">
<pin_list>
<pin id="25" dir="1" index="0" bw="1" slack="0"/>
</pin_list>
<bind>
<StgValue><ssdm name=""/></StgValue>
</bind>
</comp>

<comp id="26" class="1001" name="const_26">
<pin_list>
<pin id="27" dir="1" index="0" bw="1" slack="0"/>
</pin_list>
<bind>
<StgValue><ssdm name="_ssdm_op_Read.ap_fifo.volatile.i32P0A"/></StgValue>
</bind>
</comp>

<comp id="28" class="1001" name="const_28">
<pin_list>
<pin id="29" dir="1" index="0" bw="1" slack="0"/>
</pin_list>
<bind>
<StgValue><ssdm name=""/></StgValue>
</bind>
</comp>

<comp id="30" class="1001" name="const_30">
<pin_list>
<pin id="31" dir="1" index="0" bw="1" slack="2147483647"/>
</pin_list>
<bind>
<StgValue><ssdm name="_ssdm_op_SpecPipeline"/></StgValue>
</bind>
</comp>

<comp id="32" class="1001" name="const_32">
<pin_list>
<pin id="33" dir="1" index="0" bw="1" slack="2147483647"/>
</pin_list>
<bind>
<StgValue><ssdm name="_ssdm_op_SpecLoopTripCount"/></StgValue>
</bind>
</comp>

<comp id="34" class="1001" name="const_34">
<pin_list>
<pin id="35" dir="1" index="0" bw="1" slack="2147483647"/>
</pin_list>
<bind>
<StgValue><ssdm name=""/></StgValue>
</bind>
</comp>

<comp id="36" class="1001" name="const_36">
<pin_list>
<pin id="37" dir="1" index="0" bw="1" slack="2147483647"/>
</pin_list>
<bind>
<StgValue><ssdm name="_ssdm_op_SpecLoopName"/></StgValue>
</bind>
</comp>

<comp id="38" class="1001" name="const_38">
<pin_list>
<pin id="39" dir="1" index="0" bw="1" slack="2147483647"/>
</pin_list>
<bind>
<StgValue><ssdm name="empty_12"/></StgValue>
</bind>
</comp>

<comp id="40" class="1001" name="const_40">
<pin_list>
<pin id="41" dir="1" index="0" bw="1" slack="2147483647"/>
</pin_list>
<bind>
<StgValue><ssdm name=""/></StgValue>
</bind>
</comp>

<comp id="42" class="1001" name="const_42">
<pin_list>
<pin id="43" dir="1" index="0" bw="1" slack="2147483647"/>
</pin_list>
<bind>
<StgValue><ssdm name=""/></StgValue>
</bind>
</comp>

<comp id="44" class="1001" name="const_44">
<pin_list>
<pin id="45" dir="1" index="0" bw="1" slack="2147483647"/>
</pin_list>
<bind>
<StgValue><ssdm name=""/></StgValue>
</bind>
</comp>

<comp id="46" class="1001" name="const_46">
<pin_list>
<pin id="47" dir="1" index="0" bw="1" slack="2147483647"/>
</pin_list>
<bind>
<StgValue><ssdm name=""/></StgValue>
</bind>
</comp>

<comp id="48" class="1001" name="const_48">
<pin_list>
<pin id="49" dir="1" index="0" bw="1" slack="2147483647"/>
</pin_list>
<bind>
<StgValue><ssdm name=""/></StgValue>
</bind>
</comp>

<comp id="50" class="1001" name="const_50">
<pin_list>
<pin id="51" dir="1" index="0" bw="1" slack="2147483647"/>
</pin_list>
<bind>
<StgValue><ssdm name=""/></StgValue>
</bind>
</comp>

<comp id="52" class="1001" name="const_52">
<pin_list>
<pin id="53" dir="1" index="0" bw="1" slack="2147483647"/>
</pin_list>
<bind>
<StgValue><ssdm name=""/></StgValue>
</bind>
</comp>

<comp id="54" class="1001" name="const_54">
<pin_list>
<pin id="55" dir="1" index="0" bw="1" slack="2147483647"/>
</pin_list>
<bind>
<StgValue><ssdm name=""/></StgValue>
</bind>
</comp>

<comp id="56" class="1001" name="const_56">
<pin_list>
<pin id="57" dir="1" index="0" bw="1" slack="0"/>
</pin_list>
<bind>
<StgValue><ssdm name="_ssdm_op_PartSelect.i31.i32.i32.i32"/></StgValue>
</bind>
</comp>

<comp id="58" class="1001" name="const_58">
<pin_list>
<pin id="59" dir="1" index="0" bw="1" slack="0"/>
</pin_list>
<bind>
<StgValue><ssdm name=""/></StgValue>
</bind>
</comp>

<comp id="60" class="1001" name="const_60">
<pin_list>
<pin id="61" dir="1" index="0" bw="1" slack="0"/>
</pin_list>
<bind>
<StgValue><ssdm name="_ssdm_op_Write.ap_fifo.volatile.i32P0A"/></StgValue>
</bind>
</comp>

<comp id="62" class="1001" name="const_62">
<pin_list>
<pin id="63" dir="1" index="0" bw="1" slack="0"/>
</pin_list>
<bind>
<StgValue><ssdm name="_ssdm_op_BitSelect.i1.i32.i32"/></StgValue>
</bind>
</comp>

<comp id="64" class="1001" name="const_64">
<pin_list>
<pin id="65" dir="1" index="0" bw="1" slack="0"/>
</pin_list>
<bind>
<StgValue><ssdm name=""/></StgValue>
</bind>
</comp>

<comp id="66" class="1004" name="i_8_fu_66">
<pin_list>
<pin id="67" dir="0" index="0" bw="1" slack="0"/>
<pin id="68" dir="1" index="1" bw="6" slack="0"/>
</pin_list>
<bind>
<opcode="alloca(26) " fcode="alloca"/>
<opset="i_8/1 "/>
</bind>
</comp>

<comp id="70" class="1004" name="a_read_fu_70">
<pin_list>
<pin id="71" dir="0" index="0" bw="32" slack="0"/>
<pin id="72" dir="0" index="1" bw="32" slack="0"/>
<pin id="73" dir="1" index="2" bw="32" slack="1"/>
</pin_list>
<bind>
<opcode="read(1150) " fcode="read"/>
<opset="a/2 "/>
</bind>
</comp>

<comp id="76" class="1004" name="b_read_fu_76">
<pin_list>
<pin id="77" dir="0" index="0" bw="32" slack="0"/>
<pin id="78" dir="0" index="1" bw="32" slack="0"/>
<pin id="79" dir="1" index="2" bw="32" slack="1"/>
</pin_list>
<bind>
<opcode="read(1150) " fcode="read"/>
<opset="b/2 "/>
</bind>
</comp>

<comp id="82" class="1004" name="grp_write_fu_82">
<pin_list>
<pin id="83" dir="0" index="0" bw="0" slack="0"/>
<pin id="84" dir="0" index="1" bw="32" slack="0"/>
<pin id="85" dir="0" index="2" bw="32" slack="0"/>
<pin id="86" dir="1" index="3" bw="0" slack="2147483647"/>
</pin_list>
<bind>
<opcode="write(1151) " fcode="write"/>
<opset="write_ln205/39 write_ln201/39 write_ln197/39 write_ln193/39 write_ln189/39 write_ln185/39 write_ln181/39 write_ln176/39 write_ln172/39 write_ln168/39 write_ln210/39 "/>
</bind>
</comp>

<comp id="90" class="1004" name="ALU_operation_MEM_addr_gep_fu_90">
<pin_list>
<pin id="91" dir="0" index="0" bw="32" slack="0"/>
<pin id="92" dir="0" index="1" bw="1" slack="0"/>
<pin id="93" dir="0" index="2" bw="6" slack="0"/>
<pin id="94" dir="1" index="3" bw="6" slack="0"/>
</pin_list>
<bind>
<opcode="getelementptr(29) " fcode="getelementptr"/>
<opset="ALU_operation_MEM_addr/2 "/>
</bind>
</comp>

<comp id="97" class="1004" name="grp_access_fu_97">
<pin_list>
<pin id="98" dir="0" index="0" bw="6" slack="0"/>
<pin id="99" dir="0" index="1" bw="32" slack="2147483647"/>
<pin id="100" dir="0" index="2" bw="0" slack="2147483647"/>
<pin id="101" dir="1" index="3" bw="32" slack="1"/>
</pin_list>
<bind>
<opcode="load(27) " fcode="load"/>
<opset="ALU_operation_MEM_load/2 "/>
</bind>
</comp>

<comp id="103" class="1004" name="grp_fu_103">
<pin_list>
<pin id="104" dir="0" index="0" bw="32" slack="35"/>
<pin id="105" dir="0" index="1" bw="32" slack="35"/>
<pin id="106" dir="1" index="2" bw="32" slack="1"/>
</pin_list>
<bind>
<opcode="mul(12) " fcode="mul"/>
<opset="mul_ln201/37 "/>
</bind>
</comp>

<comp id="107" class="1004" name="store_ln157_store_fu_107">
<pin_list>
<pin id="108" dir="0" index="0" bw="1" slack="0"/>
<pin id="109" dir="0" index="1" bw="6" slack="0"/>
<pin id="110" dir="1" index="2" bw="0" slack="2147483647"/>
</pin_list>
<bind>
<opcode="store(28) " fcode="store"/>
<opset="store_ln157/1 "/>
</bind>
</comp>

<comp id="112" class="1004" name="i_load_fu_112">
<pin_list>
<pin id="113" dir="0" index="0" bw="6" slack="0"/>
<pin id="114" dir="1" index="1" bw="6" slack="0"/>
</pin_list>
<bind>
<opcode="load(27) " fcode="load"/>
<opset="i/1 "/>
</bind>
</comp>

<comp id="115" class="1004" name="icmp_ln157_fu_115">
<pin_list>
<pin id="116" dir="0" index="0" bw="6" slack="0"/>
<pin id="117" dir="0" index="1" bw="5" slack="0"/>
<pin id="118" dir="1" index="2" bw="1" slack="37"/>
</pin_list>
<bind>
<opcode="icmp(45) " fcode="icmp"/>
<opset="icmp_ln157/1 "/>
</bind>
</comp>

<comp id="121" class="1004" name="add_ln157_fu_121">
<pin_list>
<pin id="122" dir="0" index="0" bw="6" slack="0"/>
<pin id="123" dir="0" index="1" bw="1" slack="0"/>
<pin id="124" dir="1" index="2" bw="6" slack="0"/>
</pin_list>
<bind>
<opcode="add(8) " fcode="add"/>
<opset="add_ln157/1 "/>
</bind>
</comp>

<comp id="127" class="1004" name="store_ln157_store_fu_127">
<pin_list>
<pin id="128" dir="0" index="0" bw="6" slack="0"/>
<pin id="129" dir="0" index="1" bw="6" slack="0"/>
<pin id="130" dir="1" index="2" bw="0" slack="2147483647"/>
</pin_list>
<bind>
<opcode="store(28) " fcode="store"/>
<opset="store_ln157/1 "/>
</bind>
</comp>

<comp id="132" class="1004" name="zext_ln157_fu_132">
<pin_list>
<pin id="133" dir="0" index="0" bw="6" slack="1"/>
<pin id="134" dir="1" index="1" bw="64" slack="0"/>
</pin_list>
<bind>
<opcode="zext(34) " fcode="zext"/>
<opset="zext_ln157/2 "/>
</bind>
</comp>

<comp id="136" class="1004" name="grp_fu_136">
<pin_list>
<pin id="137" dir="0" index="0" bw="32" slack="1"/>
<pin id="138" dir="0" index="1" bw="32" slack="1"/>
<pin id="139" dir="1" index="2" bw="32" slack="1"/>
</pin_list>
<bind>
<opcode="sdiv(15) " fcode="sdiv"/>
<opset="sdiv_ln205/3 "/>
</bind>
</comp>

<comp id="140" class="1004" name="sub_ln189_fu_140">
<pin_list>
<pin id="141" dir="0" index="0" bw="1" slack="0"/>
<pin id="142" dir="0" index="1" bw="32" slack="36"/>
<pin id="143" dir="1" index="2" bw="32" slack="0"/>
</pin_list>
<bind>
<opcode="sub(10) " fcode="sub"/>
<opset="sub_ln189/38 "/>
</bind>
</comp>

<comp id="145" class="1004" name="lshr_ln189_3_fu_145">
<pin_list>
<pin id="146" dir="0" index="0" bw="31" slack="0"/>
<pin id="147" dir="0" index="1" bw="32" slack="0"/>
<pin id="148" dir="0" index="2" bw="1" slack="0"/>
<pin id="149" dir="0" index="3" bw="6" slack="0"/>
<pin id="150" dir="1" index="4" bw="31" slack="1"/>
</pin_list>
<bind>
<opcode="partselect(1002) " fcode="partselect"/>
<opset="lshr_ln189_3/38 "/>
</bind>
</comp>

<comp id="155" class="1004" name="sub_ln185_fu_155">
<pin_list>
<pin id="156" dir="0" index="0" bw="1" slack="0"/>
<pin id="157" dir="0" index="1" bw="32" slack="36"/>
<pin id="158" dir="1" index="2" bw="32" slack="0"/>
</pin_list>
<bind>
<opcode="sub(10) " fcode="sub"/>
<opset="sub_ln185/38 "/>
</bind>
</comp>

<comp id="160" class="1004" name="lshr_ln185_3_fu_160">
<pin_list>
<pin id="161" dir="0" index="0" bw="31" slack="0"/>
<pin id="162" dir="0" index="1" bw="32" slack="0"/>
<pin id="163" dir="0" index="2" bw="1" slack="0"/>
<pin id="164" dir="0" index="3" bw="6" slack="0"/>
<pin id="165" dir="1" index="4" bw="31" slack="1"/>
</pin_list>
<bind>
<opcode="partselect(1002) " fcode="partselect"/>
<opset="lshr_ln185_3/38 "/>
</bind>
</comp>

<comp id="170" class="1004" name="sub_ln197_fu_170">
<pin_list>
<pin id="171" dir="0" index="0" bw="32" slack="37"/>
<pin id="172" dir="0" index="1" bw="32" slack="37"/>
<pin id="173" dir="1" index="2" bw="32" slack="0"/>
</pin_list>
<bind>
<opcode="sub(10) " fcode="sub"/>
<opset="sub_ln197/39 "/>
</bind>
</comp>

<comp id="175" class="1004" name="add_ln193_fu_175">
<pin_list>
<pin id="176" dir="0" index="0" bw="32" slack="37"/>
<pin id="177" dir="0" index="1" bw="32" slack="37"/>
<pin id="178" dir="1" index="2" bw="32" slack="0"/>
</pin_list>
<bind>
<opcode="add(8) " fcode="add"/>
<opset="add_ln193/39 "/>
</bind>
</comp>

<comp id="180" class="1004" name="tmp_2_fu_180">
<pin_list>
<pin id="181" dir="0" index="0" bw="1" slack="0"/>
<pin id="182" dir="0" index="1" bw="32" slack="37"/>
<pin id="183" dir="0" index="2" bw="6" slack="0"/>
<pin id="184" dir="1" index="3" bw="1" slack="0"/>
</pin_list>
<bind>
<opcode="bitselect(1000) " fcode="bitselect"/>
<opset="tmp_2/39 "/>
</bind>
</comp>

<comp id="187" class="1004" name="zext_ln189_fu_187">
<pin_list>
<pin id="188" dir="0" index="0" bw="31" slack="1"/>
<pin id="189" dir="1" index="1" bw="32" slack="0"/>
</pin_list>
<bind>
<opcode="zext(34) " fcode="zext"/>
<opset="zext_ln189/39 "/>
</bind>
</comp>

<comp id="190" class="1004" name="sub_ln189_2_fu_190">
<pin_list>
<pin id="191" dir="0" index="0" bw="1" slack="0"/>
<pin id="192" dir="0" index="1" bw="31" slack="0"/>
<pin id="193" dir="1" index="2" bw="32" slack="0"/>
</pin_list>
<bind>
<opcode="sub(10) " fcode="sub"/>
<opset="sub_ln189_2/39 "/>
</bind>
</comp>

<comp id="196" class="1004" name="lshr_ln189_4_fu_196">
<pin_list>
<pin id="197" dir="0" index="0" bw="31" slack="0"/>
<pin id="198" dir="0" index="1" bw="32" slack="37"/>
<pin id="199" dir="0" index="2" bw="1" slack="0"/>
<pin id="200" dir="0" index="3" bw="6" slack="0"/>
<pin id="201" dir="1" index="4" bw="31" slack="0"/>
</pin_list>
<bind>
<opcode="partselect(1002) " fcode="partselect"/>
<opset="lshr_ln189_4/39 "/>
</bind>
</comp>

<comp id="205" class="1004" name="zext_ln189_2_fu_205">
<pin_list>
<pin id="206" dir="0" index="0" bw="31" slack="0"/>
<pin id="207" dir="1" index="1" bw="32" slack="0"/>
</pin_list>
<bind>
<opcode="zext(34) " fcode="zext"/>
<opset="zext_ln189_2/39 "/>
</bind>
</comp>

<comp id="209" class="1004" name="select_ln189_fu_209">
<pin_list>
<pin id="210" dir="0" index="0" bw="1" slack="0"/>
<pin id="211" dir="0" index="1" bw="32" slack="0"/>
<pin id="212" dir="0" index="2" bw="31" slack="0"/>
<pin id="213" dir="1" index="3" bw="32" slack="0"/>
</pin_list>
<bind>
<opcode="select(49) " fcode="select"/>
<opset="select_ln189/39 "/>
</bind>
</comp>

<comp id="218" class="1004" name="tmp_fu_218">
<pin_list>
<pin id="219" dir="0" index="0" bw="1" slack="0"/>
<pin id="220" dir="0" index="1" bw="32" slack="37"/>
<pin id="221" dir="0" index="2" bw="6" slack="0"/>
<pin id="222" dir="1" index="3" bw="1" slack="0"/>
</pin_list>
<bind>
<opcode="bitselect(1000) " fcode="bitselect"/>
<opset="tmp/39 "/>
</bind>
</comp>

<comp id="225" class="1004" name="zext_ln185_fu_225">
<pin_list>
<pin id="226" dir="0" index="0" bw="31" slack="1"/>
<pin id="227" dir="1" index="1" bw="32" slack="0"/>
</pin_list>
<bind>
<opcode="zext(34) " fcode="zext"/>
<opset="zext_ln185/39 "/>
</bind>
</comp>

<comp id="228" class="1004" name="sub_ln185_2_fu_228">
<pin_list>
<pin id="229" dir="0" index="0" bw="1" slack="0"/>
<pin id="230" dir="0" index="1" bw="31" slack="0"/>
<pin id="231" dir="1" index="2" bw="32" slack="0"/>
</pin_list>
<bind>
<opcode="sub(10) " fcode="sub"/>
<opset="sub_ln185_2/39 "/>
</bind>
</comp>

<comp id="234" class="1004" name="lshr_ln185_4_fu_234">
<pin_list>
<pin id="235" dir="0" index="0" bw="31" slack="0"/>
<pin id="236" dir="0" index="1" bw="32" slack="37"/>
<pin id="237" dir="0" index="2" bw="1" slack="0"/>
<pin id="238" dir="0" index="3" bw="6" slack="0"/>
<pin id="239" dir="1" index="4" bw="31" slack="0"/>
</pin_list>
<bind>
<opcode="partselect(1002) " fcode="partselect"/>
<opset="lshr_ln185_4/39 "/>
</bind>
</comp>

<comp id="243" class="1004" name="zext_ln185_2_fu_243">
<pin_list>
<pin id="244" dir="0" index="0" bw="31" slack="0"/>
<pin id="245" dir="1" index="1" bw="32" slack="0"/>
</pin_list>
<bind>
<opcode="zext(34) " fcode="zext"/>
<opset="zext_ln185_2/39 "/>
</bind>
</comp>

<comp id="247" class="1004" name="select_ln185_fu_247">
<pin_list>
<pin id="248" dir="0" index="0" bw="1" slack="0"/>
<pin id="249" dir="0" index="1" bw="32" slack="0"/>
<pin id="250" dir="0" index="2" bw="31" slack="0"/>
<pin id="251" dir="1" index="3" bw="32" slack="0"/>
</pin_list>
<bind>
<opcode="select(49) " fcode="select"/>
<opset="select_ln185/39 "/>
</bind>
</comp>

<comp id="256" class="1004" name="shl_ln181_fu_256">
<pin_list>
<pin id="257" dir="0" index="0" bw="32" slack="37"/>
<pin id="258" dir="0" index="1" bw="1" slack="0"/>
<pin id="259" dir="1" index="2" bw="32" slack="0"/>
</pin_list>
<bind>
<opcode="shl(20) " fcode="shl"/>
<opset="shl_ln181/39 "/>
</bind>
</comp>

<comp id="262" class="1004" name="shl_ln176_fu_262">
<pin_list>
<pin id="263" dir="0" index="0" bw="32" slack="37"/>
<pin id="264" dir="0" index="1" bw="1" slack="0"/>
<pin id="265" dir="1" index="2" bw="32" slack="0"/>
</pin_list>
<bind>
<opcode="shl(20) " fcode="shl"/>
<opset="shl_ln176/39 "/>
</bind>
</comp>

<comp id="268" class="1004" name="add_ln172_fu_268">
<pin_list>
<pin id="269" dir="0" index="0" bw="32" slack="37"/>
<pin id="270" dir="0" index="1" bw="6" slack="0"/>
<pin id="271" dir="1" index="2" bw="32" slack="0"/>
</pin_list>
<bind>
<opcode="add(8) " fcode="add"/>
<opset="add_ln172/39 "/>
</bind>
</comp>

<comp id="274" class="1004" name="add_ln168_fu_274">
<pin_list>
<pin id="275" dir="0" index="0" bw="32" slack="37"/>
<pin id="276" dir="0" index="1" bw="6" slack="0"/>
<pin id="277" dir="1" index="2" bw="32" slack="0"/>
</pin_list>
<bind>
<opcode="add(8) " fcode="add"/>
<opset="add_ln168/39 "/>
</bind>
</comp>

<comp id="280" class="1005" name="i_8_reg_280">
<pin_list>
<pin id="281" dir="0" index="0" bw="6" slack="0"/>
<pin id="282" dir="1" index="1" bw="6" slack="0"/>
</pin_list>
<bind>
<opset="i_8 "/>
</bind>
</comp>

<comp id="287" class="1005" name="i_reg_287">
<pin_list>
<pin id="288" dir="0" index="0" bw="6" slack="1"/>
<pin id="289" dir="1" index="1" bw="6" slack="1"/>
</pin_list>
<bind>
<opset="i "/>
</bind>
</comp>

<comp id="292" class="1005" name="icmp_ln157_reg_292">
<pin_list>
<pin id="293" dir="0" index="0" bw="1" slack="37"/>
<pin id="294" dir="1" index="1" bw="1" slack="2147483647"/>
</pin_list>
<bind>
<opset="icmp_ln157 "/>
</bind>
</comp>

<comp id="296" class="1005" name="a_reg_296">
<pin_list>
<pin id="297" dir="0" index="0" bw="32" slack="1"/>
<pin id="298" dir="1" index="1" bw="32" slack="1"/>
</pin_list>
<bind>
<opset="a "/>
</bind>
</comp>

<comp id="309" class="1005" name="b_reg_309">
<pin_list>
<pin id="310" dir="0" index="0" bw="32" slack="1"/>
<pin id="311" dir="1" index="1" bw="32" slack="1"/>
</pin_list>
<bind>
<opset="b "/>
</bind>
</comp>

<comp id="322" class="1005" name="ALU_operation_MEM_addr_reg_322">
<pin_list>
<pin id="323" dir="0" index="0" bw="6" slack="1"/>
<pin id="324" dir="1" index="1" bw="6" slack="1"/>
</pin_list>
<bind>
<opset="ALU_operation_MEM_addr "/>
</bind>
</comp>

<comp id="327" class="1005" name="ALU_operation_MEM_load_reg_327">
<pin_list>
<pin id="328" dir="0" index="0" bw="32" slack="1"/>
<pin id="329" dir="1" index="1" bw="32" slack="2147483647"/>
</pin_list>
<bind>
<opset="ALU_operation_MEM_load "/>
</bind>
</comp>

<comp id="331" class="1005" name="sdiv_ln205_reg_331">
<pin_list>
<pin id="332" dir="0" index="0" bw="32" slack="1"/>
<pin id="333" dir="1" index="1" bw="32" slack="1"/>
</pin_list>
<bind>
<opset="sdiv_ln205 "/>
</bind>
</comp>

<comp id="336" class="1005" name="mul_ln201_reg_336">
<pin_list>
<pin id="337" dir="0" index="0" bw="32" slack="1"/>
<pin id="338" dir="1" index="1" bw="32" slack="1"/>
</pin_list>
<bind>
<opset="mul_ln201 "/>
</bind>
</comp>

<comp id="341" class="1005" name="lshr_ln189_3_reg_341">
<pin_list>
<pin id="342" dir="0" index="0" bw="31" slack="1"/>
<pin id="343" dir="1" index="1" bw="31" slack="1"/>
</pin_list>
<bind>
<opset="lshr_ln189_3 "/>
</bind>
</comp>

<comp id="346" class="1005" name="lshr_ln185_3_reg_346">
<pin_list>
<pin id="347" dir="0" index="0" bw="31" slack="1"/>
<pin id="348" dir="1" index="1" bw="31" slack="1"/>
</pin_list>
<bind>
<opset="lshr_ln185_3 "/>
</bind>
</comp>

</comp_list>

<net_list>
<net id="69"><net_src comp="8" pin="0"/><net_sink comp="66" pin=0"/></net>

<net id="74"><net_src comp="26" pin="0"/><net_sink comp="70" pin=0"/></net>

<net id="75"><net_src comp="4" pin="0"/><net_sink comp="70" pin=1"/></net>

<net id="80"><net_src comp="26" pin="0"/><net_sink comp="76" pin=0"/></net>

<net id="81"><net_src comp="6" pin="0"/><net_sink comp="76" pin=1"/></net>

<net id="87"><net_src comp="60" pin="0"/><net_sink comp="82" pin=0"/></net>

<net id="88"><net_src comp="2" pin="0"/><net_sink comp="82" pin=1"/></net>

<net id="89"><net_src comp="14" pin="0"/><net_sink comp="82" pin=2"/></net>

<net id="95"><net_src comp="0" pin="0"/><net_sink comp="90" pin=0"/></net>

<net id="96"><net_src comp="28" pin="0"/><net_sink comp="90" pin=1"/></net>

<net id="102"><net_src comp="90" pin="3"/><net_sink comp="97" pin=0"/></net>

<net id="111"><net_src comp="20" pin="0"/><net_sink comp="107" pin=0"/></net>

<net id="119"><net_src comp="112" pin="1"/><net_sink comp="115" pin=0"/></net>

<net id="120"><net_src comp="22" pin="0"/><net_sink comp="115" pin=1"/></net>

<net id="125"><net_src comp="112" pin="1"/><net_sink comp="121" pin=0"/></net>

<net id="126"><net_src comp="24" pin="0"/><net_sink comp="121" pin=1"/></net>

<net id="131"><net_src comp="121" pin="2"/><net_sink comp="127" pin=0"/></net>

<net id="135"><net_src comp="132" pin="1"/><net_sink comp="90" pin=2"/></net>

<net id="144"><net_src comp="14" pin="0"/><net_sink comp="140" pin=0"/></net>

<net id="151"><net_src comp="56" pin="0"/><net_sink comp="145" pin=0"/></net>

<net id="152"><net_src comp="140" pin="2"/><net_sink comp="145" pin=1"/></net>

<net id="153"><net_src comp="8" pin="0"/><net_sink comp="145" pin=2"/></net>

<net id="154"><net_src comp="58" pin="0"/><net_sink comp="145" pin=3"/></net>

<net id="159"><net_src comp="14" pin="0"/><net_sink comp="155" pin=0"/></net>

<net id="166"><net_src comp="56" pin="0"/><net_sink comp="160" pin=0"/></net>

<net id="167"><net_src comp="155" pin="2"/><net_sink comp="160" pin=1"/></net>

<net id="168"><net_src comp="8" pin="0"/><net_sink comp="160" pin=2"/></net>

<net id="169"><net_src comp="58" pin="0"/><net_sink comp="160" pin=3"/></net>

<net id="174"><net_src comp="170" pin="2"/><net_sink comp="82" pin=2"/></net>

<net id="179"><net_src comp="175" pin="2"/><net_sink comp="82" pin=2"/></net>

<net id="185"><net_src comp="62" pin="0"/><net_sink comp="180" pin=0"/></net>

<net id="186"><net_src comp="58" pin="0"/><net_sink comp="180" pin=2"/></net>

<net id="194"><net_src comp="14" pin="0"/><net_sink comp="190" pin=0"/></net>

<net id="195"><net_src comp="187" pin="1"/><net_sink comp="190" pin=1"/></net>

<net id="202"><net_src comp="56" pin="0"/><net_sink comp="196" pin=0"/></net>

<net id="203"><net_src comp="8" pin="0"/><net_sink comp="196" pin=2"/></net>

<net id="204"><net_src comp="58" pin="0"/><net_sink comp="196" pin=3"/></net>

<net id="208"><net_src comp="196" pin="4"/><net_sink comp="205" pin=0"/></net>

<net id="214"><net_src comp="180" pin="3"/><net_sink comp="209" pin=0"/></net>

<net id="215"><net_src comp="190" pin="2"/><net_sink comp="209" pin=1"/></net>

<net id="216"><net_src comp="205" pin="1"/><net_sink comp="209" pin=2"/></net>

<net id="217"><net_src comp="209" pin="3"/><net_sink comp="82" pin=2"/></net>

<net id="223"><net_src comp="62" pin="0"/><net_sink comp="218" pin=0"/></net>

<net id="224"><net_src comp="58" pin="0"/><net_sink comp="218" pin=2"/></net>

<net id="232"><net_src comp="14" pin="0"/><net_sink comp="228" pin=0"/></net>

<net id="233"><net_src comp="225" pin="1"/><net_sink comp="228" pin=1"/></net>

<net id="240"><net_src comp="56" pin="0"/><net_sink comp="234" pin=0"/></net>

<net id="241"><net_src comp="8" pin="0"/><net_sink comp="234" pin=2"/></net>

<net id="242"><net_src comp="58" pin="0"/><net_sink comp="234" pin=3"/></net>

<net id="246"><net_src comp="234" pin="4"/><net_sink comp="243" pin=0"/></net>

<net id="252"><net_src comp="218" pin="3"/><net_sink comp="247" pin=0"/></net>

<net id="253"><net_src comp="228" pin="2"/><net_sink comp="247" pin=1"/></net>

<net id="254"><net_src comp="243" pin="1"/><net_sink comp="247" pin=2"/></net>

<net id="255"><net_src comp="247" pin="3"/><net_sink comp="82" pin=2"/></net>

<net id="260"><net_src comp="8" pin="0"/><net_sink comp="256" pin=1"/></net>

<net id="261"><net_src comp="256" pin="2"/><net_sink comp="82" pin=2"/></net>

<net id="266"><net_src comp="8" pin="0"/><net_sink comp="262" pin=1"/></net>

<net id="267"><net_src comp="262" pin="2"/><net_sink comp="82" pin=2"/></net>

<net id="272"><net_src comp="64" pin="0"/><net_sink comp="268" pin=1"/></net>

<net id="273"><net_src comp="268" pin="2"/><net_sink comp="82" pin=2"/></net>

<net id="278"><net_src comp="64" pin="0"/><net_sink comp="274" pin=1"/></net>

<net id="279"><net_src comp="274" pin="2"/><net_sink comp="82" pin=2"/></net>

<net id="283"><net_src comp="66" pin="1"/><net_sink comp="280" pin=0"/></net>

<net id="284"><net_src comp="280" pin="1"/><net_sink comp="107" pin=1"/></net>

<net id="285"><net_src comp="280" pin="1"/><net_sink comp="112" pin=0"/></net>

<net id="286"><net_src comp="280" pin="1"/><net_sink comp="127" pin=1"/></net>

<net id="290"><net_src comp="112" pin="1"/><net_sink comp="287" pin=0"/></net>

<net id="291"><net_src comp="287" pin="1"/><net_sink comp="132" pin=0"/></net>

<net id="295"><net_src comp="115" pin="2"/><net_sink comp="292" pin=0"/></net>

<net id="299"><net_src comp="70" pin="2"/><net_sink comp="296" pin=0"/></net>

<net id="300"><net_src comp="296" pin="1"/><net_sink comp="136" pin=0"/></net>

<net id="301"><net_src comp="296" pin="1"/><net_sink comp="103" pin=1"/></net>

<net id="302"><net_src comp="296" pin="1"/><net_sink comp="155" pin=1"/></net>

<net id="303"><net_src comp="296" pin="1"/><net_sink comp="170" pin=0"/></net>

<net id="304"><net_src comp="296" pin="1"/><net_sink comp="175" pin=1"/></net>

<net id="305"><net_src comp="296" pin="1"/><net_sink comp="218" pin=1"/></net>

<net id="306"><net_src comp="296" pin="1"/><net_sink comp="234" pin=1"/></net>

<net id="307"><net_src comp="296" pin="1"/><net_sink comp="262" pin=0"/></net>

<net id="308"><net_src comp="296" pin="1"/><net_sink comp="274" pin=0"/></net>

<net id="312"><net_src comp="76" pin="2"/><net_sink comp="309" pin=0"/></net>

<net id="313"><net_src comp="309" pin="1"/><net_sink comp="136" pin=1"/></net>

<net id="314"><net_src comp="309" pin="1"/><net_sink comp="103" pin=0"/></net>

<net id="315"><net_src comp="309" pin="1"/><net_sink comp="140" pin=1"/></net>

<net id="316"><net_src comp="309" pin="1"/><net_sink comp="170" pin=1"/></net>

<net id="317"><net_src comp="309" pin="1"/><net_sink comp="175" pin=0"/></net>

<net id="318"><net_src comp="309" pin="1"/><net_sink comp="180" pin=1"/></net>

<net id="319"><net_src comp="309" pin="1"/><net_sink comp="196" pin=1"/></net>

<net id="320"><net_src comp="309" pin="1"/><net_sink comp="256" pin=0"/></net>

<net id="321"><net_src comp="309" pin="1"/><net_sink comp="268" pin=0"/></net>

<net id="325"><net_src comp="90" pin="3"/><net_sink comp="322" pin=0"/></net>

<net id="326"><net_src comp="322" pin="1"/><net_sink comp="97" pin=0"/></net>

<net id="330"><net_src comp="97" pin="3"/><net_sink comp="327" pin=0"/></net>

<net id="334"><net_src comp="136" pin="2"/><net_sink comp="331" pin=0"/></net>

<net id="335"><net_src comp="331" pin="1"/><net_sink comp="82" pin=2"/></net>

<net id="339"><net_src comp="103" pin="2"/><net_sink comp="336" pin=0"/></net>

<net id="340"><net_src comp="336" pin="1"/><net_sink comp="82" pin=2"/></net>

<net id="344"><net_src comp="145" pin="4"/><net_sink comp="341" pin=0"/></net>

<net id="345"><net_src comp="341" pin="1"/><net_sink comp="187" pin=0"/></net>

<net id="349"><net_src comp="160" pin="4"/><net_sink comp="346" pin=0"/></net>

<net id="350"><net_src comp="346" pin="1"/><net_sink comp="225" pin=0"/></net>

</net_list>

</model> 
---------------- Datapath Model END ------------------

* FSMD analyzer results:
  - Output states:
	Port: data_result | {39 }
 - Input state : 
	Port: data_exe_wb_Pipeline_exe : ALU_operation_MEM | {2 3 }
	Port: data_exe_wb_Pipeline_exe : data_a | {2 }
	Port: data_exe_wb_Pipeline_exe : data_b | {2 }
  - Chain level:
	State 1
		store_ln157 : 1
		i : 1
		icmp_ln157 : 2
		add_ln157 : 2
		br_ln157 : 3
		store_ln157 : 3
	State 2
		ALU_operation_MEM_addr : 1
		ALU_operation_MEM_load : 2
	State 3
		switch_ln164 : 1
	State 4
	State 5
	State 6
	State 7
	State 8
	State 9
	State 10
	State 11
	State 12
	State 13
	State 14
	State 15
	State 16
	State 17
	State 18
	State 19
	State 20
	State 21
	State 22
	State 23
	State 24
	State 25
	State 26
	State 27
	State 28
	State 29
	State 30
	State 31
	State 32
	State 33
	State 34
	State 35
	State 36
	State 37
	State 38
		lshr_ln189_3 : 1
		lshr_ln185_3 : 1
	State 39
		write_ln197 : 1
		write_ln193 : 1
		sub_ln189_2 : 1
		zext_ln189_2 : 1
		select_ln189 : 2
		write_ln189 : 3
		sub_ln185_2 : 1
		zext_ln185_2 : 1
		select_ln185 : 2
		write_ln185 : 3
		write_ln172 : 1
		write_ln168 : 1


============================================================
+ Verbose Summary: Datapath Resource usage 
============================================================

* Functional unit list:
|----------|---------------------|---------|---------|---------|
| Operation|   Functional Unit   |   DSP   |    FF   |   LUT   |
|----------|---------------------|---------|---------|---------|
|   sdiv   |      grp_fu_136     |    0    |   2283  |   1738  |
|----------|---------------------|---------|---------|---------|
|    mul   |      grp_fu_103     |    3    |   165   |    50   |
|----------|---------------------|---------|---------|---------|
|          |   sub_ln189_fu_140  |    0    |    0    |    39   |
|          |   sub_ln185_fu_155  |    0    |    0    |    39   |
|    sub   |   sub_ln197_fu_170  |    0    |    0    |    39   |
|          |  sub_ln189_2_fu_190 |    0    |    0    |    38   |
|          |  sub_ln185_2_fu_228 |    0    |    0    |    38   |
|----------|---------------------|---------|---------|---------|
|          |   add_ln157_fu_121  |    0    |    0    |    14   |
|    add   |   add_ln193_fu_175  |    0    |    0    |    39   |
|          |   add_ln172_fu_268  |    0    |    0    |    39   |
|          |   add_ln168_fu_274  |    0    |    0    |    39   |
|----------|---------------------|---------|---------|---------|
|  select  | select_ln189_fu_209 |    0    |    0    |    32   |
|          | select_ln185_fu_247 |    0    |    0    |    32   |
|----------|---------------------|---------|---------|---------|
|   icmp   |  icmp_ln157_fu_115  |    0    |    0    |    14   |
|----------|---------------------|---------|---------|---------|
|   read   |     a_read_fu_70    |    0    |    0    |    0    |
|          |     b_read_fu_76    |    0    |    0    |    0    |
|----------|---------------------|---------|---------|---------|
|   write  |   grp_write_fu_82   |    0    |    0    |    0    |
|----------|---------------------|---------|---------|---------|
|          |  zext_ln157_fu_132  |    0    |    0    |    0    |
|          |  zext_ln189_fu_187  |    0    |    0    |    0    |
|   zext   | zext_ln189_2_fu_205 |    0    |    0    |    0    |
|          |  zext_ln185_fu_225  |    0    |    0    |    0    |
|          | zext_ln185_2_fu_243 |    0    |    0    |    0    |
|----------|---------------------|---------|---------|---------|
|          | lshr_ln189_3_fu_145 |    0    |    0    |    0    |
|partselect| lshr_ln185_3_fu_160 |    0    |    0    |    0    |
|          | lshr_ln189_4_fu_196 |    0    |    0    |    0    |
|          | lshr_ln185_4_fu_234 |    0    |    0    |    0    |
|----------|---------------------|---------|---------|---------|
| bitselect|     tmp_2_fu_180    |    0    |    0    |    0    |
|          |      tmp_fu_218     |    0    |    0    |    0    |
|----------|---------------------|---------|---------|---------|
|    shl   |   shl_ln181_fu_256  |    0    |    0    |    0    |
|          |   shl_ln176_fu_262  |    0    |    0    |    0    |
|----------|---------------------|---------|---------|---------|
|   Total  |                     |    3    |   2448  |   2190  |
|----------|---------------------|---------|---------|---------|

Memories:
N/A

* Register list:
+------------------------------+--------+
|                              |   FF   |
+------------------------------+--------+
|ALU_operation_MEM_addr_reg_322|    6   |
|ALU_operation_MEM_load_reg_327|   32   |
|           a_reg_296          |   32   |
|           b_reg_309          |   32   |
|          i_8_reg_280         |    6   |
|           i_reg_287          |    6   |
|      icmp_ln157_reg_292      |    1   |
|     lshr_ln185_3_reg_346     |   31   |
|     lshr_ln189_3_reg_341     |   31   |
|       mul_ln201_reg_336      |   32   |
|      sdiv_ln205_reg_331      |   32   |
+------------------------------+--------+
|             Total            |   241  |
+------------------------------+--------+

* Multiplexer (MUX) list: 
|------------------|------|------|------|--------||---------||---------|
|       Comp       |  Pin | Size |  BW  | S x BW ||  Delay  ||   LUT   |
|------------------|------|------|------|--------||---------||---------|
|  grp_write_fu_82 |  p2  |  11  |  32  |   352  ||    59   |
| grp_access_fu_97 |  p0  |   2  |   6  |   12   ||    9    |
|------------------|------|------|------|--------||---------||---------|
|       Total      |      |      |      |   364  ||  4.2497 ||    68   |
|------------------|------|------|------|--------||---------||---------|



* Summary:
+-----------+--------+--------+--------+--------+
|           |   DSP  |  Delay |   FF   |   LUT  |
+-----------+--------+--------+--------+--------+
|  Function |    3   |    -   |  2448  |  2190  |
|   Memory  |    -   |    -   |    -   |    -   |
|Multiplexer|    -   |    4   |    -   |   68   |
|  Register |    -   |    -   |   241  |    -   |
+-----------+--------+--------+--------+--------+
|   Total   |    3   |    4   |  2689  |  2258  |
+-----------+--------+--------+--------+--------+
