

================================================================
== Vitis HLS Report for 'lod_exe_wb'
================================================================
* Date:           Thu May 16 16:22:32 2024

* Version:        2023.2 (Build 4023990 on Oct 11 2023)
* Project:        HLS
* Solution:       solution1 (Vivado IP Flow Target)
* Product family: zynq
* Target device:  xc7z020-clg400-1


================================================================
== Performance Estimates
================================================================
+ Timing: 
    * Summary: 
    +--------+----------+----------+------------+
    |  Clock |  Target  | Estimated| Uncertainty|
    +--------+----------+----------+------------+
    |ap_clk  |  10.00 ns|  7.300 ns|     2.70 ns|
    +--------+----------+----------+------------+

+ Latency: 
    * Summary: 
    +---------+---------+----------+----------+-----+-----+----------+
    |  Latency (cycles) |  Latency (absolute) |  Interval | Pipeline |
    |   min   |   max   |    min   |    max   | min | max |   Type   |
    +---------+---------+----------+----------+-----+-----+----------+
    |        ?|        ?|         ?|         ?|    ?|    ?|  dataflow|
    +---------+---------+----------+----------+-----+-----+----------+

    + Detail: 
        * Instance: 
        N/A

        * Loop: 
        N/A

============================================================
+ Verbose Summary: Synthesis Manager
============================================================
InlineROM: 1
ExposeGlobal: 0
============================================================
+ Verbose Summary: CDFG Model
============================================================
IsTopModel: 0
ResetActiveHigh: 1
IsCombinational: 2
IsDatapathOnly: 0
HasWiredReturn: 1
HasMFsm: 0
HasVarLatency: 1
IsPipeline: 0
IsRtlPipelined: 0
IsInstanceOverlapped: 0
IsDontTouch: 0
HasImplIP: 0
IsGatedGlobalClock: 0


============================================================
+ Verbose Summary: Schedule
============================================================
* Number of FSM states : 6
* Pipeline : 0
* Dataflow Pipeline: 1
  DF-Pipeline-0: Size = 6, States = { 1 2 3 4 5 6 }

* FSM state transitions: 
1 --> 2 
2 --> 3 
3 --> 4 
4 --> 5 
5 --> 6 
6 --> 

* FSM state operations: 

State 1 <SV = 0> <Delay = 3.52>
ST_1 : Operation 7 [1/1] (0.00ns)   --->   "%b_read = read i64 @_ssdm_op_Read.ap_auto.i64, i64 %b" [HLS/core.cpp:199]   --->   Operation 7 'read' 'b_read' <Predicate = true> <Delay = 0.00>
ST_1 : Operation 8 [1/1] (0.00ns)   --->   "%a_read = read i64 @_ssdm_op_Read.ap_auto.i64, i64 %a" [HLS/core.cpp:199]   --->   Operation 8 'read' 'a_read' <Predicate = true> <Delay = 0.00>
ST_1 : Operation 9 [1/1] (0.00ns)   --->   "%op_read = read i64 @_ssdm_op_Read.ap_auto.i64, i64 %op" [HLS/core.cpp:199]   --->   Operation 9 'read' 'op_read' <Predicate = true> <Delay = 0.00>
ST_1 : Operation 10 [1/1] (0.00ns)   --->   "%c_c = alloca i64 1" [HLS/core.cpp:199]   --->   Operation 10 'alloca' 'c_c' <Predicate = true> <Delay = 0.00> <CoreInst = "FIFO_SRL">   --->   Core 81 'FIFO_SRL' <Latency = 0> <II = 1> <Delay = 3.63> <Storage> <Opcode : 'read' 'write' 'nbread' 'nbwrite'> <Ports = 0> <Width = 64> <Depth = 4> <FIFO>
ST_1 : Operation 11 [2/2] (3.52ns)   --->   "%call_ln199 = call void @load_data_and_op, i32 %gmem0, i64 %a_read, i32 %gmem1, i64 %b_read, i32 %gmem3, i64 %op_read, i32 %ALU_operation_MEM, i32 %ALU_operation, i32 %data_a, i32 %data_b" [HLS/core.cpp:199]   --->   Operation 11 'call' 'call_ln199' <Predicate = true> <Delay = 3.52> <CoreType = "Generic">   --->   Core 0 '' <Latency = 0> <II = 1> <Delay = 1.00> <Generic> <Opcode : >

State 2 <SV = 1> <Delay = 0.00>
ST_2 : Operation 12 [1/2] (0.00ns)   --->   "%call_ln199 = call void @load_data_and_op, i32 %gmem0, i64 %a_read, i32 %gmem1, i64 %b_read, i32 %gmem3, i64 %op_read, i32 %ALU_operation_MEM, i32 %ALU_operation, i32 %data_a, i32 %data_b" [HLS/core.cpp:199]   --->   Operation 12 'call' 'call_ln199' <Predicate = true> <Delay = 0.00> <CoreType = "Generic">   --->   Core 0 '' <Latency = 0> <II = 1> <Delay = 1.00> <Generic> <Opcode : >

State 3 <SV = 2> <Delay = 0.00>
ST_3 : Operation 13 [2/2] (0.00ns)   --->   "%call_ln200 = call void @execute, i32 %ALU_operation_MEM, i32 %data_a, i32 %data_result, i32 %data_b" [HLS/core.cpp:200]   --->   Operation 13 'call' 'call_ln200' <Predicate = true> <Delay = 0.00> <CoreType = "Generic">   --->   Core 0 '' <Latency = 0> <II = 1> <Delay = 1.00> <Generic> <Opcode : >

State 4 <SV = 3> <Delay = 3.63>
ST_4 : Operation 14 [1/1] (0.00ns)   --->   "%c_read = read i64 @_ssdm_op_Read.ap_auto.i64, i64 %c" [HLS/core.cpp:199]   --->   Operation 14 'read' 'c_read' <Predicate = true> <Delay = 0.00>
ST_4 : Operation 15 [1/1] (3.63ns)   --->   "%call_ln199 = call void @entry_proc, i64 %c_read, i64 %c_c" [HLS/core.cpp:199]   --->   Operation 15 'call' 'call_ln199' <Predicate = true> <Delay = 3.63> <CoreType = "Generic">   --->   Core 0 '' <Latency = 0> <II = 1> <Delay = 1.00> <Generic> <Opcode : >
ST_4 : Operation 16 [1/2] (0.00ns)   --->   "%call_ln200 = call void @execute, i32 %ALU_operation_MEM, i32 %data_a, i32 %data_result, i32 %data_b" [HLS/core.cpp:200]   --->   Operation 16 'call' 'call_ln200' <Predicate = true> <Delay = 0.00> <CoreType = "Generic">   --->   Core 0 '' <Latency = 0> <II = 1> <Delay = 1.00> <Generic> <Opcode : >

State 5 <SV = 4> <Delay = 0.00>
ST_5 : Operation 17 [2/2] (0.00ns)   --->   "%call_ln201 = call void @write_back, i32 %gmem2, i64 %c_c, i32 %data_result" [HLS/core.cpp:201]   --->   Operation 17 'call' 'call_ln201' <Predicate = true> <Delay = 0.00> <CoreType = "Generic">   --->   Core 0 '' <Latency = 0> <II = 1> <Delay = 1.00> <Generic> <Opcode : >

State 6 <SV = 5> <Delay = 0.00>
ST_6 : Operation 18 [1/1] (0.00ns)   --->   "%empty = specchannel i32 @_ssdm_op_SpecChannel, void @c_c_str, i32 1, void @p_str, void @p_str, i32 4, i32 0, i64 %c_c, i64 %c_c" [HLS/core.cpp:199]   --->   Operation 18 'specchannel' 'empty' <Predicate = true> <Delay = 0.00>
ST_6 : Operation 19 [1/1] (0.00ns)   --->   "%specinterface_ln199 = specinterface void @_ssdm_op_SpecInterface, i64 %c_c, void @ap_fifo_str, i32 0, i32 0, void @p_str, i32 0, i32 0, void @p_str, void @p_str, void @p_str, i32 2, i32 2, i32 16, i32 16, void @p_str, void @p_str, i32 4294967295, i32 0" [HLS/core.cpp:199]   --->   Operation 19 'specinterface' 'specinterface_ln199' <Predicate = true> <Delay = 0.00>
ST_6 : Operation 20 [1/1] (0.00ns)   --->   "%specdataflowpipeline_ln199 = specdataflowpipeline void @_ssdm_op_SpecDataflowPipeline, i32 4294967295, i32 0, void @empty_17" [HLS/core.cpp:199]   --->   Operation 20 'specdataflowpipeline' 'specdataflowpipeline_ln199' <Predicate = true> <Delay = 0.00>
ST_6 : Operation 21 [1/1] (0.00ns)   --->   "%specinterface_ln0 = specinterface void @_ssdm_op_SpecInterface, i32 %gmem3, void @empty_12, i32 0, i32 0, void @empty_17, i32 0, i32 50, void @empty_23, void @empty_19, void @empty_17, i32 16, i32 16, i32 16, i32 16, void @empty_17, void @empty_17, i32 4294967295, i32 0"   --->   Operation 21 'specinterface' 'specinterface_ln0' <Predicate = true> <Delay = 0.00>
ST_6 : Operation 22 [1/1] (0.00ns)   --->   "%specinterface_ln0 = specinterface void @_ssdm_op_SpecInterface, i32 %gmem2, void @empty_12, i32 0, i32 0, void @empty_17, i32 0, i32 50, void @empty_5, void @empty_19, void @empty_17, i32 16, i32 16, i32 16, i32 16, void @empty_17, void @empty_17, i32 4294967295, i32 0"   --->   Operation 22 'specinterface' 'specinterface_ln0' <Predicate = true> <Delay = 0.00>
ST_6 : Operation 23 [1/1] (0.00ns)   --->   "%specinterface_ln0 = specinterface void @_ssdm_op_SpecInterface, i32 %gmem1, void @empty_12, i32 0, i32 0, void @empty_17, i32 0, i32 50, void @empty_20, void @empty_19, void @empty_17, i32 16, i32 16, i32 16, i32 16, void @empty_17, void @empty_17, i32 4294967295, i32 0"   --->   Operation 23 'specinterface' 'specinterface_ln0' <Predicate = true> <Delay = 0.00>
ST_6 : Operation 24 [1/1] (0.00ns)   --->   "%specinterface_ln0 = specinterface void @_ssdm_op_SpecInterface, i32 %gmem0, void @empty_12, i32 0, i32 0, void @empty_17, i32 0, i32 50, void @empty_18, void @empty_19, void @empty_17, i32 16, i32 16, i32 16, i32 16, void @empty_17, void @empty_17, i32 4294967295, i32 0"   --->   Operation 24 'specinterface' 'specinterface_ln0' <Predicate = true> <Delay = 0.00>
ST_6 : Operation 25 [1/2] (0.00ns)   --->   "%call_ln201 = call void @write_back, i32 %gmem2, i64 %c_c, i32 %data_result" [HLS/core.cpp:201]   --->   Operation 25 'call' 'call_ln201' <Predicate = true> <Delay = 0.00> <CoreType = "Generic">   --->   Core 0 '' <Latency = 0> <II = 1> <Delay = 1.00> <Generic> <Opcode : >
ST_6 : Operation 26 [1/1] (0.00ns)   --->   "%ret_ln203 = ret" [HLS/core.cpp:203]   --->   Operation 26 'ret' 'ret_ln203' <Predicate = true> <Delay = 0.00>


============================================================
+ Verbose Summary: Timing violations
============================================================
Target clock period: 10.000ns, clock uncertainty: 2.700ns.

 <State 1>: 3.520ns
The critical path consists of the following:
	wire read operation ('b_read', HLS/core.cpp:199) on port 'b' (HLS/core.cpp:199) [15]  (0.000 ns)
	'call' operation 0 bit ('call_ln199', HLS/core.cpp:199) to 'load_data_and_op' [27]  (3.520 ns)

 <State 2>: 0.000ns
The critical path consists of the following:

 <State 3>: 0.000ns
The critical path consists of the following:

 <State 4>: 3.634ns
The critical path consists of the following:
	wire read operation ('c_read', HLS/core.cpp:199) on port 'c' (HLS/core.cpp:199) [14]  (0.000 ns)
	'call' operation 0 bit ('call_ln199', HLS/core.cpp:199) to 'entry_proc' [26]  (3.634 ns)

 <State 5>: 0.000ns
The critical path consists of the following:

 <State 6>: 0.000ns
The critical path consists of the following:


============================================================
+ Verbose Summary: Binding
============================================================
N/A
* FSMD analyzer results:
  - Output states:
 - Input state : 
  - Chain level:
	State 1
	State 2
	State 3
	State 4
	State 5
	State 6


============================================================
+ Verbose Summary: Datapath Resource usage 
============================================================
N/A
