#-----------------------------------------------------------
# Vivado v2023.2 (64-bit)
# SW Build 4029153 on Fri Oct 13 20:14:34 MDT 2023
# IP Build 4028589 on Sat Oct 14 00:45:43 MDT 2023
# SharedData Build 4025554 on Tue Oct 10 17:18:54 MDT 2023
# Start of session at: Fri Jun 14 20:47:52 2024
# Process ID: 17212
# Current directory: C:/Users/lotto/Desktop/Alveare/Ping pong/ent_alv_MIMD/ent_alv_MIMD
# Command line: vivado.exe -gui_launcher_event rodinguilauncherevent16428 C:\Users\lotto\Desktop\Alveare\Ping pong\ent_alv_MIMD\ent_alv_MIMD\ent_alv_MIMD.xpr
# Log file: C:/Users/lotto/Desktop/Alveare/Ping pong/ent_alv_MIMD/ent_alv_MIMD/vivado.log
# Journal file: C:/Users/lotto/Desktop/Alveare/Ping pong/ent_alv_MIMD/ent_alv_MIMD\vivado.jou
# Running On: MSI, OS: Windows, CPU Frequency: 2918 MHz, CPU Physical cores: 10, Host memory: 16870 MB
#-----------------------------------------------------------
start_gui
open_project {C:/Users/lotto/Desktop/Alveare/Ping pong/ent_alv_MIMD/ent_alv_MIMD/ent_alv_MIMD.xpr}
WARNING: [Board 49-26] cannot add Board Part xilinx.com:kc705:part0:1.6 available at C:/Xilinx/Vivado/2023.2/data/xhub/boards/XilinxBoardStore/boards/Xilinx/kc705/1.6/board.xml as part xc7k325tffg900-2 specified in board_part file is either invalid or not available
WARNING: [Board 49-26] cannot add Board Part xilinx.com:kcu105:part0:1.6 available at C:/Xilinx/Vivado/2023.2/data/xhub/boards/XilinxBoardStore/boards/Xilinx/kcu105/1.6/board.xml as part xcku040-ffva1156-2-e specified in board_part file is either invalid or not available
WARNING: [Board 49-26] cannot add Board Part xilinx.com:kcu105:part0:1.7 available at C:/Xilinx/Vivado/2023.2/data/xhub/boards/XilinxBoardStore/boards/Xilinx/kcu105/1.7/board.xml as part xcku040-ffva1156-2-e specified in board_part file is either invalid or not available
WARNING: [Board 49-26] cannot add Board Part xilinx.com:kcu1500:part0:1.2 available at C:/Xilinx/Vivado/2023.2/data/xhub/boards/XilinxBoardStore/boards/Xilinx/kcu1500/1.2/board.xml as part xcku115-flvb2104-2-e specified in board_part file is either invalid or not available
WARNING: [Board 49-26] cannot add Board Part xilinx.com:vc707:part0:1.4 available at C:/Xilinx/Vivado/2023.2/data/xhub/boards/XilinxBoardStore/boards/Xilinx/vc707/1.4/board.xml as part xc7vx485tffg1761-2 specified in board_part file is either invalid or not available
WARNING: [Board 49-26] cannot add Board Part xilinx.com:vc709:part0:1.8 available at C:/Xilinx/Vivado/2023.2/data/xhub/boards/XilinxBoardStore/boards/Xilinx/vc709/1.8/board.xml as part xc7vx690tffg1761-2 specified in board_part file is either invalid or not available
WARNING: [Board 49-26] cannot add Board Part xilinx.com:vck190:part0:2.2 available at C:/Xilinx/Vivado/2023.2/data/xhub/boards/XilinxBoardStore/boards/Xilinx/vck190/production/2.2/board.xml as part xcvc1902-vsva2197-2mp-e-s specified in board_part file is either invalid or not available
WARNING: [Board 49-26] cannot add Board Part xilinx.com:vck190:part0:3.0 available at C:/Xilinx/Vivado/2023.2/data/xhub/boards/XilinxBoardStore/boards/Xilinx/vck190/production/3.0/board.xml as part xcvc1902-vsva2197-2mp-e-s specified in board_part file is either invalid or not available
WARNING: [Board 49-26] cannot add Board Part xilinx.com:vck190:part0:3.1 available at C:/Xilinx/Vivado/2023.2/data/xhub/boards/XilinxBoardStore/boards/Xilinx/vck190/production/3.1/board.xml as part xcvc1902-vsva2197-2mp-e-s specified in board_part file is either invalid or not available
WARNING: [Board 49-26] cannot add Board Part xilinx.com:vck190:part0:3.2 available at C:/Xilinx/Vivado/2023.2/data/xhub/boards/XilinxBoardStore/boards/Xilinx/vck190/production/3.2/board.xml as part xcvc1902-vsva2197-2mp-e-s specified in board_part file is either invalid or not available
WARNING: [Board 49-26] cannot add Board Part xilinx.com:vck190_newl:part0:1.0 available at C:/Xilinx/Vivado/2023.2/data/xhub/boards/XilinxBoardStore/boards/Xilinx/vck190_newl/production/1.0/board.xml as part xcvc1902-vsva2197-2mp-e-s specified in board_part file is either invalid or not available
WARNING: [Board 49-26] cannot add Board Part xilinx.com:vck190_newl:part0:1.1 available at C:/Xilinx/Vivado/2023.2/data/xhub/boards/XilinxBoardStore/boards/Xilinx/vck190_newl/production/1.1/board.xml as part xcvc1902-vsva2197-2mp-e-s specified in board_part file is either invalid or not available
WARNING: [Board 49-26] cannot add Board Part xilinx.com:vcu108:part0:1.6 available at C:/Xilinx/Vivado/2023.2/data/xhub/boards/XilinxBoardStore/boards/Xilinx/vcu108/1.6/board.xml as part xcvu095-ffva2104-2-e specified in board_part file is either invalid or not available
WARNING: [Board 49-26] cannot add Board Part xilinx.com:vcu108:part0:1.7 available at C:/Xilinx/Vivado/2023.2/data/xhub/boards/XilinxBoardStore/boards/Xilinx/vcu108/1.7/board.xml as part xcvu095-ffva2104-2-e specified in board_part file is either invalid or not available
WARNING: [Board 49-26] cannot add Board Part xilinx.com:vcu110:part0:1.4 available at C:/Xilinx/Vivado/2023.2/data/xhub/boards/XilinxBoardStore/boards/Xilinx/vcu110/1.4/board.xml as part xcvu190-flgc2104-2-e specified in board_part file is either invalid or not available
WARNING: [Board 49-26] cannot add Board Part xilinx.com:vcu118:part0:2.0 available at C:/Xilinx/Vivado/2023.2/data/xhub/boards/XilinxBoardStore/boards/Xilinx/vcu118/2.0/board.xml as part xcvu9p-flga2104-2l-e specified in board_part file is either invalid or not available
WARNING: [Board 49-26] cannot add Board Part xilinx.com:vcu118:part0:2.3 available at C:/Xilinx/Vivado/2023.2/data/xhub/boards/XilinxBoardStore/boards/Xilinx/vcu118/2.3/board.xml as part xcvu9p-flga2104-2l-e specified in board_part file is either invalid or not available
WARNING: [Board 49-26] cannot add Board Part xilinx.com:vcu118:part0:2.4 available at C:/Xilinx/Vivado/2023.2/data/xhub/boards/XilinxBoardStore/boards/Xilinx/vcu118/2.4/board.xml as part xcvu9p-flga2104-2l-e specified in board_part file is either invalid or not available
WARNING: [Board 49-26] cannot add Board Part xilinx.com:vcu129:part0:1.0 available at C:/Xilinx/Vivado/2023.2/data/xhub/boards/XilinxBoardStore/boards/Xilinx/vcu129/production/1.0/board.xml as part xcvu29p-fsga2577-2l-e specified in board_part file is either invalid or not available
WARNING: [Board 49-26] cannot add Board Part xilinx.com:vcu1525:part0:1.3 available at C:/Xilinx/Vivado/2023.2/data/xhub/boards/XilinxBoardStore/boards/Xilinx/vcu1525/1.3/board.xml as part xcvu9p-fsgd2104-2l-e specified in board_part file is either invalid or not available
WARNING: [Board 49-26] cannot add Board Part xilinx.com:vek280:part0:1.0 available at C:/Xilinx/Vivado/2023.2/data/xhub/boards/XilinxBoardStore/boards/Xilinx/vek280/production/1.0/board.xml as part xcve2802-vsvh1760-2mp-e-s specified in board_part file is either invalid or not available
WARNING: [Board 49-26] cannot add Board Part xilinx.com:vek280_es:part0:1.0 available at C:/Xilinx/Vivado/2023.2/data/xhub/boards/XilinxBoardStore/boards/Xilinx/vek280/es/rev_a/1.0/board.xml as part xcve2802-vsvh1760-2lp-e-s-es1 specified in board_part file is either invalid or not available
WARNING: [Board 49-26] cannot add Board Part xilinx.com:vek280_es:part0:1.1 available at C:/Xilinx/Vivado/2023.2/data/xhub/boards/XilinxBoardStore/boards/Xilinx/vek280/es/rev_a/1.1/board.xml as part xcve2802-vsvh1760-2lp-e-s-es1 specified in board_part file is either invalid or not available
WARNING: [Board 49-26] cannot add Board Part xilinx.com:vek280_es_revb:part0:1.0 available at C:/Xilinx/Vivado/2023.2/data/xhub/boards/XilinxBoardStore/boards/Xilinx/vek280/es/rev_b/1.0/board.xml as part xcve2802-vsvh1760-2mp-e-s-es1 specified in board_part file is either invalid or not available
WARNING: [Board 49-26] cannot add Board Part xilinx.com:vek280_es_revb:part0:1.1 available at C:/Xilinx/Vivado/2023.2/data/xhub/boards/XilinxBoardStore/boards/Xilinx/vek280/es/rev_b/1.1/board.xml as part xcve2802-vsvh1760-2mp-e-s-es1 specified in board_part file is either invalid or not available
WARNING: [Board 49-26] cannot add Board Part xilinx.com:vermeo_t1_mpsoc:part0:1.0 available at C:/Xilinx/Vivado/2023.2/data/xhub/boards/XilinxBoardStore/boards/Xilinx/vermeo_t1_mpsoc/1.0/board.xml as part xczu19eg-ffvd1760-2l-e specified in board_part file is either invalid or not available
WARNING: [Board 49-26] cannot add Board Part xilinx.com:vermeo_t1_rfsoc:part0:1.0 available at C:/Xilinx/Vivado/2023.2/data/xhub/boards/XilinxBoardStore/boards/Xilinx/vermeo_t1_rfsoc/1.0/board.xml as part xczu21dr-ffvd1156-2l-e specified in board_part file is either invalid or not available
WARNING: [Board 49-26] cannot add Board Part xilinx.com:vhk158:part0:1.0 available at C:/Xilinx/Vivado/2023.2/data/xhub/boards/XilinxBoardStore/boards/Xilinx/vhk158/production/1.0/board.xml as part xcvh1582-vsva3697-2mp-e-s specified in board_part file is either invalid or not available
WARNING: [Board 49-26] cannot add Board Part xilinx.com:vhk158:part0:1.1 available at C:/Xilinx/Vivado/2023.2/data/xhub/boards/XilinxBoardStore/boards/Xilinx/vhk158/production/1.1/board.xml as part xcvh1582-vsva3697-2mp-e-s specified in board_part file is either invalid or not available
WARNING: [Board 49-26] cannot add Board Part xilinx.com:vhk158_es:part0:1.0 available at C:/Xilinx/Vivado/2023.2/data/xhub/boards/XilinxBoardStore/boards/Xilinx/vhk158/es/1.0/board.xml as part xcvh1582-vsva3697-2mp-e-s-es1 specified in board_part file is either invalid or not available
WARNING: [Board 49-26] cannot add Board Part xilinx.com:vhk158_es:part0:1.1 available at C:/Xilinx/Vivado/2023.2/data/xhub/boards/XilinxBoardStore/boards/Xilinx/vhk158/es/1.1/board.xml as part xcvh1582-vsva3697-2mp-e-s-es1 specified in board_part file is either invalid or not available
WARNING: [Board 49-26] cannot add Board Part xilinx.com:vmk180:part0:2.2 available at C:/Xilinx/Vivado/2023.2/data/xhub/boards/XilinxBoardStore/boards/Xilinx/vmk180/production/2.2/board.xml as part xcvm1802-vsva2197-2mp-e-s specified in board_part file is either invalid or not available
WARNING: [Board 49-26] cannot add Board Part xilinx.com:vmk180:part0:3.0 available at C:/Xilinx/Vivado/2023.2/data/xhub/boards/XilinxBoardStore/boards/Xilinx/vmk180/production/3.0/board.xml as part xcvm1802-vsva2197-2mp-e-s specified in board_part file is either invalid or not available
WARNING: [Board 49-26] cannot add Board Part xilinx.com:vmk180:part0:3.1 available at C:/Xilinx/Vivado/2023.2/data/xhub/boards/XilinxBoardStore/boards/Xilinx/vmk180/production/3.1/board.xml as part xcvm1802-vsva2197-2mp-e-s specified in board_part file is either invalid or not available
WARNING: [Board 49-26] cannot add Board Part xilinx.com:vmk180:part0:3.2 available at C:/Xilinx/Vivado/2023.2/data/xhub/boards/XilinxBoardStore/boards/Xilinx/vmk180/production/3.2/board.xml as part xcvm1802-vsva2197-2mp-e-s specified in board_part file is either invalid or not available
WARNING: [Board 49-26] cannot add Board Part xilinx.com:vmk180_newl:part0:1.0 available at C:/Xilinx/Vivado/2023.2/data/xhub/boards/XilinxBoardStore/boards/Xilinx/vmk180_newl/production/1.0/board.xml as part xcvm1802-vsva2197-2mp-e-s specified in board_part file is either invalid or not available
WARNING: [Board 49-26] cannot add Board Part xilinx.com:vmk180_newl:part0:1.1 available at C:/Xilinx/Vivado/2023.2/data/xhub/boards/XilinxBoardStore/boards/Xilinx/vmk180_newl/production/1.1/board.xml as part xcvm1802-vsva2197-2mp-e-s specified in board_part file is either invalid or not available
WARNING: [Board 49-26] cannot add Board Part xilinx.com:vpk120:part0:1.0 available at C:/Xilinx/Vivado/2023.2/data/xhub/boards/XilinxBoardStore/boards/Xilinx/vpk120/production/1.0/board.xml as part xcvp1202-vsva2785-2mp-e-s specified in board_part file is either invalid or not available
WARNING: [Board 49-26] cannot add Board Part xilinx.com:vpk120:part0:1.1 available at C:/Xilinx/Vivado/2023.2/data/xhub/boards/XilinxBoardStore/boards/Xilinx/vpk120/production/1.1/board.xml as part xcvp1202-vsva2785-2mp-e-s specified in board_part file is either invalid or not available
WARNING: [Board 49-26] cannot add Board Part xilinx.com:vpk120:part0:1.2 available at C:/Xilinx/Vivado/2023.2/data/xhub/boards/XilinxBoardStore/boards/Xilinx/vpk120/production/1.2/board.xml as part xcvp1202-vsva2785-2mp-e-s specified in board_part file is either invalid or not available
WARNING: [Board 49-26] cannot add Board Part xilinx.com:vpk180:part0:1.0 available at C:/Xilinx/Vivado/2023.2/data/xhub/boards/XilinxBoardStore/boards/Xilinx/vpk180/production/1.0/board.xml as part xcvp1802-lsvc4072-2mp-e-s specified in board_part file is either invalid or not available
WARNING: [Board 49-26] cannot add Board Part xilinx.com:vpk180:part0:1.1 available at C:/Xilinx/Vivado/2023.2/data/xhub/boards/XilinxBoardStore/boards/Xilinx/vpk180/production/1.1/board.xml as part xcvp1802-lsvc4072-2mp-e-s specified in board_part file is either invalid or not available
WARNING: [Board 49-26] cannot add Board Part xilinx.com:zc706:part0:1.4 available at C:/Xilinx/Vivado/2023.2/data/xhub/boards/XilinxBoardStore/boards/Xilinx/zc706/1.4/board.xml as part xc7z045ffg900-2 specified in board_part file is either invalid or not available
WARNING: [Board 49-26] cannot add Board Part xilinx.com:zcu102:part0:3.3 available at C:/Xilinx/Vivado/2023.2/data/xhub/boards/XilinxBoardStore/boards/Xilinx/zcu102/3.3/board.xml as part xczu9eg-ffvb1156-2-e specified in board_part file is either invalid or not available
WARNING: [Board 49-26] cannot add Board Part xilinx.com:zcu102:part0:3.4 available at C:/Xilinx/Vivado/2023.2/data/xhub/boards/XilinxBoardStore/boards/Xilinx/zcu102/3.4/board.xml as part xczu9eg-ffvb1156-2-e specified in board_part file is either invalid or not available
WARNING: [Board 49-26] cannot add Board Part xilinx.com:zcu111:part0:1.2 available at C:/Xilinx/Vivado/2023.2/data/xhub/boards/XilinxBoardStore/boards/Xilinx/zcu111/1.2/board.xml as part xczu28dr-ffvg1517-2-e specified in board_part file is either invalid or not available
WARNING: [Board 49-26] cannot add Board Part xilinx.com:zcu111:part0:1.3 available at C:/Xilinx/Vivado/2023.2/data/xhub/boards/XilinxBoardStore/boards/Xilinx/zcu111/1.3/board.xml as part xczu28dr-ffvg1517-2-e specified in board_part file is either invalid or not available
WARNING: [Board 49-26] cannot add Board Part xilinx.com:zcu111:part0:1.4 available at C:/Xilinx/Vivado/2023.2/data/xhub/boards/XilinxBoardStore/boards/Xilinx/zcu111/1.4/board.xml as part xczu28dr-ffvg1517-2-e specified in board_part file is either invalid or not available
WARNING: [Board 49-26] cannot add Board Part xilinx.com:zcu1275:part0:1.0 available at C:/Xilinx/Vivado/2023.2/data/xhub/boards/XilinxBoardStore/boards/Xilinx/zcu1275/1.0/board.xml as part xczu29dr-ffvf1760-2-e specified in board_part file is either invalid or not available
WARNING: [Board 49-26] cannot add Board Part xilinx.com:zcu1285:part0:1.0 available at C:/Xilinx/Vivado/2023.2/data/xhub/boards/XilinxBoardStore/boards/Xilinx/zcu1285/1.0/board.xml as part xczu39dr-ffvf1760-2-i specified in board_part file is either invalid or not available
WARNING: [Board 49-26] cannot add Board Part xilinx.com:zcu208:part0:2.0 available at C:/Xilinx/Vivado/2023.2/data/xhub/boards/XilinxBoardStore/boards/Xilinx/zcu208/production/2.0/board.xml as part xczu48dr-fsvg1517-2-e specified in board_part file is either invalid or not available
WARNING: [Board 49-26] cannot add Board Part xilinx.com:zcu208ld:part0:2.0 available at C:/Xilinx/Vivado/2023.2/data/xhub/boards/XilinxBoardStore/boards/Xilinx/zcu208ld/production/2.0/board.xml as part xczu58dr-fsvg1517-2-i specified in board_part file is either invalid or not available
WARNING: [Board 49-26] cannot add Board Part xilinx.com:zcu216:part0:2.0 available at C:/Xilinx/Vivado/2023.2/data/xhub/boards/XilinxBoardStore/boards/Xilinx/zcu216/production/2.0/board.xml as part xczu49dr-ffvf1760-2-e specified in board_part file is either invalid or not available
WARNING: [Board 49-26] cannot add Board Part xilinx.com:zcu216ld:part0:2.0 available at C:/Xilinx/Vivado/2023.2/data/xhub/boards/XilinxBoardStore/boards/Xilinx/zcu216ld/production/2.0/board.xml as part xczu59dr-ffvf1760-2-i specified in board_part file is either invalid or not available
WARNING: [Board 49-26] cannot add Board Part xilinx.com:zcu670:part0:2.0 available at C:/Xilinx/Vivado/2023.2/data/xhub/boards/XilinxBoardStore/boards/Xilinx/zcu670/2.0/board.xml as part xczu67dr-fsve1156-2-i specified in board_part file is either invalid or not available
WARNING: [Board 49-26] cannot add Board Part xilinx.com:zcu670ld:part0:1.0 available at C:/Xilinx/Vivado/2023.2/data/xhub/boards/XilinxBoardStore/boards/Xilinx/zcu670ld/1.0/board.xml as part xczu57dr-fsve1156-2-i specified in board_part file is either invalid or not available
INFO: [Project 1-313] Project file moved from 'C:/Users/lotto/Desktop/ent_alv_MIMD' since last save.
INFO: [filemgmt 56-1] Board Part Repository Path: Directory not found as 'C:/Users/lotto/Desktop/Alveare/Ping pong/AppData/Roaming/Xilinx/Vivado/2023.2/xhub/board_store/xilinx_board_store'; using path 'C:/Users/lotto/AppData/Roaming/Xilinx/Vivado/2023.2/xhub/board_store/xilinx_board_store' instead.
INFO: [filemgmt 56-1] IP Repository Path: Directory not found as 'C:/Users/lotto/Desktop/Alveare/Ping pong/Downloads/AXI_FIFO/AXI_FIFO/ip_repo'; using path 'C:/Users/lotto/Downloads/AXI_FIFO/AXI_FIFO/ip_repo' instead.
INFO: [filemgmt 56-3] Default IP Output Path : Could not find the directory 'C:/Users/lotto/Desktop/Alveare/Ping pong/ent_alv_MIMD/ent_alv_MIMD/ent_alv_MIMD.gen/sources_1'.
WARNING: [filemgmt 56-3] IPUserFilesDir: Could not find the directory 'C:/Users/lotto/Desktop/Alveare/Ping pong/ent_alv_MIMD/ent_alv_MIMD/ent_alv_MIMD.ip_user_files'.
Scanning sources...
Finished scanning sources
INFO: [IP_Flow 19-234] Refreshing IP repositories
INFO: [IP_Flow 19-1700] Loaded user IP repository 'c:/Users/lotto/Downloads/AXI_FIFO/AXI_FIFO/ip_repo'.
INFO: [IP_Flow 19-2313] Loaded Vivado IP repository 'C:/Xilinx/Vivado/2023.2/data/ip'.
open_project: Time (s): cpu = 00:00:06 ; elapsed = 00:00:09 . Memory (MB): peak = 1476.613 ; gain = 378.418
update_compile_order -fileset sources_1
import_files -norecurse {C:/Users/lotto/Downloads/ALU/ALU/pp_buf.vhd C:/Users/lotto/Downloads/ALU/ALU/sum.vhd C:/Users/lotto/Downloads/ALU/ALU/div.vhd C:/Users/lotto/Downloads/ALU/ALU/mul.vhd C:/Users/lotto/Downloads/ALU/ALU/sub.vhd}
WARNING: [filemgmt 56-199] Attempt to get parsing info during refresh. "On-the-fly" syntax checking information may be incorrect. [C:\Users\lotto\Desktop\Alveare\Ping pong\ent_alv_MIMD\ent_alv_MIMD\ent_alv_MIMD.srcs\sources_1\imports\new\alv_MIMD_op_data_exe_wb_Pipeline_exe.vhd:]
WARNING: [filemgmt 56-199] Attempt to get parsing info during refresh. "On-the-fly" syntax checking information may be incorrect. [C:\Users\lotto\Desktop\Alveare\Ping pong\ent_alv_MIMD\ent_alv_MIMD\ent_alv_MIMD.srcs\sources_1\imports\ALU\div.vhd:]
ERROR: [Common 17-180] Spawn failed: No error
WARNING: [filemgmt 56-199] Attempt to get parsing info during refresh. "On-the-fly" syntax checking information may be incorrect. [C:\Users\lotto\Desktop\Alveare\Ping pong\ent_alv_MIMD\ent_alv_MIMD\ent_alv_MIMD.srcs\sources_1\imports\ALU\mul.vhd:]
WARNING: [filemgmt 56-199] Attempt to get parsing info during refresh. "On-the-fly" syntax checking information may be incorrect. [C:\Users\lotto\Desktop\Alveare\Ping pong\ent_alv_MIMD\ent_alv_MIMD\ent_alv_MIMD.srcs\sources_1\imports\new\alv_MIMD_op_data_exe_wb_Pipeline_exe.vhd:]
WARNING: [filemgmt 56-199] Attempt to get parsing info during refresh. "On-the-fly" syntax checking information may be incorrect. [C:\Users\lotto\Desktop\Alveare\Ping pong\ent_alv_MIMD\ent_alv_MIMD\ent_alv_MIMD.srcs\sources_1\imports\ALU\div.vhd:]
WARNING: [filemgmt 56-199] Attempt to get parsing info during refresh. "On-the-fly" syntax checking information may be incorrect. [C:\Users\lotto\Desktop\Alveare\Ping pong\ent_alv_MIMD\ent_alv_MIMD\ent_alv_MIMD.srcs\sources_1\imports\ALU\mul.vhd:]
WARNING: [filemgmt 56-199] Attempt to get parsing info during refresh. "On-the-fly" syntax checking information may be incorrect. [C:\Users\lotto\Desktop\Alveare\Ping pong\ent_alv_MIMD\ent_alv_MIMD\ent_alv_MIMD.srcs\sources_1\imports\new\alv_MIMD_op_data_exe_wb_Pipeline_exe.vhd:]
WARNING: [filemgmt 56-199] Attempt to get parsing info during refresh. "On-the-fly" syntax checking information may be incorrect. [C:\Users\lotto\Desktop\Alveare\Ping pong\ent_alv_MIMD\ent_alv_MIMD\ent_alv_MIMD.srcs\sources_1\imports\ALU\div.vhd:]
ERROR: [Common 17-180] Spawn failed: No error
WARNING: [filemgmt 56-199] Attempt to get parsing info during refresh. "On-the-fly" syntax checking information may be incorrect. [C:\Users\lotto\Desktop\Alveare\Ping pong\ent_alv_MIMD\ent_alv_MIMD\ent_alv_MIMD.srcs\sources_1\imports\ALU\mul.vhd:]
WARNING: [filemgmt 56-199] Attempt to get parsing info during refresh. "On-the-fly" syntax checking information may be incorrect. [C:\Users\lotto\Desktop\Alveare\Ping pong\ent_alv_MIMD\ent_alv_MIMD\ent_alv_MIMD.srcs\sources_1\imports\new\alv_MIMD_op_data_exe_wb_Pipeline_exe.vhd:]
WARNING: [filemgmt 56-199] Attempt to get parsing info during refresh. "On-the-fly" syntax checking information may be incorrect. [C:\Users\lotto\Desktop\Alveare\Ping pong\ent_alv_MIMD\ent_alv_MIMD\ent_alv_MIMD.srcs\sources_1\imports\ALU\div.vhd:]
WARNING: [filemgmt 56-199] Attempt to get parsing info during refresh. "On-the-fly" syntax checking information may be incorrect. [C:\Users\lotto\Desktop\Alveare\Ping pong\ent_alv_MIMD\ent_alv_MIMD\ent_alv_MIMD.srcs\sources_1\imports\ALU\pp_buf.vhd:]
WARNING: [filemgmt 56-199] Attempt to get parsing info during refresh. "On-the-fly" syntax checking information may be incorrect. [C:\Users\lotto\Desktop\Alveare\Ping pong\ent_alv_MIMD\ent_alv_MIMD\ent_alv_MIMD.srcs\sources_1\imports\ALU\mul.vhd:]
WARNING: [filemgmt 56-199] Attempt to get parsing info during refresh. "On-the-fly" syntax checking information may be incorrect. [C:\Users\lotto\Desktop\Alveare\Ping pong\ent_alv_MIMD\ent_alv_MIMD\ent_alv_MIMD.srcs\sources_1\imports\new\alv_MIMD_op_data_exe_wb_Pipeline_exe.vhd:]
WARNING: [filemgmt 56-199] Attempt to get parsing info during refresh. "On-the-fly" syntax checking information may be incorrect. [C:\Users\lotto\Desktop\Alveare\Ping pong\ent_alv_MIMD\ent_alv_MIMD\ent_alv_MIMD.srcs\sources_1\imports\ALU\div.vhd:]
WARNING: [filemgmt 56-199] Attempt to get parsing info during refresh. "On-the-fly" syntax checking information may be incorrect. [C:\Users\lotto\Desktop\Alveare\Ping pong\ent_alv_MIMD\ent_alv_MIMD\ent_alv_MIMD.srcs\sources_1\imports\ALU\pp_buf.vhd:]
ERROR: [Common 17-180] Spawn failed: No error
WARNING: [filemgmt 56-199] Attempt to get parsing info during refresh. "On-the-fly" syntax checking information may be incorrect. [C:\Users\lotto\Desktop\Alveare\Ping pong\ent_alv_MIMD\ent_alv_MIMD\ent_alv_MIMD.srcs\sources_1\imports\ALU\mul.vhd:]
WARNING: [filemgmt 56-199] Attempt to get parsing info during refresh. "On-the-fly" syntax checking information may be incorrect. [C:\Users\lotto\Desktop\Alveare\Ping pong\ent_alv_MIMD\ent_alv_MIMD\ent_alv_MIMD.srcs\sources_1\imports\new\alv_MIMD_op_data_exe_wb_Pipeline_exe.vhd:]
WARNING: [filemgmt 56-199] Attempt to get parsing info during refresh. "On-the-fly" syntax checking information may be incorrect. [C:\Users\lotto\Desktop\Alveare\Ping pong\ent_alv_MIMD\ent_alv_MIMD\ent_alv_MIMD.srcs\sources_1\imports\ALU\div.vhd:]
WARNING: [filemgmt 56-199] Attempt to get parsing info during refresh. "On-the-fly" syntax checking information may be incorrect. [C:\Users\lotto\Desktop\Alveare\Ping pong\ent_alv_MIMD\ent_alv_MIMD\ent_alv_MIMD.srcs\sources_1\imports\ALU\pp_buf.vhd:]
ERROR: [Common 17-180] Spawn failed: No error
file mkdir C:/Users/lotto/Desktop/Alveare/Ping pong/ent_alv_MIMD/ent_alv_MIMD/ent_alv_MIMD.srcs/sim_1/new
file mkdir C:/Users/lotto/Desktop/Alveare/Ping pong/ent_alv_MIMD/ent_alv_MIMD/ent_alv_MIMD.srcs/sim_1/new
file mkdir C:/Users/lotto/Desktop/Alveare/Ping pong/ent_alv_MIMD/ent_alv_MIMD/ent_alv_MIMD.srcs/sim_1/new
file mkdir C:/Users/lotto/Desktop/Alveare/Ping pong/ent_alv_MIMD/ent_alv_MIMD/ent_alv_MIMD.srcs/sim_1/new
file mkdir C:/Users/lotto/Desktop/Alveare/Ping pong/ent_alv_MIMD/ent_alv_MIMD/ent_alv_MIMD.srcs/sim_1/new
set_property SOURCE_SET sources_1 [get_filesets sim_1]
file mkdir C:/Users/lotto/Desktop/Alveare/Ping pong/ent_alv_MIMD/ent_alv_MIMD/ent_alv_MIMD.srcs/sim_1/new
file mkdir {C:/Users/lotto/Desktop/Alveare/Ping pong/ent_alv_MIMD/ent_alv_MIMD/ent_alv_MIMD.srcs/sim_1/new}
close [ open {C:/Users/lotto/Desktop/Alveare/Ping pong/ent_alv_MIMD/ent_alv_MIMD/ent_alv_MIMD.srcs/sim_1/new/tb.vhd} w ]
add_files -fileset sim_1 {{C:/Users/lotto/Desktop/Alveare/Ping pong/ent_alv_MIMD/ent_alv_MIMD/ent_alv_MIMD.srcs/sim_1/new/tb.vhd}}
WARNING: [filemgmt 56-199] Attempt to get parsing info during refresh. "On-the-fly" syntax checking information may be incorrect. [C:\Users\lotto\Desktop\Alveare\Ping pong\ent_alv_MIMD\ent_alv_MIMD\ent_alv_MIMD.srcs\sources_1\imports\ALU\mul.vhd:]
WARNING: [filemgmt 56-199] Attempt to get parsing info during refresh. "On-the-fly" syntax checking information may be incorrect. [C:\Users\lotto\Desktop\Alveare\Ping pong\ent_alv_MIMD\ent_alv_MIMD\ent_alv_MIMD.srcs\sources_1\imports\new\alv_MIMD_op_data_exe_wb_Pipeline_exe.vhd:]
WARNING: [filemgmt 56-199] Attempt to get parsing info during refresh. "On-the-fly" syntax checking information may be incorrect. [C:\Users\lotto\Desktop\Alveare\Ping pong\ent_alv_MIMD\ent_alv_MIMD\ent_alv_MIMD.srcs\sources_1\imports\ALU\div.vhd:]
WARNING: [filemgmt 56-199] Attempt to get parsing info during refresh. "On-the-fly" syntax checking information may be incorrect. [C:\Users\lotto\Desktop\Alveare\Ping pong\ent_alv_MIMD\ent_alv_MIMD\ent_alv_MIMD.srcs\sources_1\imports\ALU\pp_buf.vhd:]
WARNING: [filemgmt 56-199] Attempt to get parsing info during refresh. "On-the-fly" syntax checking information may be incorrect. [C:\Users\lotto\Desktop\Alveare\Ping pong\ent_alv_MIMD\ent_alv_MIMD\ent_alv_MIMD.srcs\sources_1\imports\ALU\mul.vhd:]
WARNING: [filemgmt 56-199] Attempt to get parsing info during refresh. "On-the-fly" syntax checking information may be incorrect. [C:\Users\lotto\Desktop\Alveare\Ping pong\ent_alv_MIMD\ent_alv_MIMD\ent_alv_MIMD.srcs\sources_1\imports\new\alv_MIMD_op_data_exe_wb_Pipeline_exe.vhd:]
WARNING: [filemgmt 56-199] Attempt to get parsing info during refresh. "On-the-fly" syntax checking information may be incorrect. [C:\Users\lotto\Desktop\Alveare\Ping pong\ent_alv_MIMD\ent_alv_MIMD\ent_alv_MIMD.srcs\sources_1\imports\ALU\div.vhd:]
WARNING: [filemgmt 56-199] Attempt to get parsing info during refresh. "On-the-fly" syntax checking information may be incorrect. [C:\Users\lotto\Desktop\Alveare\Ping pong\ent_alv_MIMD\ent_alv_MIMD\ent_alv_MIMD.srcs\sources_1\imports\ALU\pp_buf.vhd:]
ERROR: [Common 17-180] Spawn failed: No error
WARNING: [filemgmt 56-199] Attempt to get parsing info during refresh. "On-the-fly" syntax checking information may be incorrect. [C:\Users\lotto\Desktop\Alveare\Ping pong\ent_alv_MIMD\ent_alv_MIMD\ent_alv_MIMD.srcs\sources_1\imports\ALU\mul.vhd:]
WARNING: [filemgmt 56-199] Attempt to get parsing info during refresh. "On-the-fly" syntax checking information may be incorrect. [C:\Users\lotto\Desktop\Alveare\Ping pong\ent_alv_MIMD\ent_alv_MIMD\ent_alv_MIMD.srcs\sources_1\imports\new\alv_MIMD_op_data_exe_wb_Pipeline_exe.vhd:]
WARNING: [filemgmt 56-199] Attempt to get parsing info during refresh. "On-the-fly" syntax checking information may be incorrect. [C:\Users\lotto\Desktop\Alveare\Ping pong\ent_alv_MIMD\ent_alv_MIMD\ent_alv_MIMD.srcs\sources_1\imports\ALU\div.vhd:]
WARNING: [filemgmt 56-199] Attempt to get parsing info during refresh. "On-the-fly" syntax checking information may be incorrect. [C:\Users\lotto\Desktop\Alveare\Ping pong\ent_alv_MIMD\ent_alv_MIMD\ent_alv_MIMD.srcs\sources_1\imports\ALU\pp_buf.vhd:]
ERROR: [Common 17-180] Spawn failed: No error
WARNING: [filemgmt 56-199] Attempt to get parsing info during refresh. "On-the-fly" syntax checking information may be incorrect. [C:\Users\lotto\Desktop\Alveare\Ping pong\ent_alv_MIMD\ent_alv_MIMD\ent_alv_MIMD.srcs\sources_1\imports\ALU\mul.vhd:]
WARNING: [filemgmt 56-199] Attempt to get parsing info during refresh. "On-the-fly" syntax checking information may be incorrect. [C:\Users\lotto\Desktop\Alveare\Ping pong\ent_alv_MIMD\ent_alv_MIMD\ent_alv_MIMD.srcs\sources_1\imports\new\alv_MIMD_op_data_exe_wb_Pipeline_exe.vhd:]
WARNING: [filemgmt 56-199] Attempt to get parsing info during refresh. "On-the-fly" syntax checking information may be incorrect. [C:\Users\lotto\Desktop\Alveare\Ping pong\ent_alv_MIMD\ent_alv_MIMD\ent_alv_MIMD.srcs\sources_1\imports\ALU\div.vhd:]
WARNING: [filemgmt 56-199] Attempt to get parsing info during refresh. "On-the-fly" syntax checking information may be incorrect. [C:\Users\lotto\Desktop\Alveare\Ping pong\ent_alv_MIMD\ent_alv_MIMD\ent_alv_MIMD.srcs\sources_1\imports\ALU\pp_buf.vhd:]
WARNING: [filemgmt 56-199] Attempt to get parsing info during refresh. "On-the-fly" syntax checking information may be incorrect. [C:\Users\lotto\Desktop\Alveare\Ping pong\ent_alv_MIMD\ent_alv_MIMD\ent_alv_MIMD.srcs\sources_1\imports\ALU\mul.vhd:]
WARNING: [filemgmt 56-199] Attempt to get parsing info during refresh. "On-the-fly" syntax checking information may be incorrect. [C:\Users\lotto\Desktop\Alveare\Ping pong\ent_alv_MIMD\ent_alv_MIMD\ent_alv_MIMD.srcs\sources_1\imports\new\alv_MIMD_op_data_exe_wb_Pipeline_exe.vhd:]
WARNING: [filemgmt 56-199] Attempt to get parsing info during refresh. "On-the-fly" syntax checking information may be incorrect. [C:\Users\lotto\Desktop\Alveare\Ping pong\ent_alv_MIMD\ent_alv_MIMD\ent_alv_MIMD.srcs\sources_1\imports\ALU\div.vhd:]
WARNING: [filemgmt 56-199] Attempt to get parsing info during refresh. "On-the-fly" syntax checking information may be incorrect. [C:\Users\lotto\Desktop\Alveare\Ping pong\ent_alv_MIMD\ent_alv_MIMD\ent_alv_MIMD.srcs\sources_1\imports\ALU\pp_buf.vhd:]
WARNING: [filemgmt 56-199] Attempt to get parsing info during refresh. "On-the-fly" syntax checking information may be incorrect. [C:\Users\lotto\Desktop\Alveare\Ping pong\ent_alv_MIMD\ent_alv_MIMD\ent_alv_MIMD.srcs\sources_1\imports\ALU\mul.vhd:]
WARNING: [filemgmt 56-199] Attempt to get parsing info during refresh. "On-the-fly" syntax checking information may be incorrect. [C:\Users\lotto\Desktop\Alveare\Ping pong\ent_alv_MIMD\ent_alv_MIMD\ent_alv_MIMD.srcs\sources_1\imports\new\alv_MIMD_op_data_exe_wb_Pipeline_exe.vhd:]
WARNING: [filemgmt 56-199] Attempt to get parsing info during refresh. "On-the-fly" syntax checking information may be incorrect. [C:\Users\lotto\Desktop\Alveare\Ping pong\ent_alv_MIMD\ent_alv_MIMD\ent_alv_MIMD.srcs\sources_1\imports\ALU\div.vhd:]
WARNING: [filemgmt 56-199] Attempt to get parsing info during refresh. "On-the-fly" syntax checking information may be incorrect. [C:\Users\lotto\Desktop\Alveare\Ping pong\ent_alv_MIMD\ent_alv_MIMD\ent_alv_MIMD.srcs\sources_1\imports\ALU\pp_buf.vhd:]
ERROR: [Common 17-180] Spawn failed: No error
update_compile_order -fileset sim_1
WARNING: [filemgmt 56-199] Attempt to get parsing info during refresh. "On-the-fly" syntax checking information may be incorrect. [C:\Users\lotto\Desktop\Alveare\Ping pong\ent_alv_MIMD\ent_alv_MIMD\ent_alv_MIMD.srcs\sources_1\imports\ALU\mul.vhd:]
WARNING: [filemgmt 56-199] Attempt to get parsing info during refresh. "On-the-fly" syntax checking information may be incorrect. [C:\Users\lotto\Desktop\Alveare\Ping pong\ent_alv_MIMD\ent_alv_MIMD\ent_alv_MIMD.srcs\sources_1\imports\new\alv_MIMD_op_data_exe_wb_Pipeline_exe.vhd:]
WARNING: [filemgmt 56-199] Attempt to get parsing info during refresh. "On-the-fly" syntax checking information may be incorrect. [C:\Users\lotto\Desktop\Alveare\Ping pong\ent_alv_MIMD\ent_alv_MIMD\ent_alv_MIMD.srcs\sources_1\imports\ALU\div.vhd:]
WARNING: [filemgmt 56-199] Attempt to get parsing info during refresh. "On-the-fly" syntax checking information may be incorrect. [C:\Users\lotto\Desktop\Alveare\Ping pong\ent_alv_MIMD\ent_alv_MIMD\ent_alv_MIMD.srcs\sources_1\imports\ALU\pp_buf.vhd:]
WARNING: [filemgmt 56-199] Attempt to get parsing info during refresh. "On-the-fly" syntax checking information may be incorrect. [C:\Users\lotto\Desktop\Alveare\Ping pong\ent_alv_MIMD\ent_alv_MIMD\ent_alv_MIMD.srcs\sources_1\imports\ALU\mul.vhd:]
WARNING: [filemgmt 56-199] Attempt to get parsing info during refresh. "On-the-fly" syntax checking information may be incorrect. [C:\Users\lotto\Desktop\Alveare\Ping pong\ent_alv_MIMD\ent_alv_MIMD\ent_alv_MIMD.srcs\sources_1\imports\new\alv_MIMD_op_data_exe_wb_Pipeline_exe.vhd:]
WARNING: [filemgmt 56-199] Attempt to get parsing info during refresh. "On-the-fly" syntax checking information may be incorrect. [C:\Users\lotto\Desktop\Alveare\Ping pong\ent_alv_MIMD\ent_alv_MIMD\ent_alv_MIMD.srcs\sources_1\imports\ALU\div.vhd:]
WARNING: [filemgmt 56-199] Attempt to get parsing info during refresh. "On-the-fly" syntax checking information may be incorrect. [C:\Users\lotto\Desktop\Alveare\Ping pong\ent_alv_MIMD\ent_alv_MIMD\ent_alv_MIMD.srcs\sources_1\imports\ALU\pp_buf.vhd:]
ERROR: [Common 17-180] Spawn failed: No error
WARNING: [filemgmt 56-199] Attempt to get parsing info during refresh. "On-the-fly" syntax checking information may be incorrect. [C:\Users\lotto\Desktop\Alveare\Ping pong\ent_alv_MIMD\ent_alv_MIMD\ent_alv_MIMD.srcs\sources_1\imports\ALU\mul.vhd:]
WARNING: [filemgmt 56-199] Attempt to get parsing info during refresh. "On-the-fly" syntax checking information may be incorrect. [C:\Users\lotto\Desktop\Alveare\Ping pong\ent_alv_MIMD\ent_alv_MIMD\ent_alv_MIMD.srcs\sources_1\imports\new\alv_MIMD_op_data_exe_wb_Pipeline_exe.vhd:]
WARNING: [filemgmt 56-199] Attempt to get parsing info during refresh. "On-the-fly" syntax checking information may be incorrect. [C:\Users\lotto\Desktop\Alveare\Ping pong\ent_alv_MIMD\ent_alv_MIMD\ent_alv_MIMD.srcs\sources_1\imports\ALU\div.vhd:]
WARNING: [filemgmt 56-199] Attempt to get parsing info during refresh. "On-the-fly" syntax checking information may be incorrect. [C:\Users\lotto\Desktop\Alveare\Ping pong\ent_alv_MIMD\ent_alv_MIMD\ent_alv_MIMD.srcs\sources_1\imports\ALU\pp_buf.vhd:]
ERROR: [Common 17-180] Spawn failed: No error
WARNING: [filemgmt 56-199] Attempt to get parsing info during refresh. "On-the-fly" syntax checking information may be incorrect. [C:\Users\lotto\Desktop\Alveare\Ping pong\ent_alv_MIMD\ent_alv_MIMD\ent_alv_MIMD.srcs\sources_1\imports\ALU\mul.vhd:]
WARNING: [filemgmt 56-199] Attempt to get parsing info during refresh. "On-the-fly" syntax checking information may be incorrect. [C:\Users\lotto\Desktop\Alveare\Ping pong\ent_alv_MIMD\ent_alv_MIMD\ent_alv_MIMD.srcs\sources_1\imports\new\alv_MIMD_op_data_exe_wb_Pipeline_exe.vhd:]
WARNING: [filemgmt 56-199] Attempt to get parsing info during refresh. "On-the-fly" syntax checking information may be incorrect. [C:\Users\lotto\Desktop\Alveare\Ping pong\ent_alv_MIMD\ent_alv_MIMD\ent_alv_MIMD.srcs\sim_1\new\tb.vhd:]
WARNING: [filemgmt 56-199] Attempt to get parsing info during refresh. "On-the-fly" syntax checking information may be incorrect. [C:\Users\lotto\Desktop\Alveare\Ping pong\ent_alv_MIMD\ent_alv_MIMD\ent_alv_MIMD.srcs\sources_1\imports\ALU\div.vhd:]
WARNING: [filemgmt 56-199] Attempt to get parsing info during refresh. "On-the-fly" syntax checking information may be incorrect. [C:\Users\lotto\Desktop\Alveare\Ping pong\ent_alv_MIMD\ent_alv_MIMD\ent_alv_MIMD.srcs\sources_1\imports\ALU\pp_buf.vhd:]
WARNING: [filemgmt 56-199] Attempt to get parsing info during refresh. "On-the-fly" syntax checking information may be incorrect. [C:\Users\lotto\Desktop\Alveare\Ping pong\ent_alv_MIMD\ent_alv_MIMD\ent_alv_MIMD.srcs\sources_1\imports\ALU\mul.vhd:]
WARNING: [filemgmt 56-199] Attempt to get parsing info during refresh. "On-the-fly" syntax checking information may be incorrect. [C:\Users\lotto\Desktop\Alveare\Ping pong\ent_alv_MIMD\ent_alv_MIMD\ent_alv_MIMD.srcs\sources_1\imports\new\alv_MIMD_op_data_exe_wb_Pipeline_exe.vhd:]
WARNING: [filemgmt 56-199] Attempt to get parsing info during refresh. "On-the-fly" syntax checking information may be incorrect. [C:\Users\lotto\Desktop\Alveare\Ping pong\ent_alv_MIMD\ent_alv_MIMD\ent_alv_MIMD.srcs\sim_1\new\tb.vhd:]
WARNING: [filemgmt 56-199] Attempt to get parsing info during refresh. "On-the-fly" syntax checking information may be incorrect. [C:\Users\lotto\Desktop\Alveare\Ping pong\ent_alv_MIMD\ent_alv_MIMD\ent_alv_MIMD.srcs\sources_1\imports\ALU\div.vhd:]
WARNING: [filemgmt 56-199] Attempt to get parsing info during refresh. "On-the-fly" syntax checking information may be incorrect. [C:\Users\lotto\Desktop\Alveare\Ping pong\ent_alv_MIMD\ent_alv_MIMD\ent_alv_MIMD.srcs\sources_1\imports\ALU\pp_buf.vhd:]
WARNING: [filemgmt 56-199] Attempt to get parsing info during refresh. "On-the-fly" syntax checking information may be incorrect. [C:\Users\lotto\Desktop\Alveare\Ping pong\ent_alv_MIMD\ent_alv_MIMD\ent_alv_MIMD.srcs\sources_1\imports\ALU\mul.vhd:]
WARNING: [filemgmt 56-199] Attempt to get parsing info during refresh. "On-the-fly" syntax checking information may be incorrect. [C:\Users\lotto\Desktop\Alveare\Ping pong\ent_alv_MIMD\ent_alv_MIMD\ent_alv_MIMD.srcs\sources_1\imports\new\alv_MIMD_op_data_exe_wb_Pipeline_exe.vhd:]
WARNING: [filemgmt 56-199] Attempt to get parsing info during refresh. "On-the-fly" syntax checking information may be incorrect. [C:\Users\lotto\Desktop\Alveare\Ping pong\ent_alv_MIMD\ent_alv_MIMD\ent_alv_MIMD.srcs\sim_1\new\tb.vhd:]
WARNING: [filemgmt 56-199] Attempt to get parsing info during refresh. "On-the-fly" syntax checking information may be incorrect. [C:\Users\lotto\Desktop\Alveare\Ping pong\ent_alv_MIMD\ent_alv_MIMD\ent_alv_MIMD.srcs\sources_1\imports\ALU\div.vhd:]
WARNING: [filemgmt 56-199] Attempt to get parsing info during refresh. "On-the-fly" syntax checking information may be incorrect. [C:\Users\lotto\Desktop\Alveare\Ping pong\ent_alv_MIMD\ent_alv_MIMD\ent_alv_MIMD.srcs\sources_1\imports\ALU\pp_buf.vhd:]
WARNING: [filemgmt 56-199] Attempt to get parsing info during refresh. "On-the-fly" syntax checking information may be incorrect. [C:\Users\lotto\Desktop\Alveare\Ping pong\ent_alv_MIMD\ent_alv_MIMD\ent_alv_MIMD.srcs\sources_1\imports\ALU\mul.vhd:]
WARNING: [filemgmt 56-199] Attempt to get parsing info during refresh. "On-the-fly" syntax checking information may be incorrect. [C:\Users\lotto\Desktop\Alveare\Ping pong\ent_alv_MIMD\ent_alv_MIMD\ent_alv_MIMD.srcs\sources_1\imports\new\alv_MIMD_op_data_exe_wb_Pipeline_exe.vhd:]
WARNING: [filemgmt 56-199] Attempt to get parsing info during refresh. "On-the-fly" syntax checking information may be incorrect. [C:\Users\lotto\Desktop\Alveare\Ping pong\ent_alv_MIMD\ent_alv_MIMD\ent_alv_MIMD.srcs\sim_1\new\tb.vhd:]
WARNING: [filemgmt 56-199] Attempt to get parsing info during refresh. "On-the-fly" syntax checking information may be incorrect. [C:\Users\lotto\Desktop\Alveare\Ping pong\ent_alv_MIMD\ent_alv_MIMD\ent_alv_MIMD.srcs\sources_1\imports\ALU\div.vhd:]
WARNING: [filemgmt 56-199] Attempt to get parsing info during refresh. "On-the-fly" syntax checking information may be incorrect. [C:\Users\lotto\Desktop\Alveare\Ping pong\ent_alv_MIMD\ent_alv_MIMD\ent_alv_MIMD.srcs\sources_1\imports\ALU\pp_buf.vhd:]
ERROR: [Common 17-180] Spawn failed: No error
WARNING: [filemgmt 56-199] Attempt to get parsing info during refresh. "On-the-fly" syntax checking information may be incorrect. [C:\Users\lotto\Desktop\Alveare\Ping pong\ent_alv_MIMD\ent_alv_MIMD\ent_alv_MIMD.srcs\sources_1\imports\ALU\mul.vhd:]
WARNING: [filemgmt 56-199] Attempt to get parsing info during refresh. "On-the-fly" syntax checking information may be incorrect. [C:\Users\lotto\Desktop\Alveare\Ping pong\ent_alv_MIMD\ent_alv_MIMD\ent_alv_MIMD.srcs\sources_1\imports\new\alv_MIMD_op_data_exe_wb_Pipeline_exe.vhd:]
WARNING: [filemgmt 56-199] Attempt to get parsing info during refresh. "On-the-fly" syntax checking information may be incorrect. [C:\Users\lotto\Desktop\Alveare\Ping pong\ent_alv_MIMD\ent_alv_MIMD\ent_alv_MIMD.srcs\sim_1\new\tb.vhd:]
WARNING: [filemgmt 56-199] Attempt to get parsing info during refresh. "On-the-fly" syntax checking information may be incorrect. [C:\Users\lotto\Desktop\Alveare\Ping pong\ent_alv_MIMD\ent_alv_MIMD\ent_alv_MIMD.srcs\sources_1\imports\ALU\div.vhd:]
WARNING: [filemgmt 56-199] Attempt to get parsing info during refresh. "On-the-fly" syntax checking information may be incorrect. [C:\Users\lotto\Desktop\Alveare\Ping pong\ent_alv_MIMD\ent_alv_MIMD\ent_alv_MIMD.srcs\sources_1\imports\ALU\pp_buf.vhd:]
WARNING: [filemgmt 56-199] Attempt to get parsing info during refresh. "On-the-fly" syntax checking information may be incorrect. [C:\Users\lotto\Desktop\Alveare\Ping pong\ent_alv_MIMD\ent_alv_MIMD\ent_alv_MIMD.srcs\sources_1\imports\new\alv_MIMD_control_s_axi.vhd:]
WARNING: [filemgmt 56-199] Attempt to get parsing info during refresh. "On-the-fly" syntax checking information may be incorrect. [C:\Users\lotto\Desktop\Alveare\Ping pong\ent_alv_MIMD\ent_alv_MIMD\ent_alv_MIMD.srcs\sources_1\imports\ALU\mul.vhd:]
WARNING: [filemgmt 56-199] Attempt to get parsing info during refresh. "On-the-fly" syntax checking information may be incorrect. [C:\Users\lotto\Desktop\Alveare\Ping pong\ent_alv_MIMD\ent_alv_MIMD\ent_alv_MIMD.srcs\sources_1\imports\new\alv_MIMD_op_data_exe_wb_Pipeline_exe.vhd:]
WARNING: [filemgmt 56-199] Attempt to get parsing info during refresh. "On-the-fly" syntax checking information may be incorrect. [C:\Users\lotto\Desktop\Alveare\Ping pong\ent_alv_MIMD\ent_alv_MIMD\ent_alv_MIMD.srcs\sim_1\new\tb.vhd:]
WARNING: [filemgmt 56-199] Attempt to get parsing info during refresh. "On-the-fly" syntax checking information may be incorrect. [C:\Users\lotto\Desktop\Alveare\Ping pong\ent_alv_MIMD\ent_alv_MIMD\ent_alv_MIMD.srcs\sources_1\imports\ALU\div.vhd:]
WARNING: [filemgmt 56-199] Attempt to get parsing info during refresh. "On-the-fly" syntax checking information may be incorrect. [C:\Users\lotto\Desktop\Alveare\Ping pong\ent_alv_MIMD\ent_alv_MIMD\ent_alv_MIMD.srcs\sources_1\imports\ALU\pp_buf.vhd:]
WARNING: [filemgmt 56-199] Attempt to get parsing info during refresh. "On-the-fly" syntax checking information may be incorrect. [C:\Users\lotto\Desktop\Alveare\Ping pong\ent_alv_MIMD\ent_alv_MIMD\ent_alv_MIMD.srcs\sources_1\imports\new\alv_MIMD_control_s_axi.vhd:]
WARNING: [filemgmt 56-199] Attempt to get parsing info during refresh. "On-the-fly" syntax checking information may be incorrect. [C:\Users\lotto\Desktop\Alveare\Ping pong\ent_alv_MIMD\ent_alv_MIMD\ent_alv_MIMD.srcs\sources_1\imports\ALU\mul.vhd:]
WARNING: [filemgmt 56-199] Attempt to get parsing info during refresh. "On-the-fly" syntax checking information may be incorrect. [C:\Users\lotto\Desktop\Alveare\Ping pong\ent_alv_MIMD\ent_alv_MIMD\ent_alv_MIMD.srcs\sources_1\imports\new\alv_MIMD_op_data_exe_wb_Pipeline_exe.vhd:]
WARNING: [filemgmt 56-199] Attempt to get parsing info during refresh. "On-the-fly" syntax checking information may be incorrect. [C:\Users\lotto\Desktop\Alveare\Ping pong\ent_alv_MIMD\ent_alv_MIMD\ent_alv_MIMD.srcs\sim_1\new\tb.vhd:]
WARNING: [filemgmt 56-199] Attempt to get parsing info during refresh. "On-the-fly" syntax checking information may be incorrect. [C:\Users\lotto\Desktop\Alveare\Ping pong\ent_alv_MIMD\ent_alv_MIMD\ent_alv_MIMD.srcs\sources_1\imports\ALU\div.vhd:]
WARNING: [filemgmt 56-199] Attempt to get parsing info during refresh. "On-the-fly" syntax checking information may be incorrect. [C:\Users\lotto\Desktop\Alveare\Ping pong\ent_alv_MIMD\ent_alv_MIMD\ent_alv_MIMD.srcs\sources_1\imports\ALU\pp_buf.vhd:]
WARNING: [filemgmt 56-199] Attempt to get parsing info during refresh. "On-the-fly" syntax checking information may be incorrect. [C:\Users\lotto\Desktop\Alveare\Ping pong\ent_alv_MIMD\ent_alv_MIMD\ent_alv_MIMD.srcs\sources_1\imports\new\alv_MIMD_control_s_axi.vhd:]
ERROR: [Common 17-180] Spawn failed: No error
ERROR: [Common 17-180] Spawn failed: No error
WARNING: [filemgmt 56-199] Attempt to get parsing info during refresh. "On-the-fly" syntax checking information may be incorrect. [C:\Users\lotto\Desktop\Alveare\Ping pong\ent_alv_MIMD\ent_alv_MIMD\ent_alv_MIMD.srcs\sources_1\imports\ALU\mul.vhd:]
WARNING: [filemgmt 56-199] Attempt to get parsing info during refresh. "On-the-fly" syntax checking information may be incorrect. [C:\Users\lotto\Desktop\Alveare\Ping pong\ent_alv_MIMD\ent_alv_MIMD\ent_alv_MIMD.srcs\sources_1\imports\new\alv_MIMD_op_data_exe_wb_Pipeline_exe.vhd:]
WARNING: [filemgmt 56-199] Attempt to get parsing info during refresh. "On-the-fly" syntax checking information may be incorrect. [C:\Users\lotto\Desktop\Alveare\Ping pong\ent_alv_MIMD\ent_alv_MIMD\ent_alv_MIMD.srcs\sim_1\new\tb.vhd:]
WARNING: [filemgmt 56-199] Attempt to get parsing info during refresh. "On-the-fly" syntax checking information may be incorrect. [C:\Users\lotto\Desktop\Alveare\Ping pong\ent_alv_MIMD\ent_alv_MIMD\ent_alv_MIMD.srcs\sources_1\imports\ALU\div.vhd:]
WARNING: [filemgmt 56-199] Attempt to get parsing info during refresh. "On-the-fly" syntax checking information may be incorrect. [C:\Users\lotto\Desktop\Alveare\Ping pong\ent_alv_MIMD\ent_alv_MIMD\ent_alv_MIMD.srcs\sources_1\imports\ALU\pp_buf.vhd:]
WARNING: [filemgmt 56-199] Attempt to get parsing info during refresh. "On-the-fly" syntax checking information may be incorrect. [C:\Users\lotto\Desktop\Alveare\Ping pong\ent_alv_MIMD\ent_alv_MIMD\ent_alv_MIMD.srcs\sources_1\imports\new\alv_MIMD_control_s_axi.vhd:]
WARNING: [filemgmt 56-199] Attempt to get parsing info during refresh. "On-the-fly" syntax checking information may be incorrect. [C:\Users\lotto\Desktop\Alveare\Ping pong\ent_alv_MIMD\ent_alv_MIMD\ent_alv_MIMD.srcs\sources_1\imports\ALU\mul.vhd:]
WARNING: [filemgmt 56-199] Attempt to get parsing info during refresh. "On-the-fly" syntax checking information may be incorrect. [C:\Users\lotto\Desktop\Alveare\Ping pong\ent_alv_MIMD\ent_alv_MIMD\ent_alv_MIMD.srcs\sources_1\imports\new\alv_MIMD_op_data_exe_wb_Pipeline_exe.vhd:]
WARNING: [filemgmt 56-199] Attempt to get parsing info during refresh. "On-the-fly" syntax checking information may be incorrect. [C:\Users\lotto\Desktop\Alveare\Ping pong\ent_alv_MIMD\ent_alv_MIMD\ent_alv_MIMD.srcs\sim_1\new\tb.vhd:]
WARNING: [filemgmt 56-199] Attempt to get parsing info during refresh. "On-the-fly" syntax checking information may be incorrect. [C:\Users\lotto\Desktop\Alveare\Ping pong\ent_alv_MIMD\ent_alv_MIMD\ent_alv_MIMD.srcs\sources_1\imports\ALU\div.vhd:]
WARNING: [filemgmt 56-199] Attempt to get parsing info during refresh. "On-the-fly" syntax checking information may be incorrect. [C:\Users\lotto\Desktop\Alveare\Ping pong\ent_alv_MIMD\ent_alv_MIMD\ent_alv_MIMD.srcs\sources_1\imports\ALU\pp_buf.vhd:]
WARNING: [filemgmt 56-199] Attempt to get parsing info during refresh. "On-the-fly" syntax checking information may be incorrect. [C:\Users\lotto\Desktop\Alveare\Ping pong\ent_alv_MIMD\ent_alv_MIMD\ent_alv_MIMD.srcs\sources_1\imports\new\alv_MIMD_control_s_axi.vhd:]
ERROR: [Common 17-180] Spawn failed: No error
WARNING: [filemgmt 56-199] Attempt to get parsing info during refresh. "On-the-fly" syntax checking information may be incorrect. [C:\Users\lotto\Desktop\Alveare\Ping pong\ent_alv_MIMD\ent_alv_MIMD\ent_alv_MIMD.srcs\sources_1\imports\ALU\mul.vhd:]
WARNING: [filemgmt 56-199] Attempt to get parsing info during refresh. "On-the-fly" syntax checking information may be incorrect. [C:\Users\lotto\Desktop\Alveare\Ping pong\ent_alv_MIMD\ent_alv_MIMD\ent_alv_MIMD.srcs\sources_1\imports\new\alv_MIMD_gmem0_m_axi.vhd:]
WARNING: [filemgmt 56-199] Attempt to get parsing info during refresh. "On-the-fly" syntax checking information may be incorrect. [C:\Users\lotto\Desktop\Alveare\Ping pong\ent_alv_MIMD\ent_alv_MIMD\ent_alv_MIMD.srcs\sources_1\imports\new\alv_MIMD_op_data_exe_wb_Pipeline_exe.vhd:]
WARNING: [filemgmt 56-199] Attempt to get parsing info during refresh. "On-the-fly" syntax checking information may be incorrect. [C:\Users\lotto\Desktop\Alveare\Ping pong\ent_alv_MIMD\ent_alv_MIMD\ent_alv_MIMD.srcs\sim_1\new\tb.vhd:]
WARNING: [filemgmt 56-199] Attempt to get parsing info during refresh. "On-the-fly" syntax checking information may be incorrect. [C:\Users\lotto\Desktop\Alveare\Ping pong\ent_alv_MIMD\ent_alv_MIMD\ent_alv_MIMD.srcs\sources_1\imports\ALU\div.vhd:]
WARNING: [filemgmt 56-199] Attempt to get parsing info during refresh. "On-the-fly" syntax checking information may be incorrect. [C:\Users\lotto\Desktop\Alveare\Ping pong\ent_alv_MIMD\ent_alv_MIMD\ent_alv_MIMD.srcs\sources_1\imports\ALU\pp_buf.vhd:]
WARNING: [filemgmt 56-199] Attempt to get parsing info during refresh. "On-the-fly" syntax checking information may be incorrect. [C:\Users\lotto\Desktop\Alveare\Ping pong\ent_alv_MIMD\ent_alv_MIMD\ent_alv_MIMD.srcs\sources_1\imports\new\alv_MIMD_control_s_axi.vhd:]
WARNING: [filemgmt 56-199] Attempt to get parsing info during refresh. "On-the-fly" syntax checking information may be incorrect. [C:\Users\lotto\Desktop\Alveare\Ping pong\ent_alv_MIMD\ent_alv_MIMD\ent_alv_MIMD.srcs\sources_1\imports\ALU\mul.vhd:]
WARNING: [filemgmt 56-199] Attempt to get parsing info during refresh. "On-the-fly" syntax checking information may be incorrect. [C:\Users\lotto\Desktop\Alveare\Ping pong\ent_alv_MIMD\ent_alv_MIMD\ent_alv_MIMD.srcs\sources_1\imports\new\alv_MIMD_gmem0_m_axi.vhd:]
WARNING: [filemgmt 56-199] Attempt to get parsing info during refresh. "On-the-fly" syntax checking information may be incorrect. [C:\Users\lotto\Desktop\Alveare\Ping pong\ent_alv_MIMD\ent_alv_MIMD\ent_alv_MIMD.srcs\sources_1\imports\new\alv_MIMD_op_data_exe_wb_Pipeline_exe.vhd:]
WARNING: [filemgmt 56-199] Attempt to get parsing info during refresh. "On-the-fly" syntax checking information may be incorrect. [C:\Users\lotto\Desktop\Alveare\Ping pong\ent_alv_MIMD\ent_alv_MIMD\ent_alv_MIMD.srcs\sim_1\new\tb.vhd:]
WARNING: [filemgmt 56-199] Attempt to get parsing info during refresh. "On-the-fly" syntax checking information may be incorrect. [C:\Users\lotto\Desktop\Alveare\Ping pong\ent_alv_MIMD\ent_alv_MIMD\ent_alv_MIMD.srcs\sources_1\imports\ALU\div.vhd:]
WARNING: [filemgmt 56-199] Attempt to get parsing info during refresh. "On-the-fly" syntax checking information may be incorrect. [C:\Users\lotto\Desktop\Alveare\Ping pong\ent_alv_MIMD\ent_alv_MIMD\ent_alv_MIMD.srcs\sources_1\imports\ALU\pp_buf.vhd:]
WARNING: [filemgmt 56-199] Attempt to get parsing info during refresh. "On-the-fly" syntax checking information may be incorrect. [C:\Users\lotto\Desktop\Alveare\Ping pong\ent_alv_MIMD\ent_alv_MIMD\ent_alv_MIMD.srcs\sources_1\imports\new\alv_MIMD_control_s_axi.vhd:]
WARNING: [filemgmt 56-199] Attempt to get parsing info during refresh. "On-the-fly" syntax checking information may be incorrect. [C:\Users\lotto\Desktop\Alveare\Ping pong\ent_alv_MIMD\ent_alv_MIMD\ent_alv_MIMD.srcs\sources_1\imports\ALU\mul.vhd:]
WARNING: [filemgmt 56-199] Attempt to get parsing info during refresh. "On-the-fly" syntax checking information may be incorrect. [C:\Users\lotto\Desktop\Alveare\Ping pong\ent_alv_MIMD\ent_alv_MIMD\ent_alv_MIMD.srcs\sources_1\imports\new\alv_MIMD_gmem0_m_axi.vhd:]
WARNING: [filemgmt 56-199] Attempt to get parsing info during refresh. "On-the-fly" syntax checking information may be incorrect. [C:\Users\lotto\Desktop\Alveare\Ping pong\ent_alv_MIMD\ent_alv_MIMD\ent_alv_MIMD.srcs\sources_1\imports\new\alv_MIMD_op_data_exe_wb_Pipeline_exe.vhd:]
WARNING: [filemgmt 56-199] Attempt to get parsing info during refresh. "On-the-fly" syntax checking information may be incorrect. [C:\Users\lotto\Desktop\Alveare\Ping pong\ent_alv_MIMD\ent_alv_MIMD\ent_alv_MIMD.srcs\sim_1\new\tb.vhd:]
WARNING: [filemgmt 56-199] Attempt to get parsing info during refresh. "On-the-fly" syntax checking information may be incorrect. [C:\Users\lotto\Desktop\Alveare\Ping pong\ent_alv_MIMD\ent_alv_MIMD\ent_alv_MIMD.srcs\sources_1\imports\ALU\div.vhd:]
WARNING: [filemgmt 56-199] Attempt to get parsing info during refresh. "On-the-fly" syntax checking information may be incorrect. [C:\Users\lotto\Desktop\Alveare\Ping pong\ent_alv_MIMD\ent_alv_MIMD\ent_alv_MIMD.srcs\sources_1\imports\ALU\pp_buf.vhd:]
WARNING: [filemgmt 56-199] Attempt to get parsing info during refresh. "On-the-fly" syntax checking information may be incorrect. [C:\Users\lotto\Desktop\Alveare\Ping pong\ent_alv_MIMD\ent_alv_MIMD\ent_alv_MIMD.srcs\sources_1\imports\new\alv_MIMD_control_s_axi.vhd:]
WARNING: [filemgmt 56-199] Attempt to get parsing info during refresh. "On-the-fly" syntax checking information may be incorrect. [C:\Users\lotto\Desktop\Alveare\Ping pong\ent_alv_MIMD\ent_alv_MIMD\ent_alv_MIMD.srcs\sources_1\imports\ALU\mul.vhd:]
WARNING: [filemgmt 56-199] Attempt to get parsing info during refresh. "On-the-fly" syntax checking information may be incorrect. [C:\Users\lotto\Desktop\Alveare\Ping pong\ent_alv_MIMD\ent_alv_MIMD\ent_alv_MIMD.srcs\sources_1\imports\new\alv_MIMD_gmem0_m_axi.vhd:]
WARNING: [filemgmt 56-199] Attempt to get parsing info during refresh. "On-the-fly" syntax checking information may be incorrect. [C:\Users\lotto\Desktop\Alveare\Ping pong\ent_alv_MIMD\ent_alv_MIMD\ent_alv_MIMD.srcs\sources_1\imports\new\alv_MIMD_op_data_exe_wb_Pipeline_exe.vhd:]
WARNING: [filemgmt 56-199] Attempt to get parsing info during refresh. "On-the-fly" syntax checking information may be incorrect. [C:\Users\lotto\Desktop\Alveare\Ping pong\ent_alv_MIMD\ent_alv_MIMD\ent_alv_MIMD.srcs\sim_1\new\tb.vhd:]
WARNING: [filemgmt 56-199] Attempt to get parsing info during refresh. "On-the-fly" syntax checking information may be incorrect. [C:\Users\lotto\Desktop\Alveare\Ping pong\ent_alv_MIMD\ent_alv_MIMD\ent_alv_MIMD.srcs\sources_1\imports\ALU\div.vhd:]
WARNING: [filemgmt 56-199] Attempt to get parsing info during refresh. "On-the-fly" syntax checking information may be incorrect. [C:\Users\lotto\Desktop\Alveare\Ping pong\ent_alv_MIMD\ent_alv_MIMD\ent_alv_MIMD.srcs\sources_1\imports\ALU\pp_buf.vhd:]
WARNING: [filemgmt 56-199] Attempt to get parsing info during refresh. "On-the-fly" syntax checking information may be incorrect. [C:\Users\lotto\Desktop\Alveare\Ping pong\ent_alv_MIMD\ent_alv_MIMD\ent_alv_MIMD.srcs\sources_1\imports\new\alv_MIMD_control_s_axi.vhd:]
WARNING: [filemgmt 56-199] Attempt to get parsing info during refresh. "On-the-fly" syntax checking information may be incorrect. [C:\Users\lotto\Desktop\Alveare\Ping pong\ent_alv_MIMD\ent_alv_MIMD\ent_alv_MIMD.srcs\sources_1\imports\ALU\mul.vhd:]
WARNING: [filemgmt 56-199] Attempt to get parsing info during refresh. "On-the-fly" syntax checking information may be incorrect. [C:\Users\lotto\Desktop\Alveare\Ping pong\ent_alv_MIMD\ent_alv_MIMD\ent_alv_MIMD.srcs\sources_1\imports\new\alv_MIMD_gmem0_m_axi.vhd:]
WARNING: [filemgmt 56-199] Attempt to get parsing info during refresh. "On-the-fly" syntax checking information may be incorrect. [C:\Users\lotto\Desktop\Alveare\Ping pong\ent_alv_MIMD\ent_alv_MIMD\ent_alv_MIMD.srcs\sources_1\imports\new\alv_MIMD_op_data_exe_wb_Pipeline_exe.vhd:]
WARNING: [filemgmt 56-199] Attempt to get parsing info during refresh. "On-the-fly" syntax checking information may be incorrect. [C:\Users\lotto\Desktop\Alveare\Ping pong\ent_alv_MIMD\ent_alv_MIMD\ent_alv_MIMD.srcs\sim_1\new\tb.vhd:]
WARNING: [filemgmt 56-199] Attempt to get parsing info during refresh. "On-the-fly" syntax checking information may be incorrect. [C:\Users\lotto\Desktop\Alveare\Ping pong\ent_alv_MIMD\ent_alv_MIMD\ent_alv_MIMD.srcs\sources_1\imports\ALU\div.vhd:]
WARNING: [filemgmt 56-199] Attempt to get parsing info during refresh. "On-the-fly" syntax checking information may be incorrect. [C:\Users\lotto\Desktop\Alveare\Ping pong\ent_alv_MIMD\ent_alv_MIMD\ent_alv_MIMD.srcs\sources_1\imports\ALU\pp_buf.vhd:]
WARNING: [filemgmt 56-199] Attempt to get parsing info during refresh. "On-the-fly" syntax checking information may be incorrect. [C:\Users\lotto\Desktop\Alveare\Ping pong\ent_alv_MIMD\ent_alv_MIMD\ent_alv_MIMD.srcs\sources_1\imports\new\alv_MIMD_control_s_axi.vhd:]
WARNING: [filemgmt 56-199] Attempt to get parsing info during refresh. "On-the-fly" syntax checking information may be incorrect. [C:\Users\lotto\Desktop\Alveare\Ping pong\ent_alv_MIMD\ent_alv_MIMD\ent_alv_MIMD.srcs\sources_1\imports\ALU\mul.vhd:]
WARNING: [filemgmt 56-199] Attempt to get parsing info during refresh. "On-the-fly" syntax checking information may be incorrect. [C:\Users\lotto\Desktop\Alveare\Ping pong\ent_alv_MIMD\ent_alv_MIMD\ent_alv_MIMD.srcs\sources_1\imports\new\alv_MIMD_gmem0_m_axi.vhd:]
WARNING: [filemgmt 56-199] Attempt to get parsing info during refresh. "On-the-fly" syntax checking information may be incorrect. [C:\Users\lotto\Desktop\Alveare\Ping pong\ent_alv_MIMD\ent_alv_MIMD\ent_alv_MIMD.srcs\sources_1\imports\new\alv_MIMD_op_data_exe_wb_Pipeline_exe.vhd:]
WARNING: [filemgmt 56-199] Attempt to get parsing info during refresh. "On-the-fly" syntax checking information may be incorrect. [C:\Users\lotto\Desktop\Alveare\Ping pong\ent_alv_MIMD\ent_alv_MIMD\ent_alv_MIMD.srcs\sim_1\new\tb.vhd:]
WARNING: [filemgmt 56-199] Attempt to get parsing info during refresh. "On-the-fly" syntax checking information may be incorrect. [C:\Users\lotto\Desktop\Alveare\Ping pong\ent_alv_MIMD\ent_alv_MIMD\ent_alv_MIMD.srcs\sources_1\imports\ALU\div.vhd:]
WARNING: [filemgmt 56-199] Attempt to get parsing info during refresh. "On-the-fly" syntax checking information may be incorrect. [C:\Users\lotto\Desktop\Alveare\Ping pong\ent_alv_MIMD\ent_alv_MIMD\ent_alv_MIMD.srcs\sources_1\imports\ALU\pp_buf.vhd:]
WARNING: [filemgmt 56-199] Attempt to get parsing info during refresh. "On-the-fly" syntax checking information may be incorrect. [C:\Users\lotto\Desktop\Alveare\Ping pong\ent_alv_MIMD\ent_alv_MIMD\ent_alv_MIMD.srcs\sources_1\imports\new\alv_MIMD_control_s_axi.vhd:]
ERROR: [Common 17-180] Spawn failed: No error
set_property top tb_alv_MIMD_op_data_exe_wb_Pipeline_exe [get_filesets sim_1]
set_property top_lib xil_defaultlib [get_filesets sim_1]
WARNING: [filemgmt 56-199] Attempt to get parsing info during refresh. "On-the-fly" syntax checking information may be incorrect. [C:\Users\lotto\Desktop\Alveare\Ping pong\ent_alv_MIMD\ent_alv_MIMD\ent_alv_MIMD.srcs\sources_1\imports\ALU\mul.vhd:]
WARNING: [filemgmt 56-199] Attempt to get parsing info during refresh. "On-the-fly" syntax checking information may be incorrect. [C:\Users\lotto\Desktop\Alveare\Ping pong\ent_alv_MIMD\ent_alv_MIMD\ent_alv_MIMD.srcs\sources_1\imports\new\alv_MIMD_gmem0_m_axi.vhd:]
WARNING: [filemgmt 56-199] Attempt to get parsing info during refresh. "On-the-fly" syntax checking information may be incorrect. [C:\Users\lotto\Desktop\Alveare\Ping pong\ent_alv_MIMD\ent_alv_MIMD\ent_alv_MIMD.srcs\sources_1\imports\new\alv_MIMD_op_data_exe_wb_Pipeline_exe.vhd:]
WARNING: [filemgmt 56-199] Attempt to get parsing info during refresh. "On-the-fly" syntax checking information may be incorrect. [C:\Users\lotto\Desktop\Alveare\Ping pong\ent_alv_MIMD\ent_alv_MIMD\ent_alv_MIMD.srcs\sim_1\new\tb.vhd:]
WARNING: [filemgmt 56-199] Attempt to get parsing info during refresh. "On-the-fly" syntax checking information may be incorrect. [C:\Users\lotto\Desktop\Alveare\Ping pong\ent_alv_MIMD\ent_alv_MIMD\ent_alv_MIMD.srcs\sources_1\imports\ALU\div.vhd:]
WARNING: [filemgmt 56-199] Attempt to get parsing info during refresh. "On-the-fly" syntax checking information may be incorrect. [C:\Users\lotto\Desktop\Alveare\Ping pong\ent_alv_MIMD\ent_alv_MIMD\ent_alv_MIMD.srcs\sources_1\imports\ALU\pp_buf.vhd:]
WARNING: [filemgmt 56-199] Attempt to get parsing info during refresh. "On-the-fly" syntax checking information may be incorrect. [C:\Users\lotto\Desktop\Alveare\Ping pong\ent_alv_MIMD\ent_alv_MIMD\ent_alv_MIMD.srcs\sources_1\imports\new\alv_MIMD_control_s_axi.vhd:]
WARNING: [filemgmt 56-199] Attempt to get parsing info during refresh. "On-the-fly" syntax checking information may be incorrect. [C:\Users\lotto\Desktop\Alveare\Ping pong\ent_alv_MIMD\ent_alv_MIMD\ent_alv_MIMD.srcs\sources_1\imports\ALU\mul.vhd:]
WARNING: [filemgmt 56-199] Attempt to get parsing info during refresh. "On-the-fly" syntax checking information may be incorrect. [C:\Users\lotto\Desktop\Alveare\Ping pong\ent_alv_MIMD\ent_alv_MIMD\ent_alv_MIMD.srcs\sources_1\imports\new\alv_MIMD_gmem0_m_axi.vhd:]
WARNING: [filemgmt 56-199] Attempt to get parsing info during refresh. "On-the-fly" syntax checking information may be incorrect. [C:\Users\lotto\Desktop\Alveare\Ping pong\ent_alv_MIMD\ent_alv_MIMD\ent_alv_MIMD.srcs\sources_1\imports\new\alv_MIMD_op_data_exe_wb_Pipeline_exe.vhd:]
WARNING: [filemgmt 56-199] Attempt to get parsing info during refresh. "On-the-fly" syntax checking information may be incorrect. [C:\Users\lotto\Desktop\Alveare\Ping pong\ent_alv_MIMD\ent_alv_MIMD\ent_alv_MIMD.srcs\sim_1\new\tb.vhd:]
WARNING: [filemgmt 56-199] Attempt to get parsing info during refresh. "On-the-fly" syntax checking information may be incorrect. [C:\Users\lotto\Desktop\Alveare\Ping pong\ent_alv_MIMD\ent_alv_MIMD\ent_alv_MIMD.srcs\sources_1\imports\ALU\div.vhd:]
WARNING: [filemgmt 56-199] Attempt to get parsing info during refresh. "On-the-fly" syntax checking information may be incorrect. [C:\Users\lotto\Desktop\Alveare\Ping pong\ent_alv_MIMD\ent_alv_MIMD\ent_alv_MIMD.srcs\sources_1\imports\ALU\pp_buf.vhd:]
WARNING: [filemgmt 56-199] Attempt to get parsing info during refresh. "On-the-fly" syntax checking information may be incorrect. [C:\Users\lotto\Desktop\Alveare\Ping pong\ent_alv_MIMD\ent_alv_MIMD\ent_alv_MIMD.srcs\sources_1\imports\new\alv_MIMD_control_s_axi.vhd:]
WARNING: [filemgmt 56-199] Attempt to get parsing info during refresh. "On-the-fly" syntax checking information may be incorrect. [C:\Users\lotto\Desktop\Alveare\Ping pong\ent_alv_MIMD\ent_alv_MIMD\ent_alv_MIMD.srcs\sources_1\imports\ALU\mul.vhd:]
WARNING: [filemgmt 56-199] Attempt to get parsing info during refresh. "On-the-fly" syntax checking information may be incorrect. [C:\Users\lotto\Desktop\Alveare\Ping pong\ent_alv_MIMD\ent_alv_MIMD\ent_alv_MIMD.srcs\sources_1\imports\new\alv_MIMD_gmem0_m_axi.vhd:]
WARNING: [filemgmt 56-199] Attempt to get parsing info during refresh. "On-the-fly" syntax checking information may be incorrect. [C:\Users\lotto\Desktop\Alveare\Ping pong\ent_alv_MIMD\ent_alv_MIMD\ent_alv_MIMD.srcs\sources_1\imports\new\alv_MIMD_op_data_exe_wb_Pipeline_exe.vhd:]
WARNING: [filemgmt 56-199] Attempt to get parsing info during refresh. "On-the-fly" syntax checking information may be incorrect. [C:\Users\lotto\Desktop\Alveare\Ping pong\ent_alv_MIMD\ent_alv_MIMD\ent_alv_MIMD.srcs\sim_1\new\tb.vhd:]
WARNING: [filemgmt 56-199] Attempt to get parsing info during refresh. "On-the-fly" syntax checking information may be incorrect. [C:\Users\lotto\Desktop\Alveare\Ping pong\ent_alv_MIMD\ent_alv_MIMD\ent_alv_MIMD.srcs\sources_1\imports\ALU\div.vhd:]
WARNING: [filemgmt 56-199] Attempt to get parsing info during refresh. "On-the-fly" syntax checking information may be incorrect. [C:\Users\lotto\Desktop\Alveare\Ping pong\ent_alv_MIMD\ent_alv_MIMD\ent_alv_MIMD.srcs\sources_1\imports\ALU\pp_buf.vhd:]
WARNING: [filemgmt 56-199] Attempt to get parsing info during refresh. "On-the-fly" syntax checking information may be incorrect. [C:\Users\lotto\Desktop\Alveare\Ping pong\ent_alv_MIMD\ent_alv_MIMD\ent_alv_MIMD.srcs\sources_1\imports\new\alv_MIMD_control_s_axi.vhd:]
ERROR: [Common 17-180] Spawn failed: No error
WARNING: [filemgmt 56-199] Attempt to get parsing info during refresh. "On-the-fly" syntax checking information may be incorrect. [C:\Users\lotto\Desktop\Alveare\Ping pong\ent_alv_MIMD\ent_alv_MIMD\ent_alv_MIMD.srcs\sources_1\imports\ALU\mul.vhd:]
WARNING: [filemgmt 56-199] Attempt to get parsing info during refresh. "On-the-fly" syntax checking information may be incorrect. [C:\Users\lotto\Desktop\Alveare\Ping pong\ent_alv_MIMD\ent_alv_MIMD\ent_alv_MIMD.srcs\sources_1\imports\new\alv_MIMD_gmem0_m_axi.vhd:]
WARNING: [filemgmt 56-199] Attempt to get parsing info during refresh. "On-the-fly" syntax checking information may be incorrect. [C:\Users\lotto\Desktop\Alveare\Ping pong\ent_alv_MIMD\ent_alv_MIMD\ent_alv_MIMD.srcs\sources_1\imports\new\alv_MIMD_op_data_exe_wb_Pipeline_exe.vhd:]
WARNING: [filemgmt 56-199] Attempt to get parsing info during refresh. "On-the-fly" syntax checking information may be incorrect. [C:\Users\lotto\Desktop\Alveare\Ping pong\ent_alv_MIMD\ent_alv_MIMD\ent_alv_MIMD.srcs\sim_1\new\tb.vhd:]
WARNING: [filemgmt 56-199] Attempt to get parsing info during refresh. "On-the-fly" syntax checking information may be incorrect. [C:\Users\lotto\Desktop\Alveare\Ping pong\ent_alv_MIMD\ent_alv_MIMD\ent_alv_MIMD.srcs\sources_1\imports\ALU\div.vhd:]
WARNING: [filemgmt 56-199] Attempt to get parsing info during refresh. "On-the-fly" syntax checking information may be incorrect. [C:\Users\lotto\Desktop\Alveare\Ping pong\ent_alv_MIMD\ent_alv_MIMD\ent_alv_MIMD.srcs\sources_1\imports\ALU\pp_buf.vhd:]
WARNING: [filemgmt 56-199] Attempt to get parsing info during refresh. "On-the-fly" syntax checking information may be incorrect. [C:\Users\lotto\Desktop\Alveare\Ping pong\ent_alv_MIMD\ent_alv_MIMD\ent_alv_MIMD.srcs\sources_1\imports\new\alv_MIMD_control_s_axi.vhd:]
update_compile_order -fileset sim_1
WARNING: [filemgmt 56-199] Attempt to get parsing info during refresh. "On-the-fly" syntax checking information may be incorrect. [C:\Users\lotto\Desktop\Alveare\Ping pong\ent_alv_MIMD\ent_alv_MIMD\ent_alv_MIMD.srcs\sources_1\imports\ALU\mul.vhd:]
WARNING: [filemgmt 56-199] Attempt to get parsing info during refresh. "On-the-fly" syntax checking information may be incorrect. [C:\Users\lotto\Desktop\Alveare\Ping pong\ent_alv_MIMD\ent_alv_MIMD\ent_alv_MIMD.srcs\sources_1\imports\new\alv_MIMD_gmem0_m_axi.vhd:]
WARNING: [filemgmt 56-199] Attempt to get parsing info during refresh. "On-the-fly" syntax checking information may be incorrect. [C:\Users\lotto\Desktop\Alveare\Ping pong\ent_alv_MIMD\ent_alv_MIMD\ent_alv_MIMD.srcs\sources_1\imports\new\alv_MIMD_op_data_exe_wb_Pipeline_exe.vhd:]
WARNING: [filemgmt 56-199] Attempt to get parsing info during refresh. "On-the-fly" syntax checking information may be incorrect. [C:\Users\lotto\Desktop\Alveare\Ping pong\ent_alv_MIMD\ent_alv_MIMD\ent_alv_MIMD.srcs\sim_1\new\tb.vhd:]
WARNING: [filemgmt 56-199] Attempt to get parsing info during refresh. "On-the-fly" syntax checking information may be incorrect. [C:\Users\lotto\Desktop\Alveare\Ping pong\ent_alv_MIMD\ent_alv_MIMD\ent_alv_MIMD.srcs\sources_1\imports\ALU\div.vhd:]
WARNING: [filemgmt 56-199] Attempt to get parsing info during refresh. "On-the-fly" syntax checking information may be incorrect. [C:\Users\lotto\Desktop\Alveare\Ping pong\ent_alv_MIMD\ent_alv_MIMD\ent_alv_MIMD.srcs\sources_1\imports\ALU\pp_buf.vhd:]
WARNING: [filemgmt 56-199] Attempt to get parsing info during refresh. "On-the-fly" syntax checking information may be incorrect. [C:\Users\lotto\Desktop\Alveare\Ping pong\ent_alv_MIMD\ent_alv_MIMD\ent_alv_MIMD.srcs\sources_1\imports\new\alv_MIMD_control_s_axi.vhd:]
WARNING: [filemgmt 56-199] Attempt to get parsing info during refresh. "On-the-fly" syntax checking information may be incorrect. [C:\Users\lotto\Desktop\Alveare\Ping pong\ent_alv_MIMD\ent_alv_MIMD\ent_alv_MIMD.srcs\sources_1\imports\ALU\mul.vhd:]
WARNING: [filemgmt 56-199] Attempt to get parsing info during refresh. "On-the-fly" syntax checking information may be incorrect. [C:\Users\lotto\Desktop\Alveare\Ping pong\ent_alv_MIMD\ent_alv_MIMD\ent_alv_MIMD.srcs\sources_1\imports\new\alv_MIMD_gmem0_m_axi.vhd:]
WARNING: [filemgmt 56-199] Attempt to get parsing info during refresh. "On-the-fly" syntax checking information may be incorrect. [C:\Users\lotto\Desktop\Alveare\Ping pong\ent_alv_MIMD\ent_alv_MIMD\ent_alv_MIMD.srcs\sources_1\imports\new\alv_MIMD_op_data_exe_wb_Pipeline_exe.vhd:]
WARNING: [filemgmt 56-199] Attempt to get parsing info during refresh. "On-the-fly" syntax checking information may be incorrect. [C:\Users\lotto\Desktop\Alveare\Ping pong\ent_alv_MIMD\ent_alv_MIMD\ent_alv_MIMD.srcs\sim_1\new\tb.vhd:]
WARNING: [filemgmt 56-199] Attempt to get parsing info during refresh. "On-the-fly" syntax checking information may be incorrect. [C:\Users\lotto\Desktop\Alveare\Ping pong\ent_alv_MIMD\ent_alv_MIMD\ent_alv_MIMD.srcs\sources_1\imports\ALU\div.vhd:]
WARNING: [filemgmt 56-199] Attempt to get parsing info during refresh. "On-the-fly" syntax checking information may be incorrect. [C:\Users\lotto\Desktop\Alveare\Ping pong\ent_alv_MIMD\ent_alv_MIMD\ent_alv_MIMD.srcs\sources_1\imports\ALU\pp_buf.vhd:]
WARNING: [filemgmt 56-199] Attempt to get parsing info during refresh. "On-the-fly" syntax checking information may be incorrect. [C:\Users\lotto\Desktop\Alveare\Ping pong\ent_alv_MIMD\ent_alv_MIMD\ent_alv_MIMD.srcs\sources_1\imports\new\alv_MIMD_control_s_axi.vhd:]
WARNING: [filemgmt 56-199] Attempt to get parsing info during refresh. "On-the-fly" syntax checking information may be incorrect. [C:\Users\lotto\Desktop\Alveare\Ping pong\ent_alv_MIMD\ent_alv_MIMD\ent_alv_MIMD.srcs\sources_1\imports\ALU\mul.vhd:]
WARNING: [filemgmt 56-199] Attempt to get parsing info during refresh. "On-the-fly" syntax checking information may be incorrect. [C:\Users\lotto\Desktop\Alveare\Ping pong\ent_alv_MIMD\ent_alv_MIMD\ent_alv_MIMD.srcs\sources_1\imports\new\alv_MIMD_gmem0_m_axi.vhd:]
WARNING: [filemgmt 56-199] Attempt to get parsing info during refresh. "On-the-fly" syntax checking information may be incorrect. [C:\Users\lotto\Desktop\Alveare\Ping pong\ent_alv_MIMD\ent_alv_MIMD\ent_alv_MIMD.srcs\sources_1\imports\new\alv_MIMD_op_data_exe_wb_Pipeline_exe.vhd:]
WARNING: [filemgmt 56-199] Attempt to get parsing info during refresh. "On-the-fly" syntax checking information may be incorrect. [C:\Users\lotto\Desktop\Alveare\Ping pong\ent_alv_MIMD\ent_alv_MIMD\ent_alv_MIMD.srcs\sim_1\new\tb.vhd:]
WARNING: [filemgmt 56-199] Attempt to get parsing info during refresh. "On-the-fly" syntax checking information may be incorrect. [C:\Users\lotto\Desktop\Alveare\Ping pong\ent_alv_MIMD\ent_alv_MIMD\ent_alv_MIMD.srcs\sources_1\imports\ALU\div.vhd:]
WARNING: [filemgmt 56-199] Attempt to get parsing info during refresh. "On-the-fly" syntax checking information may be incorrect. [C:\Users\lotto\Desktop\Alveare\Ping pong\ent_alv_MIMD\ent_alv_MIMD\ent_alv_MIMD.srcs\sources_1\imports\ALU\pp_buf.vhd:]
WARNING: [filemgmt 56-199] Attempt to get parsing info during refresh. "On-the-fly" syntax checking information may be incorrect. [C:\Users\lotto\Desktop\Alveare\Ping pong\ent_alv_MIMD\ent_alv_MIMD\ent_alv_MIMD.srcs\sources_1\imports\new\alv_MIMD_control_s_axi.vhd:]
ERROR: [Common 17-180] Spawn failed: No error
WARNING: [filemgmt 56-199] Attempt to get parsing info during refresh. "On-the-fly" syntax checking information may be incorrect. [C:\Users\lotto\Desktop\Alveare\Ping pong\ent_alv_MIMD\ent_alv_MIMD\ent_alv_MIMD.srcs\sources_1\imports\ALU\mul.vhd:]
WARNING: [filemgmt 56-199] Attempt to get parsing info during refresh. "On-the-fly" syntax checking information may be incorrect. [C:\Users\lotto\Desktop\Alveare\Ping pong\ent_alv_MIMD\ent_alv_MIMD\ent_alv_MIMD.srcs\sources_1\imports\new\alv_MIMD_gmem0_m_axi.vhd:]
WARNING: [filemgmt 56-199] Attempt to get parsing info during refresh. "On-the-fly" syntax checking information may be incorrect. [C:\Users\lotto\Desktop\Alveare\Ping pong\ent_alv_MIMD\ent_alv_MIMD\ent_alv_MIMD.srcs\sources_1\imports\new\alv_MIMD_op_data_exe_wb_Pipeline_exe.vhd:]
WARNING: [filemgmt 56-199] Attempt to get parsing info during refresh. "On-the-fly" syntax checking information may be incorrect. [C:\Users\lotto\Desktop\Alveare\Ping pong\ent_alv_MIMD\ent_alv_MIMD\ent_alv_MIMD.srcs\sim_1\new\tb.vhd:]
WARNING: [filemgmt 56-199] Attempt to get parsing info during refresh. "On-the-fly" syntax checking information may be incorrect. [C:\Users\lotto\Desktop\Alveare\Ping pong\ent_alv_MIMD\ent_alv_MIMD\ent_alv_MIMD.srcs\sources_1\imports\ALU\div.vhd:]
WARNING: [filemgmt 56-199] Attempt to get parsing info during refresh. "On-the-fly" syntax checking information may be incorrect. [C:\Users\lotto\Desktop\Alveare\Ping pong\ent_alv_MIMD\ent_alv_MIMD\ent_alv_MIMD.srcs\sources_1\imports\ALU\pp_buf.vhd:]
WARNING: [filemgmt 56-199] Attempt to get parsing info during refresh. "On-the-fly" syntax checking information may be incorrect. [C:\Users\lotto\Desktop\Alveare\Ping pong\ent_alv_MIMD\ent_alv_MIMD\ent_alv_MIMD.srcs\sources_1\imports\new\alv_MIMD_control_s_axi.vhd:]
WARNING: [filemgmt 56-199] Attempt to get parsing info during refresh. "On-the-fly" syntax checking information may be incorrect. [C:\Users\lotto\Desktop\Alveare\Ping pong\ent_alv_MIMD\ent_alv_MIMD\ent_alv_MIMD.srcs\sources_1\imports\ALU\mul.vhd:]
WARNING: [filemgmt 56-199] Attempt to get parsing info during refresh. "On-the-fly" syntax checking information may be incorrect. [C:\Users\lotto\Desktop\Alveare\Ping pong\ent_alv_MIMD\ent_alv_MIMD\ent_alv_MIMD.srcs\sources_1\imports\new\alv_MIMD_gmem0_m_axi.vhd:]
WARNING: [filemgmt 56-199] Attempt to get parsing info during refresh. "On-the-fly" syntax checking information may be incorrect. [C:\Users\lotto\Desktop\Alveare\Ping pong\ent_alv_MIMD\ent_alv_MIMD\ent_alv_MIMD.srcs\sources_1\imports\new\alv_MIMD_op_data_exe_wb_Pipeline_exe.vhd:]
WARNING: [filemgmt 56-199] Attempt to get parsing info during refresh. "On-the-fly" syntax checking information may be incorrect. [C:\Users\lotto\Desktop\Alveare\Ping pong\ent_alv_MIMD\ent_alv_MIMD\ent_alv_MIMD.srcs\sim_1\new\tb.vhd:]
WARNING: [filemgmt 56-199] Attempt to get parsing info during refresh. "On-the-fly" syntax checking information may be incorrect. [C:\Users\lotto\Desktop\Alveare\Ping pong\ent_alv_MIMD\ent_alv_MIMD\ent_alv_MIMD.srcs\sources_1\imports\ALU\div.vhd:]
WARNING: [filemgmt 56-199] Attempt to get parsing info during refresh. "On-the-fly" syntax checking information may be incorrect. [C:\Users\lotto\Desktop\Alveare\Ping pong\ent_alv_MIMD\ent_alv_MIMD\ent_alv_MIMD.srcs\sources_1\imports\ALU\pp_buf.vhd:]
WARNING: [filemgmt 56-199] Attempt to get parsing info during refresh. "On-the-fly" syntax checking information may be incorrect. [C:\Users\lotto\Desktop\Alveare\Ping pong\ent_alv_MIMD\ent_alv_MIMD\ent_alv_MIMD.srcs\sources_1\imports\new\alv_MIMD_control_s_axi.vhd:]
WARNING: [filemgmt 56-199] Attempt to get parsing info during refresh. "On-the-fly" syntax checking information may be incorrect. [C:\Users\lotto\Desktop\Alveare\Ping pong\ent_alv_MIMD\ent_alv_MIMD\ent_alv_MIMD.srcs\sources_1\imports\ALU\mul.vhd:]
WARNING: [filemgmt 56-199] Attempt to get parsing info during refresh. "On-the-fly" syntax checking information may be incorrect. [C:\Users\lotto\Desktop\Alveare\Ping pong\ent_alv_MIMD\ent_alv_MIMD\ent_alv_MIMD.srcs\sources_1\imports\new\alv_MIMD_gmem0_m_axi.vhd:]
WARNING: [filemgmt 56-199] Attempt to get parsing info during refresh. "On-the-fly" syntax checking information may be incorrect. [C:\Users\lotto\Desktop\Alveare\Ping pong\ent_alv_MIMD\ent_alv_MIMD\ent_alv_MIMD.srcs\sources_1\imports\new\alv_MIMD_op_data_exe_wb_Pipeline_exe.vhd:]
WARNING: [filemgmt 56-199] Attempt to get parsing info during refresh. "On-the-fly" syntax checking information may be incorrect. [C:\Users\lotto\Desktop\Alveare\Ping pong\ent_alv_MIMD\ent_alv_MIMD\ent_alv_MIMD.srcs\sim_1\new\tb.vhd:]
WARNING: [filemgmt 56-199] Attempt to get parsing info during refresh. "On-the-fly" syntax checking information may be incorrect. [C:\Users\lotto\Desktop\Alveare\Ping pong\ent_alv_MIMD\ent_alv_MIMD\ent_alv_MIMD.srcs\sources_1\imports\ALU\div.vhd:]
WARNING: [filemgmt 56-199] Attempt to get parsing info during refresh. "On-the-fly" syntax checking information may be incorrect. [C:\Users\lotto\Desktop\Alveare\Ping pong\ent_alv_MIMD\ent_alv_MIMD\ent_alv_MIMD.srcs\sources_1\imports\ALU\pp_buf.vhd:]
WARNING: [filemgmt 56-199] Attempt to get parsing info during refresh. "On-the-fly" syntax checking information may be incorrect. [C:\Users\lotto\Desktop\Alveare\Ping pong\ent_alv_MIMD\ent_alv_MIMD\ent_alv_MIMD.srcs\sources_1\imports\new\alv_MIMD_control_s_axi.vhd:]
WARNING: [filemgmt 56-199] Attempt to get parsing info during refresh. "On-the-fly" syntax checking information may be incorrect. [C:\Users\lotto\Desktop\Alveare\Ping pong\ent_alv_MIMD\ent_alv_MIMD\ent_alv_MIMD.srcs\sources_1\imports\ALU\mul.vhd:]
WARNING: [filemgmt 56-199] Attempt to get parsing info during refresh. "On-the-fly" syntax checking information may be incorrect. [C:\Users\lotto\Desktop\Alveare\Ping pong\ent_alv_MIMD\ent_alv_MIMD\ent_alv_MIMD.srcs\sources_1\imports\new\alv_MIMD_gmem0_m_axi.vhd:]
WARNING: [filemgmt 56-199] Attempt to get parsing info during refresh. "On-the-fly" syntax checking information may be incorrect. [C:\Users\lotto\Desktop\Alveare\Ping pong\ent_alv_MIMD\ent_alv_MIMD\ent_alv_MIMD.srcs\sources_1\imports\new\alv_MIMD_op_data_exe_wb_Pipeline_exe.vhd:]
WARNING: [filemgmt 56-199] Attempt to get parsing info during refresh. "On-the-fly" syntax checking information may be incorrect. [C:\Users\lotto\Desktop\Alveare\Ping pong\ent_alv_MIMD\ent_alv_MIMD\ent_alv_MIMD.srcs\sim_1\new\tb.vhd:]
WARNING: [filemgmt 56-199] Attempt to get parsing info during refresh. "On-the-fly" syntax checking information may be incorrect. [C:\Users\lotto\Desktop\Alveare\Ping pong\ent_alv_MIMD\ent_alv_MIMD\ent_alv_MIMD.srcs\sources_1\imports\ALU\div.vhd:]
WARNING: [filemgmt 56-199] Attempt to get parsing info during refresh. "On-the-fly" syntax checking information may be incorrect. [C:\Users\lotto\Desktop\Alveare\Ping pong\ent_alv_MIMD\ent_alv_MIMD\ent_alv_MIMD.srcs\sources_1\imports\ALU\pp_buf.vhd:]
WARNING: [filemgmt 56-199] Attempt to get parsing info during refresh. "On-the-fly" syntax checking information may be incorrect. [C:\Users\lotto\Desktop\Alveare\Ping pong\ent_alv_MIMD\ent_alv_MIMD\ent_alv_MIMD.srcs\sources_1\imports\new\alv_MIMD_control_s_axi.vhd:]
ERROR: [Common 17-180] Spawn failed: No error
WARNING: [filemgmt 56-199] Attempt to get parsing info during refresh. "On-the-fly" syntax checking information may be incorrect. [C:\Users\lotto\Desktop\Alveare\Ping pong\ent_alv_MIMD\ent_alv_MIMD\ent_alv_MIMD.srcs\sources_1\imports\ALU\mul.vhd:]
WARNING: [filemgmt 56-199] Attempt to get parsing info during refresh. "On-the-fly" syntax checking information may be incorrect. [C:\Users\lotto\Desktop\Alveare\Ping pong\ent_alv_MIMD\ent_alv_MIMD\ent_alv_MIMD.srcs\sources_1\imports\new\alv_MIMD_gmem0_m_axi.vhd:]
WARNING: [filemgmt 56-199] Attempt to get parsing info during refresh. "On-the-fly" syntax checking information may be incorrect. [C:\Users\lotto\Desktop\Alveare\Ping pong\ent_alv_MIMD\ent_alv_MIMD\ent_alv_MIMD.srcs\sources_1\imports\new\alv_MIMD_op_data_exe_wb_Pipeline_exe.vhd:]
WARNING: [filemgmt 56-199] Attempt to get parsing info during refresh. "On-the-fly" syntax checking information may be incorrect. [C:\Users\lotto\Desktop\Alveare\Ping pong\ent_alv_MIMD\ent_alv_MIMD\ent_alv_MIMD.srcs\sim_1\new\tb.vhd:]
WARNING: [filemgmt 56-199] Attempt to get parsing info during refresh. "On-the-fly" syntax checking information may be incorrect. [C:\Users\lotto\Desktop\Alveare\Ping pong\ent_alv_MIMD\ent_alv_MIMD\ent_alv_MIMD.srcs\sources_1\imports\ALU\div.vhd:]
WARNING: [filemgmt 56-199] Attempt to get parsing info during refresh. "On-the-fly" syntax checking information may be incorrect. [C:\Users\lotto\Desktop\Alveare\Ping pong\ent_alv_MIMD\ent_alv_MIMD\ent_alv_MIMD.srcs\sources_1\imports\new\alv_MIMD.vhd:]
WARNING: [filemgmt 56-199] Attempt to get parsing info during refresh. "On-the-fly" syntax checking information may be incorrect. [C:\Users\lotto\Desktop\Alveare\Ping pong\ent_alv_MIMD\ent_alv_MIMD\ent_alv_MIMD.srcs\sources_1\imports\ALU\pp_buf.vhd:]
WARNING: [filemgmt 56-199] Attempt to get parsing info during refresh. "On-the-fly" syntax checking information may be incorrect. [C:\Users\lotto\Desktop\Alveare\Ping pong\ent_alv_MIMD\ent_alv_MIMD\ent_alv_MIMD.srcs\sources_1\imports\new\alv_MIMD_control_s_axi.vhd:]
WARNING: [filemgmt 56-199] Attempt to get parsing info during refresh. "On-the-fly" syntax checking information may be incorrect. [C:\Users\lotto\Desktop\Alveare\Ping pong\ent_alv_MIMD\ent_alv_MIMD\ent_alv_MIMD.srcs\sources_1\imports\ALU\mul.vhd:]
WARNING: [filemgmt 56-199] Attempt to get parsing info during refresh. "On-the-fly" syntax checking information may be incorrect. [C:\Users\lotto\Desktop\Alveare\Ping pong\ent_alv_MIMD\ent_alv_MIMD\ent_alv_MIMD.srcs\sources_1\imports\new\alv_MIMD_gmem0_m_axi.vhd:]
WARNING: [filemgmt 56-199] Attempt to get parsing info during refresh. "On-the-fly" syntax checking information may be incorrect. [C:\Users\lotto\Desktop\Alveare\Ping pong\ent_alv_MIMD\ent_alv_MIMD\ent_alv_MIMD.srcs\sources_1\imports\new\alv_MIMD_op_data_exe_wb_Pipeline_exe.vhd:]
WARNING: [filemgmt 56-199] Attempt to get parsing info during refresh. "On-the-fly" syntax checking information may be incorrect. [C:\Users\lotto\Desktop\Alveare\Ping pong\ent_alv_MIMD\ent_alv_MIMD\ent_alv_MIMD.srcs\sim_1\new\tb.vhd:]
WARNING: [filemgmt 56-199] Attempt to get parsing info during refresh. "On-the-fly" syntax checking information may be incorrect. [C:\Users\lotto\Desktop\Alveare\Ping pong\ent_alv_MIMD\ent_alv_MIMD\ent_alv_MIMD.srcs\sources_1\imports\ALU\div.vhd:]
WARNING: [filemgmt 56-199] Attempt to get parsing info during refresh. "On-the-fly" syntax checking information may be incorrect. [C:\Users\lotto\Desktop\Alveare\Ping pong\ent_alv_MIMD\ent_alv_MIMD\ent_alv_MIMD.srcs\sources_1\imports\new\alv_MIMD.vhd:]
WARNING: [filemgmt 56-199] Attempt to get parsing info during refresh. "On-the-fly" syntax checking information may be incorrect. [C:\Users\lotto\Desktop\Alveare\Ping pong\ent_alv_MIMD\ent_alv_MIMD\ent_alv_MIMD.srcs\sources_1\imports\ALU\pp_buf.vhd:]
WARNING: [filemgmt 56-199] Attempt to get parsing info during refresh. "On-the-fly" syntax checking information may be incorrect. [C:\Users\lotto\Desktop\Alveare\Ping pong\ent_alv_MIMD\ent_alv_MIMD\ent_alv_MIMD.srcs\sources_1\imports\new\alv_MIMD_control_s_axi.vhd:]
WARNING: [filemgmt 56-199] Attempt to get parsing info during refresh. "On-the-fly" syntax checking information may be incorrect. [C:\Users\lotto\Desktop\Alveare\Ping pong\ent_alv_MIMD\ent_alv_MIMD\ent_alv_MIMD.srcs\sources_1\imports\ALU\mul.vhd:]
WARNING: [filemgmt 56-199] Attempt to get parsing info during refresh. "On-the-fly" syntax checking information may be incorrect. [C:\Users\lotto\Desktop\Alveare\Ping pong\ent_alv_MIMD\ent_alv_MIMD\ent_alv_MIMD.srcs\sources_1\imports\new\alv_MIMD_gmem0_m_axi.vhd:]
WARNING: [filemgmt 56-199] Attempt to get parsing info during refresh. "On-the-fly" syntax checking information may be incorrect. [C:\Users\lotto\Desktop\Alveare\Ping pong\ent_alv_MIMD\ent_alv_MIMD\ent_alv_MIMD.srcs\sources_1\imports\new\alv_MIMD_op_data_exe_wb_Pipeline_exe.vhd:]
WARNING: [filemgmt 56-199] Attempt to get parsing info during refresh. "On-the-fly" syntax checking information may be incorrect. [C:\Users\lotto\Desktop\Alveare\Ping pong\ent_alv_MIMD\ent_alv_MIMD\ent_alv_MIMD.srcs\sim_1\new\tb.vhd:]
WARNING: [filemgmt 56-199] Attempt to get parsing info during refresh. "On-the-fly" syntax checking information may be incorrect. [C:\Users\lotto\Desktop\Alveare\Ping pong\ent_alv_MIMD\ent_alv_MIMD\ent_alv_MIMD.srcs\sources_1\imports\ALU\div.vhd:]
WARNING: [filemgmt 56-199] Attempt to get parsing info during refresh. "On-the-fly" syntax checking information may be incorrect. [C:\Users\lotto\Desktop\Alveare\Ping pong\ent_alv_MIMD\ent_alv_MIMD\ent_alv_MIMD.srcs\sources_1\imports\new\alv_MIMD.vhd:]
WARNING: [filemgmt 56-199] Attempt to get parsing info during refresh. "On-the-fly" syntax checking information may be incorrect. [C:\Users\lotto\Desktop\Alveare\Ping pong\ent_alv_MIMD\ent_alv_MIMD\ent_alv_MIMD.srcs\sources_1\imports\ALU\pp_buf.vhd:]
WARNING: [filemgmt 56-199] Attempt to get parsing info during refresh. "On-the-fly" syntax checking information may be incorrect. [C:\Users\lotto\Desktop\Alveare\Ping pong\ent_alv_MIMD\ent_alv_MIMD\ent_alv_MIMD.srcs\sources_1\imports\new\alv_MIMD_control_s_axi.vhd:]
WARNING: [filemgmt 56-199] Attempt to get parsing info during refresh. "On-the-fly" syntax checking information may be incorrect. [C:\Users\lotto\Desktop\Alveare\Ping pong\ent_alv_MIMD\ent_alv_MIMD\ent_alv_MIMD.srcs\sources_1\imports\ALU\mul.vhd:]
WARNING: [filemgmt 56-199] Attempt to get parsing info during refresh. "On-the-fly" syntax checking information may be incorrect. [C:\Users\lotto\Desktop\Alveare\Ping pong\ent_alv_MIMD\ent_alv_MIMD\ent_alv_MIMD.srcs\sources_1\imports\new\alv_MIMD_gmem0_m_axi.vhd:]
WARNING: [filemgmt 56-199] Attempt to get parsing info during refresh. "On-the-fly" syntax checking information may be incorrect. [C:\Users\lotto\Desktop\Alveare\Ping pong\ent_alv_MIMD\ent_alv_MIMD\ent_alv_MIMD.srcs\sources_1\imports\new\alv_MIMD_op_data_exe_wb_Pipeline_exe.vhd:]
WARNING: [filemgmt 56-199] Attempt to get parsing info during refresh. "On-the-fly" syntax checking information may be incorrect. [C:\Users\lotto\Desktop\Alveare\Ping pong\ent_alv_MIMD\ent_alv_MIMD\ent_alv_MIMD.srcs\sim_1\new\tb.vhd:]
WARNING: [filemgmt 56-199] Attempt to get parsing info during refresh. "On-the-fly" syntax checking information may be incorrect. [C:\Users\lotto\Desktop\Alveare\Ping pong\ent_alv_MIMD\ent_alv_MIMD\ent_alv_MIMD.srcs\sources_1\imports\ALU\div.vhd:]
WARNING: [filemgmt 56-199] Attempt to get parsing info during refresh. "On-the-fly" syntax checking information may be incorrect. [C:\Users\lotto\Desktop\Alveare\Ping pong\ent_alv_MIMD\ent_alv_MIMD\ent_alv_MIMD.srcs\sources_1\imports\new\alv_MIMD.vhd:]
WARNING: [filemgmt 56-199] Attempt to get parsing info during refresh. "On-the-fly" syntax checking information may be incorrect. [C:\Users\lotto\Desktop\Alveare\Ping pong\ent_alv_MIMD\ent_alv_MIMD\ent_alv_MIMD.srcs\sources_1\imports\ALU\pp_buf.vhd:]
WARNING: [filemgmt 56-199] Attempt to get parsing info during refresh. "On-the-fly" syntax checking information may be incorrect. [C:\Users\lotto\Desktop\Alveare\Ping pong\ent_alv_MIMD\ent_alv_MIMD\ent_alv_MIMD.srcs\sources_1\imports\new\alv_MIMD_control_s_axi.vhd:]
