

================================================================
== Vitis HLS Report for 'dec_MIMD_Pipeline_VITIS_LOOP_99_3'
================================================================
* Date:           Sun Apr 21 13:47:43 2024

* Version:        2023.2 (Build 4023990 on Oct 11 2023)
* Project:        dec_MIMD
* Solution:       solution1 (Vivado IP Flow Target)
* Product family: zynq
* Target device:  xc7z020-clg400-1


================================================================
== Performance Estimates
================================================================
+ Timing: 
    * Summary: 
    +--------+----------+----------+------------+
    |  Clock |  Target  | Estimated| Uncertainty|
    +--------+----------+----------+------------+
    |ap_clk  |  10.00 ns|  5.645 ns|     2.70 ns|
    +--------+----------+----------+------------+

+ Latency: 
    * Summary: 
    +---------+---------+----------+----------+-----+-----+---------+
    |  Latency (cycles) |  Latency (absolute) |  Interval | Pipeline|
    |   min   |   max   |    min   |    max   | min | max |   Type  |
    +---------+---------+----------+----------+-----+-----+---------+
    |       12|       12|  0.120 us|  0.120 us|   12|   12|       no|
    +---------+---------+----------+----------+-----+-----+---------+

    + Detail: 
        * Instance: 
        N/A

        * Loop: 
        +-------------------+---------+---------+----------+-----------+-----------+------+----------+
        |                   |  Latency (cycles) | Iteration|  Initiation Interval  | Trip |          |
        |     Loop Name     |   min   |   max   |  Latency |  achieved |   target  | Count| Pipelined|
        +-------------------+---------+---------+----------+-----------+-----------+------+----------+
        |- VITIS_LOOP_99_3  |       10|       10|         1|          1|          1|    10|       yes|
        +-------------------+---------+---------+----------+-----------+-----------+------+----------+

============================================================
+ Verbose Summary: Synthesis Manager
============================================================
InlineROM: 1
ExposeGlobal: 0
============================================================
+ Verbose Summary: CDFG Model
============================================================
IsTopModel: 0
ResetActiveHigh: 1
IsCombinational: 0
IsDatapathOnly: 0
HasWiredReturn: 1
HasMFsm: 2
HasVarLatency: 1
IsPipeline: 0
IsRtlPipelined: 0
IsInstanceOverlapped: 0
IsDontTouch: 0
HasImplIP: 0
IsGatedGlobalClock: 0

+ Individual pipeline summary: 
  * Pipeline-0: initiation interval (II) = 1, depth = 1


============================================================
+ Verbose Summary: Schedule
============================================================
* Number of FSM states : 1
* Pipeline : 1
  Pipeline-0 : II = 1, D = 1, States = { 1 }
* Dataflow Pipeline: 0

* FSM state transitions: 
1 --> 

* FSM state operations: 

State 1 <SV = 0> <Delay = 5.64>
ST_1 : Operation 4 [1/1] (0.00ns)   --->   "%i = alloca i32 1" [dec_MIMD/core.c:99]   --->   Operation 4 'alloca' 'i' <Predicate = true> <Delay = 0.00>
ST_1 : Operation 5 [1/1] (1.58ns)   --->   "%store_ln99 = store i4 0, i4 %i" [dec_MIMD/core.c:99]   --->   Operation 5 'store' 'store_ln99' <Predicate = true> <Delay = 1.58>
ST_1 : Operation 6 [1/1] (0.00ns)   --->   "%br_ln0 = br void %for.inc100"   --->   Operation 6 'br' 'br_ln0' <Predicate = true> <Delay = 0.00>
ST_1 : Operation 7 [1/1] (0.00ns)   --->   "%i_1 = load i4 %i" [dec_MIMD/core.c:99]   --->   Operation 7 'load' 'i_1' <Predicate = true> <Delay = 0.00>
ST_1 : Operation 8 [1/1] (1.73ns)   --->   "%icmp_ln99 = icmp_eq  i4 %i_1, i4 10" [dec_MIMD/core.c:99]   --->   Operation 8 'icmp' 'icmp_ln99' <Predicate = true> <Delay = 1.73> <CoreInst = "Cmp">   --->   Core 9 'Cmp' <Latency = 0> <II = 1> <Delay = 1.73> <FuncUnit> <Opcode : 'icmp'> <InPorts = 2> <OutPorts = 1>
ST_1 : Operation 9 [1/1] (1.73ns)   --->   "%add_ln99 = add i4 %i_1, i4 1" [dec_MIMD/core.c:99]   --->   Operation 9 'add' 'add_ln99' <Predicate = true> <Delay = 1.73> <CoreInst = "Adder">   --->   Core 1 'Adder' <Latency = 0> <II = 1> <Delay = 1.73> <FuncUnit> <Opcode : 'add' 'sub'> <InPorts = 2> <OutPorts = 1>
ST_1 : Operation 10 [1/1] (0.00ns)   --->   "%br_ln99 = br i1 %icmp_ln99, void %for.inc100.split, void %VITIS_LOOP_106_4.loopexit.exitStub" [dec_MIMD/core.c:99]   --->   Operation 10 'br' 'br_ln99' <Predicate = true> <Delay = 0.00>
ST_1 : Operation 11 [1/1] (0.00ns)   --->   "%zext_ln99 = zext i4 %i_1" [dec_MIMD/core.c:99]   --->   Operation 11 'zext' 'zext_ln99' <Predicate = (!icmp_ln99)> <Delay = 0.00>
ST_1 : Operation 12 [1/1] (0.00ns)   --->   "%specpipeline_ln99 = specpipeline void @_ssdm_op_SpecPipeline, i32 4294967295, i32 0, i32 0, i32 0, void @empty_0" [dec_MIMD/core.c:99]   --->   Operation 12 'specpipeline' 'specpipeline_ln99' <Predicate = (!icmp_ln99)> <Delay = 0.00>
ST_1 : Operation 13 [1/1] (0.00ns)   --->   "%speclooptripcount_ln99 = speclooptripcount void @_ssdm_op_SpecLoopTripCount, i64 10, i64 10, i64 10" [dec_MIMD/core.c:99]   --->   Operation 13 'speclooptripcount' 'speclooptripcount_ln99' <Predicate = (!icmp_ln99)> <Delay = 0.00>
ST_1 : Operation 14 [1/1] (0.00ns)   --->   "%specloopname_ln99 = specloopname void @_ssdm_op_SpecLoopName, void @empty_19" [dec_MIMD/core.c:99]   --->   Operation 14 'specloopname' 'specloopname_ln99' <Predicate = (!icmp_ln99)> <Delay = 0.00>
ST_1 : Operation 15 [1/1] (0.00ns)   --->   "%data_result_addr = getelementptr i32 %data_result, i64 0, i64 %zext_ln99" [dec_MIMD/core.c:101]   --->   Operation 15 'getelementptr' 'data_result_addr' <Predicate = (!icmp_ln99)> <Delay = 0.00>
ST_1 : Operation 16 [1/1] (2.32ns)   --->   "%store_ln101 = store i32 0, i4 %data_result_addr" [dec_MIMD/core.c:101]   --->   Operation 16 'store' 'store_ln101' <Predicate = (!icmp_ln99)> <Delay = 2.32> <CoreInst = "RAM">   --->   Core 82 'RAM' <Latency = 1> <II = 1> <Delay = 2.32> <Storage> <Opcode : 'load' 'store'> <Ports = 2> <Width = 32> <Depth = 10> <RAM>
ST_1 : Operation 17 [1/1] (1.58ns)   --->   "%store_ln99 = store i4 %add_ln99, i4 %i" [dec_MIMD/core.c:99]   --->   Operation 17 'store' 'store_ln99' <Predicate = (!icmp_ln99)> <Delay = 1.58>
ST_1 : Operation 18 [1/1] (0.00ns)   --->   "%br_ln99 = br void %for.inc100" [dec_MIMD/core.c:99]   --->   Operation 18 'br' 'br_ln99' <Predicate = (!icmp_ln99)> <Delay = 0.00>
ST_1 : Operation 19 [1/1] (0.00ns)   --->   "%ret_ln0 = ret"   --->   Operation 19 'ret' 'ret_ln0' <Predicate = (icmp_ln99)> <Delay = 0.00>


============================================================
+ Verbose Summary: Timing violations
============================================================
Target clock period: 10.000ns, clock uncertainty: 2.700ns.

 <State 1>: 5.645ns
The critical path consists of the following:
	'store' operation 0 bit ('store_ln99', dec_MIMD/core.c:99) of constant 0 on local variable 'i', dec_MIMD/core.c:99 [3]  (1.588 ns)
	'load' operation 4 bit ('i', dec_MIMD/core.c:99) on local variable 'i', dec_MIMD/core.c:99 [6]  (0.000 ns)
	'icmp' operation 1 bit ('icmp_ln99', dec_MIMD/core.c:99) [7]  (1.735 ns)
	'store' operation 0 bit ('store_ln101', dec_MIMD/core.c:101) of constant 0 on array 'data_result' [16]  (2.322 ns)


============================================================
+ Verbose Summary: Binding
============================================================
N/A
* FSMD analyzer results:
  - Output states:
 - Input state : 
  - Chain level:
	State 1


============================================================
+ Verbose Summary: Datapath Resource usage 
============================================================
N/A
