

================================================================
== Synthesis Summary Report of 'dec_MIMD'
================================================================
+ General Information: 
    * Date:           Sun Apr 21 13:47:44 2024
    * Version:        2023.2 (Build 4023990 on Oct 11 2023)
    * Project:        dec_MIMD
    * Solution:       solution1 (Vivado IP Flow Target)
    * Product family: zynq
    * Target device:  xc7z020-clg400-1
    

+ Performance & Resource Estimates: 
    
    PS: '+' for module; 'o' for loop; '*' for dataflow
    +---------------------------------------+--------+-------+---------+-----------+----------+---------+------+----------+---------+--------+-----------+------------+-----+
    |                Modules                |  Issue |       | Latency |  Latency  | Iteration|         | Trip |          |         |        |           |            |     |
    |                & Loops                |  Type  | Slack | (cycles)|    (ns)   |  Latency | Interval| Count| Pipelined|  BRAM   |   DSP  |     FF    |     LUT    | URAM|
    +---------------------------------------+--------+-------+---------+-----------+----------+---------+------+----------+---------+--------+-----------+------------+-----+
    |+ dec_MIMD                             |  Timing|  -0.48|      185|  1.850e+03|         -|      186|     -|        no|  18 (6%)|  3 (1%)|  8251 (7%)|  7466 (14%)|    -|
    | + dec_MIMD_Pipeline_VITIS_LOOP_99_3   |       -|   1.66|       12|    120.000|         -|       12|     -|        no|        -|       -|    6 (~0%)|    53 (~0%)|    -|
    |  o VITIS_LOOP_99_3                    |       -|   7.30|       10|    100.000|         1|        1|    10|       yes|        -|       -|          -|           -|    -|
    | + dec_MIMD_Pipeline_VITIS_LOOP_35_1   |  Timing|  -0.48|      112|  1.120e+03|         -|      112|     -|        no|        -|       -|  585 (~0%)|    658 (1%)|    -|
    |  o VITIS_LOOP_35_1                    |      II|   7.30|      110|  1.100e+03|        13|        2|    50|       yes|        -|       -|          -|           -|    -|
    | + dec_MIMD_Pipeline_VITIS_LOOP_45_2   |       -|   0.39|       49|    490.000|         -|       49|     -|        no|        -|  3 (1%)|  3506 (3%)|   2669 (5%)|    -|
    |  o VITIS_LOOP_45_2                    |       -|   7.30|       47|    470.000|        39|        1|    10|       yes|        -|       -|          -|           -|    -|
    | + dec_MIMD_Pipeline_VITIS_LOOP_106_4  |       -|   0.00|       18|    180.000|         -|       18|     -|        no|        -|       -|  115 (~0%)|   166 (~0%)|    -|
    |  o VITIS_LOOP_106_4                   |       -|   7.30|       16|    160.000|         8|        1|    10|       yes|        -|       -|          -|           -|    -|
    +---------------------------------------+--------+-------+---------+-----------+----------+---------+------+----------+---------+--------+-----------+------------+-----+


================================================================
== HW Interfaces
================================================================
* M_AXI
+-------------+------------+---------------+---------+--------+----------+-----------+--------------+--------------+-------------+-------------+-------------------+
| Interface   | Data Width | Address Width | Latency | Offset | Register | Max Widen | Max Read     | Max Write    | Num Read    | Num Write   | Resource Estimate |
|             | (SW->HW)   |               |         |        |          | Bitwidth  | Burst Length | Burst Length | Outstanding | Outstanding |                   |
+-------------+------------+---------------+---------+--------+----------+-----------+--------------+--------------+-------------+-------------+-------------------+
| m_axi_gmem0 | 32 -> 32   | 64            | 0       | slave  | 0        | 0         | 16           | 16           | 16          | 16          | BRAM=4            |
| m_axi_gmem1 | 32 -> 32   | 64            | 0       | slave  | 0        | 0         | 16           | 16           | 16          | 16          | BRAM=4            |
| m_axi_gmem2 | 32 -> 32   | 64            | 0       | slave  | 0        | 0         | 16           | 16           | 16          | 16          | BRAM=4            |
| m_axi_gmem3 | 32 -> 32   | 64            | 0       | slave  | 0        | 0         | 16           | 16           | 16          | 16          | BRAM=4            |
+-------------+------------+---------------+---------+--------+----------+-----------+--------------+--------------+-------------+-------------+-------------------+

* S_AXILITE Interfaces
+---------------+------------+---------------+--------+----------+
| Interface     | Data Width | Address Width | Offset | Register |
+---------------+------------+---------------+--------+----------+
| s_axi_control | 32         | 7             | 16     | 0        |
+---------------+------------+---------------+--------+----------+

* S_AXILITE Registers
+---------------+----------+--------+-------+--------+----------------------------------+----------------------------------------------------------------------+
| Interface     | Register | Offset | Width | Access | Description                      | Bit Fields                                                           |
+---------------+----------+--------+-------+--------+----------------------------------+----------------------------------------------------------------------+
| s_axi_control | CTRL     | 0x00   | 32    | RW     | Control signals                  | 0=AP_START 1=AP_DONE 2=AP_IDLE 3=AP_READY 7=AUTO_RESTART 9=INTERRUPT |
| s_axi_control | GIER     | 0x04   | 32    | RW     | Global Interrupt Enable Register | 0=Enable                                                             |
| s_axi_control | IP_IER   | 0x08   | 32    | RW     | IP Interrupt Enable Register     | 0=CHAN0_INT_EN 1=CHAN1_INT_EN                                        |
| s_axi_control | IP_ISR   | 0x0c   | 32    | RW     | IP Interrupt Status Register     | 0=CHAN0_INT_ST 1=CHAN1_INT_ST                                        |
| s_axi_control | a_1      | 0x10   | 32    | W      | Data signal of a                 |                                                                      |
| s_axi_control | a_2      | 0x14   | 32    | W      | Data signal of a                 |                                                                      |
| s_axi_control | b_1      | 0x1c   | 32    | W      | Data signal of b                 |                                                                      |
| s_axi_control | b_2      | 0x20   | 32    | W      | Data signal of b                 |                                                                      |
| s_axi_control | c_1      | 0x28   | 32    | W      | Data signal of c                 |                                                                      |
| s_axi_control | c_2      | 0x2c   | 32    | W      | Data signal of c                 |                                                                      |
| s_axi_control | op_1     | 0x34   | 32    | W      | Data signal of op                |                                                                      |
| s_axi_control | op_2     | 0x38   | 32    | W      | Data signal of op                |                                                                      |
| s_axi_control | group_r  | 0x40   | 32    | W      | Data signal of group_r           |                                                                      |
+---------------+----------+--------+-------+--------+----------------------------------+----------------------------------------------------------------------+

* TOP LEVEL CONTROL
+-----------+------------+-----------+
| Interface | Type       | Ports     |
+-----------+------------+-----------+
| ap_clk    | clock      | ap_clk    |
| ap_rst_n  | reset      | ap_rst_n  |
| interrupt | interrupt  | interrupt |
| ap_ctrl   | ap_ctrl_hs |           |
+-----------+------------+-----------+


================================================================
== SW I/O Information
================================================================
* Top Function Arguments
+----------+-----------+----------+
| Argument | Direction | Datatype |
+----------+-----------+----------+
| a        | in        | pointer  |
| b        | in        | pointer  |
| c        | out       | pointer  |
| op       | in        | pointer  |
| group    | in        |          |
+----------+-----------+----------+

* SW-to-HW Mapping
+----------+---------------+-----------+----------+--------------------------------+
| Argument | HW Interface  | HW Type   | HW Usage | HW Info                        |
+----------+---------------+-----------+----------+--------------------------------+
| a        | m_axi_gmem0   | interface |          |                                |
| a        | s_axi_control | register  | offset   | name=a_1 offset=0x10 range=32  |
| a        | s_axi_control | register  | offset   | name=a_2 offset=0x14 range=32  |
| b        | m_axi_gmem1   | interface |          |                                |
| b        | s_axi_control | register  | offset   | name=b_1 offset=0x1c range=32  |
| b        | s_axi_control | register  | offset   | name=b_2 offset=0x20 range=32  |
| c        | m_axi_gmem2   | interface |          |                                |
| c        | s_axi_control | register  | offset   | name=c_1 offset=0x28 range=32  |
| c        | s_axi_control | register  | offset   | name=c_2 offset=0x2c range=32  |
| op       | m_axi_gmem3   | interface |          |                                |
| op       | s_axi_control | register  | offset   | name=op_1 offset=0x34 range=32 |
| op       | s_axi_control | register  | offset   | name=op_2 offset=0x38 range=32 |
| group    | s_axi_control | interface |          |                                |
+----------+---------------+-----------+----------+--------------------------------+


================================================================
== M_AXI Burst Information
================================================================
 Note: All burst requests might be further partitioned into multiple requests during RTL generation based on max_read_burst_length or max_write_burst_length settings.

* All M_AXI Variable Accesses
+--------------+----------+-----------------------+-----------+--------------+------------+-------------------------------------------------+
| HW Interface | Variable | Access Location       | Direction | Burst Status | Resolution | Problem                                         |
+--------------+----------+-----------------------+-----------+--------------+------------+-------------------------------------------------+
| m_axi_gmem0  | a        | dec_MIMD/core.c:37:16 | read      | Fail         | 214-227    | Volatile or Atomic access cannot be transformed |
| m_axi_gmem1  | b        | dec_MIMD/core.c:38:16 | read      | Fail         | 214-227    | Volatile or Atomic access cannot be transformed |
| m_axi_gmem2  | c        | dec_MIMD/core.c:108:8 | write     | Fail         | 214-227    | Volatile or Atomic access cannot be transformed |
| m_axi_gmem3  | op       | dec_MIMD/core.c:41:23 | read      | Fail         | 214-227    | Volatile or Atomic access cannot be transformed |
+--------------+----------+-----------------------+-----------+--------------+------------+-------------------------------------------------+

    * Resolution URL: docs.xilinx.com/access/sources/dita/topic?Doc_Version=2023.2%20English&url=ug1448-hls-guidance&resourceid=XXX-YYY.html (replace XXX-YYY with column value)

================================================================
== Bind Op Report
================================================================
+---------------------------------------+-----+--------+------------+-----+--------+---------+
| Name                                  | DSP | Pragma | Variable   | Op  | Impl   | Latency |
+---------------------------------------+-----+--------+------------+-----+--------+---------+
| + dec_MIMD                            | 3   |        |            |     |        |         |
|  + dec_MIMD_Pipeline_VITIS_LOOP_99_3  | 0   |        |            |     |        |         |
|    add_ln99_fu_60_p2                  |     |        | add_ln99   | add | fabric | 0       |
|  + dec_MIMD_Pipeline_VITIS_LOOP_35_1  | 0   |        |            |     |        |         |
|    add_ln35_fu_275_p2                 |     |        | add_ln35   | add | fabric | 0       |
|    add_ln37_1_fu_291_p2               |     |        | add_ln37_1 | add | fabric | 0       |
|    add_ln38_1_fu_355_p2               |     |        | add_ln38_1 | add | fabric | 0       |
|    add_ln41_fu_249_p2                 |     |        | add_ln41   | add | fabric | 0       |
|  + dec_MIMD_Pipeline_VITIS_LOOP_45_2  | 3   |        |            |     |        |         |
|    add_ln45_fu_238_p2                 |     |        | add_ln45   | add | fabric | 0       |
|    mul_32s_32s_32_2_1_U12             | 3   |        | mul_ln84   | mul | auto   | 1       |
|    sub_ln80_fu_254_p2                 |     |        | sub_ln80   | sub | fabric | 0       |
|    add_ln76_fu_260_p2                 |     |        | add_ln76   | add | fabric | 0       |
|    sub_ln72_fu_274_p2                 |     |        | sub_ln72   | sub | fabric | 0       |
|    sub_ln72_1_fu_344_p2               |     |        | sub_ln72_1 | sub | fabric | 0       |
|    sub_ln68_fu_308_p2                 |     |        | sub_ln68   | sub | fabric | 0       |
|    sub_ln68_1_fu_363_p2               |     |        | sub_ln68_1 | sub | fabric | 0       |
|    add_ln56_fu_393_p2                 |     |        | add_ln56   | add | fabric | 0       |
|    add_ln52_fu_400_p2                 |     |        | add_ln52   | add | fabric | 0       |
|  + dec_MIMD_Pipeline_VITIS_LOOP_106_4 | 0   |        |            |     |        |         |
|    add_ln106_fu_119_p2                |     |        | add_ln106  | add | fabric | 0       |
|    add_ln108_fu_142_p2                |     |        | add_ln108  | add | fabric | 0       |
+---------------------------------------+-----+--------+------------+-----+--------+---------+


================================================================
== Storage Report
================================================================
+-------------------+--------------+-----------+------+------+--------+---------------+------+---------+------------------+
| Name              | Usage        | Type      | BRAM | URAM | Pragma | Variable      | Impl | Latency | Bitwidth, Depth, |
|                   |              |           |      |      |        |               |      |         | Banks            |
+-------------------+--------------+-----------+------+------+--------+---------------+------+---------+------------------+
| + dec_MIMD        |              |           | 18   | 0    |        |               |      |         |                  |
|   control_s_axi_U | interface    | s_axilite |      |      |        |               |      |         |                  |
|   gmem0_m_axi_U   | interface    | m_axi     | 4    |      |        |               |      |         |                  |
|   gmem1_m_axi_U   | interface    | m_axi     | 4    |      |        |               |      |         |                  |
|   gmem2_m_axi_U   | interface    | m_axi     | 4    |      |        |               |      |         |                  |
|   gmem3_m_axi_U   | interface    | m_axi     | 4    |      |        |               |      |         |                  |
|   data_a_U        | ram_1p array |           | 2    |      |        | data_a        | auto | 1       | 32, 50, 1        |
|   data_b_U        | ram_1p array |           | 2    |      |        | data_b        | auto | 1       | 32, 50, 1        |
|   data_result_U   | ram_1p array |           |      |      |        | data_result   | auto | 1       | 32, 10, 1        |
|   ALU_operation_U | ram_1p array |           |      |      |        | ALU_operation | auto | 1       | 32, 10, 1        |
+-------------------+--------------+-----------+------+------+--------+---------------+------+---------+------------------+


================================================================
== Pragma Report
================================================================
* Valid Pragma Syntax
+-----------+-------------------------------------------------------+----------------------------------------+
| Type      | Options                                               | Location                               |
+-----------+-------------------------------------------------------+----------------------------------------+
| interface | mode=s_axilite bundle=control port=a                  | dec_MIMD/core.c:11 in dec_mimd, a      |
| interface | mode=s_axilite bundle=control port=b                  | dec_MIMD/core.c:12 in dec_mimd, b      |
| interface | mode=s_axilite bundle=control port=c                  | dec_MIMD/core.c:13 in dec_mimd, c      |
| interface | mode=s_axilite bundle=control port=op                 | dec_MIMD/core.c:14 in dec_mimd, op     |
| interface | mode=s_axilite bundle=control port=group              | dec_MIMD/core.c:15 in dec_mimd, group  |
| interface | mode=s_axilite bundle=control port=return             | dec_MIMD/core.c:17 in dec_mimd, return |
| interface | mode=m_axi port=a bundle=gmem0 depth=50 offset=slave  | dec_MIMD/core.c:19 in dec_mimd, a      |
| interface | mode=m_axi port=b bundle=gmem1 depth=50 offset=slave  | dec_MIMD/core.c:20 in dec_mimd, b      |
| interface | mode=m_axi port=c bundle=gmem2 depth=50 offset=slave  | dec_MIMD/core.c:21 in dec_mimd, c      |
| interface | mode=m_axi port=op bundle=gmem3 depth=50 offset=slave | dec_MIMD/core.c:22 in dec_mimd, op     |
+-----------+-------------------------------------------------------+----------------------------------------+


