

================================================================
== Vitis HLS Report for 'dec_MIMD_Pipeline_VITIS_LOOP_35_1'
================================================================
* Date:           Sun Apr 21 13:47:44 2024

* Version:        2023.2 (Build 4023990 on Oct 11 2023)
* Project:        dec_MIMD
* Solution:       solution1 (Vivado IP Flow Target)
* Product family: zynq
* Target device:  xc7z020-clg400-1


================================================================
== Performance Estimates
================================================================
+ Timing: 
    * Summary: 
    +--------+----------+----------+------------+
    |  Clock |  Target  | Estimated| Uncertainty|
    +--------+----------+----------+------------+
    |ap_clk  |  10.00 ns|  7.784 ns|     2.70 ns|
    +--------+----------+----------+------------+

+ Latency: 
    * Summary: 
    +---------+---------+----------+----------+-----+-----+---------+
    |  Latency (cycles) |  Latency (absolute) |  Interval | Pipeline|
    |   min   |   max   |    min   |    max   | min | max |   Type  |
    +---------+---------+----------+----------+-----+-----+---------+
    |      112|      112|  1.120 us|  1.120 us|  112|  112|       no|
    +---------+---------+----------+----------+-----+-----+---------+

    + Detail: 
        * Instance: 
        N/A

        * Loop: 
        +-------------------+---------+---------+----------+-----------+-----------+------+----------+
        |                   |  Latency (cycles) | Iteration|  Initiation Interval  | Trip |          |
        |     Loop Name     |   min   |   max   |  Latency |  achieved |   target  | Count| Pipelined|
        +-------------------+---------+---------+----------+-----------+-----------+------+----------+
        |- VITIS_LOOP_35_1  |      110|      110|        13|          2|          1|    50|       yes|
        +-------------------+---------+---------+----------+-----------+-----------+------+----------+



================================================================
== Utilization Estimates
================================================================
* Summary: 
+-----------------+---------+-----+--------+-------+-----+
|       Name      | BRAM_18K| DSP |   FF   |  LUT  | URAM|
+-----------------+---------+-----+--------+-------+-----+
|DSP              |        -|    -|       -|      -|    -|
|Expression       |        -|    -|       0|    395|    -|
|FIFO             |        -|    -|       -|      -|    -|
|Instance         |        -|    -|       -|      -|    -|
|Memory           |        -|    -|       -|      -|    -|
|Multiplexer      |        -|    -|       -|    167|    -|
|Register         |        -|    -|     585|     96|    -|
+-----------------+---------+-----+--------+-------+-----+
|Total            |        0|    0|     585|    658|    0|
+-----------------+---------+-----+--------+-------+-----+
|Available        |      280|  220|  106400|  53200|    0|
+-----------------+---------+-----+--------+-------+-----+
|Utilization (%)  |        0|    0|      ~0|      1|    0|
+-----------------+---------+-----+--------+-------+-----+

+ Detail: 
    * Instance: 
    N/A

    * DSP: 
    N/A

    * Memory: 
    N/A

    * FIFO: 
    N/A

    * Expression: 
    +-----------------------------------+----------+----+---+----+------------+------------+
    |           Variable Name           | Operation| DSP| FF| LUT| Bitwidth P0| Bitwidth P1|
    +-----------------------------------+----------+----+---+----+------------+------------+
    |add_ln35_fu_275_p2                 |         +|   0|  0|  14|           6|           1|
    |add_ln37_1_fu_291_p2               |         +|   0|  0|  71|          64|          64|
    |add_ln37_2_fu_221_p2               |         +|   0|  0|  32|          32|          32|
    |add_ln37_fu_227_p2                 |         +|   0|  0|  32|          32|          32|
    |add_ln38_1_fu_355_p2               |         +|   0|  0|  71|          64|          64|
    |add_ln38_2_fu_328_p2               |         +|   0|  0|  32|          32|          32|
    |add_ln38_fu_333_p2                 |         +|   0|  0|  32|          32|          32|
    |add_ln41_fu_249_p2                 |         +|   0|  0|  71|          64|          64|
    |ap_block_state10_pp0_stage1_iter4  |       and|   0|  0|   2|           1|           1|
    |ap_block_state2_io                 |       and|   0|  0|   2|           1|           1|
    |ap_predicate_op57_readreq_state2   |       and|   0|  0|   2|           1|           1|
    |icmp_ln35_fu_199_p2                |      icmp|   0|  0|  14|           6|           5|
    |icmp_ln40_fu_233_p2                |      icmp|   0|  0|  14|           6|           4|
    |ap_block_pp0_stage0_11001          |        or|   0|  0|   2|           1|           1|
    |ap_block_pp0_stage1_11001          |        or|   0|  0|   2|           1|           1|
    |ap_enable_pp0                      |       xor|   0|  0|   2|           1|           2|
    +-----------------------------------+----------+----+---+----+------------+------------+
    |Total                              |          |   0|  0| 395|         344|         337|
    +-----------------------------------+----------+----+---+----+------------+------------+

    * Multiplexer: 
    +----------------------------------+----+-----------+-----+-----------+
    |               Name               | LUT| Input Size| Bits| Total Bits|
    +----------------------------------+----+-----------+-----+-----------+
    |ap_NS_fsm                         |  14|          3|    1|          3|
    |ap_done_int                       |   9|          2|    1|          2|
    |ap_enable_reg_pp0_iter0           |   9|          2|    1|          2|
    |ap_enable_reg_pp0_iter1           |   9|          2|    1|          2|
    |ap_enable_reg_pp0_iter6           |   9|          2|    1|          2|
    |ap_loop_exit_ready_pp0_iter1_reg  |   9|          2|    1|          2|
    |ap_loop_exit_ready_pp0_iter2_reg  |   9|          2|    1|          2|
    |ap_loop_exit_ready_pp0_iter3_reg  |   9|          2|    1|          2|
    |ap_loop_exit_ready_pp0_iter4_reg  |   9|          2|    1|          2|
    |ap_loop_exit_ready_pp0_iter5_reg  |   9|          2|    1|          2|
    |ap_sig_allocacmp_i_3              |   9|          2|    6|         12|
    |gmem0_blk_n_AR                    |   9|          2|    1|          2|
    |gmem0_blk_n_R                     |   9|          2|    1|          2|
    |gmem1_blk_n_AR                    |   9|          2|    1|          2|
    |gmem1_blk_n_R                     |   9|          2|    1|          2|
    |gmem3_blk_n_AR                    |   9|          2|    1|          2|
    |gmem3_blk_n_R                     |   9|          2|    1|          2|
    |i_fu_88                           |   9|          2|    6|         12|
    +----------------------------------+----+-----------+-----+-----------+
    |Total                             | 167|         37|   28|         57|
    +----------------------------------+----+-----------+-----+-----------+

    * Register: 
    +----------------------------------+----+----+-----+-----------+
    |               Name               | FF | LUT| Bits| Const Bits|
    +----------------------------------+----+----+-----+-----------+
    |add_ln37_reg_416                  |  32|   0|   32|          0|
    |add_ln38_reg_437                  |  32|   0|   32|          0|
    |ap_CS_fsm                         |   2|   0|    2|          0|
    |ap_done_reg                       |   1|   0|    1|          0|
    |ap_enable_reg_pp0_iter0_reg       |   1|   0|    1|          0|
    |ap_enable_reg_pp0_iter1           |   1|   0|    1|          0|
    |ap_enable_reg_pp0_iter2           |   1|   0|    1|          0|
    |ap_enable_reg_pp0_iter3           |   1|   0|    1|          0|
    |ap_enable_reg_pp0_iter4           |   1|   0|    1|          0|
    |ap_enable_reg_pp0_iter5           |   1|   0|    1|          0|
    |ap_enable_reg_pp0_iter6           |   1|   0|    1|          0|
    |ap_loop_exit_ready_pp0_iter1_reg  |   1|   0|    1|          0|
    |ap_loop_exit_ready_pp0_iter2_reg  |   1|   0|    1|          0|
    |ap_loop_exit_ready_pp0_iter3_reg  |   1|   0|    1|          0|
    |ap_loop_exit_ready_pp0_iter4_reg  |   1|   0|    1|          0|
    |ap_loop_exit_ready_pp0_iter5_reg  |   1|   0|    1|          0|
    |gmem0_addr_read_reg_459           |  32|   0|   32|          0|
    |gmem0_addr_reg_431                |  64|   0|   64|          0|
    |gmem1_addr_read_reg_464           |  32|   0|   32|          0|
    |gmem1_addr_reg_442                |  64|   0|   64|          0|
    |gmem3_addr_read_reg_448           |  32|   0|   32|          0|
    |gmem3_addr_reg_425                |  64|   0|   64|          0|
    |i_3_reg_401                       |   6|   0|    6|          0|
    |i_fu_88                           |   6|   0|    6|          0|
    |icmp_ln35_reg_407                 |   1|   0|    1|          0|
    |icmp_ln40_reg_421                 |   1|   0|    1|          0|
    |zext_ln35_reg_453                 |   6|   0|   64|         58|
    |zext_ln37_reg_411                 |   6|   0|   32|         26|
    |i_3_reg_401                       |  64|  32|    6|          0|
    |icmp_ln35_reg_407                 |  64|  32|    1|          0|
    |icmp_ln40_reg_421                 |  64|  32|    1|          0|
    +----------------------------------+----+----+-----+-----------+
    |Total                             | 585|  96|  485|         84|
    +----------------------------------+----+----+-----+-----------+



================================================================
== Interface
================================================================
* Summary: 
+------------------------+-----+-----+------------+-----------------------------------+--------------+
|        RTL Ports       | Dir | Bits|  Protocol  |           Source Object           |    C Type    |
+------------------------+-----+-----+------------+-----------------------------------+--------------+
|ap_clk                  |   in|    1|  ap_ctrl_hs|  dec_MIMD_Pipeline_VITIS_LOOP_35_1|  return value|
|ap_rst                  |   in|    1|  ap_ctrl_hs|  dec_MIMD_Pipeline_VITIS_LOOP_35_1|  return value|
|ap_start                |   in|    1|  ap_ctrl_hs|  dec_MIMD_Pipeline_VITIS_LOOP_35_1|  return value|
|ap_done                 |  out|    1|  ap_ctrl_hs|  dec_MIMD_Pipeline_VITIS_LOOP_35_1|  return value|
|ap_idle                 |  out|    1|  ap_ctrl_hs|  dec_MIMD_Pipeline_VITIS_LOOP_35_1|  return value|
|ap_ready                |  out|    1|  ap_ctrl_hs|  dec_MIMD_Pipeline_VITIS_LOOP_35_1|  return value|
|m_axi_gmem3_AWVALID     |  out|    1|       m_axi|                              gmem3|       pointer|
|m_axi_gmem3_AWREADY     |   in|    1|       m_axi|                              gmem3|       pointer|
|m_axi_gmem3_AWADDR      |  out|   64|       m_axi|                              gmem3|       pointer|
|m_axi_gmem3_AWID        |  out|    1|       m_axi|                              gmem3|       pointer|
|m_axi_gmem3_AWLEN       |  out|   32|       m_axi|                              gmem3|       pointer|
|m_axi_gmem3_AWSIZE      |  out|    3|       m_axi|                              gmem3|       pointer|
|m_axi_gmem3_AWBURST     |  out|    2|       m_axi|                              gmem3|       pointer|
|m_axi_gmem3_AWLOCK      |  out|    2|       m_axi|                              gmem3|       pointer|
|m_axi_gmem3_AWCACHE     |  out|    4|       m_axi|                              gmem3|       pointer|
|m_axi_gmem3_AWPROT      |  out|    3|       m_axi|                              gmem3|       pointer|
|m_axi_gmem3_AWQOS       |  out|    4|       m_axi|                              gmem3|       pointer|
|m_axi_gmem3_AWREGION    |  out|    4|       m_axi|                              gmem3|       pointer|
|m_axi_gmem3_AWUSER      |  out|    1|       m_axi|                              gmem3|       pointer|
|m_axi_gmem3_WVALID      |  out|    1|       m_axi|                              gmem3|       pointer|
|m_axi_gmem3_WREADY      |   in|    1|       m_axi|                              gmem3|       pointer|
|m_axi_gmem3_WDATA       |  out|   32|       m_axi|                              gmem3|       pointer|
|m_axi_gmem3_WSTRB       |  out|    4|       m_axi|                              gmem3|       pointer|
|m_axi_gmem3_WLAST       |  out|    1|       m_axi|                              gmem3|       pointer|
|m_axi_gmem3_WID         |  out|    1|       m_axi|                              gmem3|       pointer|
|m_axi_gmem3_WUSER       |  out|    1|       m_axi|                              gmem3|       pointer|
|m_axi_gmem3_ARVALID     |  out|    1|       m_axi|                              gmem3|       pointer|
|m_axi_gmem3_ARREADY     |   in|    1|       m_axi|                              gmem3|       pointer|
|m_axi_gmem3_ARADDR      |  out|   64|       m_axi|                              gmem3|       pointer|
|m_axi_gmem3_ARID        |  out|    1|       m_axi|                              gmem3|       pointer|
|m_axi_gmem3_ARLEN       |  out|   32|       m_axi|                              gmem3|       pointer|
|m_axi_gmem3_ARSIZE      |  out|    3|       m_axi|                              gmem3|       pointer|
|m_axi_gmem3_ARBURST     |  out|    2|       m_axi|                              gmem3|       pointer|
|m_axi_gmem3_ARLOCK      |  out|    2|       m_axi|                              gmem3|       pointer|
|m_axi_gmem3_ARCACHE     |  out|    4|       m_axi|                              gmem3|       pointer|
|m_axi_gmem3_ARPROT      |  out|    3|       m_axi|                              gmem3|       pointer|
|m_axi_gmem3_ARQOS       |  out|    4|       m_axi|                              gmem3|       pointer|
|m_axi_gmem3_ARREGION    |  out|    4|       m_axi|                              gmem3|       pointer|
|m_axi_gmem3_ARUSER      |  out|    1|       m_axi|                              gmem3|       pointer|
|m_axi_gmem3_RVALID      |   in|    1|       m_axi|                              gmem3|       pointer|
|m_axi_gmem3_RREADY      |  out|    1|       m_axi|                              gmem3|       pointer|
|m_axi_gmem3_RDATA       |   in|   32|       m_axi|                              gmem3|       pointer|
|m_axi_gmem3_RLAST       |   in|    1|       m_axi|                              gmem3|       pointer|
|m_axi_gmem3_RID         |   in|    1|       m_axi|                              gmem3|       pointer|
|m_axi_gmem3_RFIFONUM    |   in|    9|       m_axi|                              gmem3|       pointer|
|m_axi_gmem3_RUSER       |   in|    1|       m_axi|                              gmem3|       pointer|
|m_axi_gmem3_RRESP       |   in|    2|       m_axi|                              gmem3|       pointer|
|m_axi_gmem3_BVALID      |   in|    1|       m_axi|                              gmem3|       pointer|
|m_axi_gmem3_BREADY      |  out|    1|       m_axi|                              gmem3|       pointer|
|m_axi_gmem3_BRESP       |   in|    2|       m_axi|                              gmem3|       pointer|
|m_axi_gmem3_BID         |   in|    1|       m_axi|                              gmem3|       pointer|
|m_axi_gmem3_BUSER       |   in|    1|       m_axi|                              gmem3|       pointer|
|m_axi_gmem1_AWVALID     |  out|    1|       m_axi|                              gmem1|       pointer|
|m_axi_gmem1_AWREADY     |   in|    1|       m_axi|                              gmem1|       pointer|
|m_axi_gmem1_AWADDR      |  out|   64|       m_axi|                              gmem1|       pointer|
|m_axi_gmem1_AWID        |  out|    1|       m_axi|                              gmem1|       pointer|
|m_axi_gmem1_AWLEN       |  out|   32|       m_axi|                              gmem1|       pointer|
|m_axi_gmem1_AWSIZE      |  out|    3|       m_axi|                              gmem1|       pointer|
|m_axi_gmem1_AWBURST     |  out|    2|       m_axi|                              gmem1|       pointer|
|m_axi_gmem1_AWLOCK      |  out|    2|       m_axi|                              gmem1|       pointer|
|m_axi_gmem1_AWCACHE     |  out|    4|       m_axi|                              gmem1|       pointer|
|m_axi_gmem1_AWPROT      |  out|    3|       m_axi|                              gmem1|       pointer|
|m_axi_gmem1_AWQOS       |  out|    4|       m_axi|                              gmem1|       pointer|
|m_axi_gmem1_AWREGION    |  out|    4|       m_axi|                              gmem1|       pointer|
|m_axi_gmem1_AWUSER      |  out|    1|       m_axi|                              gmem1|       pointer|
|m_axi_gmem1_WVALID      |  out|    1|       m_axi|                              gmem1|       pointer|
|m_axi_gmem1_WREADY      |   in|    1|       m_axi|                              gmem1|       pointer|
|m_axi_gmem1_WDATA       |  out|   32|       m_axi|                              gmem1|       pointer|
|m_axi_gmem1_WSTRB       |  out|    4|       m_axi|                              gmem1|       pointer|
|m_axi_gmem1_WLAST       |  out|    1|       m_axi|                              gmem1|       pointer|
|m_axi_gmem1_WID         |  out|    1|       m_axi|                              gmem1|       pointer|
|m_axi_gmem1_WUSER       |  out|    1|       m_axi|                              gmem1|       pointer|
|m_axi_gmem1_ARVALID     |  out|    1|       m_axi|                              gmem1|       pointer|
|m_axi_gmem1_ARREADY     |   in|    1|       m_axi|                              gmem1|       pointer|
|m_axi_gmem1_ARADDR      |  out|   64|       m_axi|                              gmem1|       pointer|
|m_axi_gmem1_ARID        |  out|    1|       m_axi|                              gmem1|       pointer|
|m_axi_gmem1_ARLEN       |  out|   32|       m_axi|                              gmem1|       pointer|
|m_axi_gmem1_ARSIZE      |  out|    3|       m_axi|                              gmem1|       pointer|
|m_axi_gmem1_ARBURST     |  out|    2|       m_axi|                              gmem1|       pointer|
|m_axi_gmem1_ARLOCK      |  out|    2|       m_axi|                              gmem1|       pointer|
|m_axi_gmem1_ARCACHE     |  out|    4|       m_axi|                              gmem1|       pointer|
|m_axi_gmem1_ARPROT      |  out|    3|       m_axi|                              gmem1|       pointer|
|m_axi_gmem1_ARQOS       |  out|    4|       m_axi|                              gmem1|       pointer|
|m_axi_gmem1_ARREGION    |  out|    4|       m_axi|                              gmem1|       pointer|
|m_axi_gmem1_ARUSER      |  out|    1|       m_axi|                              gmem1|       pointer|
|m_axi_gmem1_RVALID      |   in|    1|       m_axi|                              gmem1|       pointer|
|m_axi_gmem1_RREADY      |  out|    1|       m_axi|                              gmem1|       pointer|
|m_axi_gmem1_RDATA       |   in|   32|       m_axi|                              gmem1|       pointer|
|m_axi_gmem1_RLAST       |   in|    1|       m_axi|                              gmem1|       pointer|
|m_axi_gmem1_RID         |   in|    1|       m_axi|                              gmem1|       pointer|
|m_axi_gmem1_RFIFONUM    |   in|    9|       m_axi|                              gmem1|       pointer|
|m_axi_gmem1_RUSER       |   in|    1|       m_axi|                              gmem1|       pointer|
|m_axi_gmem1_RRESP       |   in|    2|       m_axi|                              gmem1|       pointer|
|m_axi_gmem1_BVALID      |   in|    1|       m_axi|                              gmem1|       pointer|
|m_axi_gmem1_BREADY      |  out|    1|       m_axi|                              gmem1|       pointer|
|m_axi_gmem1_BRESP       |   in|    2|       m_axi|                              gmem1|       pointer|
|m_axi_gmem1_BID         |   in|    1|       m_axi|                              gmem1|       pointer|
|m_axi_gmem1_BUSER       |   in|    1|       m_axi|                              gmem1|       pointer|
|m_axi_gmem0_AWVALID     |  out|    1|       m_axi|                              gmem0|       pointer|
|m_axi_gmem0_AWREADY     |   in|    1|       m_axi|                              gmem0|       pointer|
|m_axi_gmem0_AWADDR      |  out|   64|       m_axi|                              gmem0|       pointer|
|m_axi_gmem0_AWID        |  out|    1|       m_axi|                              gmem0|       pointer|
|m_axi_gmem0_AWLEN       |  out|   32|       m_axi|                              gmem0|       pointer|
|m_axi_gmem0_AWSIZE      |  out|    3|       m_axi|                              gmem0|       pointer|
|m_axi_gmem0_AWBURST     |  out|    2|       m_axi|                              gmem0|       pointer|
|m_axi_gmem0_AWLOCK      |  out|    2|       m_axi|                              gmem0|       pointer|
|m_axi_gmem0_AWCACHE     |  out|    4|       m_axi|                              gmem0|       pointer|
|m_axi_gmem0_AWPROT      |  out|    3|       m_axi|                              gmem0|       pointer|
|m_axi_gmem0_AWQOS       |  out|    4|       m_axi|                              gmem0|       pointer|
|m_axi_gmem0_AWREGION    |  out|    4|       m_axi|                              gmem0|       pointer|
|m_axi_gmem0_AWUSER      |  out|    1|       m_axi|                              gmem0|       pointer|
|m_axi_gmem0_WVALID      |  out|    1|       m_axi|                              gmem0|       pointer|
|m_axi_gmem0_WREADY      |   in|    1|       m_axi|                              gmem0|       pointer|
|m_axi_gmem0_WDATA       |  out|   32|       m_axi|                              gmem0|       pointer|
|m_axi_gmem0_WSTRB       |  out|    4|       m_axi|                              gmem0|       pointer|
|m_axi_gmem0_WLAST       |  out|    1|       m_axi|                              gmem0|       pointer|
|m_axi_gmem0_WID         |  out|    1|       m_axi|                              gmem0|       pointer|
|m_axi_gmem0_WUSER       |  out|    1|       m_axi|                              gmem0|       pointer|
|m_axi_gmem0_ARVALID     |  out|    1|       m_axi|                              gmem0|       pointer|
|m_axi_gmem0_ARREADY     |   in|    1|       m_axi|                              gmem0|       pointer|
|m_axi_gmem0_ARADDR      |  out|   64|       m_axi|                              gmem0|       pointer|
|m_axi_gmem0_ARID        |  out|    1|       m_axi|                              gmem0|       pointer|
|m_axi_gmem0_ARLEN       |  out|   32|       m_axi|                              gmem0|       pointer|
|m_axi_gmem0_ARSIZE      |  out|    3|       m_axi|                              gmem0|       pointer|
|m_axi_gmem0_ARBURST     |  out|    2|       m_axi|                              gmem0|       pointer|
|m_axi_gmem0_ARLOCK      |  out|    2|       m_axi|                              gmem0|       pointer|
|m_axi_gmem0_ARCACHE     |  out|    4|       m_axi|                              gmem0|       pointer|
|m_axi_gmem0_ARPROT      |  out|    3|       m_axi|                              gmem0|       pointer|
|m_axi_gmem0_ARQOS       |  out|    4|       m_axi|                              gmem0|       pointer|
|m_axi_gmem0_ARREGION    |  out|    4|       m_axi|                              gmem0|       pointer|
|m_axi_gmem0_ARUSER      |  out|    1|       m_axi|                              gmem0|       pointer|
|m_axi_gmem0_RVALID      |   in|    1|       m_axi|                              gmem0|       pointer|
|m_axi_gmem0_RREADY      |  out|    1|       m_axi|                              gmem0|       pointer|
|m_axi_gmem0_RDATA       |   in|   32|       m_axi|                              gmem0|       pointer|
|m_axi_gmem0_RLAST       |   in|    1|       m_axi|                              gmem0|       pointer|
|m_axi_gmem0_RID         |   in|    1|       m_axi|                              gmem0|       pointer|
|m_axi_gmem0_RFIFONUM    |   in|    9|       m_axi|                              gmem0|       pointer|
|m_axi_gmem0_RUSER       |   in|    1|       m_axi|                              gmem0|       pointer|
|m_axi_gmem0_RRESP       |   in|    2|       m_axi|                              gmem0|       pointer|
|m_axi_gmem0_BVALID      |   in|    1|       m_axi|                              gmem0|       pointer|
|m_axi_gmem0_BREADY      |  out|    1|       m_axi|                              gmem0|       pointer|
|m_axi_gmem0_BRESP       |   in|    2|       m_axi|                              gmem0|       pointer|
|m_axi_gmem0_BID         |   in|    1|       m_axi|                              gmem0|       pointer|
|m_axi_gmem0_BUSER       |   in|    1|       m_axi|                              gmem0|       pointer|
|group_assign            |   in|   32|     ap_none|                       group_assign|       pointer|
|a                       |   in|   64|     ap_none|                                  a|        scalar|
|data_a_address0         |  out|    6|   ap_memory|                             data_a|         array|
|data_a_ce0              |  out|    1|   ap_memory|                             data_a|         array|
|data_a_we0              |  out|    1|   ap_memory|                             data_a|         array|
|data_a_d0               |  out|   32|   ap_memory|                             data_a|         array|
|b                       |   in|   64|     ap_none|                                  b|        scalar|
|data_b_address0         |  out|    6|   ap_memory|                             data_b|         array|
|data_b_ce0              |  out|    1|   ap_memory|                             data_b|         array|
|data_b_we0              |  out|    1|   ap_memory|                             data_b|         array|
|data_b_d0               |  out|   32|   ap_memory|                             data_b|         array|
|op                      |   in|   64|     ap_none|                                 op|        scalar|
|ALU_operation_address0  |  out|    4|   ap_memory|                      ALU_operation|         array|
|ALU_operation_ce0       |  out|    1|   ap_memory|                      ALU_operation|         array|
|ALU_operation_we0       |  out|    1|   ap_memory|                      ALU_operation|         array|
|ALU_operation_d0        |  out|   32|   ap_memory|                      ALU_operation|         array|
+------------------------+-----+-----+------------+-----------------------------------+--------------+

