

================================================================
== Vitis HLS Report for 'op_data_exe_wb_Pipeline_l_operation'
================================================================
* Date:           Sun May 19 16:11:29 2024

* Version:        2023.2 (Build 4023990 on Oct 11 2023)
* Project:        HLS
* Solution:       solution1 (Vivado IP Flow Target)
* Product family: zynq
* Target device:  xc7z020-clg400-1


================================================================
== Performance Estimates
================================================================
+ Timing: 
    * Summary: 
    +--------+----------+----------+------------+
    |  Clock |  Target  | Estimated| Uncertainty|
    +--------+----------+----------+------------+
    |ap_clk  |  10.00 ns|  7.300 ns|     2.70 ns|
    +--------+----------+----------+------------+

+ Latency: 
    * Summary: 
    +---------+---------+----------+----------+-----+-----+---------+
    |  Latency (cycles) |  Latency (absolute) |  Interval | Pipeline|
    |   min   |   max   |    min   |    max   | min | max |   Type  |
    +---------+---------+----------+----------+-----+-----+---------+
    |       61|       61|  0.610 us|  0.610 us|   61|   61|       no|
    +---------+---------+----------+----------+-----+-----+---------+

    + Detail: 
        * Instance: 
        N/A

        * Loop: 
        +---------------+---------+---------+----------+-----------+-----------+------+----------+
        |               |  Latency (cycles) | Iteration|  Initiation Interval  | Trip |          |
        |   Loop Name   |   min   |   max   |  Latency |  achieved |   target  | Count| Pipelined|
        +---------------+---------+---------+----------+-----------+-----------+------+----------+
        |- l_operation  |       59|       59|        11|          1|          1|    50|       yes|
        +---------------+---------+---------+----------+-----------+-----------+------+----------+



================================================================
== Utilization Estimates
================================================================
* Summary: 
+-----------------+---------+-----+--------+-------+-----+
|       Name      | BRAM_18K| DSP |   FF   |  LUT  | URAM|
+-----------------+---------+-----+--------+-------+-----+
|DSP              |        -|    -|       -|      -|    -|
|Expression       |        -|    -|       0|    105|    -|
|FIFO             |        -|    -|       -|      -|    -|
|Instance         |        -|    -|       -|      -|    -|
|Memory           |        -|    -|       -|      -|    -|
|Multiplexer      |        -|    -|       -|     63|    -|
|Register         |        -|    -|     123|      -|    -|
+-----------------+---------+-----+--------+-------+-----+
|Total            |        0|    0|     123|    168|    0|
+-----------------+---------+-----+--------+-------+-----+
|Available        |      280|  220|  106400|  53200|    0|
+-----------------+---------+-----+--------+-------+-----+
|Utilization (%)  |        0|    0|      ~0|     ~0|    0|
+-----------------+---------+-----+--------+-------+-----+

+ Detail: 
    * Instance: 
    N/A

    * DSP: 
    N/A

    * Memory: 
    N/A

    * FIFO: 
    N/A

    * Expression: 
    +---------------------------+----------+----+---+----+------------+------------+
    |       Variable Name       | Operation| DSP| FF| LUT| Bitwidth P0| Bitwidth P1|
    +---------------------------+----------+----+---+----+------------+------------+
    |add_ln76_fu_105_p2         |         +|   0|  0|  14|           6|           1|
    |add_ln80_fu_123_p2         |         +|   0|  0|  71|          64|          64|
    |icmp_ln76_fu_99_p2         |      icmp|   0|  0|  14|           6|           5|
    |ap_block_pp0_stage0_01001  |        or|   0|  0|   2|           1|           1|
    |ap_block_pp0_stage0_11001  |        or|   0|  0|   2|           1|           1|
    |ap_enable_pp0              |       xor|   0|  0|   2|           1|           2|
    +---------------------------+----------+----+---+----+------------+------------+
    |Total                      |          |   0|  0| 105|          79|          74|
    +---------------------------+----------+----+---+----+------------+------------+

    * Multiplexer: 
    +-------------------------+----+-----------+-----+-----------+
    |           Name          | LUT| Input Size| Bits| Total Bits|
    +-------------------------+----+-----------+-----+-----------+
    |ALU_operation_blk_n      |   9|          2|    1|          2|
    |ap_done_int              |   9|          2|    1|          2|
    |ap_enable_reg_pp0_iter1  |   9|          2|    1|          2|
    |ap_sig_allocacmp_i_5     |   9|          2|    6|         12|
    |gmem3_blk_n_AR           |   9|          2|    1|          2|
    |gmem3_blk_n_R            |   9|          2|    1|          2|
    |i_fu_62                  |   9|          2|    6|         12|
    +-------------------------+----+-----------+-----+-----------+
    |Total                    |  63|         14|   17|         34|
    +-------------------------+----+-----------+-----+-----------+

    * Register: 
    +----------------------------------+----+----+-----+-----------+
    |               Name               | FF | LUT| Bits| Const Bits|
    +----------------------------------+----+----+-----+-----------+
    |ap_CS_fsm                         |   1|   0|    1|          0|
    |ap_done_reg                       |   1|   0|    1|          0|
    |ap_enable_reg_pp0_iter1           |   1|   0|    1|          0|
    |ap_enable_reg_pp0_iter10          |   1|   0|    1|          0|
    |ap_enable_reg_pp0_iter2           |   1|   0|    1|          0|
    |ap_enable_reg_pp0_iter3           |   1|   0|    1|          0|
    |ap_enable_reg_pp0_iter4           |   1|   0|    1|          0|
    |ap_enable_reg_pp0_iter5           |   1|   0|    1|          0|
    |ap_enable_reg_pp0_iter6           |   1|   0|    1|          0|
    |ap_enable_reg_pp0_iter7           |   1|   0|    1|          0|
    |ap_enable_reg_pp0_iter8           |   1|   0|    1|          0|
    |ap_enable_reg_pp0_iter9           |   1|   0|    1|          0|
    |ap_loop_exit_ready_pp0_iter1_reg  |   1|   0|    1|          0|
    |ap_loop_exit_ready_pp0_iter2_reg  |   1|   0|    1|          0|
    |ap_loop_exit_ready_pp0_iter3_reg  |   1|   0|    1|          0|
    |ap_loop_exit_ready_pp0_iter4_reg  |   1|   0|    1|          0|
    |ap_loop_exit_ready_pp0_iter5_reg  |   1|   0|    1|          0|
    |ap_loop_exit_ready_pp0_iter6_reg  |   1|   0|    1|          0|
    |ap_loop_exit_ready_pp0_iter7_reg  |   1|   0|    1|          0|
    |ap_loop_exit_ready_pp0_iter8_reg  |   1|   0|    1|          0|
    |ap_loop_exit_ready_pp0_iter9_reg  |   1|   0|    1|          0|
    |gmem3_addr_reg_165                |  64|   0|   64|          0|
    |i_fu_62                           |   6|   0|    6|          0|
    |tmp_op_reg_171                    |  32|   0|   32|          0|
    +----------------------------------+----+----+-----+-----------+
    |Total                             | 123|   0|  123|          0|
    +----------------------------------+----+----+-----+-----------+



================================================================
== Interface
================================================================
* Summary: 
+----------------------+-----+-----+------------+-------------------------------------+--------------+
|       RTL Ports      | Dir | Bits|  Protocol  |            Source Object            |    C Type    |
+----------------------+-----+-----+------------+-------------------------------------+--------------+
|ap_clk                |   in|    1|  ap_ctrl_hs|  op_data_exe_wb_Pipeline_l_operation|  return value|
|ap_rst                |   in|    1|  ap_ctrl_hs|  op_data_exe_wb_Pipeline_l_operation|  return value|
|ap_start              |   in|    1|  ap_ctrl_hs|  op_data_exe_wb_Pipeline_l_operation|  return value|
|ap_done               |  out|    1|  ap_ctrl_hs|  op_data_exe_wb_Pipeline_l_operation|  return value|
|ap_idle               |  out|    1|  ap_ctrl_hs|  op_data_exe_wb_Pipeline_l_operation|  return value|
|ap_ready              |  out|    1|  ap_ctrl_hs|  op_data_exe_wb_Pipeline_l_operation|  return value|
|m_axi_gmem3_AWVALID   |  out|    1|       m_axi|                                gmem3|       pointer|
|m_axi_gmem3_AWREADY   |   in|    1|       m_axi|                                gmem3|       pointer|
|m_axi_gmem3_AWADDR    |  out|   64|       m_axi|                                gmem3|       pointer|
|m_axi_gmem3_AWID      |  out|    1|       m_axi|                                gmem3|       pointer|
|m_axi_gmem3_AWLEN     |  out|   32|       m_axi|                                gmem3|       pointer|
|m_axi_gmem3_AWSIZE    |  out|    3|       m_axi|                                gmem3|       pointer|
|m_axi_gmem3_AWBURST   |  out|    2|       m_axi|                                gmem3|       pointer|
|m_axi_gmem3_AWLOCK    |  out|    2|       m_axi|                                gmem3|       pointer|
|m_axi_gmem3_AWCACHE   |  out|    4|       m_axi|                                gmem3|       pointer|
|m_axi_gmem3_AWPROT    |  out|    3|       m_axi|                                gmem3|       pointer|
|m_axi_gmem3_AWQOS     |  out|    4|       m_axi|                                gmem3|       pointer|
|m_axi_gmem3_AWREGION  |  out|    4|       m_axi|                                gmem3|       pointer|
|m_axi_gmem3_AWUSER    |  out|    1|       m_axi|                                gmem3|       pointer|
|m_axi_gmem3_WVALID    |  out|    1|       m_axi|                                gmem3|       pointer|
|m_axi_gmem3_WREADY    |   in|    1|       m_axi|                                gmem3|       pointer|
|m_axi_gmem3_WDATA     |  out|   32|       m_axi|                                gmem3|       pointer|
|m_axi_gmem3_WSTRB     |  out|    4|       m_axi|                                gmem3|       pointer|
|m_axi_gmem3_WLAST     |  out|    1|       m_axi|                                gmem3|       pointer|
|m_axi_gmem3_WID       |  out|    1|       m_axi|                                gmem3|       pointer|
|m_axi_gmem3_WUSER     |  out|    1|       m_axi|                                gmem3|       pointer|
|m_axi_gmem3_ARVALID   |  out|    1|       m_axi|                                gmem3|       pointer|
|m_axi_gmem3_ARREADY   |   in|    1|       m_axi|                                gmem3|       pointer|
|m_axi_gmem3_ARADDR    |  out|   64|       m_axi|                                gmem3|       pointer|
|m_axi_gmem3_ARID      |  out|    1|       m_axi|                                gmem3|       pointer|
|m_axi_gmem3_ARLEN     |  out|   32|       m_axi|                                gmem3|       pointer|
|m_axi_gmem3_ARSIZE    |  out|    3|       m_axi|                                gmem3|       pointer|
|m_axi_gmem3_ARBURST   |  out|    2|       m_axi|                                gmem3|       pointer|
|m_axi_gmem3_ARLOCK    |  out|    2|       m_axi|                                gmem3|       pointer|
|m_axi_gmem3_ARCACHE   |  out|    4|       m_axi|                                gmem3|       pointer|
|m_axi_gmem3_ARPROT    |  out|    3|       m_axi|                                gmem3|       pointer|
|m_axi_gmem3_ARQOS     |  out|    4|       m_axi|                                gmem3|       pointer|
|m_axi_gmem3_ARREGION  |  out|    4|       m_axi|                                gmem3|       pointer|
|m_axi_gmem3_ARUSER    |  out|    1|       m_axi|                                gmem3|       pointer|
|m_axi_gmem3_RVALID    |   in|    1|       m_axi|                                gmem3|       pointer|
|m_axi_gmem3_RREADY    |  out|    1|       m_axi|                                gmem3|       pointer|
|m_axi_gmem3_RDATA     |   in|   32|       m_axi|                                gmem3|       pointer|
|m_axi_gmem3_RLAST     |   in|    1|       m_axi|                                gmem3|       pointer|
|m_axi_gmem3_RID       |   in|    1|       m_axi|                                gmem3|       pointer|
|m_axi_gmem3_RFIFONUM  |   in|    9|       m_axi|                                gmem3|       pointer|
|m_axi_gmem3_RUSER     |   in|    1|       m_axi|                                gmem3|       pointer|
|m_axi_gmem3_RRESP     |   in|    2|       m_axi|                                gmem3|       pointer|
|m_axi_gmem3_BVALID    |   in|    1|       m_axi|                                gmem3|       pointer|
|m_axi_gmem3_BREADY    |  out|    1|       m_axi|                                gmem3|       pointer|
|m_axi_gmem3_BRESP     |   in|    2|       m_axi|                                gmem3|       pointer|
|m_axi_gmem3_BID       |   in|    1|       m_axi|                                gmem3|       pointer|
|m_axi_gmem3_BUSER     |   in|    1|       m_axi|                                gmem3|       pointer|
|ALU_operation_din     |  out|   32|     ap_fifo|                        ALU_operation|       pointer|
|ALU_operation_full_n  |   in|    1|     ap_fifo|                        ALU_operation|       pointer|
|ALU_operation_write   |  out|    1|     ap_fifo|                        ALU_operation|       pointer|
|op                    |   in|   64|     ap_none|                                   op|        scalar|
+----------------------+-----+-----+------------+-------------------------------------+--------------+

