C:\Users\lotto\Desktop\Alveare\M_AXI_ALU\alv_VHDL\alv_VHDL\solution1\.autopilot\db\core.pp.0.cpp:2252:7: warning: Added loop label VITIS_LOOP_1207_1:   [xilinx-label-all-loops]
      for (i = 0; i < __N - 1; ++i) {
      ^~~
      VITIS_LOOP_1207_1: 
C:\Users\lotto\Desktop\Alveare\M_AXI_ALU\alv_VHDL\alv_VHDL\solution1\.autopilot\db\core.pp.0.cpp:2252:7: note: FIX-IT applied suggested code changes
C:\Users\lotto\Desktop\Alveare\M_AXI_ALU\alv_VHDL\alv_VHDL\solution1\.autopilot\db\core.pp.0.cpp:3226:5: warning: Added loop label VITIS_LOOP_676_1:   [xilinx-label-all-loops]
    for (unsigned i = low; i != high; ++i) {
    ^~~
    VITIS_LOOP_676_1: 
C:\Users\lotto\Desktop\Alveare\M_AXI_ALU\alv_VHDL\alv_VHDL\solution1\.autopilot\db\core.pp.0.cpp:3226:5: note: FIX-IT applied suggested code changes
C:\Users\lotto\Desktop\Alveare\M_AXI_ALU\alv_VHDL\alv_VHDL\solution1\.autopilot\db\core.pp.0.cpp:3240:5: warning: Added loop label VITIS_LOOP_690_1:   [xilinx-label-all-loops]
    for (unsigned i = low; i != high; ++i) {
    ^~~
    VITIS_LOOP_690_1: 
C:\Users\lotto\Desktop\Alveare\M_AXI_ALU\alv_VHDL\alv_VHDL\solution1\.autopilot\db\core.pp.0.cpp:3240:5: note: FIX-IT applied suggested code changes
C:\Users\lotto\Desktop\Alveare\M_AXI_ALU\alv_VHDL\alv_VHDL\solution1\.autopilot\db\core.pp.0.cpp:3254:5: warning: Added loop label VITIS_LOOP_704_1:   [xilinx-label-all-loops]
    for (unsigned i = low; i != high; ++i) {
    ^~~
    VITIS_LOOP_704_1: 
C:\Users\lotto\Desktop\Alveare\M_AXI_ALU\alv_VHDL\alv_VHDL\solution1\.autopilot\db\core.pp.0.cpp:3254:5: note: FIX-IT applied suggested code changes
C:\Users\lotto\Desktop\Alveare\M_AXI_ALU\alv_VHDL\alv_VHDL\solution1\.autopilot\db\core.pp.0.cpp:4883:7: warning: Added loop label VITIS_LOOP_1247_1:   [xilinx-label-all-loops]
      for (i = 0; i < __N - 1; ++i) {
      ^~~
      VITIS_LOOP_1247_1: 
C:\Users\lotto\Desktop\Alveare\M_AXI_ALU\alv_VHDL\alv_VHDL\solution1\.autopilot\db\core.pp.0.cpp:4883:7: note: FIX-IT applied suggested code changes
