INFO: [SIM 2] *************** CSIM start ***************
INFO: [SIM 4] CSIM will launch GCC as the compiler.
   Compiling(apcc) ../../../core.c in debug mode
ECHO disattivato.
ECHO disattivato.
INFO: [HLS 200-10] Running 'C:/Xilinx/Vitis_HLS/2023.2/bin/unwrapped/win64.o/apcc.exe'
INFO: [HLS 200-10] For user 'lotto' on host 'msi' (Windows NT_amd64 version 6.2) on Sun Apr 21 13:44:43 +0200 2024
INFO: [HLS 200-10] In directory 'C:/Users/lotto/Desktop/Alveare/M_AXI_ALU/M_AXI_ALU/dec_MIMD/dec_MIMD/solution1/csim/build'
INFO: [APCC 202-3] Tmp directory is C:/Users/lotto/Desktop/Alveare/M_AXI_ALU/M_AXI_ALU/dec_MIMD/dec_MIMD/solution1/csim/build/apcc_db_lotto/168603637584311
INFO: [APCC 202-1] APCC is done.
INFO: [HLS 200-112] Total CPU user time: 0 seconds. Total CPU system time: 0 seconds. Total elapsed time: 0.962 seconds; peak allocated memory: 8.480 MB.
   Generating csim.exe


A = 80 B = 40 RES = 107, OP = 0, GROUP = 4 
A = 82 B = 41 RES = 68, OP = 1, GROUP = 4 
A = 84 B = 42 RES = 168, OP = 2, GROUP = 4 
A = 86 B = 43 RES = 86, OP = 3, GROUP = 4 
A = 88 B = 44 RES = 44, OP = 4, GROUP = 4 
A = 90 B = 45 RES = 22, OP = 5, GROUP = 4 
A = 92 B = 46 RES = 138, OP = 6, GROUP = 4 
A = 94 B = 47 RES = 47, OP = 7, GROUP = 4 
A = 96 B = 48 RES = 4608, OP = 8, GROUP = 4 
A = 98 B = 49 RES = 2, OP = 9, GROUP = 4 


INFO: [SIM 1] CSim done with 0 errors.
INFO: [SIM 3] *************** CSIM finish ***************
