

================================================================
== Vitis HLS Report for 'Block_entry1_proc'
================================================================
* Date:           Sun Jun 23 13:22:58 2024

* Version:        2023.2 (Build 4023990 on Oct 11 2023)
* Project:        ALU_sys_HDL
* Solution:       solution1 (Vivado IP Flow Target)
* Product family: zynq
* Target device:  xc7z020-clg400-1


================================================================
== Performance Estimates
================================================================
+ Timing: 
    * Summary: 
    +--------+----------+----------+------------+
    |  Clock |  Target  | Estimated| Uncertainty|
    +--------+----------+----------+------------+
    |ap_clk  |  10.00 ns|  7.300 ns|     2.70 ns|
    +--------+----------+----------+------------+

+ Latency: 
    * Summary: 
    +---------+---------+----------+----------+-----+-----+---------+
    |  Latency (cycles) |  Latency (absolute) |  Interval | Pipeline|
    |   min   |   max   |    min   |    max   | min | max |   Type  |
    +---------+---------+----------+----------+-----+-----+---------+
    |        ?|        ?|         ?|         ?|    ?|    ?|       no|
    +---------+---------+----------+----------+-----+-----+---------+

    + Detail: 
        * Instance: 
        +---------------------------+----------------+---------+---------+----------+----------+-----+-----+---------+
        |                           |                |  Latency (cycles) |  Latency (absolute) |  Interval | Pipeline|
        |          Instance         |     Module     |   min   |   max   |    min   |    max   | min | max |   Type  |
        +---------------------------+----------------+---------+---------+----------+----------+-----+-----+---------+
        |grp_op_data_exe_wb_fu_112  |op_data_exe_wb  |      699|      699|  6.990 us|  6.990 us|  699|  699|       no|
        |grp_data_exe_wb_fu_142     |data_exe_wb     |      480|      480|  4.800 us|  4.800 us|  480|  480|       no|
        |grp_operation_fu_166       |operation       |      218|      218|  2.180 us|  2.180 us|  218|  218|       no|
        |grp_reset_fu_178           |reset           |        ?|        ?|         ?|         ?|    ?|    ?|       no|
        +---------------------------+----------------+---------+---------+----------+----------+-----+-----+---------+

        * Loop: 
        N/A



================================================================
== Utilization Estimates
================================================================
* Summary: 
+-----------------+---------+-----+--------+-------+-----+
|       Name      | BRAM_18K| DSP |   FF   |  LUT  | URAM|
+-----------------+---------+-----+--------+-------+-----+
|DSP              |        -|    -|       -|      -|    -|
|Expression       |        -|    -|       0|      6|    -|
|FIFO             |        8|    -|     656|    328|    -|
|Instance         |        -|    6|    6879|   6440|    -|
|Memory           |        1|    -|       0|      0|    0|
|Multiplexer      |        -|    -|       -|   1091|    -|
|Register         |        -|    -|       7|      -|    -|
+-----------------+---------+-----+--------+-------+-----+
|Total            |        9|    6|    7542|   7865|    0|
+-----------------+---------+-----+--------+-------+-----+
|Available        |      280|  220|  106400|  53200|    0|
+-----------------+---------+-----+--------+-------+-----+
|Utilization (%)  |        3|    2|       7|     14|    0|
+-----------------+---------+-----+--------+-------+-----+

+ Detail: 
    * Instance: 
    +---------------------------+----------------+---------+----+------+------+-----+
    |          Instance         |     Module     | BRAM_18K| DSP|  FF  |  LUT | URAM|
    +---------------------------+----------------+---------+----+------+------+-----+
    |grp_data_exe_wb_fu_142     |data_exe_wb     |        0|   3|  3277|  2789|    0|
    |grp_op_data_exe_wb_fu_112  |op_data_exe_wb  |        0|   3|  3426|  3135|    0|
    |grp_operation_fu_166       |operation       |        0|   0|   149|   318|    0|
    |grp_reset_fu_178           |reset           |        0|   0|    27|   198|    0|
    +---------------------------+----------------+---------+----+------+------+-----+
    |Total                      |                |        0|   6|  6879|  6440|    0|
    +---------------------------+----------------+---------+----+------+------+-----+

    * DSP: 
    N/A

    * Memory: 
    +---------------------+---------------------------------------------------+---------+---+----+-----+------+-----+------+-------------+
    |        Memory       |                       Module                      | BRAM_18K| FF| LUT| URAM| Words| Bits| Banks| W*Bits*Banks|
    +---------------------+---------------------------------------------------+---------+---+----+-----+------+-----+------+-------------+
    |ALU_operation_MEM_U  |Block_entry1_proc_ALU_operation_MEM_RAM_AUTO_1R1W  |        1|  0|   0|    0|   100|   32|     1|         3200|
    +---------------------+---------------------------------------------------+---------+---+----+-----+------+-----+------+-------------+
    |Total                |                                                   |        1|  0|   0|    0|   100|   32|     1|         3200|
    +---------------------+---------------------------------------------------+---------+---+----+-----+------+-----+------+-------------+

    * FIFO: 
    +----------------------+---------+-----+----+-----+------+-----+---------+
    |         Name         | BRAM_18K|  FF | LUT| URAM| Depth| Bits| Size:D*B|
    +----------------------+---------+-----+----+-----+------+-----+---------+
    |ALU_operation_fifo_U  |        2|  164|   0|    -|   100|   32|     3200|
    |data_a_fifo_U         |        2|  164|   0|    -|   100|   32|     3200|
    |data_b_fifo_U         |        2|  164|   0|    -|   100|   32|     3200|
    |data_result_fifo_U    |        2|  164|   0|    -|   100|   32|     3200|
    +----------------------+---------+-----+----+-----+------+-----+---------+
    |Total                 |        8|  656|   0|    0|   400|  128|    12800|
    +----------------------+---------+-----+----+-----+------+-----+---------+

    * Expression: 
    +---------------------------------+----------+----+---+----+------------+------------+
    |          Variable Name          | Operation| DSP| FF| LUT| Bitwidth P0| Bitwidth P1|
    +---------------------------------+----------+----+---+----+------------+------------+
    |ap_condition_811                 |       and|   0|  0|   2|           1|           1|
    |ap_block_state1                  |        or|   0|  0|   2|           1|           1|
    |ap_block_state2_on_subcall_done  |        or|   0|  0|   2|           1|           1|
    +---------------------------------+----------+----+---+----+------------+------------+
    |Total                            |          |   0|  0|   6|           3|           3|
    +---------------------------------+----------+----+---+----+------------+------------+

    * Multiplexer: 
    +----------------------------+----+-----------+-----+-----------+
    |            Name            | LUT| Input Size| Bits| Total Bits|
    +----------------------------+----+-----------+-----+-----------+
    |ALU_operation_MEM_address0  |  25|          5|    7|         35|
    |ALU_operation_MEM_ce0       |  25|          5|    1|          5|
    |ALU_operation_MEM_d0        |  20|          4|   32|        128|
    |ALU_operation_MEM_we0       |  20|          4|    1|          4|
    |ALU_operation_din           |   9|          2|   32|         64|
    |ALU_operation_read          |  20|          4|    1|          4|
    |ALU_operation_write         |  14|          3|    1|          3|
    |ap_NS_fsm                   |  14|          3|    1|          3|
    |ap_done                     |   9|          2|    1|          2|
    |data_a_din                  |   9|          2|   32|         64|
    |data_a_read                 |  20|          4|    1|          4|
    |data_a_write                |  14|          3|    1|          3|
    |data_b_din                  |   9|          2|   32|         64|
    |data_b_read                 |  20|          4|    1|          4|
    |data_b_write                |  14|          3|    1|          3|
    |data_result_din             |   9|          2|   32|         64|
    |data_result_read            |  14|          3|    1|          3|
    |data_result_write           |  14|          3|    1|          3|
    |m_axi_gmem0_ARADDR          |  14|          3|   64|        192|
    |m_axi_gmem0_ARBURST         |  14|          3|    2|          6|
    |m_axi_gmem0_ARCACHE         |  14|          3|    4|         12|
    |m_axi_gmem0_ARID            |  14|          3|    1|          3|
    |m_axi_gmem0_ARLEN           |  14|          3|   32|         96|
    |m_axi_gmem0_ARLOCK          |  14|          3|    2|          6|
    |m_axi_gmem0_ARPROT          |  14|          3|    3|          9|
    |m_axi_gmem0_ARQOS           |  14|          3|    4|         12|
    |m_axi_gmem0_ARREGION        |  14|          3|    4|         12|
    |m_axi_gmem0_ARSIZE          |  14|          3|    3|          9|
    |m_axi_gmem0_ARUSER          |  14|          3|    1|          3|
    |m_axi_gmem0_ARVALID         |  14|          3|    1|          3|
    |m_axi_gmem0_RREADY          |  14|          3|    1|          3|
    |m_axi_gmem1_ARADDR          |  14|          3|   64|        192|
    |m_axi_gmem1_ARBURST         |  14|          3|    2|          6|
    |m_axi_gmem1_ARCACHE         |  14|          3|    4|         12|
    |m_axi_gmem1_ARID            |  14|          3|    1|          3|
    |m_axi_gmem1_ARLEN           |  14|          3|   32|         96|
    |m_axi_gmem1_ARLOCK          |  14|          3|    2|          6|
    |m_axi_gmem1_ARPROT          |  14|          3|    3|          9|
    |m_axi_gmem1_ARQOS           |  14|          3|    4|         12|
    |m_axi_gmem1_ARREGION        |  14|          3|    4|         12|
    |m_axi_gmem1_ARSIZE          |  14|          3|    3|          9|
    |m_axi_gmem1_ARUSER          |  14|          3|    1|          3|
    |m_axi_gmem1_ARVALID         |  14|          3|    1|          3|
    |m_axi_gmem1_RREADY          |  14|          3|    1|          3|
    |m_axi_gmem2_AWADDR          |  14|          3|   64|        192|
    |m_axi_gmem2_AWBURST         |  14|          3|    2|          6|
    |m_axi_gmem2_AWCACHE         |  14|          3|    4|         12|
    |m_axi_gmem2_AWID            |  14|          3|    1|          3|
    |m_axi_gmem2_AWLEN           |  14|          3|   32|         96|
    |m_axi_gmem2_AWLOCK          |  14|          3|    2|          6|
    |m_axi_gmem2_AWPROT          |  14|          3|    3|          9|
    |m_axi_gmem2_AWQOS           |  14|          3|    4|         12|
    |m_axi_gmem2_AWREGION        |  14|          3|    4|         12|
    |m_axi_gmem2_AWSIZE          |  14|          3|    3|          9|
    |m_axi_gmem2_AWUSER          |  14|          3|    1|          3|
    |m_axi_gmem2_AWVALID         |  14|          3|    1|          3|
    |m_axi_gmem2_BREADY          |  14|          3|    1|          3|
    |m_axi_gmem2_WDATA           |  14|          3|   32|         96|
    |m_axi_gmem2_WID             |  14|          3|    1|          3|
    |m_axi_gmem2_WLAST           |  14|          3|    1|          3|
    |m_axi_gmem2_WSTRB           |  14|          3|    4|         12|
    |m_axi_gmem2_WUSER           |  14|          3|    1|          3|
    |m_axi_gmem2_WVALID          |  14|          3|    1|          3|
    |m_axi_gmem3_ARADDR          |  14|          3|   64|        192|
    |m_axi_gmem3_ARBURST         |  14|          3|    2|          6|
    |m_axi_gmem3_ARCACHE         |  14|          3|    4|         12|
    |m_axi_gmem3_ARID            |  14|          3|    1|          3|
    |m_axi_gmem3_ARLEN           |  14|          3|   32|         96|
    |m_axi_gmem3_ARLOCK          |  14|          3|    2|          6|
    |m_axi_gmem3_ARPROT          |  14|          3|    3|          9|
    |m_axi_gmem3_ARQOS           |  14|          3|    4|         12|
    |m_axi_gmem3_ARREGION        |  14|          3|    4|         12|
    |m_axi_gmem3_ARSIZE          |  14|          3|    3|          9|
    |m_axi_gmem3_ARUSER          |  14|          3|    1|          3|
    |m_axi_gmem3_ARVALID         |  14|          3|    1|          3|
    |m_axi_gmem3_RREADY          |  14|          3|    1|          3|
    +----------------------------+----+-----------+-----+-----------+
    |Total                       |1091|        232|  707|       2044|
    +----------------------------+----+-----------+-----+-----------+

    * Register: 
    +----------------------------------------+---+----+-----+-----------+
    |                  Name                  | FF| LUT| Bits| Const Bits|
    +----------------------------------------+---+----+-----+-----------+
    |ap_CS_fsm                               |  2|   0|    2|          0|
    |ap_done_reg                             |  1|   0|    1|          0|
    |grp_data_exe_wb_fu_142_ap_start_reg     |  1|   0|    1|          0|
    |grp_op_data_exe_wb_fu_112_ap_start_reg  |  1|   0|    1|          0|
    |grp_operation_fu_166_ap_start_reg       |  1|   0|    1|          0|
    |grp_reset_fu_178_ap_start_reg           |  1|   0|    1|          0|
    +----------------------------------------+---+----+-----+-----------+
    |Total                                   |  7|   0|    7|          0|
    +----------------------------------------+---+----+-----+-----------+



================================================================
== Interface
================================================================
* Summary: 
+----------------------+-----+-----+------------+-------------------+--------------+
|       RTL Ports      | Dir | Bits|  Protocol  |   Source Object   |    C Type    |
+----------------------+-----+-----+------------+-------------------+--------------+
|ap_clk                |   in|    1|  ap_ctrl_hs|  Block_entry1_proc|  return value|
|ap_rst                |   in|    1|  ap_ctrl_hs|  Block_entry1_proc|  return value|
|ap_start              |   in|    1|  ap_ctrl_hs|  Block_entry1_proc|  return value|
|ap_done               |  out|    1|  ap_ctrl_hs|  Block_entry1_proc|  return value|
|ap_continue           |   in|    1|  ap_ctrl_hs|  Block_entry1_proc|  return value|
|ap_idle               |  out|    1|  ap_ctrl_hs|  Block_entry1_proc|  return value|
|ap_ready              |  out|    1|  ap_ctrl_hs|  Block_entry1_proc|  return value|
|selec                 |   in|   32|     ap_none|              selec|        scalar|
|m_axi_gmem3_AWVALID   |  out|    1|       m_axi|              gmem3|       pointer|
|m_axi_gmem3_AWREADY   |   in|    1|       m_axi|              gmem3|       pointer|
|m_axi_gmem3_AWADDR    |  out|   64|       m_axi|              gmem3|       pointer|
|m_axi_gmem3_AWID      |  out|    1|       m_axi|              gmem3|       pointer|
|m_axi_gmem3_AWLEN     |  out|   32|       m_axi|              gmem3|       pointer|
|m_axi_gmem3_AWSIZE    |  out|    3|       m_axi|              gmem3|       pointer|
|m_axi_gmem3_AWBURST   |  out|    2|       m_axi|              gmem3|       pointer|
|m_axi_gmem3_AWLOCK    |  out|    2|       m_axi|              gmem3|       pointer|
|m_axi_gmem3_AWCACHE   |  out|    4|       m_axi|              gmem3|       pointer|
|m_axi_gmem3_AWPROT    |  out|    3|       m_axi|              gmem3|       pointer|
|m_axi_gmem3_AWQOS     |  out|    4|       m_axi|              gmem3|       pointer|
|m_axi_gmem3_AWREGION  |  out|    4|       m_axi|              gmem3|       pointer|
|m_axi_gmem3_AWUSER    |  out|    1|       m_axi|              gmem3|       pointer|
|m_axi_gmem3_WVALID    |  out|    1|       m_axi|              gmem3|       pointer|
|m_axi_gmem3_WREADY    |   in|    1|       m_axi|              gmem3|       pointer|
|m_axi_gmem3_WDATA     |  out|   32|       m_axi|              gmem3|       pointer|
|m_axi_gmem3_WSTRB     |  out|    4|       m_axi|              gmem3|       pointer|
|m_axi_gmem3_WLAST     |  out|    1|       m_axi|              gmem3|       pointer|
|m_axi_gmem3_WID       |  out|    1|       m_axi|              gmem3|       pointer|
|m_axi_gmem3_WUSER     |  out|    1|       m_axi|              gmem3|       pointer|
|m_axi_gmem3_ARVALID   |  out|    1|       m_axi|              gmem3|       pointer|
|m_axi_gmem3_ARREADY   |   in|    1|       m_axi|              gmem3|       pointer|
|m_axi_gmem3_ARADDR    |  out|   64|       m_axi|              gmem3|       pointer|
|m_axi_gmem3_ARID      |  out|    1|       m_axi|              gmem3|       pointer|
|m_axi_gmem3_ARLEN     |  out|   32|       m_axi|              gmem3|       pointer|
|m_axi_gmem3_ARSIZE    |  out|    3|       m_axi|              gmem3|       pointer|
|m_axi_gmem3_ARBURST   |  out|    2|       m_axi|              gmem3|       pointer|
|m_axi_gmem3_ARLOCK    |  out|    2|       m_axi|              gmem3|       pointer|
|m_axi_gmem3_ARCACHE   |  out|    4|       m_axi|              gmem3|       pointer|
|m_axi_gmem3_ARPROT    |  out|    3|       m_axi|              gmem3|       pointer|
|m_axi_gmem3_ARQOS     |  out|    4|       m_axi|              gmem3|       pointer|
|m_axi_gmem3_ARREGION  |  out|    4|       m_axi|              gmem3|       pointer|
|m_axi_gmem3_ARUSER    |  out|    1|       m_axi|              gmem3|       pointer|
|m_axi_gmem3_RVALID    |   in|    1|       m_axi|              gmem3|       pointer|
|m_axi_gmem3_RREADY    |  out|    1|       m_axi|              gmem3|       pointer|
|m_axi_gmem3_RDATA     |   in|   32|       m_axi|              gmem3|       pointer|
|m_axi_gmem3_RLAST     |   in|    1|       m_axi|              gmem3|       pointer|
|m_axi_gmem3_RID       |   in|    1|       m_axi|              gmem3|       pointer|
|m_axi_gmem3_RFIFONUM  |   in|    9|       m_axi|              gmem3|       pointer|
|m_axi_gmem3_RUSER     |   in|    1|       m_axi|              gmem3|       pointer|
|m_axi_gmem3_RRESP     |   in|    2|       m_axi|              gmem3|       pointer|
|m_axi_gmem3_BVALID    |   in|    1|       m_axi|              gmem3|       pointer|
|m_axi_gmem3_BREADY    |  out|    1|       m_axi|              gmem3|       pointer|
|m_axi_gmem3_BRESP     |   in|    2|       m_axi|              gmem3|       pointer|
|m_axi_gmem3_BID       |   in|    1|       m_axi|              gmem3|       pointer|
|m_axi_gmem3_BUSER     |   in|    1|       m_axi|              gmem3|       pointer|
|op                    |   in|   64|     ap_none|                 op|        scalar|
|m_axi_gmem0_AWVALID   |  out|    1|       m_axi|              gmem0|       pointer|
|m_axi_gmem0_AWREADY   |   in|    1|       m_axi|              gmem0|       pointer|
|m_axi_gmem0_AWADDR    |  out|   64|       m_axi|              gmem0|       pointer|
|m_axi_gmem0_AWID      |  out|    1|       m_axi|              gmem0|       pointer|
|m_axi_gmem0_AWLEN     |  out|   32|       m_axi|              gmem0|       pointer|
|m_axi_gmem0_AWSIZE    |  out|    3|       m_axi|              gmem0|       pointer|
|m_axi_gmem0_AWBURST   |  out|    2|       m_axi|              gmem0|       pointer|
|m_axi_gmem0_AWLOCK    |  out|    2|       m_axi|              gmem0|       pointer|
|m_axi_gmem0_AWCACHE   |  out|    4|       m_axi|              gmem0|       pointer|
|m_axi_gmem0_AWPROT    |  out|    3|       m_axi|              gmem0|       pointer|
|m_axi_gmem0_AWQOS     |  out|    4|       m_axi|              gmem0|       pointer|
|m_axi_gmem0_AWREGION  |  out|    4|       m_axi|              gmem0|       pointer|
|m_axi_gmem0_AWUSER    |  out|    1|       m_axi|              gmem0|       pointer|
|m_axi_gmem0_WVALID    |  out|    1|       m_axi|              gmem0|       pointer|
|m_axi_gmem0_WREADY    |   in|    1|       m_axi|              gmem0|       pointer|
|m_axi_gmem0_WDATA     |  out|   32|       m_axi|              gmem0|       pointer|
|m_axi_gmem0_WSTRB     |  out|    4|       m_axi|              gmem0|       pointer|
|m_axi_gmem0_WLAST     |  out|    1|       m_axi|              gmem0|       pointer|
|m_axi_gmem0_WID       |  out|    1|       m_axi|              gmem0|       pointer|
|m_axi_gmem0_WUSER     |  out|    1|       m_axi|              gmem0|       pointer|
|m_axi_gmem0_ARVALID   |  out|    1|       m_axi|              gmem0|       pointer|
|m_axi_gmem0_ARREADY   |   in|    1|       m_axi|              gmem0|       pointer|
|m_axi_gmem0_ARADDR    |  out|   64|       m_axi|              gmem0|       pointer|
|m_axi_gmem0_ARID      |  out|    1|       m_axi|              gmem0|       pointer|
|m_axi_gmem0_ARLEN     |  out|   32|       m_axi|              gmem0|       pointer|
|m_axi_gmem0_ARSIZE    |  out|    3|       m_axi|              gmem0|       pointer|
|m_axi_gmem0_ARBURST   |  out|    2|       m_axi|              gmem0|       pointer|
|m_axi_gmem0_ARLOCK    |  out|    2|       m_axi|              gmem0|       pointer|
|m_axi_gmem0_ARCACHE   |  out|    4|       m_axi|              gmem0|       pointer|
|m_axi_gmem0_ARPROT    |  out|    3|       m_axi|              gmem0|       pointer|
|m_axi_gmem0_ARQOS     |  out|    4|       m_axi|              gmem0|       pointer|
|m_axi_gmem0_ARREGION  |  out|    4|       m_axi|              gmem0|       pointer|
|m_axi_gmem0_ARUSER    |  out|    1|       m_axi|              gmem0|       pointer|
|m_axi_gmem0_RVALID    |   in|    1|       m_axi|              gmem0|       pointer|
|m_axi_gmem0_RREADY    |  out|    1|       m_axi|              gmem0|       pointer|
|m_axi_gmem0_RDATA     |   in|   32|       m_axi|              gmem0|       pointer|
|m_axi_gmem0_RLAST     |   in|    1|       m_axi|              gmem0|       pointer|
|m_axi_gmem0_RID       |   in|    1|       m_axi|              gmem0|       pointer|
|m_axi_gmem0_RFIFONUM  |   in|    9|       m_axi|              gmem0|       pointer|
|m_axi_gmem0_RUSER     |   in|    1|       m_axi|              gmem0|       pointer|
|m_axi_gmem0_RRESP     |   in|    2|       m_axi|              gmem0|       pointer|
|m_axi_gmem0_BVALID    |   in|    1|       m_axi|              gmem0|       pointer|
|m_axi_gmem0_BREADY    |  out|    1|       m_axi|              gmem0|       pointer|
|m_axi_gmem0_BRESP     |   in|    2|       m_axi|              gmem0|       pointer|
|m_axi_gmem0_BID       |   in|    1|       m_axi|              gmem0|       pointer|
|m_axi_gmem0_BUSER     |   in|    1|       m_axi|              gmem0|       pointer|
|a                     |   in|   64|     ap_none|                  a|        scalar|
|m_axi_gmem1_AWVALID   |  out|    1|       m_axi|              gmem1|       pointer|
|m_axi_gmem1_AWREADY   |   in|    1|       m_axi|              gmem1|       pointer|
|m_axi_gmem1_AWADDR    |  out|   64|       m_axi|              gmem1|       pointer|
|m_axi_gmem1_AWID      |  out|    1|       m_axi|              gmem1|       pointer|
|m_axi_gmem1_AWLEN     |  out|   32|       m_axi|              gmem1|       pointer|
|m_axi_gmem1_AWSIZE    |  out|    3|       m_axi|              gmem1|       pointer|
|m_axi_gmem1_AWBURST   |  out|    2|       m_axi|              gmem1|       pointer|
|m_axi_gmem1_AWLOCK    |  out|    2|       m_axi|              gmem1|       pointer|
|m_axi_gmem1_AWCACHE   |  out|    4|       m_axi|              gmem1|       pointer|
|m_axi_gmem1_AWPROT    |  out|    3|       m_axi|              gmem1|       pointer|
|m_axi_gmem1_AWQOS     |  out|    4|       m_axi|              gmem1|       pointer|
|m_axi_gmem1_AWREGION  |  out|    4|       m_axi|              gmem1|       pointer|
|m_axi_gmem1_AWUSER    |  out|    1|       m_axi|              gmem1|       pointer|
|m_axi_gmem1_WVALID    |  out|    1|       m_axi|              gmem1|       pointer|
|m_axi_gmem1_WREADY    |   in|    1|       m_axi|              gmem1|       pointer|
|m_axi_gmem1_WDATA     |  out|   32|       m_axi|              gmem1|       pointer|
|m_axi_gmem1_WSTRB     |  out|    4|       m_axi|              gmem1|       pointer|
|m_axi_gmem1_WLAST     |  out|    1|       m_axi|              gmem1|       pointer|
|m_axi_gmem1_WID       |  out|    1|       m_axi|              gmem1|       pointer|
|m_axi_gmem1_WUSER     |  out|    1|       m_axi|              gmem1|       pointer|
|m_axi_gmem1_ARVALID   |  out|    1|       m_axi|              gmem1|       pointer|
|m_axi_gmem1_ARREADY   |   in|    1|       m_axi|              gmem1|       pointer|
|m_axi_gmem1_ARADDR    |  out|   64|       m_axi|              gmem1|       pointer|
|m_axi_gmem1_ARID      |  out|    1|       m_axi|              gmem1|       pointer|
|m_axi_gmem1_ARLEN     |  out|   32|       m_axi|              gmem1|       pointer|
|m_axi_gmem1_ARSIZE    |  out|    3|       m_axi|              gmem1|       pointer|
|m_axi_gmem1_ARBURST   |  out|    2|       m_axi|              gmem1|       pointer|
|m_axi_gmem1_ARLOCK    |  out|    2|       m_axi|              gmem1|       pointer|
|m_axi_gmem1_ARCACHE   |  out|    4|       m_axi|              gmem1|       pointer|
|m_axi_gmem1_ARPROT    |  out|    3|       m_axi|              gmem1|       pointer|
|m_axi_gmem1_ARQOS     |  out|    4|       m_axi|              gmem1|       pointer|
|m_axi_gmem1_ARREGION  |  out|    4|       m_axi|              gmem1|       pointer|
|m_axi_gmem1_ARUSER    |  out|    1|       m_axi|              gmem1|       pointer|
|m_axi_gmem1_RVALID    |   in|    1|       m_axi|              gmem1|       pointer|
|m_axi_gmem1_RREADY    |  out|    1|       m_axi|              gmem1|       pointer|
|m_axi_gmem1_RDATA     |   in|   32|       m_axi|              gmem1|       pointer|
|m_axi_gmem1_RLAST     |   in|    1|       m_axi|              gmem1|       pointer|
|m_axi_gmem1_RID       |   in|    1|       m_axi|              gmem1|       pointer|
|m_axi_gmem1_RFIFONUM  |   in|    9|       m_axi|              gmem1|       pointer|
|m_axi_gmem1_RUSER     |   in|    1|       m_axi|              gmem1|       pointer|
|m_axi_gmem1_RRESP     |   in|    2|       m_axi|              gmem1|       pointer|
|m_axi_gmem1_BVALID    |   in|    1|       m_axi|              gmem1|       pointer|
|m_axi_gmem1_BREADY    |  out|    1|       m_axi|              gmem1|       pointer|
|m_axi_gmem1_BRESP     |   in|    2|       m_axi|              gmem1|       pointer|
|m_axi_gmem1_BID       |   in|    1|       m_axi|              gmem1|       pointer|
|m_axi_gmem1_BUSER     |   in|    1|       m_axi|              gmem1|       pointer|
|b                     |   in|   64|     ap_none|                  b|        scalar|
|m_axi_gmem2_AWVALID   |  out|    1|       m_axi|              gmem2|       pointer|
|m_axi_gmem2_AWREADY   |   in|    1|       m_axi|              gmem2|       pointer|
|m_axi_gmem2_AWADDR    |  out|   64|       m_axi|              gmem2|       pointer|
|m_axi_gmem2_AWID      |  out|    1|       m_axi|              gmem2|       pointer|
|m_axi_gmem2_AWLEN     |  out|   32|       m_axi|              gmem2|       pointer|
|m_axi_gmem2_AWSIZE    |  out|    3|       m_axi|              gmem2|       pointer|
|m_axi_gmem2_AWBURST   |  out|    2|       m_axi|              gmem2|       pointer|
|m_axi_gmem2_AWLOCK    |  out|    2|       m_axi|              gmem2|       pointer|
|m_axi_gmem2_AWCACHE   |  out|    4|       m_axi|              gmem2|       pointer|
|m_axi_gmem2_AWPROT    |  out|    3|       m_axi|              gmem2|       pointer|
|m_axi_gmem2_AWQOS     |  out|    4|       m_axi|              gmem2|       pointer|
|m_axi_gmem2_AWREGION  |  out|    4|       m_axi|              gmem2|       pointer|
|m_axi_gmem2_AWUSER    |  out|    1|       m_axi|              gmem2|       pointer|
|m_axi_gmem2_WVALID    |  out|    1|       m_axi|              gmem2|       pointer|
|m_axi_gmem2_WREADY    |   in|    1|       m_axi|              gmem2|       pointer|
|m_axi_gmem2_WDATA     |  out|   32|       m_axi|              gmem2|       pointer|
|m_axi_gmem2_WSTRB     |  out|    4|       m_axi|              gmem2|       pointer|
|m_axi_gmem2_WLAST     |  out|    1|       m_axi|              gmem2|       pointer|
|m_axi_gmem2_WID       |  out|    1|       m_axi|              gmem2|       pointer|
|m_axi_gmem2_WUSER     |  out|    1|       m_axi|              gmem2|       pointer|
|m_axi_gmem2_ARVALID   |  out|    1|       m_axi|              gmem2|       pointer|
|m_axi_gmem2_ARREADY   |   in|    1|       m_axi|              gmem2|       pointer|
|m_axi_gmem2_ARADDR    |  out|   64|       m_axi|              gmem2|       pointer|
|m_axi_gmem2_ARID      |  out|    1|       m_axi|              gmem2|       pointer|
|m_axi_gmem2_ARLEN     |  out|   32|       m_axi|              gmem2|       pointer|
|m_axi_gmem2_ARSIZE    |  out|    3|       m_axi|              gmem2|       pointer|
|m_axi_gmem2_ARBURST   |  out|    2|       m_axi|              gmem2|       pointer|
|m_axi_gmem2_ARLOCK    |  out|    2|       m_axi|              gmem2|       pointer|
|m_axi_gmem2_ARCACHE   |  out|    4|       m_axi|              gmem2|       pointer|
|m_axi_gmem2_ARPROT    |  out|    3|       m_axi|              gmem2|       pointer|
|m_axi_gmem2_ARQOS     |  out|    4|       m_axi|              gmem2|       pointer|
|m_axi_gmem2_ARREGION  |  out|    4|       m_axi|              gmem2|       pointer|
|m_axi_gmem2_ARUSER    |  out|    1|       m_axi|              gmem2|       pointer|
|m_axi_gmem2_RVALID    |   in|    1|       m_axi|              gmem2|       pointer|
|m_axi_gmem2_RREADY    |  out|    1|       m_axi|              gmem2|       pointer|
|m_axi_gmem2_RDATA     |   in|   32|       m_axi|              gmem2|       pointer|
|m_axi_gmem2_RLAST     |   in|    1|       m_axi|              gmem2|       pointer|
|m_axi_gmem2_RID       |   in|    1|       m_axi|              gmem2|       pointer|
|m_axi_gmem2_RFIFONUM  |   in|    9|       m_axi|              gmem2|       pointer|
|m_axi_gmem2_RUSER     |   in|    1|       m_axi|              gmem2|       pointer|
|m_axi_gmem2_RRESP     |   in|    2|       m_axi|              gmem2|       pointer|
|m_axi_gmem2_BVALID    |   in|    1|       m_axi|              gmem2|       pointer|
|m_axi_gmem2_BREADY    |  out|    1|       m_axi|              gmem2|       pointer|
|m_axi_gmem2_BRESP     |   in|    2|       m_axi|              gmem2|       pointer|
|m_axi_gmem2_BID       |   in|    1|       m_axi|              gmem2|       pointer|
|m_axi_gmem2_BUSER     |   in|    1|       m_axi|              gmem2|       pointer|
|c                     |   in|   64|     ap_none|                  c|        scalar|
+----------------------+-----+-----+------------+-------------------+--------------+

