
*** Running vivado
    with args -log ALU_sys_HDL_design_auto_us_0.vds -m64 -product Vivado -mode batch -messageDb vivado.pb -notrace -source ALU_sys_HDL_design_auto_us_0.tcl


ECHO disattivato.
ECHO disattivato.

****** Vivado v2023.2 (64-bit)
  **** SW Build 4029153 on Fri Oct 13 20:14:34 MDT 2023
  **** IP Build 4028589 on Sat Oct 14 00:45:43 MDT 2023
  **** SharedData Build 4025554 on Tue Oct 10 17:18:54 MDT 2023
    ** Copyright 1986-2022 Xilinx, Inc. All Rights Reserved.
    ** Copyright 2022-2023 Advanced Micro Devices, Inc. All Rights Reserved.

source ALU_sys_HDL_design_auto_us_0.tcl -notrace
create_project: Time (s): cpu = 00:00:06 ; elapsed = 00:00:13 . Memory (MB): peak = 485.254 ; gain = 183.352
INFO: [IP_Flow 19-6924] IPCACHE: Running cache check for IP inst: ALU_sys_HDL_design_auto_us_0
INFO: [IP_Flow 19-6922] IPCACHE: Exporting cached entry eec1fcf4b104359b to dir: C:/Users/lotto/Desktop/Alveare/M_AXI_ALU/100/Vivado/ALU_sys_HDL.runs/ALU_sys_HDL_design_auto_us_0_synth_1
INFO: [IP_Flow 19-6928] IPCACHE: copied cached file c:/Users/lotto/Desktop/Alveare/M_AXI_ALU/100/Vivado/ALU_sys_HDL.cache/ip/2023.2/e/e/eec1fcf4b104359b/ALU_sys_HDL_design_auto_us_2.dcp to C:/Users/lotto/Desktop/Alveare/M_AXI_ALU/100/Vivado/ALU_sys_HDL.runs/ALU_sys_HDL_design_auto_us_0_synth_1/ALU_sys_HDL_design_auto_us_0.dcp.
INFO: [IP_Flow 19-6928] IPCACHE: copied cached file c:/Users/lotto/Desktop/Alveare/M_AXI_ALU/100/Vivado/ALU_sys_HDL.cache/ip/2023.2/e/e/eec1fcf4b104359b/ALU_sys_HDL_design_auto_us_2_sim_netlist.v to C:/Users/lotto/Desktop/Alveare/M_AXI_ALU/100/Vivado/ALU_sys_HDL.runs/ALU_sys_HDL_design_auto_us_0_synth_1/ALU_sys_HDL_design_auto_us_0_sim_netlist.v.
INFO: [IP_Flow 19-6928] IPCACHE: copied cached file c:/Users/lotto/Desktop/Alveare/M_AXI_ALU/100/Vivado/ALU_sys_HDL.cache/ip/2023.2/e/e/eec1fcf4b104359b/ALU_sys_HDL_design_auto_us_2_sim_netlist.vhdl to C:/Users/lotto/Desktop/Alveare/M_AXI_ALU/100/Vivado/ALU_sys_HDL.runs/ALU_sys_HDL_design_auto_us_0_synth_1/ALU_sys_HDL_design_auto_us_0_sim_netlist.vhdl.
INFO: [IP_Flow 19-6928] IPCACHE: copied cached file c:/Users/lotto/Desktop/Alveare/M_AXI_ALU/100/Vivado/ALU_sys_HDL.cache/ip/2023.2/e/e/eec1fcf4b104359b/ALU_sys_HDL_design_auto_us_2_stub.v to C:/Users/lotto/Desktop/Alveare/M_AXI_ALU/100/Vivado/ALU_sys_HDL.runs/ALU_sys_HDL_design_auto_us_0_synth_1/ALU_sys_HDL_design_auto_us_0_stub.v.
INFO: [IP_Flow 19-6928] IPCACHE: copied cached file c:/Users/lotto/Desktop/Alveare/M_AXI_ALU/100/Vivado/ALU_sys_HDL.cache/ip/2023.2/e/e/eec1fcf4b104359b/ALU_sys_HDL_design_auto_us_2_stub.vhdl to C:/Users/lotto/Desktop/Alveare/M_AXI_ALU/100/Vivado/ALU_sys_HDL.runs/ALU_sys_HDL_design_auto_us_0_synth_1/ALU_sys_HDL_design_auto_us_0_stub.vhdl.
INFO: [IP_Flow 19-4838] Using cached IP synthesis design for IP ALU_sys_HDL_design_auto_us_0, cache-ID = eec1fcf4b104359b.
INFO: [Common 17-206] Exiting Vivado at Sun Jun 23 17:22:54 2024...
