
*** Running vivado
    with args -log design_1_auto_pc_2.vds -m64 -product Vivado -mode batch -messageDb vivado.pb -notrace -source design_1_auto_pc_2.tcl


ECHO disattivato.
ECHO disattivato.

****** Vivado v2023.2 (64-bit)
  **** SW Build 4029153 on Fri Oct 13 20:14:34 MDT 2023
  **** IP Build 4028589 on Sat Oct 14 00:45:43 MDT 2023
  **** SharedData Build 4025554 on Tue Oct 10 17:18:54 MDT 2023
    ** Copyright 1986-2022 Xilinx, Inc. All Rights Reserved.
    ** Copyright 2022-2023 Advanced Micro Devices, Inc. All Rights Reserved.

source design_1_auto_pc_2.tcl -notrace
create_project: Time (s): cpu = 00:00:02 ; elapsed = 00:00:07 . Memory (MB): peak = 484.828 ; gain = 178.609
INFO: [IP_Flow 19-234] Refreshing IP repositories
INFO: [IP_Flow 19-1700] Loaded user IP repository 'c:/Users/lotto/Downloads/AXI_FIFO/AXI_FIFO/ip_repo'.
INFO: [IP_Flow 19-1700] Loaded user IP repository 'c:/Users/lotto/Desktop/SIMD/ip_repo'.
INFO: [IP_Flow 19-2313] Loaded Vivado IP repository 'C:/Xilinx/Vivado/2023.2/data/ip'.
INFO: [IP_Flow 19-6924] IPCACHE: Running cache check for IP inst: design_1_auto_pc_2
INFO: [IP_Flow 19-6922] IPCACHE: Exporting cached entry afacf57c89dbd590 to dir: C:/Users/lotto/Desktop/SIMD/Vivado/SIMD_AXI_ALU/SIMD_AXI_ALU.runs/design_1_auto_pc_2_synth_1
INFO: [IP_Flow 19-6928] IPCACHE: copied cached file c:/Users/lotto/Desktop/SIMD/Vivado/SIMD_AXI_ALU/SIMD_AXI_ALU.cache/ip/2023.2/a/f/afacf57c89dbd590/design_1_auto_pc_1.dcp to C:/Users/lotto/Desktop/SIMD/Vivado/SIMD_AXI_ALU/SIMD_AXI_ALU.runs/design_1_auto_pc_2_synth_1/design_1_auto_pc_2.dcp.
INFO: [IP_Flow 19-6928] IPCACHE: copied cached file c:/Users/lotto/Desktop/SIMD/Vivado/SIMD_AXI_ALU/SIMD_AXI_ALU.cache/ip/2023.2/a/f/afacf57c89dbd590/design_1_auto_pc_1_sim_netlist.v to C:/Users/lotto/Desktop/SIMD/Vivado/SIMD_AXI_ALU/SIMD_AXI_ALU.runs/design_1_auto_pc_2_synth_1/design_1_auto_pc_2_sim_netlist.v.
INFO: [IP_Flow 19-6928] IPCACHE: copied cached file c:/Users/lotto/Desktop/SIMD/Vivado/SIMD_AXI_ALU/SIMD_AXI_ALU.cache/ip/2023.2/a/f/afacf57c89dbd590/design_1_auto_pc_1_sim_netlist.vhdl to C:/Users/lotto/Desktop/SIMD/Vivado/SIMD_AXI_ALU/SIMD_AXI_ALU.runs/design_1_auto_pc_2_synth_1/design_1_auto_pc_2_sim_netlist.vhdl.
INFO: [IP_Flow 19-6928] IPCACHE: copied cached file c:/Users/lotto/Desktop/SIMD/Vivado/SIMD_AXI_ALU/SIMD_AXI_ALU.cache/ip/2023.2/a/f/afacf57c89dbd590/design_1_auto_pc_1_stub.v to C:/Users/lotto/Desktop/SIMD/Vivado/SIMD_AXI_ALU/SIMD_AXI_ALU.runs/design_1_auto_pc_2_synth_1/design_1_auto_pc_2_stub.v.
INFO: [IP_Flow 19-6928] IPCACHE: copied cached file c:/Users/lotto/Desktop/SIMD/Vivado/SIMD_AXI_ALU/SIMD_AXI_ALU.cache/ip/2023.2/a/f/afacf57c89dbd590/design_1_auto_pc_1_stub.vhdl to C:/Users/lotto/Desktop/SIMD/Vivado/SIMD_AXI_ALU/SIMD_AXI_ALU.runs/design_1_auto_pc_2_synth_1/design_1_auto_pc_2_stub.vhdl.
INFO: [IP_Flow 19-4838] Using cached IP synthesis design for IP design_1_auto_pc_2, cache-ID = afacf57c89dbd590.
INFO: [Common 17-206] Exiting Vivado at Fri Apr 19 10:40:24 2024...
