#-----------------------------------------------------------
# xsim v2023.2 (64-bit)
# SW Build 4029153 on Fri Oct 13 20:14:34 MDT 2023
# IP Build 4028589 on Sat Oct 14 00:45:43 MDT 2023
# SharedData Build 4025554 on Tue Oct 10 17:18:54 MDT 2023
# Start of session at: Sun Jun 23 13:13:20 2024
# Process ID: 16704
# Current directory: C:/Users/lotto/Desktop/Alveare/M_AXI_ALU/10/ALU_sys_HDL/solution1/sim/vhdl
# Command line: xsim.exe -mode tcl -source {xsim.dir/ALU_sys_HDL/xsim_script.tcl}
# Log file: C:/Users/lotto/Desktop/Alveare/M_AXI_ALU/10/ALU_sys_HDL/solution1/sim/vhdl/xsim.log
# Journal file: C:/Users/lotto/Desktop/Alveare/M_AXI_ALU/10/ALU_sys_HDL/solution1/sim/vhdl\xsim.jou
# Running On: MSI, OS: Windows, CPU Frequency: 2918 MHz, CPU Physical cores: 10, Host memory: 16870 MB
#-----------------------------------------------------------
source xsim.dir/ALU_sys_HDL/xsim_script.tcl
# xsim {ALU_sys_HDL} -autoloadwcfg -tclbatch {ALU_sys_HDL.tcl}
Time resolution is 1 ps
source ALU_sys_HDL.tcl
## run all
Note: simulation done!
Time: 12885 ns  Iteration: 1  Process: /apatb_ALU_sys_HDL_top/generate_sim_done_proc  File: C:/Users/lotto/Desktop/Alveare/M_AXI_ALU/10/ALU_sys_HDL/solution1/sim/vhdl/ALU_sys_HDL.autotb.vhd
Failure: NORMAL EXIT (note: failure is to force the simulator to stop)
Time: 12885 ns  Iteration: 1  Process: /apatb_ALU_sys_HDL_top/generate_sim_done_proc  File: C:/Users/lotto/Desktop/Alveare/M_AXI_ALU/10/ALU_sys_HDL/solution1/sim/vhdl/ALU_sys_HDL.autotb.vhd
$finish called at time : 12885 ns
## quit
INFO: [Common 17-206] Exiting xsim at Sun Jun 23 13:13:23 2024...
