INFO: [SIM 2] *************** CSIM start ***************
INFO: [SIM 4] CSIM will launch GCC as the compiler.
   Compiling ../../../test.cpp in debug mode
   Compiling ../../../core.cpp in debug mode
   Generating csim.exe
A = 0 B = 0 RES = 0, OP = 0 
A = 2 B = 1 RES = 0, OP = 0 
A = 4 B = 2 RES = 0, OP = 0 
A = 6 B = 3 RES = 0, OP = 0 
A = 8 B = 4 RES = 0, OP = 0 
A = 10 B = 5 RES = 0, OP = 0 
A = 12 B = 6 RES = 0, OP = 0 
A = 14 B = 7 RES = 0, OP = 0 
A = 16 B = 8 RES = 0, OP = 0 
A = 18 B = 9 RES = 0, OP = 0 
A = 20 B = 10 RES = 0, OP = 0 
A = 22 B = 11 RES = 0, OP = 0 
A = 24 B = 12 RES = 0, OP = 0 
A = 26 B = 13 RES = 0, OP = 1 
A = 28 B = 14 RES = 0, OP = 1 
A = 30 B = 15 RES = 0, OP = 1 
A = 32 B = 16 RES = 0, OP = 1 
A = 34 B = 17 RES = 0, OP = 1 
A = 36 B = 18 RES = 0, OP = 1 
A = 38 B = 19 RES = 0, OP = 1 
A = 40 B = 20 RES = 0, OP = 1 
A = 42 B = 21 RES = 0, OP = 1 
A = 44 B = 22 RES = 0, OP = 1 
A = 46 B = 23 RES = 0, OP = 1 
A = 48 B = 24 RES = 0, OP = 1 
A = 50 B = 25 RES = 0, OP = 1 
A = 52 B = 26 RES = 0, OP = 2 
A = 54 B = 27 RES = 0, OP = 2 
A = 56 B = 28 RES = 0, OP = 2 
A = 58 B = 29 RES = 0, OP = 2 
A = 60 B = 30 RES = 0, OP = 2 
A = 62 B = 31 RES = 0, OP = 2 
A = 64 B = 32 RES = 0, OP = 2 
A = 66 B = 33 RES = 0, OP = 2 
A = 68 B = 34 RES = 0, OP = 2 
A = 70 B = 35 RES = 0, OP = 2 
A = 72 B = 36 RES = 0, OP = 2 
A = 74 B = 37 RES = 0, OP = 2 
A = 76 B = 38 RES = 0, OP = 2 
A = 78 B = 39 RES = 0, OP = 3 
A = 80 B = 40 RES = 0, OP = 3 
A = 82 B = 41 RES = 0, OP = 3 
A = 84 B = 42 RES = 0, OP = 3 
A = 86 B = 43 RES = 0, OP = 3 
A = 88 B = 44 RES = 0, OP = 3 
A = 90 B = 45 RES = 0, OP = 3 
A = 92 B = 46 RES = 0, OP = 3 
A = 94 B = 47 RES = 0, OP = 3 
A = 96 B = 48 RES = 0, OP = 3 
A = 98 B = 49 RES = 0, OP = 3 








A = 0 B = 0 RES = 0, OP = 0 
A = 2 B = 1 RES = 3, OP = 0 
A = 4 B = 2 RES = 6, OP = 0 
A = 6 B = 3 RES = 9, OP = 0 
A = 8 B = 4 RES = 12, OP = 0 
A = 10 B = 5 RES = 15, OP = 0 
A = 12 B = 6 RES = 18, OP = 0 
A = 14 B = 7 RES = 21, OP = 0 
A = 16 B = 8 RES = 24, OP = 0 
A = 18 B = 9 RES = 27, OP = 0 
A = 20 B = 10 RES = 30, OP = 0 
A = 22 B = 11 RES = 33, OP = 0 
A = 24 B = 12 RES = 36, OP = 0 
A = 26 B = 13 RES = 13, OP = 1 
A = 28 B = 14 RES = 14, OP = 1 
A = 30 B = 15 RES = 15, OP = 1 
A = 32 B = 16 RES = 16, OP = 1 
A = 34 B = 17 RES = 17, OP = 1 
A = 36 B = 18 RES = 18, OP = 1 
A = 38 B = 19 RES = 19, OP = 1 
A = 40 B = 20 RES = 20, OP = 1 
A = 42 B = 21 RES = 21, OP = 1 
A = 44 B = 22 RES = 22, OP = 1 
A = 46 B = 23 RES = 23, OP = 1 
A = 48 B = 24 RES = 24, OP = 1 
A = 50 B = 25 RES = 25, OP = 1 
A = 52 B = 26 RES = 2, OP = 2 
A = 54 B = 27 RES = 2, OP = 2 
A = 56 B = 28 RES = 2, OP = 2 
A = 58 B = 29 RES = 2, OP = 2 
A = 60 B = 30 RES = 2, OP = 2 
A = 62 B = 31 RES = 2, OP = 2 
A = 64 B = 32 RES = 2, OP = 2 
A = 66 B = 33 RES = 2, OP = 2 
A = 68 B = 34 RES = 2, OP = 2 
A = 70 B = 35 RES = 2, OP = 2 
A = 72 B = 36 RES = 2, OP = 2 
A = 74 B = 37 RES = 2, OP = 2 
A = 76 B = 38 RES = 2, OP = 2 
A = 78 B = 39 RES = 3042, OP = 3 
A = 80 B = 40 RES = 3200, OP = 3 
A = 82 B = 41 RES = 3362, OP = 3 
A = 84 B = 42 RES = 3528, OP = 3 
A = 86 B = 43 RES = 3698, OP = 3 
A = 88 B = 44 RES = 3872, OP = 3 
A = 90 B = 45 RES = 4050, OP = 3 
A = 92 B = 46 RES = 4232, OP = 3 
A = 94 B = 47 RES = 4418, OP = 3 
A = 96 B = 48 RES = 4608, OP = 3 
A = 98 B = 49 RES = 4802, OP = 3 
INFO: [SIM 1] CSim done with 0 errors.
INFO: [SIM 3] *************** CSIM finish ***************
