

================================================================
== Vitis HLS Report for 'op_data_exe_wb_Pipeline_s_operation_data_op'
================================================================
* Date:           Sun Jun 23 13:22:49 2024

* Version:        2023.2 (Build 4023990 on Oct 11 2023)
* Project:        ALU_sys_HDL
* Solution:       solution1 (Vivado IP Flow Target)
* Product family: zynq
* Target device:  xc7z020-clg400-1


================================================================
== Performance Estimates
================================================================
+ Timing: 
    * Summary: 
    +--------+----------+----------+------------+
    |  Clock |  Target  | Estimated| Uncertainty|
    +--------+----------+----------+------------+
    |ap_clk  |  10.00 ns|  6.760 ns|     2.70 ns|
    +--------+----------+----------+------------+

+ Latency: 
    * Summary: 
    +---------+---------+----------+----------+-----+-----+---------+
    |  Latency (cycles) |  Latency (absolute) |  Interval | Pipeline|
    |   min   |   max   |    min   |    max   | min | max |   Type  |
    +---------+---------+----------+----------+-----+-----+---------+
    |      102|      102|  1.020 us|  1.020 us|  102|  102|       no|
    +---------+---------+----------+----------+-----+-----+---------+

    + Detail: 
        * Instance: 
        N/A

        * Loop: 
        +-----------------------+---------+---------+----------+-----------+-----------+------+----------+
        |                       |  Latency (cycles) | Iteration|  Initiation Interval  | Trip |          |
        |       Loop Name       |   min   |   max   |  Latency |  achieved |   target  | Count| Pipelined|
        +-----------------------+---------+---------+----------+-----------+-----------+------+----------+
        |- s_operation_data_op  |      100|      100|         2|          1|          1|   100|       yes|
        +-----------------------+---------+---------+----------+-----------+-----------+------+----------+

============================================================
+ Verbose Summary: Synthesis Manager
============================================================
InlineROM: 1
ExposeGlobal: 0
============================================================
+ Verbose Summary: CDFG Model
============================================================
IsTopModel: 0
ResetActiveHigh: 1
IsCombinational: 0
IsDatapathOnly: 0
HasWiredReturn: 1
HasMFsm: 2
HasVarLatency: 1
IsPipeline: 0
IsRtlPipelined: 0
IsInstanceOverlapped: 0
IsDontTouch: 0
HasImplIP: 0
IsGatedGlobalClock: 0

+ Individual pipeline summary: 
  * Pipeline-0: initiation interval (II) = 1, depth = 2


============================================================
+ Verbose Summary: Schedule
============================================================
* Number of FSM states : 2
* Pipeline : 1
  Pipeline-0 : II = 1, D = 2, States = { 1 2 }
* Dataflow Pipeline: 0

* FSM state transitions: 
1 --> 2 
2 --> 

* FSM state operations: 

State 1 <SV = 0> <Delay = 5.04>
ST_1 : Operation 5 [1/1] (0.00ns)   --->   "%i = alloca i32 1" [core.cpp:94->core.cpp:186]   --->   Operation 5 'alloca' 'i' <Predicate = true> <Delay = 0.00>
ST_1 : Operation 6 [1/1] (0.00ns)   --->   "%specinterface_ln0 = specinterface void @_ssdm_op_SpecInterface, i32 %ALU_operation, void @empty_16, i32 0, i32 0, void @empty_20, i32 0, i32 0, void @empty_20, void @empty_20, void @empty_20, i32 0, i32 0, i32 0, i32 0, void @empty_20, void @empty_20, i32 4294967295, i32 0"   --->   Operation 6 'specinterface' 'specinterface_ln0' <Predicate = true> <Delay = 0.00>
ST_1 : Operation 7 [1/1] (1.58ns)   --->   "%store_ln94 = store i7 0, i7 %i" [core.cpp:94->core.cpp:186]   --->   Operation 7 'store' 'store_ln94' <Predicate = true> <Delay = 1.58>
ST_1 : Operation 8 [1/1] (0.00ns)   --->   "%br_ln0 = br void %for.inc.i14.i"   --->   Operation 8 'br' 'br_ln0' <Predicate = true> <Delay = 0.00>
ST_1 : Operation 9 [1/1] (0.00ns)   --->   "%i_4 = load i7 %i" [core.cpp:94->core.cpp:186]   --->   Operation 9 'load' 'i_4' <Predicate = true> <Delay = 0.00>
ST_1 : Operation 10 [1/1] (1.87ns)   --->   "%icmp_ln94 = icmp_eq  i7 %i_4, i7 100" [core.cpp:94->core.cpp:186]   --->   Operation 10 'icmp' 'icmp_ln94' <Predicate = true> <Delay = 1.87> <CoreInst = "Cmp">   --->   Core 9 'Cmp' <Latency = 0> <II = 1> <Delay = 1.87> <FuncUnit> <Opcode : 'icmp'> <InPorts = 2> <OutPorts = 1>
ST_1 : Operation 11 [1/1] (1.87ns)   --->   "%add_ln94 = add i7 %i_4, i7 1" [core.cpp:94->core.cpp:186]   --->   Operation 11 'add' 'add_ln94' <Predicate = true> <Delay = 1.87> <CoreInst = "Adder">   --->   Core 1 'Adder' <Latency = 0> <II = 1> <Delay = 1.87> <FuncUnit> <Opcode : 'add' 'sub'> <InPorts = 2> <OutPorts = 1>
ST_1 : Operation 12 [1/1] (0.00ns)   --->   "%br_ln94 = br i1 %icmp_ln94, void %for.inc.i14.split.i, void %for.body.i.i.preheader.exitStub" [core.cpp:94->core.cpp:186]   --->   Operation 12 'br' 'br_ln94' <Predicate = true> <Delay = 0.00>
ST_1 : Operation 13 [1/1] (1.58ns)   --->   "%store_ln94 = store i7 %add_ln94, i7 %i" [core.cpp:94->core.cpp:186]   --->   Operation 13 'store' 'store_ln94' <Predicate = (!icmp_ln94)> <Delay = 1.58>
ST_1 : Operation 22 [1/1] (0.00ns)   --->   "%ret_ln0 = ret"   --->   Operation 22 'ret' 'ret_ln0' <Predicate = (icmp_ln94)> <Delay = 0.00>

State 2 <SV = 1> <Delay = 6.76>
ST_2 : Operation 14 [1/1] (0.00ns)   --->   "%zext_ln94 = zext i7 %i_4" [core.cpp:94->core.cpp:186]   --->   Operation 14 'zext' 'zext_ln94' <Predicate = true> <Delay = 0.00>
ST_2 : Operation 15 [1/1] (0.00ns)   --->   "%specpipeline_ln96 = specpipeline void @_ssdm_op_SpecPipeline, i32 1, i32 0, i32 0, i32 0, void @empty_20" [core.cpp:96->core.cpp:186]   --->   Operation 15 'specpipeline' 'specpipeline_ln96' <Predicate = true> <Delay = 0.00>
ST_2 : Operation 16 [1/1] (0.00ns)   --->   "%speclooptripcount_ln94 = speclooptripcount void @_ssdm_op_SpecLoopTripCount, i64 100, i64 100, i64 100" [core.cpp:94->core.cpp:186]   --->   Operation 16 'speclooptripcount' 'speclooptripcount_ln94' <Predicate = true> <Delay = 0.00>
ST_2 : Operation 17 [1/1] (0.00ns)   --->   "%specloopname_ln94 = specloopname void @_ssdm_op_SpecLoopName, void @empty_9" [core.cpp:94->core.cpp:186]   --->   Operation 17 'specloopname' 'specloopname_ln94' <Predicate = true> <Delay = 0.00>
ST_2 : Operation 18 [1/1] (3.50ns)   --->   "%ALU_operation_read = read i32 @_ssdm_op_Read.ap_fifo.volatile.i32P0A, i32 %ALU_operation" [core.cpp:98->core.cpp:186]   --->   Operation 18 'read' 'ALU_operation_read' <Predicate = true> <Delay = 3.50> <CoreInst = "FIFO">   --->   Core 78 'FIFO' <Latency = 0> <II = 1> <Delay = 3.50> <Storage> <Opcode : 'read' 'write' 'nbread' 'nbwrite'> <Ports = 0> <Width = 32> <Depth = 100> <FIFO>
ST_2 : Operation 19 [1/1] (0.00ns)   --->   "%ALU_operation_MEM_addr = getelementptr i32 %ALU_operation_MEM, i64 0, i64 %zext_ln94" [core.cpp:98->core.cpp:186]   --->   Operation 19 'getelementptr' 'ALU_operation_MEM_addr' <Predicate = true> <Delay = 0.00>
ST_2 : Operation 20 [1/1] (3.25ns)   --->   "%store_ln98 = store i32 %ALU_operation_read, i7 %ALU_operation_MEM_addr" [core.cpp:98->core.cpp:186]   --->   Operation 20 'store' 'store_ln98' <Predicate = true> <Delay = 3.25> <CoreInst = "RAM">   --->   Core 82 'RAM' <Latency = 1> <II = 1> <Delay = 3.25> <Storage> <Opcode : 'load' 'store'> <Ports = 2> <Width = 32> <Depth = 100> <RAM>
ST_2 : Operation 21 [1/1] (0.00ns)   --->   "%br_ln94 = br void %for.inc.i14.i" [core.cpp:94->core.cpp:186]   --->   Operation 21 'br' 'br_ln94' <Predicate = true> <Delay = 0.00>


============================================================
+ Verbose Summary: Timing violations
============================================================
Target clock period: 10.000ns, clock uncertainty: 2.700ns.

 <State 1>: 5.046ns
The critical path consists of the following:
	'store' operation 0 bit ('store_ln94', core.cpp:94->core.cpp:186) of constant 0 on local variable 'i', core.cpp:94->core.cpp:186 [5]  (1.588 ns)
	'load' operation 7 bit ('i', core.cpp:94->core.cpp:186) on local variable 'i', core.cpp:94->core.cpp:186 [8]  (0.000 ns)
	'icmp' operation 1 bit ('icmp_ln94', core.cpp:94->core.cpp:186) [9]  (1.870 ns)
	'store' operation 0 bit ('store_ln94', core.cpp:94->core.cpp:186) of variable 'add_ln94', core.cpp:94->core.cpp:186 on local variable 'i', core.cpp:94->core.cpp:186 [20]  (1.588 ns)

 <State 2>: 6.760ns
The critical path consists of the following:
	fifo read operation ('ALU_operation_read', core.cpp:98->core.cpp:186) on port 'ALU_operation' (core.cpp:98->core.cpp:186) [17]  (3.506 ns)
	'store' operation 0 bit ('store_ln98', core.cpp:98->core.cpp:186) of variable 'ALU_operation_read', core.cpp:98->core.cpp:186 on array 'ALU_operation_MEM' [19]  (3.254 ns)


============================================================
+ Verbose Summary: Binding
============================================================
N/A
* FSMD analyzer results:
  - Output states:
 - Input state : 
  - Chain level:
	State 1
	State 2


============================================================
+ Verbose Summary: Datapath Resource usage 
============================================================
N/A
