srcscan starts
=============== Using vdb files for VHDL std libs ===========
INFO: VHDL library search path for library "std" is now "C:/Xilinx/Vivado/2023.2/data/precomp_hsv/vhdl/std" (VHDL-1505)
INFO: VHDL library search path for library "synopsys" is now "C:/Xilinx/Vivado/2023.2/data/precomp_hsv/vhdl/synopsys" (VHDL-1505)
INFO: VHDL library search path for library "ieee" is now "C:/Xilinx/Vivado/2023.2/data/precomp_hsv/vhdl/ieee" (VHDL-1505)
INFO: VHDL library search path for library "unimacro" is now "C:/Xilinx/Vivado/2023.2/data/precomp_hsv/vhdl/unimacro" (VHDL-1505)
INFO: VHDL library search path for library "unisim" is now "C:/Xilinx/Vivado/2023.2/data/precomp_hsv/vhdl/unisim" (VHDL-1505)
INFO: VHDL library search path for library "vl" is now "C:/Xilinx/Vivado/2023.2/data/precomp_hsv/vhdl/vl" (VHDL-1505)
INFO: VHDL library search path for library "xpm" is now "C:/Xilinx/Vivado/2023.2/data/precomp_hsv/vhdl/xpm" (VHDL-1505)
-- Analyzing VHDL file "C:/Users/lotto/Desktop/Alveare/M_AXI_ALU/100/Vivado/ALU_sys_HDL.srcs/sources_1/imports/imports/vhdl/ALU_sys_HDL.vhd" into library xil_defaultlib (VHDL-9003)
INFO: analyzing entity 'ALU_sys_HDL' (VHDL-1012)
INFO: analyzing architecture 'behav' of entity 'alu_sys_hdl' (VHDL-9006)
-- Analyzing VHDL file "C:/Users/lotto/Desktop/Alveare/M_AXI_ALU/100/Vivado/ALU_sys_HDL.srcs/sources_1/imports/imports/vhdl/ALU_sys_HDL_Block_entry1_proc.vhd" into library xil_defaultlib (VHDL-9003)
INFO: analyzing entity 'ALU_sys_HDL_Block_entry1_proc' (VHDL-1012)
INFO: analyzing architecture 'behav' of entity 'alu_sys_hdl_block_entry1_proc' (VHDL-9006)
-- Analyzing VHDL file "C:/Users/lotto/Desktop/Alveare/M_AXI_ALU/100/Vivado/ALU_sys_HDL.srcs/sources_1/imports/imports/vhdl/ALU_sys_HDL_Block_entry1_proc_ALU_operation_MEM_RAM_AUTO_1R1W.vhd" into library xil_defaultlib (VHDL-9003)
INFO: analyzing entity 'ALU_sys_HDL_Block_entry1_proc_ALU_operation_MEM_RAM_AUTO_1R1W' (VHDL-1012)
INFO: analyzing architecture 'rtl' of entity 'alu_sys_hdl_block_entry1_proc_alu_operation_mem_ram_auto_1r1w' (VHDL-9006)
-- Analyzing VHDL file "C:/Users/lotto/Desktop/Alveare/M_AXI_ALU/100/Vivado/ALU_sys_HDL.srcs/sources_1/imports/imports/vhdl/ALU_sys_HDL_control_s_axi.vhd" into library xil_defaultlib (VHDL-9003)
INFO: analyzing entity 'ALU_sys_HDL_control_s_axi' (VHDL-1012)
INFO: analyzing architecture 'behave' of entity 'alu_sys_hdl_control_s_axi' (VHDL-9006)
-- Analyzing VHDL file "C:/Users/lotto/Desktop/Alveare/M_AXI_ALU/100/Vivado/ALU_sys_HDL.srcs/sources_1/imports/imports/vhdl/ALU_sys_HDL_data_exe_wb.vhd" into library xil_defaultlib (VHDL-9003)
INFO: analyzing entity 'ALU_sys_HDL_data_exe_wb' (VHDL-1012)
INFO: analyzing architecture 'behav' of entity 'alu_sys_hdl_data_exe_wb' (VHDL-9006)
-- Analyzing VHDL file "C:/Users/lotto/Desktop/Alveare/M_AXI_ALU/100/Vivado/ALU_sys_HDL.srcs/sources_1/imports/imports/vhdl/ALU_sys_HDL_data_exe_wb_Pipeline_exe.vhd" into library xil_defaultlib (VHDL-9003)
INFO: analyzing entity 'ALU_sys_HDL_data_exe_wb_Pipeline_exe' (VHDL-1012)
INFO: analyzing architecture 'behav' of entity 'alu_sys_hdl_data_exe_wb_pipeline_exe' (VHDL-9006)
-- Analyzing VHDL file "C:/Users/lotto/Desktop/Alveare/M_AXI_ALU/100/Vivado/ALU_sys_HDL.srcs/sources_1/imports/imports/vhdl/ALU_sys_HDL_data_exe_wb_Pipeline_l_data_a.vhd" into library xil_defaultlib (VHDL-9003)
INFO: analyzing entity 'ALU_sys_HDL_data_exe_wb_Pipeline_l_data_a' (VHDL-1012)
INFO: analyzing architecture 'behav' of entity 'alu_sys_hdl_data_exe_wb_pipeline_l_data_a' (VHDL-9006)
-- Analyzing VHDL file "C:/Users/lotto/Desktop/Alveare/M_AXI_ALU/100/Vivado/ALU_sys_HDL.srcs/sources_1/imports/imports/vhdl/ALU_sys_HDL_data_exe_wb_Pipeline_l_data_b.vhd" into library xil_defaultlib (VHDL-9003)
INFO: analyzing entity 'ALU_sys_HDL_data_exe_wb_Pipeline_l_data_b' (VHDL-1012)
INFO: analyzing architecture 'behav' of entity 'alu_sys_hdl_data_exe_wb_pipeline_l_data_b' (VHDL-9006)
-- Analyzing VHDL file "C:/Users/lotto/Desktop/Alveare/M_AXI_ALU/100/Vivado/ALU_sys_HDL.srcs/sources_1/imports/imports/vhdl/ALU_sys_HDL_data_exe_wb_Pipeline_write_back.vhd" into library xil_defaultlib (VHDL-9003)
INFO: analyzing entity 'ALU_sys_HDL_data_exe_wb_Pipeline_write_back' (VHDL-1012)
INFO: analyzing architecture 'behav' of entity 'alu_sys_hdl_data_exe_wb_pipeline_write_back' (VHDL-9006)
-- Analyzing VHDL file "C:/Users/lotto/Desktop/Alveare/M_AXI_ALU/100/Vivado/ALU_sys_HDL.srcs/sources_1/imports/imports/vhdl/ALU_sys_HDL_fifo_w32_d100_A.vhd" into library xil_defaultlib (VHDL-9003)
INFO: analyzing entity 'ALU_sys_HDL_fifo_w32_d100_A' (VHDL-1012)
INFO: analyzing architecture 'arch' of entity 'alu_sys_hdl_fifo_w32_d100_a' (VHDL-9006)
INFO: analyzing entity 'ALU_sys_HDL_fifo_w32_d100_A_ram' (VHDL-1012)
INFO: analyzing architecture 'arch' of entity 'alu_sys_hdl_fifo_w32_d100_a_ram' (VHDL-9006)
-- Analyzing VHDL file "C:/Users/lotto/Desktop/Alveare/M_AXI_ALU/100/Vivado/ALU_sys_HDL.srcs/sources_1/imports/imports/vhdl/ALU_sys_HDL_flow_control_loop_pipe_sequential_init.vhd" into library xil_defaultlib (VHDL-9003)
INFO: analyzing entity 'ALU_sys_HDL_flow_control_loop_pipe_sequential_init' (VHDL-1012)
INFO: analyzing architecture 'behav' of entity 'alu_sys_hdl_flow_control_loop_pipe_sequential_init' (VHDL-9006)
-- Analyzing VHDL file "C:/Users/lotto/Desktop/Alveare/M_AXI_ALU/100/Vivado/ALU_sys_HDL.srcs/sources_1/imports/imports/vhdl/ALU_sys_HDL_gmem0_m_axi.vhd" into library xil_defaultlib (VHDL-9003)
INFO: analyzing entity 'ALU_sys_HDL_gmem0_m_axi' (VHDL-1012)
INFO: analyzing architecture 'behave' of entity 'alu_sys_hdl_gmem0_m_axi' (VHDL-9006)
INFO: analyzing entity 'ALU_sys_HDL_gmem0_m_axi_load' (VHDL-1012)
INFO: analyzing architecture 'behave' of entity 'alu_sys_hdl_gmem0_m_axi_load' (VHDL-9006)
INFO: analyzing entity 'ALU_sys_HDL_gmem0_m_axi_store' (VHDL-1012)
INFO: analyzing architecture 'behave' of entity 'alu_sys_hdl_gmem0_m_axi_store' (VHDL-9006)
INFO: analyzing entity 'ALU_sys_HDL_gmem0_m_axi_read' (VHDL-1012)
INFO: analyzing architecture 'behave' of entity 'alu_sys_hdl_gmem0_m_axi_read' (VHDL-9006)
INFO: analyzing entity 'ALU_sys_HDL_gmem0_m_axi_write' (VHDL-1012)
INFO: analyzing architecture 'behave' of entity 'alu_sys_hdl_gmem0_m_axi_write' (VHDL-9006)
INFO: analyzing entity 'ALU_sys_HDL_gmem0_m_axi_burst_converter' (VHDL-1012)
INFO: analyzing architecture 'behave' of entity 'alu_sys_hdl_gmem0_m_axi_burst_converter' (VHDL-9006)
INFO: analyzing entity 'ALU_sys_HDL_gmem0_m_axi_throttle' (VHDL-1012)
INFO: analyzing architecture 'behav' of entity 'alu_sys_hdl_gmem0_m_axi_throttle' (VHDL-9006)
INFO: analyzing entity 'ALU_sys_HDL_gmem0_m_axi_reg_slice' (VHDL-1012)
INFO: analyzing architecture 'behave' of entity 'alu_sys_hdl_gmem0_m_axi_reg_slice' (VHDL-9006)
INFO: analyzing entity 'ALU_sys_HDL_gmem0_m_axi_fifo' (VHDL-1012)
INFO: analyzing architecture 'behave' of entity 'alu_sys_hdl_gmem0_m_axi_fifo' (VHDL-9006)
INFO: analyzing entity 'ALU_sys_HDL_gmem0_m_axi_srl' (VHDL-1012)
INFO: analyzing architecture 'behav' of entity 'alu_sys_hdl_gmem0_m_axi_srl' (VHDL-9006)
INFO: analyzing entity 'ALU_sys_HDL_gmem0_m_axi_mem' (VHDL-1012)
INFO: analyzing architecture 'behav' of entity 'alu_sys_hdl_gmem0_m_axi_mem' (VHDL-9006)
-- Analyzing VHDL file "C:/Users/lotto/Desktop/Alveare/M_AXI_ALU/100/Vivado/ALU_sys_HDL.srcs/sources_1/imports/imports/vhdl/ALU_sys_HDL_gmem1_m_axi.vhd" into library xil_defaultlib (VHDL-9003)
INFO: analyzing entity 'ALU_sys_HDL_gmem1_m_axi' (VHDL-1012)
INFO: analyzing architecture 'behave' of entity 'alu_sys_hdl_gmem1_m_axi' (VHDL-9006)
INFO: analyzing entity 'ALU_sys_HDL_gmem1_m_axi_load' (VHDL-1012)
INFO: analyzing architecture 'behave' of entity 'alu_sys_hdl_gmem1_m_axi_load' (VHDL-9006)
INFO: analyzing entity 'ALU_sys_HDL_gmem1_m_axi_store' (VHDL-1012)
INFO: analyzing architecture 'behave' of entity 'alu_sys_hdl_gmem1_m_axi_store' (VHDL-9006)
INFO: analyzing entity 'ALU_sys_HDL_gmem1_m_axi_read' (VHDL-1012)
INFO: analyzing architecture 'behave' of entity 'alu_sys_hdl_gmem1_m_axi_read' (VHDL-9006)
INFO: analyzing entity 'ALU_sys_HDL_gmem1_m_axi_write' (VHDL-1012)
INFO: analyzing architecture 'behave' of entity 'alu_sys_hdl_gmem1_m_axi_write' (VHDL-9006)
INFO: analyzing entity 'ALU_sys_HDL_gmem1_m_axi_burst_converter' (VHDL-1012)
INFO: analyzing architecture 'behave' of entity 'alu_sys_hdl_gmem1_m_axi_burst_converter' (VHDL-9006)
INFO: analyzing entity 'ALU_sys_HDL_gmem1_m_axi_throttle' (VHDL-1012)
INFO: analyzing architecture 'behav' of entity 'alu_sys_hdl_gmem1_m_axi_throttle' (VHDL-9006)
INFO: analyzing entity 'ALU_sys_HDL_gmem1_m_axi_reg_slice' (VHDL-1012)
INFO: analyzing architecture 'behave' of entity 'alu_sys_hdl_gmem1_m_axi_reg_slice' (VHDL-9006)
INFO: analyzing entity 'ALU_sys_HDL_gmem1_m_axi_fifo' (VHDL-1012)
INFO: analyzing architecture 'behave' of entity 'alu_sys_hdl_gmem1_m_axi_fifo' (VHDL-9006)
INFO: analyzing entity 'ALU_sys_HDL_gmem1_m_axi_srl' (VHDL-1012)
INFO: analyzing architecture 'behav' of entity 'alu_sys_hdl_gmem1_m_axi_srl' (VHDL-9006)
INFO: analyzing entity 'ALU_sys_HDL_gmem1_m_axi_mem' (VHDL-1012)
INFO: analyzing architecture 'behav' of entity 'alu_sys_hdl_gmem1_m_axi_mem' (VHDL-9006)
-- Analyzing VHDL file "C:/Users/lotto/Desktop/Alveare/M_AXI_ALU/100/Vivado/ALU_sys_HDL.srcs/sources_1/imports/imports/vhdl/ALU_sys_HDL_gmem2_m_axi.vhd" into library xil_defaultlib (VHDL-9003)
INFO: analyzing entity 'ALU_sys_HDL_gmem2_m_axi' (VHDL-1012)
INFO: analyzing architecture 'behave' of entity 'alu_sys_hdl_gmem2_m_axi' (VHDL-9006)
INFO: analyzing entity 'ALU_sys_HDL_gmem2_m_axi_load' (VHDL-1012)
INFO: analyzing architecture 'behave' of entity 'alu_sys_hdl_gmem2_m_axi_load' (VHDL-9006)
INFO: analyzing entity 'ALU_sys_HDL_gmem2_m_axi_store' (VHDL-1012)
INFO: analyzing architecture 'behave' of entity 'alu_sys_hdl_gmem2_m_axi_store' (VHDL-9006)
INFO: analyzing entity 'ALU_sys_HDL_gmem2_m_axi_read' (VHDL-1012)
INFO: analyzing architecture 'behave' of entity 'alu_sys_hdl_gmem2_m_axi_read' (VHDL-9006)
INFO: analyzing entity 'ALU_sys_HDL_gmem2_m_axi_write' (VHDL-1012)
INFO: analyzing architecture 'behave' of entity 'alu_sys_hdl_gmem2_m_axi_write' (VHDL-9006)
INFO: analyzing entity 'ALU_sys_HDL_gmem2_m_axi_burst_converter' (VHDL-1012)
INFO: analyzing architecture 'behave' of entity 'alu_sys_hdl_gmem2_m_axi_burst_converter' (VHDL-9006)
INFO: analyzing entity 'ALU_sys_HDL_gmem2_m_axi_throttle' (VHDL-1012)
INFO: analyzing architecture 'behav' of entity 'alu_sys_hdl_gmem2_m_axi_throttle' (VHDL-9006)
INFO: analyzing entity 'ALU_sys_HDL_gmem2_m_axi_reg_slice' (VHDL-1012)
INFO: analyzing architecture 'behave' of entity 'alu_sys_hdl_gmem2_m_axi_reg_slice' (VHDL-9006)
INFO: analyzing entity 'ALU_sys_HDL_gmem2_m_axi_fifo' (VHDL-1012)
INFO: analyzing architecture 'behave' of entity 'alu_sys_hdl_gmem2_m_axi_fifo' (VHDL-9006)
INFO: analyzing entity 'ALU_sys_HDL_gmem2_m_axi_srl' (VHDL-1012)
INFO: analyzing architecture 'behav' of entity 'alu_sys_hdl_gmem2_m_axi_srl' (VHDL-9006)
INFO: analyzing entity 'ALU_sys_HDL_gmem2_m_axi_mem' (VHDL-1012)
INFO: analyzing architecture 'behav' of entity 'alu_sys_hdl_gmem2_m_axi_mem' (VHDL-9006)
-- Analyzing VHDL file "C:/Users/lotto/Desktop/Alveare/M_AXI_ALU/100/Vivado/ALU_sys_HDL.srcs/sources_1/imports/imports/vhdl/ALU_sys_HDL_gmem3_m_axi.vhd" into library xil_defaultlib (VHDL-9003)
INFO: analyzing entity 'ALU_sys_HDL_gmem3_m_axi' (VHDL-1012)
INFO: analyzing architecture 'behave' of entity 'alu_sys_hdl_gmem3_m_axi' (VHDL-9006)
INFO: analyzing entity 'ALU_sys_HDL_gmem3_m_axi_load' (VHDL-1012)
INFO: analyzing architecture 'behave' of entity 'alu_sys_hdl_gmem3_m_axi_load' (VHDL-9006)
INFO: analyzing entity 'ALU_sys_HDL_gmem3_m_axi_store' (VHDL-1012)
INFO: analyzing architecture 'behave' of entity 'alu_sys_hdl_gmem3_m_axi_store' (VHDL-9006)
INFO: analyzing entity 'ALU_sys_HDL_gmem3_m_axi_read' (VHDL-1012)
INFO: analyzing architecture 'behave' of entity 'alu_sys_hdl_gmem3_m_axi_read' (VHDL-9006)
INFO: analyzing entity 'ALU_sys_HDL_gmem3_m_axi_write' (VHDL-1012)
INFO: analyzing architecture 'behave' of entity 'alu_sys_hdl_gmem3_m_axi_write' (VHDL-9006)
INFO: analyzing entity 'ALU_sys_HDL_gmem3_m_axi_burst_converter' (VHDL-1012)
INFO: analyzing architecture 'behave' of entity 'alu_sys_hdl_gmem3_m_axi_burst_converter' (VHDL-9006)
INFO: analyzing entity 'ALU_sys_HDL_gmem3_m_axi_throttle' (VHDL-1012)
INFO: analyzing architecture 'behav' of entity 'alu_sys_hdl_gmem3_m_axi_throttle' (VHDL-9006)
INFO: analyzing entity 'ALU_sys_HDL_gmem3_m_axi_reg_slice' (VHDL-1012)
INFO: analyzing architecture 'behave' of entity 'alu_sys_hdl_gmem3_m_axi_reg_slice' (VHDL-9006)
INFO: analyzing entity 'ALU_sys_HDL_gmem3_m_axi_fifo' (VHDL-1012)
INFO: analyzing architecture 'behave' of entity 'alu_sys_hdl_gmem3_m_axi_fifo' (VHDL-9006)
INFO: analyzing entity 'ALU_sys_HDL_gmem3_m_axi_srl' (VHDL-1012)
INFO: analyzing architecture 'behav' of entity 'alu_sys_hdl_gmem3_m_axi_srl' (VHDL-9006)
INFO: analyzing entity 'ALU_sys_HDL_gmem3_m_axi_mem' (VHDL-1012)
INFO: analyzing architecture 'behav' of entity 'alu_sys_hdl_gmem3_m_axi_mem' (VHDL-9006)
-- Analyzing VHDL file "C:/Users/lotto/Desktop/Alveare/M_AXI_ALU/100/Vivado/ALU_sys_HDL.srcs/sources_1/imports/imports/vhdl/ALU_sys_HDL_mul_32s_32s_32_2_1.vhd" into library xil_defaultlib (VHDL-9003)
INFO: analyzing entity 'ALU_sys_HDL_mul_32s_32s_32_2_1' (VHDL-1012)
INFO: analyzing architecture 'behav' of entity 'alu_sys_hdl_mul_32s_32s_32_2_1' (VHDL-9006)
-- Analyzing VHDL file "C:/Users/lotto/Desktop/Alveare/M_AXI_ALU/100/Vivado/ALU_sys_HDL.srcs/sources_1/imports/imports/vhdl/ALU_sys_HDL_op_data_exe_wb.vhd" into library xil_defaultlib (VHDL-9003)
INFO: analyzing entity 'ALU_sys_HDL_op_data_exe_wb' (VHDL-1012)
INFO: analyzing architecture 'behav' of entity 'alu_sys_hdl_op_data_exe_wb' (VHDL-9006)
-- Analyzing VHDL file "C:/Users/lotto/Desktop/Alveare/M_AXI_ALU/100/Vivado/ALU_sys_HDL.srcs/sources_1/imports/imports/vhdl/ALU_sys_HDL_op_data_exe_wb_Pipeline_exe.vhd" into library xil_defaultlib (VHDL-9003)
INFO: analyzing entity 'ALU_sys_HDL_op_data_exe_wb_Pipeline_exe' (VHDL-1012)
INFO: analyzing architecture 'behav' of entity 'alu_sys_hdl_op_data_exe_wb_pipeline_exe' (VHDL-9006)
-- Analyzing VHDL file "C:/Users/lotto/Desktop/Alveare/M_AXI_ALU/100/Vivado/ALU_sys_HDL.srcs/sources_1/imports/imports/vhdl/ALU_sys_HDL_op_data_exe_wb_Pipeline_l_data_a.vhd" into library xil_defaultlib (VHDL-9003)
INFO: analyzing entity 'ALU_sys_HDL_op_data_exe_wb_Pipeline_l_data_a' (VHDL-1012)
INFO: analyzing architecture 'behav' of entity 'alu_sys_hdl_op_data_exe_wb_pipeline_l_data_a' (VHDL-9006)
-- Analyzing VHDL file "C:/Users/lotto/Desktop/Alveare/M_AXI_ALU/100/Vivado/ALU_sys_HDL.srcs/sources_1/imports/imports/vhdl/ALU_sys_HDL_op_data_exe_wb_Pipeline_l_data_b.vhd" into library xil_defaultlib (VHDL-9003)
INFO: analyzing entity 'ALU_sys_HDL_op_data_exe_wb_Pipeline_l_data_b' (VHDL-1012)
INFO: analyzing architecture 'behav' of entity 'alu_sys_hdl_op_data_exe_wb_pipeline_l_data_b' (VHDL-9006)
-- Analyzing VHDL file "C:/Users/lotto/Desktop/Alveare/M_AXI_ALU/100/Vivado/ALU_sys_HDL.srcs/sources_1/imports/imports/vhdl/ALU_sys_HDL_op_data_exe_wb_Pipeline_l_operation.vhd" into library xil_defaultlib (VHDL-9003)
INFO: analyzing entity 'ALU_sys_HDL_op_data_exe_wb_Pipeline_l_operation' (VHDL-1012)
INFO: analyzing architecture 'behav' of entity 'alu_sys_hdl_op_data_exe_wb_pipeline_l_operation' (VHDL-9006)
-- Analyzing VHDL file "C:/Users/lotto/Desktop/Alveare/M_AXI_ALU/100/Vivado/ALU_sys_HDL.srcs/sources_1/imports/imports/vhdl/ALU_sys_HDL_op_data_exe_wb_Pipeline_s_operation_data_op.vhd" into library xil_defaultlib (VHDL-9003)
INFO: analyzing entity 'ALU_sys_HDL_op_data_exe_wb_Pipeline_s_operation_data_op' (VHDL-1012)
INFO: analyzing architecture 'behav' of entity 'alu_sys_hdl_op_data_exe_wb_pipeline_s_operation_data_op' (VHDL-9006)
-- Analyzing VHDL file "C:/Users/lotto/Desktop/Alveare/M_AXI_ALU/100/Vivado/ALU_sys_HDL.srcs/sources_1/imports/imports/vhdl/ALU_sys_HDL_op_data_exe_wb_Pipeline_write_back.vhd" into library xil_defaultlib (VHDL-9003)
INFO: analyzing entity 'ALU_sys_HDL_op_data_exe_wb_Pipeline_write_back' (VHDL-1012)
INFO: analyzing architecture 'behav' of entity 'alu_sys_hdl_op_data_exe_wb_pipeline_write_back' (VHDL-9006)
-- Analyzing VHDL file "C:/Users/lotto/Desktop/Alveare/M_AXI_ALU/100/Vivado/ALU_sys_HDL.srcs/sources_1/imports/imports/vhdl/ALU_sys_HDL_operation.vhd" into library xil_defaultlib (VHDL-9003)
INFO: analyzing entity 'ALU_sys_HDL_operation' (VHDL-1012)
INFO: analyzing architecture 'behav' of entity 'alu_sys_hdl_operation' (VHDL-9006)
-- Analyzing VHDL file "C:/Users/lotto/Desktop/Alveare/M_AXI_ALU/100/Vivado/ALU_sys_HDL.srcs/sources_1/imports/imports/vhdl/ALU_sys_HDL_operation_Pipeline_l_operation.vhd" into library xil_defaultlib (VHDL-9003)
INFO: analyzing entity 'ALU_sys_HDL_operation_Pipeline_l_operation' (VHDL-1012)
INFO: analyzing architecture 'behav' of entity 'alu_sys_hdl_operation_pipeline_l_operation' (VHDL-9006)
-- Analyzing VHDL file "C:/Users/lotto/Desktop/Alveare/M_AXI_ALU/100/Vivado/ALU_sys_HDL.srcs/sources_1/imports/imports/vhdl/ALU_sys_HDL_operation_Pipeline_s_operation_data_op.vhd" into library xil_defaultlib (VHDL-9003)
INFO: analyzing entity 'ALU_sys_HDL_operation_Pipeline_s_operation_data_op' (VHDL-1012)
INFO: analyzing architecture 'behav' of entity 'alu_sys_hdl_operation_pipeline_s_operation_data_op' (VHDL-9006)
-- Analyzing VHDL file "C:/Users/lotto/Desktop/Alveare/M_AXI_ALU/100/Vivado/ALU_sys_HDL.srcs/sources_1/imports/imports/vhdl/ALU_sys_HDL_reset.vhd" into library xil_defaultlib (VHDL-9003)
INFO: analyzing entity 'ALU_sys_HDL_reset' (VHDL-1012)
INFO: analyzing architecture 'behav' of entity 'alu_sys_hdl_reset' (VHDL-9006)
-- Analyzing VHDL file "C:/Users/lotto/Desktop/Alveare/M_AXI_ALU/100/Vivado/ALU_sys_HDL.srcs/sources_1/imports/imports/vhdl/ALU_sys_HDL_reset_Pipeline_clear_ALU_op.vhd" into library xil_defaultlib (VHDL-9003)
INFO: analyzing entity 'ALU_sys_HDL_reset_Pipeline_clear_ALU_op' (VHDL-1012)
INFO: analyzing architecture 'behav' of entity 'alu_sys_hdl_reset_pipeline_clear_alu_op' (VHDL-9006)
-- Analyzing VHDL file "C:/Users/lotto/Desktop/Alveare/M_AXI_ALU/100/Vivado/ALU_sys_HDL.srcs/sources_1/imports/imports/vhdl/ALU_sys_HDL_reset_Pipeline_clear_FIFO_a.vhd" into library xil_defaultlib (VHDL-9003)
INFO: analyzing entity 'ALU_sys_HDL_reset_Pipeline_clear_FIFO_a' (VHDL-1012)
INFO: analyzing architecture 'behav' of entity 'alu_sys_hdl_reset_pipeline_clear_fifo_a' (VHDL-9006)
-- Analyzing VHDL file "C:/Users/lotto/Desktop/Alveare/M_AXI_ALU/100/Vivado/ALU_sys_HDL.srcs/sources_1/imports/imports/vhdl/ALU_sys_HDL_reset_Pipeline_clear_FIFO_b.vhd" into library xil_defaultlib (VHDL-9003)
INFO: analyzing entity 'ALU_sys_HDL_reset_Pipeline_clear_FIFO_b' (VHDL-1012)
INFO: analyzing architecture 'behav' of entity 'alu_sys_hdl_reset_pipeline_clear_fifo_b' (VHDL-9006)
-- Analyzing VHDL file "C:/Users/lotto/Desktop/Alveare/M_AXI_ALU/100/Vivado/ALU_sys_HDL.srcs/sources_1/imports/imports/vhdl/ALU_sys_HDL_reset_Pipeline_clear_RAM_op.vhd" into library xil_defaultlib (VHDL-9003)
INFO: analyzing entity 'ALU_sys_HDL_reset_Pipeline_clear_RAM_op' (VHDL-1012)
INFO: analyzing architecture 'behav' of entity 'alu_sys_hdl_reset_pipeline_clear_ram_op' (VHDL-9006)
-- Analyzing VHDL file "C:/Users/lotto/Desktop/Alveare/M_AXI_ALU/100/Vivado/ALU_sys_HDL.srcs/sources_1/imports/imports/vhdl/ALU_sys_HDL_sdiv_32s_32s_32_36_1.vhd" into library xil_defaultlib (VHDL-9003)
INFO: analyzing entity 'ALU_sys_HDL_sdiv_32s_32s_32_36_1_divider' (VHDL-1012)
INFO: analyzing architecture 'rtl' of entity 'alu_sys_hdl_sdiv_32s_32s_32_36_1_divider' (VHDL-9006)
INFO: analyzing entity 'ALU_sys_HDL_sdiv_32s_32s_32_36_1' (VHDL-1012)
INFO: analyzing architecture 'rtl' of entity 'alu_sys_hdl_sdiv_32s_32s_32_36_1' (VHDL-9006)
-- Analyzing VHDL file "C:/Users/lotto/Desktop/Alveare/M_AXI_ALU/100/Vivado/ALU_sys_HDL.srcs/sources_1/imports/imports/ALU_file_1000/dispatcher.vhd" into library xil_defaultlib (VHDL-9003)
INFO: analyzing entity 'dispatcher' (VHDL-1012)
INFO: analyzing architecture 'Behavioral' of entity 'dispatcher' (VHDL-9006)
-- Analyzing VHDL file "C:/Users/lotto/Desktop/Alveare/M_AXI_ALU/100/Vivado/ALU_sys_HDL.srcs/sources_1/imports/imports/ALU_file_1000/div.vhd" into library xil_defaultlib (VHDL-9003)
INFO: analyzing entity 'div' (VHDL-1012)
INFO: analyzing architecture 'Behavioral' of entity 'div' (VHDL-9006)
-- Analyzing VHDL file "C:/Users/lotto/Desktop/Alveare/M_AXI_ALU/100/Vivado/ALU_sys_HDL.srcs/sources_1/imports/imports/ALU_file_1000/mul.vhd" into library xil_defaultlib (VHDL-9003)
INFO: analyzing entity 'mul' (VHDL-1012)
INFO: analyzing architecture 'Behavioral' of entity 'mul' (VHDL-9006)
-- Analyzing VHDL file "C:/Users/lotto/Desktop/Alveare/M_AXI_ALU/100/Vivado/ALU_sys_HDL.srcs/sources_1/imports/imports/ALU_file_1000/pp_buf.vhd" into library xil_defaultlib (VHDL-9003)
INFO: analyzing entity 'pp_buf' (VHDL-1012)
INFO: analyzing architecture 'Behavioral' of entity 'pp_buf' (VHDL-9006)
-- Analyzing VHDL file "C:/Users/lotto/Desktop/Alveare/M_AXI_ALU/100/Vivado/ALU_sys_HDL.srcs/sources_1/imports/imports/ALU_file_1000/sub.vhd" into library xil_defaultlib (VHDL-9003)
INFO: analyzing entity 'sub' (VHDL-1012)
INFO: analyzing architecture 'Behavioral' of entity 'sub' (VHDL-9006)
-- Analyzing VHDL file "C:/Users/lotto/Desktop/Alveare/M_AXI_ALU/100/Vivado/ALU_sys_HDL.srcs/sources_1/imports/imports/ALU_file_1000/sum.vhd" into library xil_defaultlib (VHDL-9003)
INFO: analyzing entity 'sum' (VHDL-1012)
INFO: analyzing architecture 'Behavioral' of entity 'sum' (VHDL-9006)
Listing tops:
VHDLTop: library:xil_defaultlib entity:alu_sys_hdl arch:
VHDLTop: library:xil_defaultlib entity:alu_sys_hdl arch:
VHDLTop: library:xil_defaultlib entity:alu_sys_hdl_mul_32s_32s_32_2_1 arch:
VHDLTop: library:xil_defaultlib entity:alu_sys_hdl_mul_32s_32s_32_2_1 arch:
VHDLTop: library:xil_defaultlib entity:alu_sys_hdl_sdiv_32s_32s_32_36_1 arch:
VHDLTop: library:xil_defaultlib entity:alu_sys_hdl_sdiv_32s_32s_32_36_1 arch:
END of tops
C:/Users/lotto/Desktop/Alveare/M_AXI_ALU/100/Vivado/ALU_sys_HDL.srcs/sources_1/imports/imports/vhdl/ALU_sys_HDL.vhd(11): INFO: processing 'ALU_sys_HDL_default(behav)' (VHDL-1067)
C:/Users/lotto/Desktop/Alveare/M_AXI_ALU/100/Vivado/ALU_sys_HDL.srcs/sources_1/imports/imports/vhdl/ALU_sys_HDL_control_s_axi.vhd(12): INFO: processing 'ALU_sys_HDL_control_s_axi_default(behave)' (VHDL-1067)
C:/Users/lotto/Desktop/Alveare/M_AXI_ALU/100/Vivado/ALU_sys_HDL.srcs/sources_1/imports/imports/vhdl/ALU_sys_HDL_gmem0_m_axi.vhd(12): INFO: processing '\ALU_sys_HDL_gmem0_m_axi(conservative=1,num_read_outstanding=16,num_write_outstanding=16,c_m_axi_addr_width=64,user_dw=32,user_aw=64,user_maxreqs=7,user_rfifonum_width=9)(1,5)\(behave)' (VHDL-1067)
C:/Users/lotto/Desktop/Alveare/M_AXI_ALU/100/Vivado/ALU_sys_HDL.srcs/sources_1/imports/imports/vhdl/ALU_sys_HDL_gmem0_m_axi.vhd(516): INFO: processing '\ALU_sys_HDL_gmem0_m_axi_load(num_read_outstanding=16,bus_addr_width=64,user_dw=32,user_aw=64,user_maxreqs=7,user_rfifonum_width=9,buffer_impl="block")(1,5)\(behave)' (VHDL-1067)
C:/Users/lotto/Desktop/Alveare/M_AXI_ALU/100/Vivado/ALU_sys_HDL.srcs/sources_1/imports/imports/vhdl/ALU_sys_HDL_gmem0_m_axi.vhd(3132): INFO: processing '\ALU_sys_HDL_gmem0_m_axi_fifo(data_width=96,addr_width=3,depth=7)(1,8)\(behave)' (VHDL-1067)
C:/Users/lotto/Desktop/Alveare/M_AXI_ALU/100/Vivado/ALU_sys_HDL.srcs/sources_1/imports/imports/vhdl/ALU_sys_HDL_gmem0_m_axi.vhd(3372): INFO: processing '\ALU_sys_HDL_gmem0_m_axi_srl(data_width=96,addr_width=3,depth=7)\(behav)' (VHDL-1067)
C:/Users/lotto/Desktop/Alveare/M_AXI_ALU/100/Vivado/ALU_sys_HDL.srcs/sources_1/imports/imports/vhdl/ALU_sys_HDL_gmem0_m_axi.vhd(3132): INFO: processing '\ALU_sys_HDL_gmem0_m_axi_fifo(mem_style="block",data_width=34,addr_width=8,depth=256)(1,5)\(behave)' (VHDL-1067)
C:/Users/lotto/Desktop/Alveare/M_AXI_ALU/100/Vivado/ALU_sys_HDL.srcs/sources_1/imports/imports/vhdl/ALU_sys_HDL_gmem0_m_axi.vhd(3439): INFO: processing '\ALU_sys_HDL_gmem0_m_axi_mem(mem_style="block",data_width=34,addr_width=8,depth=256)(1,5)\(behav)' (VHDL-1067)
C:/Users/lotto/Desktop/Alveare/M_AXI_ALU/100/Vivado/ALU_sys_HDL.srcs/sources_1/imports/imports/vhdl/ALU_sys_HDL_gmem0_m_axi.vhd(1064): INFO: processing '\ALU_sys_HDL_gmem0_m_axi_store(num_write_outstanding=16,bus_addr_width=64,user_dw=32,user_aw=64,user_maxreqs=7,buffer_impl="block")(1,5)\(behave)' (VHDL-1067)
C:/Users/lotto/Desktop/Alveare/M_AXI_ALU/100/Vivado/ALU_sys_HDL.srcs/sources_1/imports/imports/vhdl/ALU_sys_HDL_gmem0_m_axi.vhd(3132): INFO: processing '\ALU_sys_HDL_gmem0_m_axi_fifo(mem_style="block",data_width=36)(1,5)\(behave)' (VHDL-1067)
C:/Users/lotto/Desktop/Alveare/M_AXI_ALU/100/Vivado/ALU_sys_HDL.srcs/sources_1/imports/imports/vhdl/ALU_sys_HDL_gmem0_m_axi.vhd(3439): INFO: processing '\ALU_sys_HDL_gmem0_m_axi_mem(mem_style="block",data_width=36,addr_width=4,depth=16)(1,5)\(behav)' (VHDL-1067)
C:/Users/lotto/Desktop/Alveare/M_AXI_ALU/100/Vivado/ALU_sys_HDL.srcs/sources_1/imports/imports/vhdl/ALU_sys_HDL_gmem0_m_axi.vhd(3132): INFO: processing '\ALU_sys_HDL_gmem0_m_axi_fifo(data_width=1)(1,8)\(behave)' (VHDL-1067)
C:/Users/lotto/Desktop/Alveare/M_AXI_ALU/100/Vivado/ALU_sys_HDL.srcs/sources_1/imports/imports/vhdl/ALU_sys_HDL_gmem0_m_axi.vhd(3372): INFO: processing '\ALU_sys_HDL_gmem0_m_axi_srl(data_width=1,addr_width=4,depth=16)\(behav)' (VHDL-1067)
C:/Users/lotto/Desktop/Alveare/M_AXI_ALU/100/Vivado/ALU_sys_HDL.srcs/sources_1/imports/imports/vhdl/ALU_sys_HDL_gmem0_m_axi.vhd(3132): INFO: processing '\ALU_sys_HDL_gmem0_m_axi_fifo(data_width=1,addr_width=3,depth=7)(1,8)\(behave)' (VHDL-1067)
C:/Users/lotto/Desktop/Alveare/M_AXI_ALU/100/Vivado/ALU_sys_HDL.srcs/sources_1/imports/imports/vhdl/ALU_sys_HDL_gmem0_m_axi.vhd(3372): INFO: processing '\ALU_sys_HDL_gmem0_m_axi_srl(data_width=1,addr_width=3,depth=7)\(behav)' (VHDL-1067)
C:/Users/lotto/Desktop/Alveare/M_AXI_ALU/100/Vivado/ALU_sys_HDL.srcs/sources_1/imports/imports/vhdl/ALU_sys_HDL_gmem0_m_axi.vhd(1708): INFO: processing '\ALU_sys_HDL_gmem0_m_axi_read(bus_addr_width=64,num_read_outstanding=16)\(behave)' (VHDL-1067)
C:/Users/lotto/Desktop/Alveare/M_AXI_ALU/100/Vivado/ALU_sys_HDL.srcs/sources_1/imports/imports/vhdl/ALU_sys_HDL_gmem0_m_axi.vhd(2374): INFO: processing '\ALU_sys_HDL_gmem0_m_axi_burst_converter(addr_width=64)\(behave)' (VHDL-1067)
C:/Users/lotto/Desktop/Alveare/M_AXI_ALU/100/Vivado/ALU_sys_HDL.srcs/sources_1/imports/imports/vhdl/ALU_sys_HDL_gmem0_m_axi.vhd(3007): INFO: processing '\ALU_sys_HDL_gmem0_m_axi_reg_slice(data_width=96)\(behave)' (VHDL-1067)
C:/Users/lotto/Desktop/Alveare/M_AXI_ALU/100/Vivado/ALU_sys_HDL.srcs/sources_1/imports/imports/vhdl/ALU_sys_HDL_gmem0_m_axi.vhd(3007): INFO: processing '\ALU_sys_HDL_gmem0_m_axi_reg_slice(data_width=33)\(behave)' (VHDL-1067)
C:/Users/lotto/Desktop/Alveare/M_AXI_ALU/100/Vivado/ALU_sys_HDL.srcs/sources_1/imports/imports/vhdl/ALU_sys_HDL_gmem0_m_axi.vhd(1962): INFO: processing '\ALU_sys_HDL_gmem0_m_axi_write(conservative=1,bus_addr_width=64,num_write_outstanding=16)\(behave)' (VHDL-1067)
C:/Users/lotto/Desktop/Alveare/M_AXI_ALU/100/Vivado/ALU_sys_HDL.srcs/sources_1/imports/imports/vhdl/ALU_sys_HDL_gmem0_m_axi.vhd(3132): INFO: processing '\ALU_sys_HDL_gmem0_m_axi_fifo(1,8)\(behave)' (VHDL-1067)
C:/Users/lotto/Desktop/Alveare/M_AXI_ALU/100/Vivado/ALU_sys_HDL.srcs/sources_1/imports/imports/vhdl/ALU_sys_HDL_gmem0_m_axi.vhd(3372): INFO: processing '\ALU_sys_HDL_gmem0_m_axi_srl(data_width=8,addr_width=4,depth=16)\(behav)' (VHDL-1067)
C:/Users/lotto/Desktop/Alveare/M_AXI_ALU/100/Vivado/ALU_sys_HDL.srcs/sources_1/imports/imports/vhdl/ALU_sys_HDL_gmem0_m_axi.vhd(2723): INFO: processing '\ALU_sys_HDL_gmem0_m_axi_throttle(conservative=1,addr_width=64)\(behav)' (VHDL-1067)
C:/Users/lotto/Desktop/Alveare/M_AXI_ALU/100/Vivado/ALU_sys_HDL.srcs/sources_1/imports/imports/vhdl/ALU_sys_HDL_gmem0_m_axi.vhd(3132): INFO: processing '\ALU_sys_HDL_gmem0_m_axi_fifo(data_width=72)(1,8)\(behave)' (VHDL-1067)
C:/Users/lotto/Desktop/Alveare/M_AXI_ALU/100/Vivado/ALU_sys_HDL.srcs/sources_1/imports/imports/vhdl/ALU_sys_HDL_gmem0_m_axi.vhd(3372): INFO: processing '\ALU_sys_HDL_gmem0_m_axi_srl(data_width=72,addr_width=4,depth=16)\(behav)' (VHDL-1067)
C:/Users/lotto/Desktop/Alveare/M_AXI_ALU/100/Vivado/ALU_sys_HDL.srcs/sources_1/imports/imports/vhdl/ALU_sys_HDL_gmem0_m_axi.vhd(3007): INFO: processing '\ALU_sys_HDL_gmem0_m_axi_reg_slice(data_width=72)\(behave)' (VHDL-1067)
C:/Users/lotto/Desktop/Alveare/M_AXI_ALU/100/Vivado/ALU_sys_HDL.srcs/sources_1/imports/imports/vhdl/ALU_sys_HDL_gmem0_m_axi.vhd(3132): INFO: processing '\ALU_sys_HDL_gmem0_m_axi_fifo(data_width=37)(1,8)\(behave)' (VHDL-1067)
C:/Users/lotto/Desktop/Alveare/M_AXI_ALU/100/Vivado/ALU_sys_HDL.srcs/sources_1/imports/imports/vhdl/ALU_sys_HDL_gmem0_m_axi.vhd(3372): INFO: processing '\ALU_sys_HDL_gmem0_m_axi_srl(data_width=37,addr_width=4,depth=16)\(behav)' (VHDL-1067)
C:/Users/lotto/Desktop/Alveare/M_AXI_ALU/100/Vivado/ALU_sys_HDL.srcs/sources_1/imports/imports/vhdl/ALU_sys_HDL_gmem0_m_axi.vhd(3007): INFO: processing '\ALU_sys_HDL_gmem0_m_axi_reg_slice(data_width=1)\(behave)' (VHDL-1067)
C:/Users/lotto/Desktop/Alveare/M_AXI_ALU/100/Vivado/ALU_sys_HDL.srcs/sources_1/imports/imports/vhdl/ALU_sys_HDL_gmem1_m_axi.vhd(12): INFO: processing '\ALU_sys_HDL_gmem1_m_axi(conservative=1,num_read_outstanding=16,num_write_outstanding=16,c_m_axi_addr_width=64,user_dw=32,user_aw=64,user_maxreqs=7,user_rfifonum_width=9)(1,5)\(behave)' (VHDL-1067)
C:/Users/lotto/Desktop/Alveare/M_AXI_ALU/100/Vivado/ALU_sys_HDL.srcs/sources_1/imports/imports/vhdl/ALU_sys_HDL_gmem1_m_axi.vhd(516): INFO: processing '\ALU_sys_HDL_gmem1_m_axi_load(num_read_outstanding=16,bus_addr_width=64,user_dw=32,user_aw=64,user_maxreqs=7,user_rfifonum_width=9,buffer_impl="block")(1,5)\(behave)' (VHDL-1067)
C:/Users/lotto/Desktop/Alveare/M_AXI_ALU/100/Vivado/ALU_sys_HDL.srcs/sources_1/imports/imports/vhdl/ALU_sys_HDL_gmem1_m_axi.vhd(3132): INFO: processing '\ALU_sys_HDL_gmem1_m_axi_fifo(data_width=96,addr_width=3,depth=7)(1,8)\(behave)' (VHDL-1067)
C:/Users/lotto/Desktop/Alveare/M_AXI_ALU/100/Vivado/ALU_sys_HDL.srcs/sources_1/imports/imports/vhdl/ALU_sys_HDL_gmem1_m_axi.vhd(3372): INFO: processing '\ALU_sys_HDL_gmem1_m_axi_srl(data_width=96,addr_width=3,depth=7)\(behav)' (VHDL-1067)
C:/Users/lotto/Desktop/Alveare/M_AXI_ALU/100/Vivado/ALU_sys_HDL.srcs/sources_1/imports/imports/vhdl/ALU_sys_HDL_gmem1_m_axi.vhd(3132): INFO: processing '\ALU_sys_HDL_gmem1_m_axi_fifo(mem_style="block",data_width=34,addr_width=8,depth=256)(1,5)\(behave)' (VHDL-1067)
C:/Users/lotto/Desktop/Alveare/M_AXI_ALU/100/Vivado/ALU_sys_HDL.srcs/sources_1/imports/imports/vhdl/ALU_sys_HDL_gmem1_m_axi.vhd(3439): INFO: processing '\ALU_sys_HDL_gmem1_m_axi_mem(mem_style="block",data_width=34,addr_width=8,depth=256)(1,5)\(behav)' (VHDL-1067)
C:/Users/lotto/Desktop/Alveare/M_AXI_ALU/100/Vivado/ALU_sys_HDL.srcs/sources_1/imports/imports/vhdl/ALU_sys_HDL_gmem1_m_axi.vhd(1064): INFO: processing '\ALU_sys_HDL_gmem1_m_axi_store(num_write_outstanding=16,bus_addr_width=64,user_dw=32,user_aw=64,user_maxreqs=7,buffer_impl="block")(1,5)\(behave)' (VHDL-1067)
C:/Users/lotto/Desktop/Alveare/M_AXI_ALU/100/Vivado/ALU_sys_HDL.srcs/sources_1/imports/imports/vhdl/ALU_sys_HDL_gmem1_m_axi.vhd(3132): INFO: processing '\ALU_sys_HDL_gmem1_m_axi_fifo(mem_style="block",data_width=36)(1,5)\(behave)' (VHDL-1067)
C:/Users/lotto/Desktop/Alveare/M_AXI_ALU/100/Vivado/ALU_sys_HDL.srcs/sources_1/imports/imports/vhdl/ALU_sys_HDL_gmem1_m_axi.vhd(3439): INFO: processing '\ALU_sys_HDL_gmem1_m_axi_mem(mem_style="block",data_width=36,addr_width=4,depth=16)(1,5)\(behav)' (VHDL-1067)
C:/Users/lotto/Desktop/Alveare/M_AXI_ALU/100/Vivado/ALU_sys_HDL.srcs/sources_1/imports/imports/vhdl/ALU_sys_HDL_gmem1_m_axi.vhd(3132): INFO: processing '\ALU_sys_HDL_gmem1_m_axi_fifo(data_width=1)(1,8)\(behave)' (VHDL-1067)
C:/Users/lotto/Desktop/Alveare/M_AXI_ALU/100/Vivado/ALU_sys_HDL.srcs/sources_1/imports/imports/vhdl/ALU_sys_HDL_gmem1_m_axi.vhd(3372): INFO: processing '\ALU_sys_HDL_gmem1_m_axi_srl(data_width=1,addr_width=4,depth=16)\(behav)' (VHDL-1067)
C:/Users/lotto/Desktop/Alveare/M_AXI_ALU/100/Vivado/ALU_sys_HDL.srcs/sources_1/imports/imports/vhdl/ALU_sys_HDL_gmem1_m_axi.vhd(3132): INFO: processing '\ALU_sys_HDL_gmem1_m_axi_fifo(data_width=1,addr_width=3,depth=7)(1,8)\(behave)' (VHDL-1067)
C:/Users/lotto/Desktop/Alveare/M_AXI_ALU/100/Vivado/ALU_sys_HDL.srcs/sources_1/imports/imports/vhdl/ALU_sys_HDL_gmem1_m_axi.vhd(3372): INFO: processing '\ALU_sys_HDL_gmem1_m_axi_srl(data_width=1,addr_width=3,depth=7)\(behav)' (VHDL-1067)
C:/Users/lotto/Desktop/Alveare/M_AXI_ALU/100/Vivado/ALU_sys_HDL.srcs/sources_1/imports/imports/vhdl/ALU_sys_HDL_gmem1_m_axi.vhd(1708): INFO: processing '\ALU_sys_HDL_gmem1_m_axi_read(bus_addr_width=64,num_read_outstanding=16)\(behave)' (VHDL-1067)
C:/Users/lotto/Desktop/Alveare/M_AXI_ALU/100/Vivado/ALU_sys_HDL.srcs/sources_1/imports/imports/vhdl/ALU_sys_HDL_gmem1_m_axi.vhd(2374): INFO: processing '\ALU_sys_HDL_gmem1_m_axi_burst_converter(addr_width=64)\(behave)' (VHDL-1067)
C:/Users/lotto/Desktop/Alveare/M_AXI_ALU/100/Vivado/ALU_sys_HDL.srcs/sources_1/imports/imports/vhdl/ALU_sys_HDL_gmem1_m_axi.vhd(3007): INFO: processing '\ALU_sys_HDL_gmem1_m_axi_reg_slice(data_width=96)\(behave)' (VHDL-1067)
C:/Users/lotto/Desktop/Alveare/M_AXI_ALU/100/Vivado/ALU_sys_HDL.srcs/sources_1/imports/imports/vhdl/ALU_sys_HDL_gmem1_m_axi.vhd(3007): INFO: processing '\ALU_sys_HDL_gmem1_m_axi_reg_slice(data_width=33)\(behave)' (VHDL-1067)
C:/Users/lotto/Desktop/Alveare/M_AXI_ALU/100/Vivado/ALU_sys_HDL.srcs/sources_1/imports/imports/vhdl/ALU_sys_HDL_gmem1_m_axi.vhd(1962): INFO: processing '\ALU_sys_HDL_gmem1_m_axi_write(conservative=1,bus_addr_width=64,num_write_outstanding=16)\(behave)' (VHDL-1067)
C:/Users/lotto/Desktop/Alveare/M_AXI_ALU/100/Vivado/ALU_sys_HDL.srcs/sources_1/imports/imports/vhdl/ALU_sys_HDL_gmem1_m_axi.vhd(3132): INFO: processing '\ALU_sys_HDL_gmem1_m_axi_fifo(1,8)\(behave)' (VHDL-1067)
C:/Users/lotto/Desktop/Alveare/M_AXI_ALU/100/Vivado/ALU_sys_HDL.srcs/sources_1/imports/imports/vhdl/ALU_sys_HDL_gmem1_m_axi.vhd(3372): INFO: processing '\ALU_sys_HDL_gmem1_m_axi_srl(data_width=8,addr_width=4,depth=16)\(behav)' (VHDL-1067)
C:/Users/lotto/Desktop/Alveare/M_AXI_ALU/100/Vivado/ALU_sys_HDL.srcs/sources_1/imports/imports/vhdl/ALU_sys_HDL_gmem1_m_axi.vhd(2723): INFO: processing '\ALU_sys_HDL_gmem1_m_axi_throttle(conservative=1,addr_width=64)\(behav)' (VHDL-1067)
C:/Users/lotto/Desktop/Alveare/M_AXI_ALU/100/Vivado/ALU_sys_HDL.srcs/sources_1/imports/imports/vhdl/ALU_sys_HDL_gmem1_m_axi.vhd(3132): INFO: processing '\ALU_sys_HDL_gmem1_m_axi_fifo(data_width=72)(1,8)\(behave)' (VHDL-1067)
C:/Users/lotto/Desktop/Alveare/M_AXI_ALU/100/Vivado/ALU_sys_HDL.srcs/sources_1/imports/imports/vhdl/ALU_sys_HDL_gmem1_m_axi.vhd(3372): INFO: processing '\ALU_sys_HDL_gmem1_m_axi_srl(data_width=72,addr_width=4,depth=16)\(behav)' (VHDL-1067)
C:/Users/lotto/Desktop/Alveare/M_AXI_ALU/100/Vivado/ALU_sys_HDL.srcs/sources_1/imports/imports/vhdl/ALU_sys_HDL_gmem1_m_axi.vhd(3007): INFO: processing '\ALU_sys_HDL_gmem1_m_axi_reg_slice(data_width=72)\(behave)' (VHDL-1067)
C:/Users/lotto/Desktop/Alveare/M_AXI_ALU/100/Vivado/ALU_sys_HDL.srcs/sources_1/imports/imports/vhdl/ALU_sys_HDL_gmem1_m_axi.vhd(3132): INFO: processing '\ALU_sys_HDL_gmem1_m_axi_fifo(data_width=37)(1,8)\(behave)' (VHDL-1067)
C:/Users/lotto/Desktop/Alveare/M_AXI_ALU/100/Vivado/ALU_sys_HDL.srcs/sources_1/imports/imports/vhdl/ALU_sys_HDL_gmem1_m_axi.vhd(3372): INFO: processing '\ALU_sys_HDL_gmem1_m_axi_srl(data_width=37,addr_width=4,depth=16)\(behav)' (VHDL-1067)
C:/Users/lotto/Desktop/Alveare/M_AXI_ALU/100/Vivado/ALU_sys_HDL.srcs/sources_1/imports/imports/vhdl/ALU_sys_HDL_gmem1_m_axi.vhd(3007): INFO: processing '\ALU_sys_HDL_gmem1_m_axi_reg_slice(data_width=1)\(behave)' (VHDL-1067)
C:/Users/lotto/Desktop/Alveare/M_AXI_ALU/100/Vivado/ALU_sys_HDL.srcs/sources_1/imports/imports/vhdl/ALU_sys_HDL_gmem2_m_axi.vhd(12): INFO: processing '\ALU_sys_HDL_gmem2_m_axi(conservative=1,num_read_outstanding=16,num_write_outstanding=16,c_m_axi_addr_width=64,user_dw=32,user_aw=64,user_maxreqs=4,user_rfifonum_width=9)(1,5)\(behave)' (VHDL-1067)
C:/Users/lotto/Desktop/Alveare/M_AXI_ALU/100/Vivado/ALU_sys_HDL.srcs/sources_1/imports/imports/vhdl/ALU_sys_HDL_gmem2_m_axi.vhd(516): INFO: processing '\ALU_sys_HDL_gmem2_m_axi_load(num_read_outstanding=16,bus_addr_width=64,user_dw=32,user_aw=64,user_maxreqs=4,user_rfifonum_width=9,buffer_impl="block")(1,5)\(behave)' (VHDL-1067)
C:/Users/lotto/Desktop/Alveare/M_AXI_ALU/100/Vivado/ALU_sys_HDL.srcs/sources_1/imports/imports/vhdl/ALU_sys_HDL_gmem2_m_axi.vhd(3132): INFO: processing '\ALU_sys_HDL_gmem2_m_axi_fifo(data_width=96,addr_width=2,depth=4)(1,8)\(behave)' (VHDL-1067)
C:/Users/lotto/Desktop/Alveare/M_AXI_ALU/100/Vivado/ALU_sys_HDL.srcs/sources_1/imports/imports/vhdl/ALU_sys_HDL_gmem2_m_axi.vhd(3372): INFO: processing '\ALU_sys_HDL_gmem2_m_axi_srl(data_width=96,addr_width=2,depth=4)\(behav)' (VHDL-1067)
C:/Users/lotto/Desktop/Alveare/M_AXI_ALU/100/Vivado/ALU_sys_HDL.srcs/sources_1/imports/imports/vhdl/ALU_sys_HDL_gmem2_m_axi.vhd(3132): INFO: processing '\ALU_sys_HDL_gmem2_m_axi_fifo(mem_style="block",data_width=34,addr_width=8,depth=256)(1,5)\(behave)' (VHDL-1067)
C:/Users/lotto/Desktop/Alveare/M_AXI_ALU/100/Vivado/ALU_sys_HDL.srcs/sources_1/imports/imports/vhdl/ALU_sys_HDL_gmem2_m_axi.vhd(3439): INFO: processing '\ALU_sys_HDL_gmem2_m_axi_mem(mem_style="block",data_width=34,addr_width=8,depth=256)(1,5)\(behav)' (VHDL-1067)
C:/Users/lotto/Desktop/Alveare/M_AXI_ALU/100/Vivado/ALU_sys_HDL.srcs/sources_1/imports/imports/vhdl/ALU_sys_HDL_gmem2_m_axi.vhd(1064): INFO: processing '\ALU_sys_HDL_gmem2_m_axi_store(num_write_outstanding=16,bus_addr_width=64,user_dw=32,user_aw=64,user_maxreqs=4,buffer_impl="block")(1,5)\(behave)' (VHDL-1067)
C:/Users/lotto/Desktop/Alveare/M_AXI_ALU/100/Vivado/ALU_sys_HDL.srcs/sources_1/imports/imports/vhdl/ALU_sys_HDL_gmem2_m_axi.vhd(3132): INFO: processing '\ALU_sys_HDL_gmem2_m_axi_fifo(mem_style="block",data_width=36)(1,5)\(behave)' (VHDL-1067)
C:/Users/lotto/Desktop/Alveare/M_AXI_ALU/100/Vivado/ALU_sys_HDL.srcs/sources_1/imports/imports/vhdl/ALU_sys_HDL_gmem2_m_axi.vhd(3439): INFO: processing '\ALU_sys_HDL_gmem2_m_axi_mem(mem_style="block",data_width=36,addr_width=4,depth=16)(1,5)\(behav)' (VHDL-1067)
C:/Users/lotto/Desktop/Alveare/M_AXI_ALU/100/Vivado/ALU_sys_HDL.srcs/sources_1/imports/imports/vhdl/ALU_sys_HDL_gmem2_m_axi.vhd(3132): INFO: processing '\ALU_sys_HDL_gmem2_m_axi_fifo(data_width=1)(1,8)\(behave)' (VHDL-1067)
C:/Users/lotto/Desktop/Alveare/M_AXI_ALU/100/Vivado/ALU_sys_HDL.srcs/sources_1/imports/imports/vhdl/ALU_sys_HDL_gmem2_m_axi.vhd(3372): INFO: processing '\ALU_sys_HDL_gmem2_m_axi_srl(data_width=1,addr_width=4,depth=16)\(behav)' (VHDL-1067)
C:/Users/lotto/Desktop/Alveare/M_AXI_ALU/100/Vivado/ALU_sys_HDL.srcs/sources_1/imports/imports/vhdl/ALU_sys_HDL_gmem2_m_axi.vhd(3132): INFO: processing '\ALU_sys_HDL_gmem2_m_axi_fifo(data_width=1,addr_width=2,depth=4)(1,8)\(behave)' (VHDL-1067)
C:/Users/lotto/Desktop/Alveare/M_AXI_ALU/100/Vivado/ALU_sys_HDL.srcs/sources_1/imports/imports/vhdl/ALU_sys_HDL_gmem2_m_axi.vhd(3372): INFO: processing '\ALU_sys_HDL_gmem2_m_axi_srl(data_width=1,addr_width=2,depth=4)\(behav)' (VHDL-1067)
C:/Users/lotto/Desktop/Alveare/M_AXI_ALU/100/Vivado/ALU_sys_HDL.srcs/sources_1/imports/imports/vhdl/ALU_sys_HDL_gmem2_m_axi.vhd(1708): INFO: processing '\ALU_sys_HDL_gmem2_m_axi_read(bus_addr_width=64,num_read_outstanding=16)\(behave)' (VHDL-1067)
C:/Users/lotto/Desktop/Alveare/M_AXI_ALU/100/Vivado/ALU_sys_HDL.srcs/sources_1/imports/imports/vhdl/ALU_sys_HDL_gmem2_m_axi.vhd(2374): INFO: processing '\ALU_sys_HDL_gmem2_m_axi_burst_converter(addr_width=64)\(behave)' (VHDL-1067)
C:/Users/lotto/Desktop/Alveare/M_AXI_ALU/100/Vivado/ALU_sys_HDL.srcs/sources_1/imports/imports/vhdl/ALU_sys_HDL_gmem2_m_axi.vhd(3007): INFO: processing '\ALU_sys_HDL_gmem2_m_axi_reg_slice(data_width=96)\(behave)' (VHDL-1067)
C:/Users/lotto/Desktop/Alveare/M_AXI_ALU/100/Vivado/ALU_sys_HDL.srcs/sources_1/imports/imports/vhdl/ALU_sys_HDL_gmem2_m_axi.vhd(3007): INFO: processing '\ALU_sys_HDL_gmem2_m_axi_reg_slice(data_width=33)\(behave)' (VHDL-1067)
C:/Users/lotto/Desktop/Alveare/M_AXI_ALU/100/Vivado/ALU_sys_HDL.srcs/sources_1/imports/imports/vhdl/ALU_sys_HDL_gmem2_m_axi.vhd(1962): INFO: processing '\ALU_sys_HDL_gmem2_m_axi_write(conservative=1,bus_addr_width=64,num_write_outstanding=16)\(behave)' (VHDL-1067)
C:/Users/lotto/Desktop/Alveare/M_AXI_ALU/100/Vivado/ALU_sys_HDL.srcs/sources_1/imports/imports/vhdl/ALU_sys_HDL_gmem2_m_axi.vhd(3132): INFO: processing '\ALU_sys_HDL_gmem2_m_axi_fifo(1,8)\(behave)' (VHDL-1067)
C:/Users/lotto/Desktop/Alveare/M_AXI_ALU/100/Vivado/ALU_sys_HDL.srcs/sources_1/imports/imports/vhdl/ALU_sys_HDL_gmem2_m_axi.vhd(3372): INFO: processing '\ALU_sys_HDL_gmem2_m_axi_srl(data_width=8,addr_width=4,depth=16)\(behav)' (VHDL-1067)
C:/Users/lotto/Desktop/Alveare/M_AXI_ALU/100/Vivado/ALU_sys_HDL.srcs/sources_1/imports/imports/vhdl/ALU_sys_HDL_gmem2_m_axi.vhd(2723): INFO: processing '\ALU_sys_HDL_gmem2_m_axi_throttle(conservative=1,addr_width=64)\(behav)' (VHDL-1067)
C:/Users/lotto/Desktop/Alveare/M_AXI_ALU/100/Vivado/ALU_sys_HDL.srcs/sources_1/imports/imports/vhdl/ALU_sys_HDL_gmem2_m_axi.vhd(3132): INFO: processing '\ALU_sys_HDL_gmem2_m_axi_fifo(data_width=72)(1,8)\(behave)' (VHDL-1067)
C:/Users/lotto/Desktop/Alveare/M_AXI_ALU/100/Vivado/ALU_sys_HDL.srcs/sources_1/imports/imports/vhdl/ALU_sys_HDL_gmem2_m_axi.vhd(3372): INFO: processing '\ALU_sys_HDL_gmem2_m_axi_srl(data_width=72,addr_width=4,depth=16)\(behav)' (VHDL-1067)
C:/Users/lotto/Desktop/Alveare/M_AXI_ALU/100/Vivado/ALU_sys_HDL.srcs/sources_1/imports/imports/vhdl/ALU_sys_HDL_gmem2_m_axi.vhd(3007): INFO: processing '\ALU_sys_HDL_gmem2_m_axi_reg_slice(data_width=72)\(behave)' (VHDL-1067)
C:/Users/lotto/Desktop/Alveare/M_AXI_ALU/100/Vivado/ALU_sys_HDL.srcs/sources_1/imports/imports/vhdl/ALU_sys_HDL_gmem2_m_axi.vhd(3132): INFO: processing '\ALU_sys_HDL_gmem2_m_axi_fifo(data_width=37)(1,8)\(behave)' (VHDL-1067)
C:/Users/lotto/Desktop/Alveare/M_AXI_ALU/100/Vivado/ALU_sys_HDL.srcs/sources_1/imports/imports/vhdl/ALU_sys_HDL_gmem2_m_axi.vhd(3372): INFO: processing '\ALU_sys_HDL_gmem2_m_axi_srl(data_width=37,addr_width=4,depth=16)\(behav)' (VHDL-1067)
C:/Users/lotto/Desktop/Alveare/M_AXI_ALU/100/Vivado/ALU_sys_HDL.srcs/sources_1/imports/imports/vhdl/ALU_sys_HDL_gmem2_m_axi.vhd(3007): INFO: processing '\ALU_sys_HDL_gmem2_m_axi_reg_slice(data_width=1)\(behave)' (VHDL-1067)
C:/Users/lotto/Desktop/Alveare/M_AXI_ALU/100/Vivado/ALU_sys_HDL.srcs/sources_1/imports/imports/vhdl/ALU_sys_HDL_gmem3_m_axi.vhd(12): INFO: processing '\ALU_sys_HDL_gmem3_m_axi(conservative=1,num_read_outstanding=16,num_write_outstanding=16,c_m_axi_addr_width=64,user_dw=32,user_aw=64,user_maxreqs=7,user_rfifonum_width=9)(1,5)\(behave)' (VHDL-1067)
C:/Users/lotto/Desktop/Alveare/M_AXI_ALU/100/Vivado/ALU_sys_HDL.srcs/sources_1/imports/imports/vhdl/ALU_sys_HDL_gmem3_m_axi.vhd(516): INFO: processing '\ALU_sys_HDL_gmem3_m_axi_load(num_read_outstanding=16,bus_addr_width=64,user_dw=32,user_aw=64,user_maxreqs=7,user_rfifonum_width=9,buffer_impl="block")(1,5)\(behave)' (VHDL-1067)
C:/Users/lotto/Desktop/Alveare/M_AXI_ALU/100/Vivado/ALU_sys_HDL.srcs/sources_1/imports/imports/vhdl/ALU_sys_HDL_gmem3_m_axi.vhd(3132): INFO: processing '\ALU_sys_HDL_gmem3_m_axi_fifo(data_width=96,addr_width=3,depth=7)(1,8)\(behave)' (VHDL-1067)
C:/Users/lotto/Desktop/Alveare/M_AXI_ALU/100/Vivado/ALU_sys_HDL.srcs/sources_1/imports/imports/vhdl/ALU_sys_HDL_gmem3_m_axi.vhd(3372): INFO: processing '\ALU_sys_HDL_gmem3_m_axi_srl(data_width=96,addr_width=3,depth=7)\(behav)' (VHDL-1067)
C:/Users/lotto/Desktop/Alveare/M_AXI_ALU/100/Vivado/ALU_sys_HDL.srcs/sources_1/imports/imports/vhdl/ALU_sys_HDL_gmem3_m_axi.vhd(3132): INFO: processing '\ALU_sys_HDL_gmem3_m_axi_fifo(mem_style="block",data_width=34,addr_width=8,depth=256)(1,5)\(behave)' (VHDL-1067)
C:/Users/lotto/Desktop/Alveare/M_AXI_ALU/100/Vivado/ALU_sys_HDL.srcs/sources_1/imports/imports/vhdl/ALU_sys_HDL_gmem3_m_axi.vhd(3439): INFO: processing '\ALU_sys_HDL_gmem3_m_axi_mem(mem_style="block",data_width=34,addr_width=8,depth=256)(1,5)\(behav)' (VHDL-1067)
C:/Users/lotto/Desktop/Alveare/M_AXI_ALU/100/Vivado/ALU_sys_HDL.srcs/sources_1/imports/imports/vhdl/ALU_sys_HDL_gmem3_m_axi.vhd(1064): INFO: processing '\ALU_sys_HDL_gmem3_m_axi_store(num_write_outstanding=16,bus_addr_width=64,user_dw=32,user_aw=64,user_maxreqs=7,buffer_impl="block")(1,5)\(behave)' (VHDL-1067)
C:/Users/lotto/Desktop/Alveare/M_AXI_ALU/100/Vivado/ALU_sys_HDL.srcs/sources_1/imports/imports/vhdl/ALU_sys_HDL_gmem3_m_axi.vhd(3132): INFO: processing '\ALU_sys_HDL_gmem3_m_axi_fifo(mem_style="block",data_width=36)(1,5)\(behave)' (VHDL-1067)
C:/Users/lotto/Desktop/Alveare/M_AXI_ALU/100/Vivado/ALU_sys_HDL.srcs/sources_1/imports/imports/vhdl/ALU_sys_HDL_gmem3_m_axi.vhd(3439): INFO: processing '\ALU_sys_HDL_gmem3_m_axi_mem(mem_style="block",data_width=36,addr_width=4,depth=16)(1,5)\(behav)' (VHDL-1067)
C:/Users/lotto/Desktop/Alveare/M_AXI_ALU/100/Vivado/ALU_sys_HDL.srcs/sources_1/imports/imports/vhdl/ALU_sys_HDL_gmem3_m_axi.vhd(3132): INFO: processing '\ALU_sys_HDL_gmem3_m_axi_fifo(data_width=1)(1,8)\(behave)' (VHDL-1067)
C:/Users/lotto/Desktop/Alveare/M_AXI_ALU/100/Vivado/ALU_sys_HDL.srcs/sources_1/imports/imports/vhdl/ALU_sys_HDL_gmem3_m_axi.vhd(3372): INFO: processing '\ALU_sys_HDL_gmem3_m_axi_srl(data_width=1,addr_width=4,depth=16)\(behav)' (VHDL-1067)
C:/Users/lotto/Desktop/Alveare/M_AXI_ALU/100/Vivado/ALU_sys_HDL.srcs/sources_1/imports/imports/vhdl/ALU_sys_HDL_gmem3_m_axi.vhd(3132): INFO: processing '\ALU_sys_HDL_gmem3_m_axi_fifo(data_width=1,addr_width=3,depth=7)(1,8)\(behave)' (VHDL-1067)
C:/Users/lotto/Desktop/Alveare/M_AXI_ALU/100/Vivado/ALU_sys_HDL.srcs/sources_1/imports/imports/vhdl/ALU_sys_HDL_gmem3_m_axi.vhd(3372): INFO: processing '\ALU_sys_HDL_gmem3_m_axi_srl(data_width=1,addr_width=3,depth=7)\(behav)' (VHDL-1067)
C:/Users/lotto/Desktop/Alveare/M_AXI_ALU/100/Vivado/ALU_sys_HDL.srcs/sources_1/imports/imports/vhdl/ALU_sys_HDL_gmem3_m_axi.vhd(1708): INFO: processing '\ALU_sys_HDL_gmem3_m_axi_read(bus_addr_width=64,num_read_outstanding=16)\(behave)' (VHDL-1067)
C:/Users/lotto/Desktop/Alveare/M_AXI_ALU/100/Vivado/ALU_sys_HDL.srcs/sources_1/imports/imports/vhdl/ALU_sys_HDL_gmem3_m_axi.vhd(2374): INFO: processing '\ALU_sys_HDL_gmem3_m_axi_burst_converter(addr_width=64)\(behave)' (VHDL-1067)
C:/Users/lotto/Desktop/Alveare/M_AXI_ALU/100/Vivado/ALU_sys_HDL.srcs/sources_1/imports/imports/vhdl/ALU_sys_HDL_gmem3_m_axi.vhd(3007): INFO: processing '\ALU_sys_HDL_gmem3_m_axi_reg_slice(data_width=96)\(behave)' (VHDL-1067)
C:/Users/lotto/Desktop/Alveare/M_AXI_ALU/100/Vivado/ALU_sys_HDL.srcs/sources_1/imports/imports/vhdl/ALU_sys_HDL_gmem3_m_axi.vhd(3007): INFO: processing '\ALU_sys_HDL_gmem3_m_axi_reg_slice(data_width=33)\(behave)' (VHDL-1067)
C:/Users/lotto/Desktop/Alveare/M_AXI_ALU/100/Vivado/ALU_sys_HDL.srcs/sources_1/imports/imports/vhdl/ALU_sys_HDL_gmem3_m_axi.vhd(1962): INFO: processing '\ALU_sys_HDL_gmem3_m_axi_write(conservative=1,bus_addr_width=64,num_write_outstanding=16)\(behave)' (VHDL-1067)
C:/Users/lotto/Desktop/Alveare/M_AXI_ALU/100/Vivado/ALU_sys_HDL.srcs/sources_1/imports/imports/vhdl/ALU_sys_HDL_gmem3_m_axi.vhd(3132): INFO: processing '\ALU_sys_HDL_gmem3_m_axi_fifo(1,8)\(behave)' (VHDL-1067)
C:/Users/lotto/Desktop/Alveare/M_AXI_ALU/100/Vivado/ALU_sys_HDL.srcs/sources_1/imports/imports/vhdl/ALU_sys_HDL_gmem3_m_axi.vhd(3372): INFO: processing '\ALU_sys_HDL_gmem3_m_axi_srl(data_width=8,addr_width=4,depth=16)\(behav)' (VHDL-1067)
C:/Users/lotto/Desktop/Alveare/M_AXI_ALU/100/Vivado/ALU_sys_HDL.srcs/sources_1/imports/imports/vhdl/ALU_sys_HDL_gmem3_m_axi.vhd(2723): INFO: processing '\ALU_sys_HDL_gmem3_m_axi_throttle(conservative=1,addr_width=64)\(behav)' (VHDL-1067)
C:/Users/lotto/Desktop/Alveare/M_AXI_ALU/100/Vivado/ALU_sys_HDL.srcs/sources_1/imports/imports/vhdl/ALU_sys_HDL_gmem3_m_axi.vhd(3132): INFO: processing '\ALU_sys_HDL_gmem3_m_axi_fifo(data_width=72)(1,8)\(behave)' (VHDL-1067)
C:/Users/lotto/Desktop/Alveare/M_AXI_ALU/100/Vivado/ALU_sys_HDL.srcs/sources_1/imports/imports/vhdl/ALU_sys_HDL_gmem3_m_axi.vhd(3372): INFO: processing '\ALU_sys_HDL_gmem3_m_axi_srl(data_width=72,addr_width=4,depth=16)\(behav)' (VHDL-1067)
C:/Users/lotto/Desktop/Alveare/M_AXI_ALU/100/Vivado/ALU_sys_HDL.srcs/sources_1/imports/imports/vhdl/ALU_sys_HDL_gmem3_m_axi.vhd(3007): INFO: processing '\ALU_sys_HDL_gmem3_m_axi_reg_slice(data_width=72)\(behave)' (VHDL-1067)
C:/Users/lotto/Desktop/Alveare/M_AXI_ALU/100/Vivado/ALU_sys_HDL.srcs/sources_1/imports/imports/vhdl/ALU_sys_HDL_gmem3_m_axi.vhd(3132): INFO: processing '\ALU_sys_HDL_gmem3_m_axi_fifo(data_width=37)(1,8)\(behave)' (VHDL-1067)
C:/Users/lotto/Desktop/Alveare/M_AXI_ALU/100/Vivado/ALU_sys_HDL.srcs/sources_1/imports/imports/vhdl/ALU_sys_HDL_gmem3_m_axi.vhd(3372): INFO: processing '\ALU_sys_HDL_gmem3_m_axi_srl(data_width=37,addr_width=4,depth=16)\(behav)' (VHDL-1067)
C:/Users/lotto/Desktop/Alveare/M_AXI_ALU/100/Vivado/ALU_sys_HDL.srcs/sources_1/imports/imports/vhdl/ALU_sys_HDL_gmem3_m_axi.vhd(3007): INFO: processing '\ALU_sys_HDL_gmem3_m_axi_reg_slice(data_width=1)\(behave)' (VHDL-1067)
C:/Users/lotto/Desktop/Alveare/M_AXI_ALU/100/Vivado/ALU_sys_HDL.srcs/sources_1/imports/imports/vhdl/ALU_sys_HDL_Block_entry1_proc.vhd(11): INFO: processing 'ALU_sys_HDL_Block_entry1_proc_default(behav)' (VHDL-1067)
C:/Users/lotto/Desktop/Alveare/M_AXI_ALU/100/Vivado/ALU_sys_HDL.srcs/sources_1/imports/imports/vhdl/ALU_sys_HDL_Block_entry1_proc_ALU_operation_MEM_RAM_AUTO_1R1W.vhd(11): INFO: processing '\ALU_sys_HDL_Block_entry1_proc_ALU_operation_MEM_RAM_AUTO_1R1W(1,4)\(rtl)' (VHDL-1067)
C:/Users/lotto/Desktop/Alveare/M_AXI_ALU/100/Vivado/ALU_sys_HDL.srcs/sources_1/imports/imports/vhdl/ALU_sys_HDL_op_data_exe_wb.vhd(11): INFO: processing 'ALU_sys_HDL_op_data_exe_wb_default(behav)' (VHDL-1067)
C:/Users/lotto/Desktop/Alveare/M_AXI_ALU/100/Vivado/ALU_sys_HDL.srcs/sources_1/imports/imports/vhdl/ALU_sys_HDL_op_data_exe_wb_Pipeline_l_operation.vhd(11): INFO: processing 'ALU_sys_HDL_op_data_exe_wb_Pipeline_l_operation_default(behav)' (VHDL-1067)
C:/Users/lotto/Desktop/Alveare/M_AXI_ALU/100/Vivado/ALU_sys_HDL.srcs/sources_1/imports/imports/vhdl/ALU_sys_HDL_flow_control_loop_pipe_sequential_init.vhd(13): INFO: processing 'ALU_sys_HDL_flow_control_loop_pipe_sequential_init_default(behav)' (VHDL-1067)
C:/Users/lotto/Desktop/Alveare/M_AXI_ALU/100/Vivado/ALU_sys_HDL.srcs/sources_1/imports/imports/vhdl/ALU_sys_HDL_op_data_exe_wb_Pipeline_l_data_a.vhd(11): INFO: processing 'ALU_sys_HDL_op_data_exe_wb_Pipeline_l_data_a_default(behav)' (VHDL-1067)
C:/Users/lotto/Desktop/Alveare/M_AXI_ALU/100/Vivado/ALU_sys_HDL.srcs/sources_1/imports/imports/vhdl/ALU_sys_HDL_op_data_exe_wb_Pipeline_l_data_b.vhd(11): INFO: processing 'ALU_sys_HDL_op_data_exe_wb_Pipeline_l_data_b_default(behav)' (VHDL-1067)
C:/Users/lotto/Desktop/Alveare/M_AXI_ALU/100/Vivado/ALU_sys_HDL.srcs/sources_1/imports/imports/vhdl/ALU_sys_HDL_op_data_exe_wb_Pipeline_s_operation_data_op.vhd(11): INFO: processing 'ALU_sys_HDL_op_data_exe_wb_Pipeline_s_operation_data_op_default(behav)' (VHDL-1067)
C:/Users/lotto/Desktop/Alveare/M_AXI_ALU/100/Vivado/ALU_sys_HDL.srcs/sources_1/imports/imports/vhdl/ALU_sys_HDL_op_data_exe_wb_Pipeline_exe.vhd(5): INFO: processing 'ALU_sys_HDL_op_data_exe_wb_Pipeline_exe_default(behav)' (VHDL-1067)
C:/Users/lotto/Desktop/Alveare/M_AXI_ALU/100/Vivado/ALU_sys_HDL.srcs/sources_1/imports/imports/ALU_file_1000/pp_buf.vhd(5): INFO: processing 'pp_buf_default(Behavioral)' (VHDL-1067)
C:/Users/lotto/Desktop/Alveare/M_AXI_ALU/100/Vivado/ALU_sys_HDL.srcs/sources_1/imports/imports/ALU_file_1000/dispatcher.vhd(5): INFO: processing 'dispatcher_default(Behavioral)' (VHDL-1067)
C:/Users/lotto/Desktop/Alveare/M_AXI_ALU/100/Vivado/ALU_sys_HDL.srcs/sources_1/imports/imports/ALU_file_1000/sum.vhd(5): INFO: processing 'sum_default(Behavioral)' (VHDL-1067)
C:/Users/lotto/Desktop/Alveare/M_AXI_ALU/100/Vivado/ALU_sys_HDL.srcs/sources_1/imports/imports/ALU_file_1000/sub.vhd(5): INFO: processing 'sub_default(Behavioral)' (VHDL-1067)
C:/Users/lotto/Desktop/Alveare/M_AXI_ALU/100/Vivado/ALU_sys_HDL.srcs/sources_1/imports/imports/ALU_file_1000/mul.vhd(5): INFO: processing 'mul_default(Behavioral)' (VHDL-1067)
C:/Users/lotto/Desktop/Alveare/M_AXI_ALU/100/Vivado/ALU_sys_HDL.srcs/sources_1/imports/imports/ALU_file_1000/div.vhd(5): INFO: processing 'div_default(Behavioral)' (VHDL-1067)
C:/Users/lotto/Desktop/Alveare/M_AXI_ALU/100/Vivado/ALU_sys_HDL.srcs/sources_1/imports/imports/vhdl/ALU_sys_HDL_sdiv_32s_32s_32_36_1.vhd(10): INFO: processing 'ALU_sys_HDL_sdiv_32s_32s_32_36_1_divider_default(rtl)' (VHDL-1067)
C:/Users/lotto/Desktop/Alveare/M_AXI_ALU/100/Vivado/ALU_sys_HDL.srcs/sources_1/imports/imports/vhdl/ALU_sys_HDL_op_data_exe_wb_Pipeline_write_back.vhd(11): INFO: processing 'ALU_sys_HDL_op_data_exe_wb_Pipeline_write_back_default(behav)' (VHDL-1067)
C:/Users/lotto/Desktop/Alveare/M_AXI_ALU/100/Vivado/ALU_sys_HDL.srcs/sources_1/imports/imports/vhdl/ALU_sys_HDL_data_exe_wb.vhd(11): INFO: processing 'ALU_sys_HDL_data_exe_wb_default(behav)' (VHDL-1067)
C:/Users/lotto/Desktop/Alveare/M_AXI_ALU/100/Vivado/ALU_sys_HDL.srcs/sources_1/imports/imports/vhdl/ALU_sys_HDL_data_exe_wb_Pipeline_l_data_a.vhd(11): INFO: processing 'ALU_sys_HDL_data_exe_wb_Pipeline_l_data_a_default(behav)' (VHDL-1067)
C:/Users/lotto/Desktop/Alveare/M_AXI_ALU/100/Vivado/ALU_sys_HDL.srcs/sources_1/imports/imports/vhdl/ALU_sys_HDL_data_exe_wb_Pipeline_l_data_b.vhd(11): INFO: processing 'ALU_sys_HDL_data_exe_wb_Pipeline_l_data_b_default(behav)' (VHDL-1067)
C:/Users/lotto/Desktop/Alveare/M_AXI_ALU/100/Vivado/ALU_sys_HDL.srcs/sources_1/imports/imports/vhdl/ALU_sys_HDL_data_exe_wb_Pipeline_exe.vhd(5): INFO: processing 'ALU_sys_HDL_data_exe_wb_Pipeline_exe_default(behav)' (VHDL-1067)
C:/Users/lotto/Desktop/Alveare/M_AXI_ALU/100/Vivado/ALU_sys_HDL.srcs/sources_1/imports/imports/vhdl/ALU_sys_HDL_data_exe_wb_Pipeline_write_back.vhd(11): INFO: processing 'ALU_sys_HDL_data_exe_wb_Pipeline_write_back_default(behav)' (VHDL-1067)
C:/Users/lotto/Desktop/Alveare/M_AXI_ALU/100/Vivado/ALU_sys_HDL.srcs/sources_1/imports/imports/vhdl/ALU_sys_HDL_operation.vhd(11): INFO: processing 'ALU_sys_HDL_operation_default(behav)' (VHDL-1067)
C:/Users/lotto/Desktop/Alveare/M_AXI_ALU/100/Vivado/ALU_sys_HDL.srcs/sources_1/imports/imports/vhdl/ALU_sys_HDL_operation_Pipeline_l_operation.vhd(11): INFO: processing 'ALU_sys_HDL_operation_Pipeline_l_operation_default(behav)' (VHDL-1067)
C:/Users/lotto/Desktop/Alveare/M_AXI_ALU/100/Vivado/ALU_sys_HDL.srcs/sources_1/imports/imports/vhdl/ALU_sys_HDL_operation_Pipeline_s_operation_data_op.vhd(11): INFO: processing 'ALU_sys_HDL_operation_Pipeline_s_operation_data_op_default(behav)' (VHDL-1067)
C:/Users/lotto/Desktop/Alveare/M_AXI_ALU/100/Vivado/ALU_sys_HDL.srcs/sources_1/imports/imports/vhdl/ALU_sys_HDL_reset.vhd(11): INFO: processing 'ALU_sys_HDL_reset_default(behav)' (VHDL-1067)
C:/Users/lotto/Desktop/Alveare/M_AXI_ALU/100/Vivado/ALU_sys_HDL.srcs/sources_1/imports/imports/vhdl/ALU_sys_HDL_reset_Pipeline_clear_FIFO_a.vhd(11): INFO: processing 'ALU_sys_HDL_reset_Pipeline_clear_FIFO_a_default(behav)' (VHDL-1067)
C:/Users/lotto/Desktop/Alveare/M_AXI_ALU/100/Vivado/ALU_sys_HDL.srcs/sources_1/imports/imports/vhdl/ALU_sys_HDL_reset_Pipeline_clear_FIFO_b.vhd(11): INFO: processing 'ALU_sys_HDL_reset_Pipeline_clear_FIFO_b_default(behav)' (VHDL-1067)
C:/Users/lotto/Desktop/Alveare/M_AXI_ALU/100/Vivado/ALU_sys_HDL.srcs/sources_1/imports/imports/vhdl/ALU_sys_HDL_reset_Pipeline_clear_ALU_op.vhd(11): INFO: processing 'ALU_sys_HDL_reset_Pipeline_clear_ALU_op_default(behav)' (VHDL-1067)
C:/Users/lotto/Desktop/Alveare/M_AXI_ALU/100/Vivado/ALU_sys_HDL.srcs/sources_1/imports/imports/vhdl/ALU_sys_HDL_reset_Pipeline_clear_RAM_op.vhd(11): INFO: processing 'ALU_sys_HDL_reset_Pipeline_clear_RAM_op_default(behav)' (VHDL-1067)
C:/Users/lotto/Desktop/Alveare/M_AXI_ALU/100/Vivado/ALU_sys_HDL.srcs/sources_1/imports/imports/vhdl/ALU_sys_HDL_fifo_w32_d100_A.vhd(13): INFO: processing '\ALU_sys_HDL_fifo_w32_d100_A(1,4)\(arch)' (VHDL-1067)
C:/Users/lotto/Desktop/Alveare/M_AXI_ALU/100/Vivado/ALU_sys_HDL.srcs/sources_1/imports/imports/vhdl/ALU_sys_HDL_fifo_w32_d100_A.vhd(222): INFO: processing '\ALU_sys_HDL_fifo_w32_d100_A_ram(1,4)\(arch)' (VHDL-1067)
C:/Users/lotto/Desktop/Alveare/M_AXI_ALU/100/Vivado/ALU_sys_HDL.srcs/sources_1/imports/imports/vhdl/ALU_sys_HDL_mul_32s_32s_32_2_1.vhd(7): INFO: processing 'ALU_sys_HDL_mul_32s_32s_32_2_1_default(behav)' (VHDL-1067)
C:/Users/lotto/Desktop/Alveare/M_AXI_ALU/100/Vivado/ALU_sys_HDL.srcs/sources_1/imports/imports/vhdl/ALU_sys_HDL_sdiv_32s_32s_32_36_1.vhd(93): INFO: processing 'ALU_sys_HDL_sdiv_32s_32s_32_36_1_default(rtl)' (VHDL-1067)
srcscan exits with return value 0
