================================================================
== Vivado RTL Synthesis Results
================================================================
+ General Information:
    * Date:            Sat Jun 22 22:48:20 +0200 2024
    * Version:         2023.2 (Build 4023990 on Oct 11 2023)
    * Project:         ALU_sys_HDL
    * Solution:        solution1 (Vivado IP Flow Target)
    * Product family:  zynq
    * Target device:   xc7z020-clg400-1


================================================================
== Run Constraints & Options
================================================================
+ Design Constraints & Options:
    * RTL Synthesis target clock:  10 ns
    * C-Synthesis target clock:    10 ns
    * C-Synthesis uncertainty:     27%

+ RTL Synthesis Options:
    * config_export -vivado_synth_strategy:     default
    * config_export -vivado_synth_design_args:  -directive sdx_optimization_effort_high

+ Reporting Options:
    * config_export -vivado_report_level:      2
    * config_export -vivado_max_timing_paths:  10


================================================================
== RTL Synthesis Resource Summary
================================================================
LUT:              7538
FF:               9831
DSP:              6
BRAM:             14
URAM:             0
SRL:              878


================================================================
== RTL Synthesis Timing Summary
================================================================
* Timing was met
+----------------+-------------+
| Timing         | Period (ns) |
+----------------+-------------+
| Target         | 10.000      |
| Post-Synthesis | 6.602       |
+----------------+-------------+


================================================================
== RTL Synthesis Resources
================================================================
+------------------------------------------------------------------+------+------+-----+------+------+-----+--------+------+---------+----------+--------+
| Name                                                             | LUT  | FF   | DSP | BRAM | URAM | SRL | Pragma | Impl | Latency | Variable | Source |
+------------------------------------------------------------------+------+------+-----+------+------+-----+--------+------+---------+----------+--------+
| U0                                                               | 7538 | 9831 | 6   | 14   |      |     |        |      |         |          |        |
|   (U0)                                                           | 3    |      |     |      |      |     |        |      |         |          |        |
|   Block_entry1_proc_U0                                           | 4958 | 6331 | 6   | 10   |      |     |        |      |         |          |        |
|     (Block_entry1_proc_U0)                                       | 2    | 6    |     |      |      |     |        |      |         |          |        |
|     ALU_operation_MEM_U                                          |      |      |     | 2    |      |     |        |      |         |          |        |
|     ALU_operation_fifo_U                                         | 88   | 45   |     | 2    |      |     |        |      |         |          |        |
|     data_a_fifo_U                                                | 54   | 45   |     | 2    |      |     |        |      |         |          |        |
|     data_b_fifo_U                                                | 54   | 45   |     | 2    |      |     |        |      |         |          |        |
|     data_result_fifo_U                                           | 56   | 45   |     | 2    |      |     |        |      |         |          |        |
|     grp_data_exe_wb_fu_142                                       | 2313 | 2911 | 3   |      |      |     |        |      |         |          |        |
|       (grp_data_exe_wb_fu_142)                                   | 6    | 16   |     |      |      |     |        |      |         |          |        |
|         mul_32s_32s_32_2_1_U42                                   | 15   | 17   | 3   |      |      |     |        |      |         |          |        |
|         sdiv_32s_32s_32_36_1_U43                                 | 1696 | 2051 |     |      |      |     |        |      |         |          |        |
|           (sdiv_32s_32s_32_36_1_U43)                             | 1054 | 32   |     |      |      |     |        |      |         |          |        |
|       grp_data_exe_wb_Pipeline_l_data_a_fu_74                    | 65   | 117  |     |      |      |     |        |      |         |          |        |
|         (grp_data_exe_wb_Pipeline_l_data_a_fu_74)                | 41   | 115  |     |      |      |     |        |      |         |          |        |
|         flow_control_loop_pipe_sequential_init_U                 | 24   | 2    |     |      |      |     |        |      |         |          |        |
|       grp_data_exe_wb_Pipeline_l_data_b_fu_83                    | 66   | 117  |     |      |      |     |        |      |         |          |        |
|         (grp_data_exe_wb_Pipeline_l_data_b_fu_83)                | 39   | 115  |     |      |      |     |        |      |         |          |        |
|         flow_control_loop_pipe_sequential_init_U                 | 27   | 2    |     |      |      |     |        |      |         |          |        |
|       grp_data_exe_wb_Pipeline_write_back_fu_104                 | 99   | 114  |     |      |      |     |        |      |         |          |        |
|         (grp_data_exe_wb_Pipeline_write_back_fu_104)             | 70   | 112  |     |      |      |     |        |      |         |          |        |
|         flow_control_loop_pipe_sequential_init_U                 | 29   | 2    |     |      |      |     |        |      |         |          |        |
|     grp_op_data_exe_wb_fu_112                                    | 2261 | 3059 | 3   |      |      |     |        |      |         |          |        |
|       (grp_op_data_exe_wb_fu_112)                                | 4    | 24   |     |      |      |     |        |      |         |          |        |
|       grp_op_data_exe_wb_Pipeline_exe_fu_127                     | 2077 | 2547 | 3   |      |      |     |        |      |         |          |        |
|         (grp_op_data_exe_wb_Pipeline_exe_fu_127)                 | 345  | 477  |     |      |      |     |        |      |         |          |        |
|         flow_control_loop_pipe_sequential_init_U                 | 21   | 2    |     |      |      |     |        |      |         |          |        |
|         mul_32s_32s_32_2_1_U12                                   | 15   | 17   | 3   |      |      |     |        |      |         |          |        |
|         sdiv_32s_32s_32_36_1_U13                                 | 1696 | 2051 |     |      |      |     |        |      |         |          |        |
|           (sdiv_32s_32s_32_36_1_U13)                             | 1054 | 32   |     |      |      |     |        |      |         |          |        |
|       grp_op_data_exe_wb_Pipeline_l_data_a_fu_101                | 35   | 117  |     |      |      |     |        |      |         |          |        |
|         (grp_op_data_exe_wb_Pipeline_l_data_a_fu_101)            | 18   | 115  |     |      |      |     |        |      |         |          |        |
|         flow_control_loop_pipe_sequential_init_U                 | 26   | 2    |     |      |      |     |        |      |         |          |        |
|       grp_op_data_exe_wb_Pipeline_l_data_b_fu_110                | 35   | 117  |     |      |      |     |        |      |         |          |        |
|         (grp_op_data_exe_wb_Pipeline_l_data_b_fu_110)            | 18   | 115  |     |      |      |     |        |      |         |          |        |
|         flow_control_loop_pipe_sequential_init_U                 | 26   | 2    |     |      |      |     |        |      |         |          |        |
|       grp_op_data_exe_wb_Pipeline_l_operation_fu_92              | 35   | 117  |     |      |      |     |        |      |         |          |        |
|         (grp_op_data_exe_wb_Pipeline_l_operation_fu_92)          | 18   | 115  |     |      |      |     |        |      |         |          |        |
|         flow_control_loop_pipe_sequential_init_U                 | 26   | 2    |     |      |      |     |        |      |         |          |        |
|       grp_op_data_exe_wb_Pipeline_s_operation_data_op_fu_119     | 35   | 23   |     |      |      |     |        |      |         |          |        |
|         (grp_op_data_exe_wb_Pipeline_s_operation_data_op_fu_119) | 14   | 21   |     |      |      |     |        |      |         |          |        |
|         flow_control_loop_pipe_sequential_init_U                 | 21   | 2    |     |      |      |     |        |      |         |          |        |
|       grp_op_data_exe_wb_Pipeline_write_back_fu_139              | 40   | 114  |     |      |      |     |        |      |         |          |        |
|         (grp_op_data_exe_wb_Pipeline_write_back_fu_139)          | 19   | 112  |     |      |      |     |        |      |         |          |        |
|         flow_control_loop_pipe_sequential_init_U                 | 30   | 2    |     |      |      |     |        |      |         |          |        |
|     grp_operation_fu_166                                         | 93   | 148  |     |      |      |     |        |      |         |          |        |
|       (grp_operation_fu_166)                                     | 1    | 8    |     |      |      |     |        |      |         |          |        |
|       grp_operation_Pipeline_l_operation_fu_42                   | 66   | 117  |     |      |      |     |        |      |         |          |        |
|         (grp_operation_Pipeline_l_operation_fu_42)               | 47   | 115  |     |      |      |     |        |      |         |          |        |
|         flow_control_loop_pipe_sequential_init_U                 | 21   | 2    |     |      |      |     |        |      |         |          |        |
|       grp_operation_Pipeline_s_operation_data_op_fu_51           | 26   | 23   |     |      |      |     |        |      |         |          |        |
|         (grp_operation_Pipeline_s_operation_data_op_fu_51)       | 2    | 21   |     |      |      |     |        |      |         |          |        |
|         flow_control_loop_pipe_sequential_init_U                 | 24   | 2    |     |      |      |     |        |      |         |          |        |
|     grp_reset_fu_178                                             | 37   | 27   |     |      |      |     |        |      |         |          |        |
|       (grp_reset_fu_178)                                         | 3    | 12   |     |      |      |     |        |      |         |          |        |
|       grp_reset_Pipeline_clear_ALU_op_fu_40                      | 1    | 1    |     |      |      |     |        |      |         |          |        |
|         flow_control_loop_pipe_sequential_init_U                 | 1    | 1    |     |      |      |     |        |      |         |          |        |
|       grp_reset_Pipeline_clear_FIFO_a_fu_28                      | 2    | 1    |     |      |      |     |        |      |         |          |        |
|         flow_control_loop_pipe_sequential_init_U                 | 2    | 1    |     |      |      |     |        |      |         |          |        |
|       grp_reset_Pipeline_clear_FIFO_b_fu_34                      | 2    | 1    |     |      |      |     |        |      |         |          |        |
|         flow_control_loop_pipe_sequential_init_U                 | 2    | 1    |     |      |      |     |        |      |         |          |        |
|       grp_reset_Pipeline_clear_RAM_op_fu_46                      | 29   | 12   |     |      |      |     |        |      |         |          |        |
|         (grp_reset_Pipeline_clear_RAM_op_fu_46)                  |      | 10   |     |      |      |     |        |      |         |          |        |
|         flow_control_loop_pipe_sequential_init_U                 | 29   | 2    |     |      |      |     |        |      |         |          |        |
|   control_s_axi_U                                                | 473  | 344  |     |      |      |     |        |      |         |          |        |
|   gmem0_m_axi_U                                                  | 470  | 730  |     | 1    |      |     |        |      |         |          |        |
|   gmem1_m_axi_U                                                  | 470  | 730  |     | 1    |      |     |        |      |         |          |        |
|   gmem2_m_axi_U                                                  | 696  | 966  |     | 1    |      |     |        |      |         |          |        |
|   gmem3_m_axi_U                                                  | 470  | 730  |     | 1    |      |     |        |      |         |          |        |
+------------------------------------------------------------------+------+------+-----+------+------+-----+--------+------+---------+----------+--------+


================================================================
== RTL Synthesis Fail Fast
================================================================
+-----------------------------------------------------------+-----------+--------+--------+
| Criteria                                                  | Guideline | Actual | Status |
+-----------------------------------------------------------+-----------+--------+--------+
| LUT                                                       | 70%       | 14.17% | OK     |
| FD                                                        | 50%       | 9.24%  | OK     |
| LUTRAM+SRL                                                | 25%       | 5.05%  | OK     |
| MUXF7                                                     | 15%       | 0.00%  | OK     |
| DSP                                                       | 80%       | 2.73%  | OK     |
| RAMB/FIFO                                                 | 80%       | 5.00%  | OK     |
| DSP+RAMB+URAM (Avg)                                       | 70%       | 3.87%  | OK     |
| BUFGCE* + BUFGCTRL                                        | 24        | 0      | OK     |
| DONT_TOUCH (cells/nets)                                   | 0         | 0      | OK     |
| MARK_DEBUG (nets)                                         | 0         | 0      | OK     |
| Control Sets                                              | 998       | 170    | OK     |
| Average Fanout for modules > 100k cells                   | 4         | 2.40   | OK     |
| Max Average Fanout for modules > 100k cells               | 4         | 0      | OK     |
| Non-FD high fanout nets > 10k loads                       | 0         | 0      | OK     |
+-----------------------------------------------------------+-----------+--------+--------+
| TIMING-6 (No common primary clock between related clocks) | 0         | 0      | OK     |
| TIMING-7 (No common node between related clocks)          | 0         | 0      | OK     |
| TIMING-8 (No common period between related clocks)        | 0         | 0      | OK     |
| TIMING-14 (LUT on the clock tree)                         | 0         | 0      | OK     |
| TIMING-35 (No common node in paths with the same clock)   | 0         | 0      | OK     |
+-----------------------------------------------------------+-----------+--------+--------+
| Number of paths above max LUT budgeting (0.575ns)         | 0         | 0      | OK     |
| Number of paths above max Net budgeting (0.403ns)         | 0         | 0      | OK     |
+-----------------------------------------------------------+-----------+--------+--------+


================================================================
== RTL Synthesis Timing Paths
================================================================
* Timing was met
+-------+-------+-------------------------------------+------------------------------------------------------------------+--------------+------------+----------------+----------------+--------------+
| Path  | SLACK | STARTPOINT PIN                      | ENDPOINT PIN                                                     | LOGIC LEVELS | MAX FANOUT | DATAPATH DELAY | DATAPATH LOGIC | DATAPATH NET |
|       |       |                                     |                                                                  |              |            |                |          DELAY |        DELAY |
+-------+-------+-------------------------------------+------------------------------------------------------------------+--------------+------------+----------------+----------------+--------------+
| Path1 | 3.398 | control_s_axi_U/int_selec_reg[21]/C | Block_entry1_proc_U0/ALU_operation_MEM_U/ram_reg/ADDRARDADDR[10] |            5 |         63 |          5.952 |          1.301 |        4.651 |
| Path2 | 3.398 | control_s_axi_U/int_selec_reg[21]/C | Block_entry1_proc_U0/ALU_operation_MEM_U/ram_reg/ADDRARDADDR[11] |            5 |         63 |          5.952 |          1.301 |        4.651 |
| Path3 | 3.398 | control_s_axi_U/int_selec_reg[21]/C | Block_entry1_proc_U0/ALU_operation_MEM_U/ram_reg/ADDRARDADDR[12] |            5 |         63 |          5.952 |          1.301 |        4.651 |
| Path4 | 3.398 | control_s_axi_U/int_selec_reg[21]/C | Block_entry1_proc_U0/ALU_operation_MEM_U/ram_reg/ADDRARDADDR[13] |            5 |         63 |          5.952 |          1.301 |        4.651 |
| Path5 | 3.398 | control_s_axi_U/int_selec_reg[21]/C | Block_entry1_proc_U0/ALU_operation_MEM_U/ram_reg/ADDRARDADDR[14] |            5 |         63 |          5.952 |          1.301 |        4.651 |
+-------+-------+-------------------------------------+------------------------------------------------------------------+--------------+------------+----------------+----------------+--------------+

    +-------------------------------------------------------------------------------------------------------------------+----------------------+
    | Path1 Cells                                                                                                       | Primitive Type       |
    +-------------------------------------------------------------------------------------------------------------------+----------------------+
    | control_s_axi_U/int_selec_reg[21]                                                                                 | FLOP_LATCH.flop.FDRE |
    | control_s_axi_U/mem_reg_i_45__0                                                                                   | LUT.others.LUT6      |
    | control_s_axi_U/mem_reg_i_40                                                                                      | LUT.others.LUT5      |
    | control_s_axi_U/ram_reg_i_47                                                                                      | LUT.others.LUT4      |
    | control_s_axi_U/ram_reg_i_57                                                                                      | LUT.others.LUT5      |
    | Block_entry1_proc_U0/grp_op_data_exe_wb_fu_112/grp_op_data_exe_wb_Pipeline_s_operation_data_op_fu_119/ram_reg_i_6 | LUT.others.LUT6      |
    | Block_entry1_proc_U0/ALU_operation_MEM_U/ram_reg                                                                  | BMEM.bram.RAMB36E1   |
    +-------------------------------------------------------------------------------------------------------------------+----------------------+

    +-------------------------------------------------------------------------------------------------------------------+----------------------+
    | Path2 Cells                                                                                                       | Primitive Type       |
    +-------------------------------------------------------------------------------------------------------------------+----------------------+
    | control_s_axi_U/int_selec_reg[21]                                                                                 | FLOP_LATCH.flop.FDRE |
    | control_s_axi_U/mem_reg_i_45__0                                                                                   | LUT.others.LUT6      |
    | control_s_axi_U/mem_reg_i_40                                                                                      | LUT.others.LUT5      |
    | control_s_axi_U/ram_reg_i_47                                                                                      | LUT.others.LUT4      |
    | control_s_axi_U/ram_reg_i_55                                                                                      | LUT.others.LUT5      |
    | Block_entry1_proc_U0/grp_op_data_exe_wb_fu_112/grp_op_data_exe_wb_Pipeline_s_operation_data_op_fu_119/ram_reg_i_5 | LUT.others.LUT6      |
    | Block_entry1_proc_U0/ALU_operation_MEM_U/ram_reg                                                                  | BMEM.bram.RAMB36E1   |
    +-------------------------------------------------------------------------------------------------------------------+----------------------+

    +-------------------------------------------------------------------------------------------------------------------+----------------------+
    | Path3 Cells                                                                                                       | Primitive Type       |
    +-------------------------------------------------------------------------------------------------------------------+----------------------+
    | control_s_axi_U/int_selec_reg[21]                                                                                 | FLOP_LATCH.flop.FDRE |
    | control_s_axi_U/mem_reg_i_45__0                                                                                   | LUT.others.LUT6      |
    | control_s_axi_U/mem_reg_i_40                                                                                      | LUT.others.LUT5      |
    | control_s_axi_U/ram_reg_i_47                                                                                      | LUT.others.LUT4      |
    | control_s_axi_U/ram_reg_i_53                                                                                      | LUT.others.LUT5      |
    | Block_entry1_proc_U0/grp_op_data_exe_wb_fu_112/grp_op_data_exe_wb_Pipeline_s_operation_data_op_fu_119/ram_reg_i_4 | LUT.others.LUT6      |
    | Block_entry1_proc_U0/ALU_operation_MEM_U/ram_reg                                                                  | BMEM.bram.RAMB36E1   |
    +-------------------------------------------------------------------------------------------------------------------+----------------------+

    +-------------------------------------------------------------------------------------------------------------------+----------------------+
    | Path4 Cells                                                                                                       | Primitive Type       |
    +-------------------------------------------------------------------------------------------------------------------+----------------------+
    | control_s_axi_U/int_selec_reg[21]                                                                                 | FLOP_LATCH.flop.FDRE |
    | control_s_axi_U/mem_reg_i_45__0                                                                                   | LUT.others.LUT6      |
    | control_s_axi_U/mem_reg_i_40                                                                                      | LUT.others.LUT5      |
    | control_s_axi_U/ram_reg_i_47                                                                                      | LUT.others.LUT4      |
    | control_s_axi_U/ram_reg_i_51                                                                                      | LUT.others.LUT5      |
    | Block_entry1_proc_U0/grp_op_data_exe_wb_fu_112/grp_op_data_exe_wb_Pipeline_s_operation_data_op_fu_119/ram_reg_i_3 | LUT.others.LUT6      |
    | Block_entry1_proc_U0/ALU_operation_MEM_U/ram_reg                                                                  | BMEM.bram.RAMB36E1   |
    +-------------------------------------------------------------------------------------------------------------------+----------------------+

    +-------------------------------------------------------------------------------------------------------------------+----------------------+
    | Path5 Cells                                                                                                       | Primitive Type       |
    +-------------------------------------------------------------------------------------------------------------------+----------------------+
    | control_s_axi_U/int_selec_reg[21]                                                                                 | FLOP_LATCH.flop.FDRE |
    | control_s_axi_U/mem_reg_i_45__0                                                                                   | LUT.others.LUT6      |
    | control_s_axi_U/mem_reg_i_40                                                                                      | LUT.others.LUT5      |
    | control_s_axi_U/ram_reg_i_47                                                                                      | LUT.others.LUT4      |
    | control_s_axi_U/ram_reg_i_48                                                                                      | LUT.others.LUT5      |
    | Block_entry1_proc_U0/grp_op_data_exe_wb_fu_112/grp_op_data_exe_wb_Pipeline_s_operation_data_op_fu_119/ram_reg_i_2 | LUT.others.LUT6      |
    | Block_entry1_proc_U0/ALU_operation_MEM_U/ram_reg                                                                  | BMEM.bram.RAMB36E1   |
    +-------------------------------------------------------------------------------------------------------------------+----------------------+


================================================================
== RTL Synthesis Vivado Reports
================================================================
+--------------------------+-----------------------------------------------------------------+
| Report Type              | Report Location                                                 |
+--------------------------+-----------------------------------------------------------------+
| design_analysis          | impl/vhdl/report/ALU_sys_HDL_design_analysis_synth.rpt          |
| failfast                 | impl/vhdl/report/ALU_sys_HDL_failfast_synth.rpt                 |
| timing                   | impl/vhdl/report/ALU_sys_HDL_timing_synth.rpt                   |
| timing_paths             | impl/vhdl/report/ALU_sys_HDL_timing_paths_synth.rpt             |
| utilization              | impl/vhdl/report/ALU_sys_HDL_utilization_synth.rpt              |
| utilization_hierarchical | impl/vhdl/report/ALU_sys_HDL_utilization_hierarchical_synth.rpt |
+--------------------------+-----------------------------------------------------------------+


