#-----------------------------------------------------------
# Vivado v2023.2 (64-bit)
# SW Build 4029153 on Fri Oct 13 20:14:34 MDT 2023
# IP Build 4028589 on Sat Oct 14 00:45:43 MDT 2023
# SharedData Build 4025554 on Tue Oct 10 17:18:54 MDT 2023
# Start of session at: Tue Apr 23 18:08:11 2024
# Process ID: 24008
# Current directory: C:/Users/lotto/Desktop/Alveare/M_AXI_ALU/M_AXI_ALU/dec_MIMD/Vivado
# Command line: vivado.exe -gui_launcher_event rodinguilauncherevent9536 C:\Users\lotto\Desktop\Alveare\M_AXI_ALU\M_AXI_ALU\dec_MIMD\Vivado\dec_MIMD.xpr
# Log file: C:/Users/lotto/Desktop/Alveare/M_AXI_ALU/M_AXI_ALU/dec_MIMD/Vivado/vivado.log
# Journal file: C:/Users/lotto/Desktop/Alveare/M_AXI_ALU/M_AXI_ALU/dec_MIMD/Vivado\vivado.jou
# Running On: MSI, OS: Windows, CPU Frequency: 2918 MHz, CPU Physical cores: 10, Host memory: 16870 MB
#-----------------------------------------------------------
start_gui
open_project C:/Users/lotto/Desktop/Alveare/M_AXI_ALU/M_AXI_ALU/dec_MIMD/Vivado/dec_MIMD.xpr
WARNING: [Board 49-26] cannot add Board Part xilinx.com:kc705:part0:1.6 available at C:/Xilinx/Vivado/2023.2/data/xhub/boards/XilinxBoardStore/boards/Xilinx/kc705/1.6/board.xml as part xc7k325tffg900-2 specified in board_part file is either invalid or not available
WARNING: [Board 49-26] cannot add Board Part xilinx.com:kcu105:part0:1.6 available at C:/Xilinx/Vivado/2023.2/data/xhub/boards/XilinxBoardStore/boards/Xilinx/kcu105/1.6/board.xml as part xcku040-ffva1156-2-e specified in board_part file is either invalid or not available
WARNING: [Board 49-26] cannot add Board Part xilinx.com:kcu105:part0:1.7 available at C:/Xilinx/Vivado/2023.2/data/xhub/boards/XilinxBoardStore/boards/Xilinx/kcu105/1.7/board.xml as part xcku040-ffva1156-2-e specified in board_part file is either invalid or not available
WARNING: [Board 49-26] cannot add Board Part xilinx.com:kcu1500:part0:1.2 available at C:/Xilinx/Vivado/2023.2/data/xhub/boards/XilinxBoardStore/boards/Xilinx/kcu1500/1.2/board.xml as part xcku115-flvb2104-2-e specified in board_part file is either invalid or not available
WARNING: [Board 49-26] cannot add Board Part xilinx.com:vc707:part0:1.4 available at C:/Xilinx/Vivado/2023.2/data/xhub/boards/XilinxBoardStore/boards/Xilinx/vc707/1.4/board.xml as part xc7vx485tffg1761-2 specified in board_part file is either invalid or not available
WARNING: [Board 49-26] cannot add Board Part xilinx.com:vc709:part0:1.8 available at C:/Xilinx/Vivado/2023.2/data/xhub/boards/XilinxBoardStore/boards/Xilinx/vc709/1.8/board.xml as part xc7vx690tffg1761-2 specified in board_part file is either invalid or not available
WARNING: [Board 49-26] cannot add Board Part xilinx.com:vck190:part0:2.2 available at C:/Xilinx/Vivado/2023.2/data/xhub/boards/XilinxBoardStore/boards/Xilinx/vck190/production/2.2/board.xml as part xcvc1902-vsva2197-2mp-e-s specified in board_part file is either invalid or not available
WARNING: [Board 49-26] cannot add Board Part xilinx.com:vck190:part0:3.0 available at C:/Xilinx/Vivado/2023.2/data/xhub/boards/XilinxBoardStore/boards/Xilinx/vck190/production/3.0/board.xml as part xcvc1902-vsva2197-2mp-e-s specified in board_part file is either invalid or not available
WARNING: [Board 49-26] cannot add Board Part xilinx.com:vck190:part0:3.1 available at C:/Xilinx/Vivado/2023.2/data/xhub/boards/XilinxBoardStore/boards/Xilinx/vck190/production/3.1/board.xml as part xcvc1902-vsva2197-2mp-e-s specified in board_part file is either invalid or not available
WARNING: [Board 49-26] cannot add Board Part xilinx.com:vck190:part0:3.2 available at C:/Xilinx/Vivado/2023.2/data/xhub/boards/XilinxBoardStore/boards/Xilinx/vck190/production/3.2/board.xml as part xcvc1902-vsva2197-2mp-e-s specified in board_part file is either invalid or not available
WARNING: [Board 49-26] cannot add Board Part xilinx.com:vck190_newl:part0:1.0 available at C:/Xilinx/Vivado/2023.2/data/xhub/boards/XilinxBoardStore/boards/Xilinx/vck190_newl/production/1.0/board.xml as part xcvc1902-vsva2197-2mp-e-s specified in board_part file is either invalid or not available
WARNING: [Board 49-26] cannot add Board Part xilinx.com:vck190_newl:part0:1.1 available at C:/Xilinx/Vivado/2023.2/data/xhub/boards/XilinxBoardStore/boards/Xilinx/vck190_newl/production/1.1/board.xml as part xcvc1902-vsva2197-2mp-e-s specified in board_part file is either invalid or not available
WARNING: [Board 49-26] cannot add Board Part xilinx.com:vcu108:part0:1.6 available at C:/Xilinx/Vivado/2023.2/data/xhub/boards/XilinxBoardStore/boards/Xilinx/vcu108/1.6/board.xml as part xcvu095-ffva2104-2-e specified in board_part file is either invalid or not available
WARNING: [Board 49-26] cannot add Board Part xilinx.com:vcu108:part0:1.7 available at C:/Xilinx/Vivado/2023.2/data/xhub/boards/XilinxBoardStore/boards/Xilinx/vcu108/1.7/board.xml as part xcvu095-ffva2104-2-e specified in board_part file is either invalid or not available
WARNING: [Board 49-26] cannot add Board Part xilinx.com:vcu110:part0:1.4 available at C:/Xilinx/Vivado/2023.2/data/xhub/boards/XilinxBoardStore/boards/Xilinx/vcu110/1.4/board.xml as part xcvu190-flgc2104-2-e specified in board_part file is either invalid or not available
WARNING: [Board 49-26] cannot add Board Part xilinx.com:vcu118:part0:2.0 available at C:/Xilinx/Vivado/2023.2/data/xhub/boards/XilinxBoardStore/boards/Xilinx/vcu118/2.0/board.xml as part xcvu9p-flga2104-2l-e specified in board_part file is either invalid or not available
WARNING: [Board 49-26] cannot add Board Part xilinx.com:vcu118:part0:2.3 available at C:/Xilinx/Vivado/2023.2/data/xhub/boards/XilinxBoardStore/boards/Xilinx/vcu118/2.3/board.xml as part xcvu9p-flga2104-2l-e specified in board_part file is either invalid or not available
WARNING: [Board 49-26] cannot add Board Part xilinx.com:vcu118:part0:2.4 available at C:/Xilinx/Vivado/2023.2/data/xhub/boards/XilinxBoardStore/boards/Xilinx/vcu118/2.4/board.xml as part xcvu9p-flga2104-2l-e specified in board_part file is either invalid or not available
WARNING: [Board 49-26] cannot add Board Part xilinx.com:vcu129:part0:1.0 available at C:/Xilinx/Vivado/2023.2/data/xhub/boards/XilinxBoardStore/boards/Xilinx/vcu129/production/1.0/board.xml as part xcvu29p-fsga2577-2l-e specified in board_part file is either invalid or not available
WARNING: [Board 49-26] cannot add Board Part xilinx.com:vcu1525:part0:1.3 available at C:/Xilinx/Vivado/2023.2/data/xhub/boards/XilinxBoardStore/boards/Xilinx/vcu1525/1.3/board.xml as part xcvu9p-fsgd2104-2l-e specified in board_part file is either invalid or not available
WARNING: [Board 49-26] cannot add Board Part xilinx.com:vek280:part0:1.0 available at C:/Xilinx/Vivado/2023.2/data/xhub/boards/XilinxBoardStore/boards/Xilinx/vek280/production/1.0/board.xml as part xcve2802-vsvh1760-2mp-e-s specified in board_part file is either invalid or not available
WARNING: [Board 49-26] cannot add Board Part xilinx.com:vek280_es:part0:1.0 available at C:/Xilinx/Vivado/2023.2/data/xhub/boards/XilinxBoardStore/boards/Xilinx/vek280/es/rev_a/1.0/board.xml as part xcve2802-vsvh1760-2lp-e-s-es1 specified in board_part file is either invalid or not available
WARNING: [Board 49-26] cannot add Board Part xilinx.com:vek280_es:part0:1.1 available at C:/Xilinx/Vivado/2023.2/data/xhub/boards/XilinxBoardStore/boards/Xilinx/vek280/es/rev_a/1.1/board.xml as part xcve2802-vsvh1760-2lp-e-s-es1 specified in board_part file is either invalid or not available
WARNING: [Board 49-26] cannot add Board Part xilinx.com:vek280_es_revb:part0:1.0 available at C:/Xilinx/Vivado/2023.2/data/xhub/boards/XilinxBoardStore/boards/Xilinx/vek280/es/rev_b/1.0/board.xml as part xcve2802-vsvh1760-2mp-e-s-es1 specified in board_part file is either invalid or not available
WARNING: [Board 49-26] cannot add Board Part xilinx.com:vek280_es_revb:part0:1.1 available at C:/Xilinx/Vivado/2023.2/data/xhub/boards/XilinxBoardStore/boards/Xilinx/vek280/es/rev_b/1.1/board.xml as part xcve2802-vsvh1760-2mp-e-s-es1 specified in board_part file is either invalid or not available
WARNING: [Board 49-26] cannot add Board Part xilinx.com:vermeo_t1_mpsoc:part0:1.0 available at C:/Xilinx/Vivado/2023.2/data/xhub/boards/XilinxBoardStore/boards/Xilinx/vermeo_t1_mpsoc/1.0/board.xml as part xczu19eg-ffvd1760-2l-e specified in board_part file is either invalid or not available
WARNING: [Board 49-26] cannot add Board Part xilinx.com:vermeo_t1_rfsoc:part0:1.0 available at C:/Xilinx/Vivado/2023.2/data/xhub/boards/XilinxBoardStore/boards/Xilinx/vermeo_t1_rfsoc/1.0/board.xml as part xczu21dr-ffvd1156-2l-e specified in board_part file is either invalid or not available
WARNING: [Board 49-26] cannot add Board Part xilinx.com:vhk158:part0:1.0 available at C:/Xilinx/Vivado/2023.2/data/xhub/boards/XilinxBoardStore/boards/Xilinx/vhk158/production/1.0/board.xml as part xcvh1582-vsva3697-2mp-e-s specified in board_part file is either invalid or not available
WARNING: [Board 49-26] cannot add Board Part xilinx.com:vhk158:part0:1.1 available at C:/Xilinx/Vivado/2023.2/data/xhub/boards/XilinxBoardStore/boards/Xilinx/vhk158/production/1.1/board.xml as part xcvh1582-vsva3697-2mp-e-s specified in board_part file is either invalid or not available
WARNING: [Board 49-26] cannot add Board Part xilinx.com:vhk158_es:part0:1.0 available at C:/Xilinx/Vivado/2023.2/data/xhub/boards/XilinxBoardStore/boards/Xilinx/vhk158/es/1.0/board.xml as part xcvh1582-vsva3697-2mp-e-s-es1 specified in board_part file is either invalid or not available
WARNING: [Board 49-26] cannot add Board Part xilinx.com:vhk158_es:part0:1.1 available at C:/Xilinx/Vivado/2023.2/data/xhub/boards/XilinxBoardStore/boards/Xilinx/vhk158/es/1.1/board.xml as part xcvh1582-vsva3697-2mp-e-s-es1 specified in board_part file is either invalid or not available
WARNING: [Board 49-26] cannot add Board Part xilinx.com:vmk180:part0:2.2 available at C:/Xilinx/Vivado/2023.2/data/xhub/boards/XilinxBoardStore/boards/Xilinx/vmk180/production/2.2/board.xml as part xcvm1802-vsva2197-2mp-e-s specified in board_part file is either invalid or not available
WARNING: [Board 49-26] cannot add Board Part xilinx.com:vmk180:part0:3.0 available at C:/Xilinx/Vivado/2023.2/data/xhub/boards/XilinxBoardStore/boards/Xilinx/vmk180/production/3.0/board.xml as part xcvm1802-vsva2197-2mp-e-s specified in board_part file is either invalid or not available
WARNING: [Board 49-26] cannot add Board Part xilinx.com:vmk180:part0:3.1 available at C:/Xilinx/Vivado/2023.2/data/xhub/boards/XilinxBoardStore/boards/Xilinx/vmk180/production/3.1/board.xml as part xcvm1802-vsva2197-2mp-e-s specified in board_part file is either invalid or not available
WARNING: [Board 49-26] cannot add Board Part xilinx.com:vmk180:part0:3.2 available at C:/Xilinx/Vivado/2023.2/data/xhub/boards/XilinxBoardStore/boards/Xilinx/vmk180/production/3.2/board.xml as part xcvm1802-vsva2197-2mp-e-s specified in board_part file is either invalid or not available
WARNING: [Board 49-26] cannot add Board Part xilinx.com:vmk180_newl:part0:1.0 available at C:/Xilinx/Vivado/2023.2/data/xhub/boards/XilinxBoardStore/boards/Xilinx/vmk180_newl/production/1.0/board.xml as part xcvm1802-vsva2197-2mp-e-s specified in board_part file is either invalid or not available
WARNING: [Board 49-26] cannot add Board Part xilinx.com:vmk180_newl:part0:1.1 available at C:/Xilinx/Vivado/2023.2/data/xhub/boards/XilinxBoardStore/boards/Xilinx/vmk180_newl/production/1.1/board.xml as part xcvm1802-vsva2197-2mp-e-s specified in board_part file is either invalid or not available
WARNING: [Board 49-26] cannot add Board Part xilinx.com:vpk120:part0:1.0 available at C:/Xilinx/Vivado/2023.2/data/xhub/boards/XilinxBoardStore/boards/Xilinx/vpk120/production/1.0/board.xml as part xcvp1202-vsva2785-2mp-e-s specified in board_part file is either invalid or not available
WARNING: [Board 49-26] cannot add Board Part xilinx.com:vpk120:part0:1.1 available at C:/Xilinx/Vivado/2023.2/data/xhub/boards/XilinxBoardStore/boards/Xilinx/vpk120/production/1.1/board.xml as part xcvp1202-vsva2785-2mp-e-s specified in board_part file is either invalid or not available
WARNING: [Board 49-26] cannot add Board Part xilinx.com:vpk120:part0:1.2 available at C:/Xilinx/Vivado/2023.2/data/xhub/boards/XilinxBoardStore/boards/Xilinx/vpk120/production/1.2/board.xml as part xcvp1202-vsva2785-2mp-e-s specified in board_part file is either invalid or not available
WARNING: [Board 49-26] cannot add Board Part xilinx.com:vpk180:part0:1.0 available at C:/Xilinx/Vivado/2023.2/data/xhub/boards/XilinxBoardStore/boards/Xilinx/vpk180/production/1.0/board.xml as part xcvp1802-lsvc4072-2mp-e-s specified in board_part file is either invalid or not available
WARNING: [Board 49-26] cannot add Board Part xilinx.com:vpk180:part0:1.1 available at C:/Xilinx/Vivado/2023.2/data/xhub/boards/XilinxBoardStore/boards/Xilinx/vpk180/production/1.1/board.xml as part xcvp1802-lsvc4072-2mp-e-s specified in board_part file is either invalid or not available
WARNING: [Board 49-26] cannot add Board Part xilinx.com:zc706:part0:1.4 available at C:/Xilinx/Vivado/2023.2/data/xhub/boards/XilinxBoardStore/boards/Xilinx/zc706/1.4/board.xml as part xc7z045ffg900-2 specified in board_part file is either invalid or not available
WARNING: [Board 49-26] cannot add Board Part xilinx.com:zcu102:part0:3.3 available at C:/Xilinx/Vivado/2023.2/data/xhub/boards/XilinxBoardStore/boards/Xilinx/zcu102/3.3/board.xml as part xczu9eg-ffvb1156-2-e specified in board_part file is either invalid or not available
WARNING: [Board 49-26] cannot add Board Part xilinx.com:zcu102:part0:3.4 available at C:/Xilinx/Vivado/2023.2/data/xhub/boards/XilinxBoardStore/boards/Xilinx/zcu102/3.4/board.xml as part xczu9eg-ffvb1156-2-e specified in board_part file is either invalid or not available
WARNING: [Board 49-26] cannot add Board Part xilinx.com:zcu111:part0:1.2 available at C:/Xilinx/Vivado/2023.2/data/xhub/boards/XilinxBoardStore/boards/Xilinx/zcu111/1.2/board.xml as part xczu28dr-ffvg1517-2-e specified in board_part file is either invalid or not available
WARNING: [Board 49-26] cannot add Board Part xilinx.com:zcu111:part0:1.3 available at C:/Xilinx/Vivado/2023.2/data/xhub/boards/XilinxBoardStore/boards/Xilinx/zcu111/1.3/board.xml as part xczu28dr-ffvg1517-2-e specified in board_part file is either invalid or not available
WARNING: [Board 49-26] cannot add Board Part xilinx.com:zcu111:part0:1.4 available at C:/Xilinx/Vivado/2023.2/data/xhub/boards/XilinxBoardStore/boards/Xilinx/zcu111/1.4/board.xml as part xczu28dr-ffvg1517-2-e specified in board_part file is either invalid or not available
WARNING: [Board 49-26] cannot add Board Part xilinx.com:zcu1275:part0:1.0 available at C:/Xilinx/Vivado/2023.2/data/xhub/boards/XilinxBoardStore/boards/Xilinx/zcu1275/1.0/board.xml as part xczu29dr-ffvf1760-2-e specified in board_part file is either invalid or not available
WARNING: [Board 49-26] cannot add Board Part xilinx.com:zcu1285:part0:1.0 available at C:/Xilinx/Vivado/2023.2/data/xhub/boards/XilinxBoardStore/boards/Xilinx/zcu1285/1.0/board.xml as part xczu39dr-ffvf1760-2-i specified in board_part file is either invalid or not available
WARNING: [Board 49-26] cannot add Board Part xilinx.com:zcu208:part0:2.0 available at C:/Xilinx/Vivado/2023.2/data/xhub/boards/XilinxBoardStore/boards/Xilinx/zcu208/production/2.0/board.xml as part xczu48dr-fsvg1517-2-e specified in board_part file is either invalid or not available
WARNING: [Board 49-26] cannot add Board Part xilinx.com:zcu208ld:part0:2.0 available at C:/Xilinx/Vivado/2023.2/data/xhub/boards/XilinxBoardStore/boards/Xilinx/zcu208ld/production/2.0/board.xml as part xczu58dr-fsvg1517-2-i specified in board_part file is either invalid or not available
WARNING: [Board 49-26] cannot add Board Part xilinx.com:zcu216:part0:2.0 available at C:/Xilinx/Vivado/2023.2/data/xhub/boards/XilinxBoardStore/boards/Xilinx/zcu216/production/2.0/board.xml as part xczu49dr-ffvf1760-2-e specified in board_part file is either invalid or not available
WARNING: [Board 49-26] cannot add Board Part xilinx.com:zcu216ld:part0:2.0 available at C:/Xilinx/Vivado/2023.2/data/xhub/boards/XilinxBoardStore/boards/Xilinx/zcu216ld/production/2.0/board.xml as part xczu59dr-ffvf1760-2-i specified in board_part file is either invalid or not available
WARNING: [Board 49-26] cannot add Board Part xilinx.com:zcu670:part0:2.0 available at C:/Xilinx/Vivado/2023.2/data/xhub/boards/XilinxBoardStore/boards/Xilinx/zcu670/2.0/board.xml as part xczu67dr-fsve1156-2-i specified in board_part file is either invalid or not available
WARNING: [Board 49-26] cannot add Board Part xilinx.com:zcu670ld:part0:1.0 available at C:/Xilinx/Vivado/2023.2/data/xhub/boards/XilinxBoardStore/boards/Xilinx/zcu670ld/1.0/board.xml as part xczu57dr-fsve1156-2-i specified in board_part file is either invalid or not available
INFO: [Project 1-313] Project file moved from 'C:/Users/lotto/Desktop/Alveare/M_AXI_ALU/M_AXI_ALU/dec_MIMD/dec_MIMD' since last save.
Scanning sources...
Finished scanning sources
INFO: [IP_Flow 19-234] Refreshing IP repositories
INFO: [IP_Flow 19-1700] Loaded user IP repository 'c:/Users/lotto/Desktop/Alveare/M_AXI_ALU/M_AXI_ALU/dec_MIMD/ip_repo'.
INFO: [IP_Flow 19-2313] Loaded Vivado IP repository 'C:/Xilinx/Vivado/2023.2/data/ip'.
open_project: Time (s): cpu = 00:00:05 ; elapsed = 00:00:09 . Memory (MB): peak = 1498.664 ; gain = 367.434
update_compile_order -fileset sources_1
open_bd_design {C:/Users/lotto/Desktop/Alveare/M_AXI_ALU/M_AXI_ALU/dec_MIMD/Vivado/dec_MIMD.srcs/sources_1/bd/design_1/design_1.bd}
Reading block design file <C:/Users/lotto/Desktop/Alveare/M_AXI_ALU/M_AXI_ALU/dec_MIMD/Vivado/dec_MIMD.srcs/sources_1/bd/design_1/design_1.bd>...
Adding component instance block -- xilinx.com:hls:dec_MIMD:1.0 - dec_MIMD_0
Adding component instance block -- xilinx.com:ip:processing_system7:5.5 - processing_system7_0
Adding component instance block -- xilinx.com:ip:axi_interconnect:2.1 - ps7_0_axi_periph
Adding component instance block -- xilinx.com:ip:axi_protocol_converter:2.1 - auto_pc
Adding component instance block -- xilinx.com:ip:proc_sys_reset:5.0 - rst_ps7_0_50M
Adding component instance block -- xilinx.com:ip:axi_interconnect:2.1 - axi_mem_intercon
Adding component instance block -- xilinx.com:ip:axi_crossbar:2.1 - xbar
Adding component instance block -- xilinx.com:ip:axi_dwidth_converter:2.1 - auto_us
Adding component instance block -- xilinx.com:ip:axi_dwidth_converter:2.1 - auto_us
Adding component instance block -- xilinx.com:ip:axi_dwidth_converter:2.1 - auto_us
Adding component instance block -- xilinx.com:ip:axi_dwidth_converter:2.1 - auto_us
Adding component instance block -- xilinx.com:ip:axi_protocol_converter:2.1 - auto_pc
Adding component instance block -- xilinx.com:ip:axi_protocol_converter:2.1 - auto_pc
Adding component instance block -- xilinx.com:ip:axi_protocol_converter:2.1 - auto_pc
Adding component instance block -- xilinx.com:ip:axi_protocol_converter:2.1 - auto_pc
Adding component instance block -- xilinx.com:ip:axi_mmu:2.1 - s01_mmu
Adding component instance block -- xilinx.com:ip:axi_mmu:2.1 - s02_mmu
Adding component instance block -- xilinx.com:ip:axi_mmu:2.1 - s03_mmu
Excluding slave segment /processing_system7_0/S_AXI_HP1/HP1_DDR_LOWOCM from address space /dec_MIMD_0/Data_m_axi_gmem0.
Excluding slave segment /processing_system7_0/S_AXI_HP2/HP2_DDR_LOWOCM from address space /dec_MIMD_0/Data_m_axi_gmem0.
Excluding slave segment /processing_system7_0/S_AXI_HP3/HP3_DDR_LOWOCM from address space /dec_MIMD_0/Data_m_axi_gmem0.
Successfully read diagram <design_1> from block design file <C:/Users/lotto/Desktop/Alveare/M_AXI_ALU/M_AXI_ALU/dec_MIMD/Vivado/dec_MIMD.srcs/sources_1/bd/design_1/design_1.bd>
open_bd_design: Time (s): cpu = 00:00:03 ; elapsed = 00:00:08 . Memory (MB): peak = 1595.000 ; gain = 55.711
make_wrapper -files [get_files C:/Users/lotto/Desktop/Alveare/M_AXI_ALU/M_AXI_ALU/dec_MIMD/Vivado/dec_MIMD.srcs/sources_1/bd/design_1/design_1.bd] -top
Excluding slave segment /processing_system7_0/S_AXI_HP1/HP1_DDR_LOWOCM from address space /dec_MIMD_0/Data_m_axi_gmem0.
Excluding slave segment /processing_system7_0/S_AXI_HP2/HP2_DDR_LOWOCM from address space /dec_MIMD_0/Data_m_axi_gmem0.
Excluding slave segment /processing_system7_0/S_AXI_HP3/HP3_DDR_LOWOCM from address space /dec_MIMD_0/Data_m_axi_gmem0.
Excluding slave segment /processing_system7_0/S_AXI_HP1/HP1_DDR_LOWOCM from address space /dec_MIMD_0/Data_m_axi_gmem0.
Excluding slave segment /processing_system7_0/S_AXI_HP2/HP2_DDR_LOWOCM from address space /dec_MIMD_0/Data_m_axi_gmem0.
Excluding slave segment /processing_system7_0/S_AXI_HP3/HP3_DDR_LOWOCM from address space /dec_MIMD_0/Data_m_axi_gmem0.
Excluding slave segment /processing_system7_0/S_AXI_HP1/HP1_DDR_LOWOCM from address space /dec_MIMD_0/Data_m_axi_gmem0.
Excluding slave segment /processing_system7_0/S_AXI_HP2/HP2_DDR_LOWOCM from address space /dec_MIMD_0/Data_m_axi_gmem0.
Excluding slave segment /processing_system7_0/S_AXI_HP3/HP3_DDR_LOWOCM from address space /dec_MIMD_0/Data_m_axi_gmem0.
Excluding slave segment /processing_system7_0/S_AXI_HP1/HP1_DDR_LOWOCM from address space /dec_MIMD_0/Data_m_axi_gmem0.
Excluding slave segment /processing_system7_0/S_AXI_HP2/HP2_DDR_LOWOCM from address space /dec_MIMD_0/Data_m_axi_gmem0.
Excluding slave segment /processing_system7_0/S_AXI_HP3/HP3_DDR_LOWOCM from address space /dec_MIMD_0/Data_m_axi_gmem0.
Excluding slave segment /processing_system7_0/S_AXI_HP1/HP1_DDR_LOWOCM from address space /dec_MIMD_0/Data_m_axi_gmem0.
Excluding slave segment /processing_system7_0/S_AXI_HP2/HP2_DDR_LOWOCM from address space /dec_MIMD_0/Data_m_axi_gmem0.
Excluding slave segment /processing_system7_0/S_AXI_HP3/HP3_DDR_LOWOCM from address space /dec_MIMD_0/Data_m_axi_gmem0.
Excluding slave segment /processing_system7_0/S_AXI_HP1/HP1_DDR_LOWOCM from address space /dec_MIMD_0/Data_m_axi_gmem0.
Excluding slave segment /processing_system7_0/S_AXI_HP2/HP2_DDR_LOWOCM from address space /dec_MIMD_0/Data_m_axi_gmem0.
Excluding slave segment /processing_system7_0/S_AXI_HP3/HP3_DDR_LOWOCM from address space /dec_MIMD_0/Data_m_axi_gmem0.
Excluding slave segment /processing_system7_0/S_AXI_HP1/HP1_DDR_LOWOCM from address space /dec_MIMD_0/Data_m_axi_gmem0.
Excluding slave segment /processing_system7_0/S_AXI_HP2/HP2_DDR_LOWOCM from address space /dec_MIMD_0/Data_m_axi_gmem0.
Excluding slave segment /processing_system7_0/S_AXI_HP3/HP3_DDR_LOWOCM from address space /dec_MIMD_0/Data_m_axi_gmem0.
Excluding slave segment /processing_system7_0/S_AXI_HP1/HP1_DDR_LOWOCM from address space /dec_MIMD_0/Data_m_axi_gmem0.
Excluding slave segment /processing_system7_0/S_AXI_HP2/HP2_DDR_LOWOCM from address space /dec_MIMD_0/Data_m_axi_gmem0.
Excluding slave segment /processing_system7_0/S_AXI_HP3/HP3_DDR_LOWOCM from address space /dec_MIMD_0/Data_m_axi_gmem0.
Excluding slave segment /processing_system7_0/S_AXI_HP1/HP1_DDR_LOWOCM from address space /dec_MIMD_0/Data_m_axi_gmem0.
Excluding slave segment /processing_system7_0/S_AXI_HP2/HP2_DDR_LOWOCM from address space /dec_MIMD_0/Data_m_axi_gmem0.
Excluding slave segment /processing_system7_0/S_AXI_HP3/HP3_DDR_LOWOCM from address space /dec_MIMD_0/Data_m_axi_gmem0.
Excluding slave segment /processing_system7_0/S_AXI_HP1/HP1_DDR_LOWOCM from address space /dec_MIMD_0/Data_m_axi_gmem0.
Excluding slave segment /processing_system7_0/S_AXI_HP2/HP2_DDR_LOWOCM from address space /dec_MIMD_0/Data_m_axi_gmem0.
Excluding slave segment /processing_system7_0/S_AXI_HP3/HP3_DDR_LOWOCM from address space /dec_MIMD_0/Data_m_axi_gmem0.
Excluding slave segment /processing_system7_0/S_AXI_HP1/HP1_DDR_LOWOCM from address space /dec_MIMD_0/Data_m_axi_gmem0.
Excluding slave segment /processing_system7_0/S_AXI_HP2/HP2_DDR_LOWOCM from address space /dec_MIMD_0/Data_m_axi_gmem0.
Excluding slave segment /processing_system7_0/S_AXI_HP3/HP3_DDR_LOWOCM from address space /dec_MIMD_0/Data_m_axi_gmem0.
Excluding slave segment /processing_system7_0/S_AXI_HP1/HP1_DDR_LOWOCM from address space /dec_MIMD_0/Data_m_axi_gmem0.
Excluding slave segment /processing_system7_0/S_AXI_HP2/HP2_DDR_LOWOCM from address space /dec_MIMD_0/Data_m_axi_gmem0.
Excluding slave segment /processing_system7_0/S_AXI_HP3/HP3_DDR_LOWOCM from address space /dec_MIMD_0/Data_m_axi_gmem0.
Excluding slave segment /processing_system7_0/S_AXI_HP1/HP1_DDR_LOWOCM from address space /dec_MIMD_0/Data_m_axi_gmem0.
Excluding slave segment /processing_system7_0/S_AXI_HP2/HP2_DDR_LOWOCM from address space /dec_MIMD_0/Data_m_axi_gmem0.
Excluding slave segment /processing_system7_0/S_AXI_HP3/HP3_DDR_LOWOCM from address space /dec_MIMD_0/Data_m_axi_gmem0.
Excluding slave segment /processing_system7_0/S_AXI_HP1/HP1_DDR_LOWOCM from address space /dec_MIMD_0/Data_m_axi_gmem0.
Excluding slave segment /processing_system7_0/S_AXI_HP2/HP2_DDR_LOWOCM from address space /dec_MIMD_0/Data_m_axi_gmem0.
Excluding slave segment /processing_system7_0/S_AXI_HP3/HP3_DDR_LOWOCM from address space /dec_MIMD_0/Data_m_axi_gmem0.
Excluding slave segment /processing_system7_0/S_AXI_HP1/HP1_DDR_LOWOCM from address space /dec_MIMD_0/Data_m_axi_gmem0.
Excluding slave segment /processing_system7_0/S_AXI_HP2/HP2_DDR_LOWOCM from address space /dec_MIMD_0/Data_m_axi_gmem0.
Excluding slave segment /processing_system7_0/S_AXI_HP3/HP3_DDR_LOWOCM from address space /dec_MIMD_0/Data_m_axi_gmem0.
Excluding slave segment /processing_system7_0/S_AXI_HP1/HP1_DDR_LOWOCM from address space /dec_MIMD_0/Data_m_axi_gmem0.
Excluding slave segment /processing_system7_0/S_AXI_HP2/HP2_DDR_LOWOCM from address space /dec_MIMD_0/Data_m_axi_gmem0.
Excluding slave segment /processing_system7_0/S_AXI_HP3/HP3_DDR_LOWOCM from address space /dec_MIMD_0/Data_m_axi_gmem0.
Excluding slave segment /processing_system7_0/S_AXI_HP1/HP1_DDR_LOWOCM from address space /dec_MIMD_0/Data_m_axi_gmem0.
Excluding slave segment /processing_system7_0/S_AXI_HP2/HP2_DDR_LOWOCM from address space /dec_MIMD_0/Data_m_axi_gmem0.
Excluding slave segment /processing_system7_0/S_AXI_HP3/HP3_DDR_LOWOCM from address space /dec_MIMD_0/Data_m_axi_gmem0.
Excluding slave segment /processing_system7_0/S_AXI_HP1/HP1_DDR_LOWOCM from address space /dec_MIMD_0/Data_m_axi_gmem0.
Excluding slave segment /processing_system7_0/S_AXI_HP2/HP2_DDR_LOWOCM from address space /dec_MIMD_0/Data_m_axi_gmem0.
Excluding slave segment /processing_system7_0/S_AXI_HP3/HP3_DDR_LOWOCM from address space /dec_MIMD_0/Data_m_axi_gmem0.
Excluding slave segment /processing_system7_0/S_AXI_HP1/HP1_DDR_LOWOCM from address space /dec_MIMD_0/Data_m_axi_gmem0.
Excluding slave segment /processing_system7_0/S_AXI_HP2/HP2_DDR_LOWOCM from address space /dec_MIMD_0/Data_m_axi_gmem0.
Excluding slave segment /processing_system7_0/S_AXI_HP3/HP3_DDR_LOWOCM from address space /dec_MIMD_0/Data_m_axi_gmem0.
Excluding slave segment /processing_system7_0/S_AXI_HP1/HP1_DDR_LOWOCM from address space /dec_MIMD_0/Data_m_axi_gmem0.
Excluding slave segment /processing_system7_0/S_AXI_HP2/HP2_DDR_LOWOCM from address space /dec_MIMD_0/Data_m_axi_gmem0.
Excluding slave segment /processing_system7_0/S_AXI_HP3/HP3_DDR_LOWOCM from address space /dec_MIMD_0/Data_m_axi_gmem0.
Excluding slave segment /processing_system7_0/S_AXI_HP1/HP1_DDR_LOWOCM from address space /dec_MIMD_0/Data_m_axi_gmem0.
Excluding slave segment /processing_system7_0/S_AXI_HP2/HP2_DDR_LOWOCM from address space /dec_MIMD_0/Data_m_axi_gmem0.
Excluding slave segment /processing_system7_0/S_AXI_HP3/HP3_DDR_LOWOCM from address space /dec_MIMD_0/Data_m_axi_gmem0.
Excluding slave segment /processing_system7_0/S_AXI_HP1/HP1_DDR_LOWOCM from address space /dec_MIMD_0/Data_m_axi_gmem0.
Excluding slave segment /processing_system7_0/S_AXI_HP2/HP2_DDR_LOWOCM from address space /dec_MIMD_0/Data_m_axi_gmem0.
Excluding slave segment /processing_system7_0/S_AXI_HP3/HP3_DDR_LOWOCM from address space /dec_MIMD_0/Data_m_axi_gmem0.
ERROR: [IP_Flow 19-3478] Validation failed for parameter 'My M00_A00_ADDR_WIDTH(M00_A00_ADDR_WIDTH)' with current value '29' for BD Cell 'axi_mem_intercon/xbar'. PARAM_VALUE.M01_A00_BASE_ADDR overlaps with address segment PARAM_VALUE.M00_A00_BASE_ADDR
INFO: [IP_Flow 19-3438] Customization errors found on 'axi_mem_intercon/xbar'. Restoring to previous valid configuration.
ERROR: [Common 17-39] 'set_property' failed due to earlier errors.
ERROR: [BD 41-1273] Error running post_propagate TCL procedure: ERROR: [Common 17-39] 'set_property' failed due to earlier errors.
    ::xilinx.com_ip_axi_crossbar_2.1::post_propagate Line 57
ERROR: [BD 41-1031] Hdl Generation failed for the IP Integrator design C:/Users/lotto/Desktop/Alveare/M_AXI_ALU/M_AXI_ALU/dec_MIMD/Vivado/dec_MIMD.srcs/sources_1/bd/design_1/design_1.bd 
ERROR: [Common 17-39] 'make_wrapper' failed due to earlier errors.
exit
INFO: [Common 17-206] Exiting Vivado at Tue Apr 23 18:58:32 2024...
