srcscan starts
=============== Using vdb files for VHDL std libs ===========
INFO: VHDL library search path for library "std" is now "C:/Xilinx/Vivado/2023.2/data/precomp_hsv/vhdl/std" (VHDL-1505)
INFO: VHDL library search path for library "synopsys" is now "C:/Xilinx/Vivado/2023.2/data/precomp_hsv/vhdl/synopsys" (VHDL-1505)
INFO: VHDL library search path for library "ieee" is now "C:/Xilinx/Vivado/2023.2/data/precomp_hsv/vhdl/ieee" (VHDL-1505)
INFO: VHDL library search path for library "unimacro" is now "C:/Xilinx/Vivado/2023.2/data/precomp_hsv/vhdl/unimacro" (VHDL-1505)
INFO: VHDL library search path for library "unisim" is now "C:/Xilinx/Vivado/2023.2/data/precomp_hsv/vhdl/unisim" (VHDL-1505)
INFO: VHDL library search path for library "vl" is now "C:/Xilinx/Vivado/2023.2/data/precomp_hsv/vhdl/vl" (VHDL-1505)
INFO: VHDL library search path for library "xpm" is now "C:/Xilinx/Vivado/2023.2/data/precomp_hsv/vhdl/xpm" (VHDL-1505)
-- Analyzing VHDL file "C:/Users/lotto/Desktop/Alveare/M_AXI_ALU/100/Vivado/ALU_sys_HDL.srcs/sources_1/imports/imports/vhdl/ALU_sys_HDL_Block_entry1_proc.vhd" into library xil_defaultlib (VHDL-9003)
INFO: analyzing entity 'ALU_sys_HDL_Block_entry1_proc' (VHDL-1012)
INFO: analyzing architecture 'behav' of entity 'alu_sys_hdl_block_entry1_proc' (VHDL-9006)
-- Analyzing VHDL file "C:/Users/lotto/Desktop/Alveare/M_AXI_ALU/100/Vivado/ALU_sys_HDL.srcs/sources_1/imports/imports/vhdl/ALU_sys_HDL_Block_entry1_proc_ALU_operation_MEM_RAM_AUTO_1R1W.vhd" into library xil_defaultlib (VHDL-9003)
INFO: analyzing entity 'ALU_sys_HDL_Block_entry1_proc_ALU_operation_MEM_RAM_AUTO_1R1W' (VHDL-1012)
INFO: analyzing architecture 'rtl' of entity 'alu_sys_hdl_block_entry1_proc_alu_operation_mem_ram_auto_1r1w' (VHDL-9006)
-- Analyzing VHDL file "C:/Users/lotto/Desktop/Alveare/M_AXI_ALU/100/Vivado/ALU_sys_HDL.srcs/sources_1/imports/imports/vhdl/ALU_sys_HDL_control_s_axi.vhd" into library xil_defaultlib (VHDL-9003)
INFO: analyzing entity 'ALU_sys_HDL_control_s_axi' (VHDL-1012)
INFO: analyzing architecture 'behave' of entity 'alu_sys_hdl_control_s_axi' (VHDL-9006)
-- Analyzing VHDL file "C:/Users/lotto/AppData/Local/Temp/VivadoEditorAssist12816919695810406497.tmp" into library xil_defaultlib (VHDL-9003)
INFO: analyzing entity 'ALU_sys_HDL_data_exe_wb' (VHDL-1012)
INFO: analyzing architecture 'behav' of entity 'alu_sys_hdl_data_exe_wb' (VHDL-9006)
-- Analyzing VHDL file "C:/Users/lotto/AppData/Local/Temp/VivadoEditorAssist16662372986841745089.tmp" into library xil_defaultlib (VHDL-9003)
INFO: analyzing entity 'ALU_sys_HDL_data_exe_wb_Pipeline_exe' (VHDL-1012)
INFO: analyzing architecture 'behav' of entity 'alu_sys_hdl_data_exe_wb_pipeline_exe' (VHDL-9006)
-- Analyzing VHDL file "C:/Users/lotto/Desktop/Alveare/M_AXI_ALU/100/Vivado/ALU_sys_HDL.srcs/sources_1/imports/imports/vhdl/ALU_sys_HDL_data_exe_wb_Pipeline_l_data_a.vhd" into library xil_defaultlib (VHDL-9003)
INFO: analyzing entity 'ALU_sys_HDL_data_exe_wb_Pipeline_l_data_a' (VHDL-1012)
INFO: analyzing architecture 'behav' of entity 'alu_sys_hdl_data_exe_wb_pipeline_l_data_a' (VHDL-9006)
-- Analyzing VHDL file "C:/Users/lotto/Desktop/Alveare/M_AXI_ALU/100/Vivado/ALU_sys_HDL.srcs/sources_1/imports/imports/vhdl/ALU_sys_HDL_data_exe_wb_Pipeline_l_data_b.vhd" into library xil_defaultlib (VHDL-9003)
INFO: analyzing entity 'ALU_sys_HDL_data_exe_wb_Pipeline_l_data_b' (VHDL-1012)
INFO: analyzing architecture 'behav' of entity 'alu_sys_hdl_data_exe_wb_pipeline_l_data_b' (VHDL-9006)
-- Analyzing VHDL file "C:/Users/lotto/Desktop/Alveare/M_AXI_ALU/100/Vivado/ALU_sys_HDL.srcs/sources_1/imports/imports/vhdl/ALU_sys_HDL_data_exe_wb_Pipeline_write_back.vhd" into library xil_defaultlib (VHDL-9003)
INFO: analyzing entity 'ALU_sys_HDL_data_exe_wb_Pipeline_write_back' (VHDL-1012)
INFO: analyzing architecture 'behav' of entity 'alu_sys_hdl_data_exe_wb_pipeline_write_back' (VHDL-9006)
-- Analyzing VHDL file "C:/Users/lotto/Desktop/Alveare/M_AXI_ALU/100/Vivado/ALU_sys_HDL.srcs/sources_1/imports/imports/vhdl/ALU_sys_HDL_fifo_w32_d100_A.vhd" into library xil_defaultlib (VHDL-9003)
INFO: analyzing entity 'ALU_sys_HDL_fifo_w32_d100_A' (VHDL-1012)
INFO: analyzing architecture 'arch' of entity 'alu_sys_hdl_fifo_w32_d100_a' (VHDL-9006)
INFO: analyzing entity 'ALU_sys_HDL_fifo_w32_d100_A_ram' (VHDL-1012)
INFO: analyzing architecture 'arch' of entity 'alu_sys_hdl_fifo_w32_d100_a_ram' (VHDL-9006)
-- Analyzing VHDL file "C:/Users/lotto/Desktop/Alveare/M_AXI_ALU/100/Vivado/ALU_sys_HDL.srcs/sources_1/imports/imports/vhdl/ALU_sys_HDL_flow_control_loop_pipe_sequential_init.vhd" into library xil_defaultlib (VHDL-9003)
INFO: analyzing entity 'ALU_sys_HDL_flow_control_loop_pipe_sequential_init' (VHDL-1012)
INFO: analyzing architecture 'behav' of entity 'alu_sys_hdl_flow_control_loop_pipe_sequential_init' (VHDL-9006)
-- Analyzing VHDL file "C:/Users/lotto/Desktop/Alveare/M_AXI_ALU/100/Vivado/ALU_sys_HDL.srcs/sources_1/imports/imports/vhdl/ALU_sys_HDL_gmem0_m_axi.vhd" into library xil_defaultlib (VHDL-9003)
INFO: analyzing entity 'ALU_sys_HDL_gmem0_m_axi' (VHDL-1012)
INFO: analyzing architecture 'behave' of entity 'alu_sys_hdl_gmem0_m_axi' (VHDL-9006)
INFO: analyzing entity 'ALU_sys_HDL_gmem0_m_axi_load' (VHDL-1012)
INFO: analyzing architecture 'behave' of entity 'alu_sys_hdl_gmem0_m_axi_load' (VHDL-9006)
INFO: analyzing entity 'ALU_sys_HDL_gmem0_m_axi_store' (VHDL-1012)
INFO: analyzing architecture 'behave' of entity 'alu_sys_hdl_gmem0_m_axi_store' (VHDL-9006)
INFO: analyzing entity 'ALU_sys_HDL_gmem0_m_axi_read' (VHDL-1012)
INFO: analyzing architecture 'behave' of entity 'alu_sys_hdl_gmem0_m_axi_read' (VHDL-9006)
INFO: analyzing entity 'ALU_sys_HDL_gmem0_m_axi_write' (VHDL-1012)
INFO: analyzing architecture 'behave' of entity 'alu_sys_hdl_gmem0_m_axi_write' (VHDL-9006)
INFO: analyzing entity 'ALU_sys_HDL_gmem0_m_axi_burst_converter' (VHDL-1012)
INFO: analyzing architecture 'behave' of entity 'alu_sys_hdl_gmem0_m_axi_burst_converter' (VHDL-9006)
INFO: analyzing entity 'ALU_sys_HDL_gmem0_m_axi_throttle' (VHDL-1012)
INFO: analyzing architecture 'behav' of entity 'alu_sys_hdl_gmem0_m_axi_throttle' (VHDL-9006)
INFO: analyzing entity 'ALU_sys_HDL_gmem0_m_axi_reg_slice' (VHDL-1012)
INFO: analyzing architecture 'behave' of entity 'alu_sys_hdl_gmem0_m_axi_reg_slice' (VHDL-9006)
INFO: analyzing entity 'ALU_sys_HDL_gmem0_m_axi_fifo' (VHDL-1012)
INFO: analyzing architecture 'behave' of entity 'alu_sys_hdl_gmem0_m_axi_fifo' (VHDL-9006)
INFO: analyzing entity 'ALU_sys_HDL_gmem0_m_axi_srl' (VHDL-1012)
INFO: analyzing architecture 'behav' of entity 'alu_sys_hdl_gmem0_m_axi_srl' (VHDL-9006)
INFO: analyzing entity 'ALU_sys_HDL_gmem0_m_axi_mem' (VHDL-1012)
INFO: analyzing architecture 'behav' of entity 'alu_sys_hdl_gmem0_m_axi_mem' (VHDL-9006)
-- Analyzing VHDL file "C:/Users/lotto/Desktop/Alveare/M_AXI_ALU/100/Vivado/ALU_sys_HDL.srcs/sources_1/imports/imports/vhdl/ALU_sys_HDL_gmem1_m_axi.vhd" into library xil_defaultlib (VHDL-9003)
INFO: analyzing entity 'ALU_sys_HDL_gmem1_m_axi' (VHDL-1012)
INFO: analyzing architecture 'behave' of entity 'alu_sys_hdl_gmem1_m_axi' (VHDL-9006)
INFO: analyzing entity 'ALU_sys_HDL_gmem1_m_axi_load' (VHDL-1012)
INFO: analyzing architecture 'behave' of entity 'alu_sys_hdl_gmem1_m_axi_load' (VHDL-9006)
INFO: analyzing entity 'ALU_sys_HDL_gmem1_m_axi_store' (VHDL-1012)
INFO: analyzing architecture 'behave' of entity 'alu_sys_hdl_gmem1_m_axi_store' (VHDL-9006)
INFO: analyzing entity 'ALU_sys_HDL_gmem1_m_axi_read' (VHDL-1012)
INFO: analyzing architecture 'behave' of entity 'alu_sys_hdl_gmem1_m_axi_read' (VHDL-9006)
INFO: analyzing entity 'ALU_sys_HDL_gmem1_m_axi_write' (VHDL-1012)
INFO: analyzing architecture 'behave' of entity 'alu_sys_hdl_gmem1_m_axi_write' (VHDL-9006)
INFO: analyzing entity 'ALU_sys_HDL_gmem1_m_axi_burst_converter' (VHDL-1012)
INFO: analyzing architecture 'behave' of entity 'alu_sys_hdl_gmem1_m_axi_burst_converter' (VHDL-9006)
INFO: analyzing entity 'ALU_sys_HDL_gmem1_m_axi_throttle' (VHDL-1012)
INFO: analyzing architecture 'behav' of entity 'alu_sys_hdl_gmem1_m_axi_throttle' (VHDL-9006)
INFO: analyzing entity 'ALU_sys_HDL_gmem1_m_axi_reg_slice' (VHDL-1012)
INFO: analyzing architecture 'behave' of entity 'alu_sys_hdl_gmem1_m_axi_reg_slice' (VHDL-9006)
INFO: analyzing entity 'ALU_sys_HDL_gmem1_m_axi_fifo' (VHDL-1012)
INFO: analyzing architecture 'behave' of entity 'alu_sys_hdl_gmem1_m_axi_fifo' (VHDL-9006)
INFO: analyzing entity 'ALU_sys_HDL_gmem1_m_axi_srl' (VHDL-1012)
INFO: analyzing architecture 'behav' of entity 'alu_sys_hdl_gmem1_m_axi_srl' (VHDL-9006)
INFO: analyzing entity 'ALU_sys_HDL_gmem1_m_axi_mem' (VHDL-1012)
INFO: analyzing architecture 'behav' of entity 'alu_sys_hdl_gmem1_m_axi_mem' (VHDL-9006)
-- Analyzing VHDL file "C:/Users/lotto/Desktop/Alveare/M_AXI_ALU/100/Vivado/ALU_sys_HDL.srcs/sources_1/imports/imports/vhdl/ALU_sys_HDL_gmem2_m_axi.vhd" into library xil_defaultlib (VHDL-9003)
INFO: analyzing entity 'ALU_sys_HDL_gmem2_m_axi' (VHDL-1012)
INFO: analyzing architecture 'behave' of entity 'alu_sys_hdl_gmem2_m_axi' (VHDL-9006)
INFO: analyzing entity 'ALU_sys_HDL_gmem2_m_axi_load' (VHDL-1012)
INFO: analyzing architecture 'behave' of entity 'alu_sys_hdl_gmem2_m_axi_load' (VHDL-9006)
INFO: analyzing entity 'ALU_sys_HDL_gmem2_m_axi_store' (VHDL-1012)
INFO: analyzing architecture 'behave' of entity 'alu_sys_hdl_gmem2_m_axi_store' (VHDL-9006)
INFO: analyzing entity 'ALU_sys_HDL_gmem2_m_axi_read' (VHDL-1012)
INFO: analyzing architecture 'behave' of entity 'alu_sys_hdl_gmem2_m_axi_read' (VHDL-9006)
INFO: analyzing entity 'ALU_sys_HDL_gmem2_m_axi_write' (VHDL-1012)
INFO: analyzing architecture 'behave' of entity 'alu_sys_hdl_gmem2_m_axi_write' (VHDL-9006)
INFO: analyzing entity 'ALU_sys_HDL_gmem2_m_axi_burst_converter' (VHDL-1012)
INFO: analyzing architecture 'behave' of entity 'alu_sys_hdl_gmem2_m_axi_burst_converter' (VHDL-9006)
INFO: analyzing entity 'ALU_sys_HDL_gmem2_m_axi_throttle' (VHDL-1012)
INFO: analyzing architecture 'behav' of entity 'alu_sys_hdl_gmem2_m_axi_throttle' (VHDL-9006)
INFO: analyzing entity 'ALU_sys_HDL_gmem2_m_axi_reg_slice' (VHDL-1012)
INFO: analyzing architecture 'behave' of entity 'alu_sys_hdl_gmem2_m_axi_reg_slice' (VHDL-9006)
INFO: analyzing entity 'ALU_sys_HDL_gmem2_m_axi_fifo' (VHDL-1012)
INFO: analyzing architecture 'behave' of entity 'alu_sys_hdl_gmem2_m_axi_fifo' (VHDL-9006)
INFO: analyzing entity 'ALU_sys_HDL_gmem2_m_axi_srl' (VHDL-1012)
INFO: analyzing architecture 'behav' of entity 'alu_sys_hdl_gmem2_m_axi_srl' (VHDL-9006)
INFO: analyzing entity 'ALU_sys_HDL_gmem2_m_axi_mem' (VHDL-1012)
INFO: analyzing architecture 'behav' of entity 'alu_sys_hdl_gmem2_m_axi_mem' (VHDL-9006)
-- Analyzing VHDL file "C:/Users/lotto/Desktop/Alveare/M_AXI_ALU/100/Vivado/ALU_sys_HDL.srcs/sources_1/imports/imports/vhdl/ALU_sys_HDL_gmem3_m_axi.vhd" into library xil_defaultlib (VHDL-9003)
INFO: analyzing entity 'ALU_sys_HDL_gmem3_m_axi' (VHDL-1012)
INFO: analyzing architecture 'behave' of entity 'alu_sys_hdl_gmem3_m_axi' (VHDL-9006)
INFO: analyzing entity 'ALU_sys_HDL_gmem3_m_axi_load' (VHDL-1012)
INFO: analyzing architecture 'behave' of entity 'alu_sys_hdl_gmem3_m_axi_load' (VHDL-9006)
INFO: analyzing entity 'ALU_sys_HDL_gmem3_m_axi_store' (VHDL-1012)
INFO: analyzing architecture 'behave' of entity 'alu_sys_hdl_gmem3_m_axi_store' (VHDL-9006)
INFO: analyzing entity 'ALU_sys_HDL_gmem3_m_axi_read' (VHDL-1012)
INFO: analyzing architecture 'behave' of entity 'alu_sys_hdl_gmem3_m_axi_read' (VHDL-9006)
INFO: analyzing entity 'ALU_sys_HDL_gmem3_m_axi_write' (VHDL-1012)
INFO: analyzing architecture 'behave' of entity 'alu_sys_hdl_gmem3_m_axi_write' (VHDL-9006)
INFO: analyzing entity 'ALU_sys_HDL_gmem3_m_axi_burst_converter' (VHDL-1012)
INFO: analyzing architecture 'behave' of entity 'alu_sys_hdl_gmem3_m_axi_burst_converter' (VHDL-9006)
INFO: analyzing entity 'ALU_sys_HDL_gmem3_m_axi_throttle' (VHDL-1012)
INFO: analyzing architecture 'behav' of entity 'alu_sys_hdl_gmem3_m_axi_throttle' (VHDL-9006)
INFO: analyzing entity 'ALU_sys_HDL_gmem3_m_axi_reg_slice' (VHDL-1012)
INFO: analyzing architecture 'behave' of entity 'alu_sys_hdl_gmem3_m_axi_reg_slice' (VHDL-9006)
INFO: analyzing entity 'ALU_sys_HDL_gmem3_m_axi_fifo' (VHDL-1012)
INFO: analyzing architecture 'behave' of entity 'alu_sys_hdl_gmem3_m_axi_fifo' (VHDL-9006)
INFO: analyzing entity 'ALU_sys_HDL_gmem3_m_axi_srl' (VHDL-1012)
INFO: analyzing architecture 'behav' of entity 'alu_sys_hdl_gmem3_m_axi_srl' (VHDL-9006)
INFO: analyzing entity 'ALU_sys_HDL_gmem3_m_axi_mem' (VHDL-1012)
INFO: analyzing architecture 'behav' of entity 'alu_sys_hdl_gmem3_m_axi_mem' (VHDL-9006)
-- Analyzing VHDL file "C:/Users/lotto/AppData/Local/Temp/VivadoEditorAssist16943658518690798313.tmp" into library xil_defaultlib (VHDL-9003)
INFO: analyzing entity 'ALU_sys_HDL_op_data_exe_wb' (VHDL-1012)
INFO: analyzing architecture 'behav' of entity 'alu_sys_hdl_op_data_exe_wb' (VHDL-9006)
-- Analyzing VHDL file "C:/Users/lotto/AppData/Local/Temp/VivadoEditorAssist605261857724962229.tmp" into library xil_defaultlib (VHDL-9003)
INFO: analyzing entity 'ALU_sys_HDL_op_data_exe_wb_Pipeline_exe' (VHDL-1012)
INFO: analyzing architecture 'behav' of entity 'alu_sys_hdl_op_data_exe_wb_pipeline_exe' (VHDL-9006)
-- Analyzing VHDL file "C:/Users/lotto/Desktop/Alveare/M_AXI_ALU/100/Vivado/ALU_sys_HDL.srcs/sources_1/imports/imports/vhdl/ALU_sys_HDL_op_data_exe_wb_Pipeline_l_data_a.vhd" into library xil_defaultlib (VHDL-9003)
INFO: analyzing entity 'ALU_sys_HDL_op_data_exe_wb_Pipeline_l_data_a' (VHDL-1012)
INFO: analyzing architecture 'behav' of entity 'alu_sys_hdl_op_data_exe_wb_pipeline_l_data_a' (VHDL-9006)
-- Analyzing VHDL file "C:/Users/lotto/Desktop/Alveare/M_AXI_ALU/100/Vivado/ALU_sys_HDL.srcs/sources_1/imports/imports/vhdl/ALU_sys_HDL_op_data_exe_wb_Pipeline_l_data_b.vhd" into library xil_defaultlib (VHDL-9003)
INFO: analyzing entity 'ALU_sys_HDL_op_data_exe_wb_Pipeline_l_data_b' (VHDL-1012)
INFO: analyzing architecture 'behav' of entity 'alu_sys_hdl_op_data_exe_wb_pipeline_l_data_b' (VHDL-9006)
-- Analyzing VHDL file "C:/Users/lotto/Desktop/Alveare/M_AXI_ALU/100/Vivado/ALU_sys_HDL.srcs/sources_1/imports/imports/vhdl/ALU_sys_HDL_op_data_exe_wb_Pipeline_l_operation.vhd" into library xil_defaultlib (VHDL-9003)
INFO: analyzing entity 'ALU_sys_HDL_op_data_exe_wb_Pipeline_l_operation' (VHDL-1012)
INFO: analyzing architecture 'behav' of entity 'alu_sys_hdl_op_data_exe_wb_pipeline_l_operation' (VHDL-9006)
-- Analyzing VHDL file "C:/Users/lotto/Desktop/Alveare/M_AXI_ALU/100/Vivado/ALU_sys_HDL.srcs/sources_1/imports/imports/vhdl/ALU_sys_HDL_op_data_exe_wb_Pipeline_s_operation_data_op.vhd" into library xil_defaultlib (VHDL-9003)
INFO: analyzing entity 'ALU_sys_HDL_op_data_exe_wb_Pipeline_s_operation_data_op' (VHDL-1012)
INFO: analyzing architecture 'behav' of entity 'alu_sys_hdl_op_data_exe_wb_pipeline_s_operation_data_op' (VHDL-9006)
-- Analyzing VHDL file "C:/Users/lotto/Desktop/Alveare/M_AXI_ALU/100/Vivado/ALU_sys_HDL.srcs/sources_1/imports/imports/vhdl/ALU_sys_HDL_op_data_exe_wb_Pipeline_write_back.vhd" into library xil_defaultlib (VHDL-9003)
INFO: analyzing entity 'ALU_sys_HDL_op_data_exe_wb_Pipeline_write_back' (VHDL-1012)
INFO: analyzing architecture 'behav' of entity 'alu_sys_hdl_op_data_exe_wb_pipeline_write_back' (VHDL-9006)
-- Analyzing VHDL file "C:/Users/lotto/Desktop/Alveare/M_AXI_ALU/100/Vivado/ALU_sys_HDL.srcs/sources_1/imports/imports/vhdl/ALU_sys_HDL_operation.vhd" into library xil_defaultlib (VHDL-9003)
INFO: analyzing entity 'ALU_sys_HDL_operation' (VHDL-1012)
INFO: analyzing architecture 'behav' of entity 'alu_sys_hdl_operation' (VHDL-9006)
-- Analyzing VHDL file "C:/Users/lotto/Desktop/Alveare/M_AXI_ALU/100/Vivado/ALU_sys_HDL.srcs/sources_1/imports/imports/vhdl/ALU_sys_HDL_operation_Pipeline_l_operation.vhd" into library xil_defaultlib (VHDL-9003)
INFO: analyzing entity 'ALU_sys_HDL_operation_Pipeline_l_operation' (VHDL-1012)
INFO: analyzing architecture 'behav' of entity 'alu_sys_hdl_operation_pipeline_l_operation' (VHDL-9006)
-- Analyzing VHDL file "C:/Users/lotto/Desktop/Alveare/M_AXI_ALU/100/Vivado/ALU_sys_HDL.srcs/sources_1/imports/imports/vhdl/ALU_sys_HDL_operation_Pipeline_s_operation_data_op.vhd" into library xil_defaultlib (VHDL-9003)
INFO: analyzing entity 'ALU_sys_HDL_operation_Pipeline_s_operation_data_op' (VHDL-1012)
INFO: analyzing architecture 'behav' of entity 'alu_sys_hdl_operation_pipeline_s_operation_data_op' (VHDL-9006)
-- Analyzing VHDL file "C:/Users/lotto/Desktop/Alveare/M_AXI_ALU/100/Vivado/ALU_sys_HDL.srcs/sources_1/imports/imports/vhdl/ALU_sys_HDL_reset.vhd" into library xil_defaultlib (VHDL-9003)
INFO: analyzing entity 'ALU_sys_HDL_reset' (VHDL-1012)
INFO: analyzing architecture 'behav' of entity 'alu_sys_hdl_reset' (VHDL-9006)
-- Analyzing VHDL file "C:/Users/lotto/Desktop/Alveare/M_AXI_ALU/100/Vivado/ALU_sys_HDL.srcs/sources_1/imports/imports/vhdl/ALU_sys_HDL_reset_Pipeline_clear_ALU_op.vhd" into library xil_defaultlib (VHDL-9003)
INFO: analyzing entity 'ALU_sys_HDL_reset_Pipeline_clear_ALU_op' (VHDL-1012)
INFO: analyzing architecture 'behav' of entity 'alu_sys_hdl_reset_pipeline_clear_alu_op' (VHDL-9006)
-- Analyzing VHDL file "C:/Users/lotto/Desktop/Alveare/M_AXI_ALU/100/Vivado/ALU_sys_HDL.srcs/sources_1/imports/imports/vhdl/ALU_sys_HDL_reset_Pipeline_clear_FIFO_a.vhd" into library xil_defaultlib (VHDL-9003)
INFO: analyzing entity 'ALU_sys_HDL_reset_Pipeline_clear_FIFO_a' (VHDL-1012)
INFO: analyzing architecture 'behav' of entity 'alu_sys_hdl_reset_pipeline_clear_fifo_a' (VHDL-9006)
-- Analyzing VHDL file "C:/Users/lotto/Desktop/Alveare/M_AXI_ALU/100/Vivado/ALU_sys_HDL.srcs/sources_1/imports/imports/vhdl/ALU_sys_HDL_reset_Pipeline_clear_FIFO_b.vhd" into library xil_defaultlib (VHDL-9003)
INFO: analyzing entity 'ALU_sys_HDL_reset_Pipeline_clear_FIFO_b' (VHDL-1012)
INFO: analyzing architecture 'behav' of entity 'alu_sys_hdl_reset_pipeline_clear_fifo_b' (VHDL-9006)
-- Analyzing VHDL file "C:/Users/lotto/Desktop/Alveare/M_AXI_ALU/100/Vivado/ALU_sys_HDL.srcs/sources_1/imports/imports/vhdl/ALU_sys_HDL_reset_Pipeline_clear_RAM_op.vhd" into library xil_defaultlib (VHDL-9003)
INFO: analyzing entity 'ALU_sys_HDL_reset_Pipeline_clear_RAM_op' (VHDL-1012)
INFO: analyzing architecture 'behav' of entity 'alu_sys_hdl_reset_pipeline_clear_ram_op' (VHDL-9006)
-- Analyzing VHDL file "C:/Users/lotto/Desktop/Alveare/M_AXI_ALU/100/Vivado/ALU_sys_HDL.srcs/sources_1/imports/imports/vhdl/ALU_sys_HDL_sdiv_32s_32s_32_36_1.vhd" into library xil_defaultlib (VHDL-9003)
INFO: analyzing entity 'ALU_sys_HDL_sdiv_32s_32s_32_36_1_divider' (VHDL-1012)
INFO: analyzing architecture 'rtl' of entity 'alu_sys_hdl_sdiv_32s_32s_32_36_1_divider' (VHDL-9006)
INFO: analyzing entity 'ALU_sys_HDL_sdiv_32s_32s_32_36_1' (VHDL-1012)
INFO: analyzing architecture 'rtl' of entity 'alu_sys_hdl_sdiv_32s_32s_32_36_1' (VHDL-9006)
-- Analyzing VHDL file "C:/Users/lotto/AppData/Local/Temp/VivadoEditorAssist7425338784460337566.tmp" into library xil_defaultlib (VHDL-9003)
INFO: analyzing entity 'dispatcher' (VHDL-1012)
INFO: analyzing architecture 'Behavioral' of entity 'dispatcher' (VHDL-9006)
-- Analyzing VHDL file "C:/Users/lotto/AppData/Local/Temp/VivadoEditorAssist200715686309311671.tmp" into library xil_defaultlib (VHDL-9003)
INFO: analyzing entity 'div' (VHDL-1012)
INFO: analyzing architecture 'Behavioral' of entity 'div' (VHDL-9006)
-- Analyzing VHDL file "C:/Users/lotto/AppData/Local/Temp/VivadoEditorAssist13138138701782512788.tmp" into library xil_defaultlib (VHDL-9003)
INFO: analyzing entity 'mul' (VHDL-1012)
INFO: analyzing architecture 'Behavioral' of entity 'mul' (VHDL-9006)
-- Analyzing VHDL file "C:/Users/lotto/AppData/Local/Temp/VivadoEditorAssist12522191658498927248.tmp" into library xil_defaultlib (VHDL-9003)
INFO: analyzing entity 'pp_buf' (VHDL-1012)
INFO: analyzing architecture 'Behavioral' of entity 'pp_buf' (VHDL-9006)
-- Analyzing VHDL file "C:/Users/lotto/AppData/Local/Temp/VivadoEditorAssist9722029229253296163.tmp" into library xil_defaultlib (VHDL-9003)
INFO: analyzing entity 'sub' (VHDL-1012)
INFO: analyzing architecture 'Behavioral' of entity 'sub' (VHDL-9006)
-- Analyzing VHDL file "C:/Users/lotto/AppData/Local/Temp/VivadoEditorAssist4853479031452068342.tmp" into library xil_defaultlib (VHDL-9003)
INFO: analyzing entity 'sum' (VHDL-1012)
INFO: analyzing architecture 'Behavioral' of entity 'sum' (VHDL-9006)
-- Analyzing VHDL file "C:/Users/lotto/Desktop/Alveare/M_AXI_ALU/100/Vivado/ALU_sys_HDL.srcs/sources_1/imports/imports/vhdl/ALU_sys_HDL.vhd" into library xil_defaultlib (VHDL-9003)
INFO: analyzing entity 'ALU_sys_HDL' (VHDL-1012)
INFO: analyzing architecture 'behav' of entity 'alu_sys_hdl' (VHDL-9006)
-- Analyzing VHDL file "C:/Users/lotto/Desktop/Alveare/M_AXI_ALU/100/Vivado/ALU_sys_HDL.srcs/sources_1/imports/imports/vhdl/ALU_sys_HDL_mul_32s_32s_32_2_1.vhd" into library xil_defaultlib (VHDL-9003)
INFO: analyzing entity 'ALU_sys_HDL_mul_32s_32s_32_2_1' (VHDL-1012)
INFO: analyzing architecture 'behav' of entity 'alu_sys_hdl_mul_32s_32s_32_2_1' (VHDL-9006)
-- Analyzing VHDL file "C:/Users/lotto/Desktop/Alveare/M_AXI_ALU/100/Vivado/ALU_sys_HDL.srcs/sources_1/imports/imports/vhdl/ALU_sys_HDL_Block_entry1_proc.vhd" into library xil_defaultlib (VHDL-9003)
INFO: analyzing entity 'ALU_sys_HDL_Block_entry1_proc' (VHDL-1012)
INFO: analyzing architecture 'behav' of entity 'alu_sys_hdl_block_entry1_proc' (VHDL-9006)
-- Analyzing VHDL file "C:/Users/lotto/Desktop/Alveare/M_AXI_ALU/100/Vivado/ALU_sys_HDL.srcs/sources_1/imports/imports/vhdl/ALU_sys_HDL_Block_entry1_proc_ALU_operation_MEM_RAM_AUTO_1R1W.vhd" into library xil_defaultlib (VHDL-9003)
INFO: analyzing entity 'ALU_sys_HDL_Block_entry1_proc_ALU_operation_MEM_RAM_AUTO_1R1W' (VHDL-1012)
INFO: analyzing architecture 'rtl' of entity 'alu_sys_hdl_block_entry1_proc_alu_operation_mem_ram_auto_1r1w' (VHDL-9006)
-- Analyzing VHDL file "C:/Users/lotto/Desktop/Alveare/M_AXI_ALU/100/Vivado/ALU_sys_HDL.srcs/sources_1/imports/imports/vhdl/ALU_sys_HDL_control_s_axi.vhd" into library xil_defaultlib (VHDL-9003)
INFO: analyzing entity 'ALU_sys_HDL_control_s_axi' (VHDL-1012)
INFO: analyzing architecture 'behave' of entity 'alu_sys_hdl_control_s_axi' (VHDL-9006)
-- Analyzing VHDL file "C:/Users/lotto/AppData/Local/Temp/VivadoEditorAssist12816919695810406497.tmp" into library xil_defaultlib (VHDL-9003)
INFO: analyzing entity 'ALU_sys_HDL_data_exe_wb' (VHDL-1012)
INFO: analyzing architecture 'behav' of entity 'alu_sys_hdl_data_exe_wb' (VHDL-9006)
-- Analyzing VHDL file "C:/Users/lotto/AppData/Local/Temp/VivadoEditorAssist16662372986841745089.tmp" into library xil_defaultlib (VHDL-9003)
INFO: analyzing entity 'ALU_sys_HDL_data_exe_wb_Pipeline_exe' (VHDL-1012)
INFO: analyzing architecture 'behav' of entity 'alu_sys_hdl_data_exe_wb_pipeline_exe' (VHDL-9006)
-- Analyzing VHDL file "C:/Users/lotto/Desktop/Alveare/M_AXI_ALU/100/Vivado/ALU_sys_HDL.srcs/sources_1/imports/imports/vhdl/ALU_sys_HDL_data_exe_wb_Pipeline_l_data_a.vhd" into library xil_defaultlib (VHDL-9003)
INFO: analyzing entity 'ALU_sys_HDL_data_exe_wb_Pipeline_l_data_a' (VHDL-1012)
INFO: analyzing architecture 'behav' of entity 'alu_sys_hdl_data_exe_wb_pipeline_l_data_a' (VHDL-9006)
-- Analyzing VHDL file "C:/Users/lotto/Desktop/Alveare/M_AXI_ALU/100/Vivado/ALU_sys_HDL.srcs/sources_1/imports/imports/vhdl/ALU_sys_HDL_data_exe_wb_Pipeline_l_data_b.vhd" into library xil_defaultlib (VHDL-9003)
INFO: analyzing entity 'ALU_sys_HDL_data_exe_wb_Pipeline_l_data_b' (VHDL-1012)
INFO: analyzing architecture 'behav' of entity 'alu_sys_hdl_data_exe_wb_pipeline_l_data_b' (VHDL-9006)
-- Analyzing VHDL file "C:/Users/lotto/Desktop/Alveare/M_AXI_ALU/100/Vivado/ALU_sys_HDL.srcs/sources_1/imports/imports/vhdl/ALU_sys_HDL_data_exe_wb_Pipeline_write_back.vhd" into library xil_defaultlib (VHDL-9003)
INFO: analyzing entity 'ALU_sys_HDL_data_exe_wb_Pipeline_write_back' (VHDL-1012)
INFO: analyzing architecture 'behav' of entity 'alu_sys_hdl_data_exe_wb_pipeline_write_back' (VHDL-9006)
-- Analyzing VHDL file "C:/Users/lotto/Desktop/Alveare/M_AXI_ALU/100/Vivado/ALU_sys_HDL.srcs/sources_1/imports/imports/vhdl/ALU_sys_HDL_fifo_w32_d100_A.vhd" into library xil_defaultlib (VHDL-9003)
INFO: analyzing entity 'ALU_sys_HDL_fifo_w32_d100_A' (VHDL-1012)
INFO: analyzing architecture 'arch' of entity 'alu_sys_hdl_fifo_w32_d100_a' (VHDL-9006)
INFO: analyzing entity 'ALU_sys_HDL_fifo_w32_d100_A_ram' (VHDL-1012)
INFO: analyzing architecture 'arch' of entity 'alu_sys_hdl_fifo_w32_d100_a_ram' (VHDL-9006)
-- Analyzing VHDL file "C:/Users/lotto/Desktop/Alveare/M_AXI_ALU/100/Vivado/ALU_sys_HDL.srcs/sources_1/imports/imports/vhdl/ALU_sys_HDL_flow_control_loop_pipe_sequential_init.vhd" into library xil_defaultlib (VHDL-9003)
INFO: analyzing entity 'ALU_sys_HDL_flow_control_loop_pipe_sequential_init' (VHDL-1012)
INFO: analyzing architecture 'behav' of entity 'alu_sys_hdl_flow_control_loop_pipe_sequential_init' (VHDL-9006)
-- Analyzing VHDL file "C:/Users/lotto/Desktop/Alveare/M_AXI_ALU/100/Vivado/ALU_sys_HDL.srcs/sources_1/imports/imports/vhdl/ALU_sys_HDL_gmem0_m_axi.vhd" into library xil_defaultlib (VHDL-9003)
INFO: analyzing entity 'ALU_sys_HDL_gmem0_m_axi' (VHDL-1012)
INFO: analyzing architecture 'behave' of entity 'alu_sys_hdl_gmem0_m_axi' (VHDL-9006)
INFO: analyzing entity 'ALU_sys_HDL_gmem0_m_axi_load' (VHDL-1012)
INFO: analyzing architecture 'behave' of entity 'alu_sys_hdl_gmem0_m_axi_load' (VHDL-9006)
INFO: analyzing entity 'ALU_sys_HDL_gmem0_m_axi_store' (VHDL-1012)
INFO: analyzing architecture 'behave' of entity 'alu_sys_hdl_gmem0_m_axi_store' (VHDL-9006)
INFO: analyzing entity 'ALU_sys_HDL_gmem0_m_axi_read' (VHDL-1012)
INFO: analyzing architecture 'behave' of entity 'alu_sys_hdl_gmem0_m_axi_read' (VHDL-9006)
INFO: analyzing entity 'ALU_sys_HDL_gmem0_m_axi_write' (VHDL-1012)
INFO: analyzing architecture 'behave' of entity 'alu_sys_hdl_gmem0_m_axi_write' (VHDL-9006)
INFO: analyzing entity 'ALU_sys_HDL_gmem0_m_axi_burst_converter' (VHDL-1012)
INFO: analyzing architecture 'behave' of entity 'alu_sys_hdl_gmem0_m_axi_burst_converter' (VHDL-9006)
INFO: analyzing entity 'ALU_sys_HDL_gmem0_m_axi_throttle' (VHDL-1012)
INFO: analyzing architecture 'behav' of entity 'alu_sys_hdl_gmem0_m_axi_throttle' (VHDL-9006)
INFO: analyzing entity 'ALU_sys_HDL_gmem0_m_axi_reg_slice' (VHDL-1012)
INFO: analyzing architecture 'behave' of entity 'alu_sys_hdl_gmem0_m_axi_reg_slice' (VHDL-9006)
INFO: analyzing entity 'ALU_sys_HDL_gmem0_m_axi_fifo' (VHDL-1012)
INFO: analyzing architecture 'behave' of entity 'alu_sys_hdl_gmem0_m_axi_fifo' (VHDL-9006)
INFO: analyzing entity 'ALU_sys_HDL_gmem0_m_axi_srl' (VHDL-1012)
INFO: analyzing architecture 'behav' of entity 'alu_sys_hdl_gmem0_m_axi_srl' (VHDL-9006)
INFO: analyzing entity 'ALU_sys_HDL_gmem0_m_axi_mem' (VHDL-1012)
INFO: analyzing architecture 'behav' of entity 'alu_sys_hdl_gmem0_m_axi_mem' (VHDL-9006)
-- Analyzing VHDL file "C:/Users/lotto/Desktop/Alveare/M_AXI_ALU/100/Vivado/ALU_sys_HDL.srcs/sources_1/imports/imports/vhdl/ALU_sys_HDL_gmem1_m_axi.vhd" into library xil_defaultlib (VHDL-9003)
INFO: analyzing entity 'ALU_sys_HDL_gmem1_m_axi' (VHDL-1012)
INFO: analyzing architecture 'behave' of entity 'alu_sys_hdl_gmem1_m_axi' (VHDL-9006)
INFO: analyzing entity 'ALU_sys_HDL_gmem1_m_axi_load' (VHDL-1012)
INFO: analyzing architecture 'behave' of entity 'alu_sys_hdl_gmem1_m_axi_load' (VHDL-9006)
INFO: analyzing entity 'ALU_sys_HDL_gmem1_m_axi_store' (VHDL-1012)
INFO: analyzing architecture 'behave' of entity 'alu_sys_hdl_gmem1_m_axi_store' (VHDL-9006)
INFO: analyzing entity 'ALU_sys_HDL_gmem1_m_axi_read' (VHDL-1012)
INFO: analyzing architecture 'behave' of entity 'alu_sys_hdl_gmem1_m_axi_read' (VHDL-9006)
INFO: analyzing entity 'ALU_sys_HDL_gmem1_m_axi_write' (VHDL-1012)
INFO: analyzing architecture 'behave' of entity 'alu_sys_hdl_gmem1_m_axi_write' (VHDL-9006)
INFO: analyzing entity 'ALU_sys_HDL_gmem1_m_axi_burst_converter' (VHDL-1012)
INFO: analyzing architecture 'behave' of entity 'alu_sys_hdl_gmem1_m_axi_burst_converter' (VHDL-9006)
INFO: analyzing entity 'ALU_sys_HDL_gmem1_m_axi_throttle' (VHDL-1012)
INFO: analyzing architecture 'behav' of entity 'alu_sys_hdl_gmem1_m_axi_throttle' (VHDL-9006)
INFO: analyzing entity 'ALU_sys_HDL_gmem1_m_axi_reg_slice' (VHDL-1012)
INFO: analyzing architecture 'behave' of entity 'alu_sys_hdl_gmem1_m_axi_reg_slice' (VHDL-9006)
INFO: analyzing entity 'ALU_sys_HDL_gmem1_m_axi_fifo' (VHDL-1012)
INFO: analyzing architecture 'behave' of entity 'alu_sys_hdl_gmem1_m_axi_fifo' (VHDL-9006)
INFO: analyzing entity 'ALU_sys_HDL_gmem1_m_axi_srl' (VHDL-1012)
INFO: analyzing architecture 'behav' of entity 'alu_sys_hdl_gmem1_m_axi_srl' (VHDL-9006)
INFO: analyzing entity 'ALU_sys_HDL_gmem1_m_axi_mem' (VHDL-1012)
INFO: analyzing architecture 'behav' of entity 'alu_sys_hdl_gmem1_m_axi_mem' (VHDL-9006)
-- Analyzing VHDL file "C:/Users/lotto/Desktop/Alveare/M_AXI_ALU/100/Vivado/ALU_sys_HDL.srcs/sources_1/imports/imports/vhdl/ALU_sys_HDL_gmem2_m_axi.vhd" into library xil_defaultlib (VHDL-9003)
INFO: analyzing entity 'ALU_sys_HDL_gmem2_m_axi' (VHDL-1012)
INFO: analyzing architecture 'behave' of entity 'alu_sys_hdl_gmem2_m_axi' (VHDL-9006)
INFO: analyzing entity 'ALU_sys_HDL_gmem2_m_axi_load' (VHDL-1012)
INFO: analyzing architecture 'behave' of entity 'alu_sys_hdl_gmem2_m_axi_load' (VHDL-9006)
INFO: analyzing entity 'ALU_sys_HDL_gmem2_m_axi_store' (VHDL-1012)
INFO: analyzing architecture 'behave' of entity 'alu_sys_hdl_gmem2_m_axi_store' (VHDL-9006)
INFO: analyzing entity 'ALU_sys_HDL_gmem2_m_axi_read' (VHDL-1012)
INFO: analyzing architecture 'behave' of entity 'alu_sys_hdl_gmem2_m_axi_read' (VHDL-9006)
INFO: analyzing entity 'ALU_sys_HDL_gmem2_m_axi_write' (VHDL-1012)
INFO: analyzing architecture 'behave' of entity 'alu_sys_hdl_gmem2_m_axi_write' (VHDL-9006)
INFO: analyzing entity 'ALU_sys_HDL_gmem2_m_axi_burst_converter' (VHDL-1012)
INFO: analyzing architecture 'behave' of entity 'alu_sys_hdl_gmem2_m_axi_burst_converter' (VHDL-9006)
INFO: analyzing entity 'ALU_sys_HDL_gmem2_m_axi_throttle' (VHDL-1012)
INFO: analyzing architecture 'behav' of entity 'alu_sys_hdl_gmem2_m_axi_throttle' (VHDL-9006)
INFO: analyzing entity 'ALU_sys_HDL_gmem2_m_axi_reg_slice' (VHDL-1012)
INFO: analyzing architecture 'behave' of entity 'alu_sys_hdl_gmem2_m_axi_reg_slice' (VHDL-9006)
INFO: analyzing entity 'ALU_sys_HDL_gmem2_m_axi_fifo' (VHDL-1012)
INFO: analyzing architecture 'behave' of entity 'alu_sys_hdl_gmem2_m_axi_fifo' (VHDL-9006)
INFO: analyzing entity 'ALU_sys_HDL_gmem2_m_axi_srl' (VHDL-1012)
INFO: analyzing architecture 'behav' of entity 'alu_sys_hdl_gmem2_m_axi_srl' (VHDL-9006)
INFO: analyzing entity 'ALU_sys_HDL_gmem2_m_axi_mem' (VHDL-1012)
INFO: analyzing architecture 'behav' of entity 'alu_sys_hdl_gmem2_m_axi_mem' (VHDL-9006)
-- Analyzing VHDL file "C:/Users/lotto/Desktop/Alveare/M_AXI_ALU/100/Vivado/ALU_sys_HDL.srcs/sources_1/imports/imports/vhdl/ALU_sys_HDL_gmem3_m_axi.vhd" into library xil_defaultlib (VHDL-9003)
INFO: analyzing entity 'ALU_sys_HDL_gmem3_m_axi' (VHDL-1012)
INFO: analyzing architecture 'behave' of entity 'alu_sys_hdl_gmem3_m_axi' (VHDL-9006)
INFO: analyzing entity 'ALU_sys_HDL_gmem3_m_axi_load' (VHDL-1012)
INFO: analyzing architecture 'behave' of entity 'alu_sys_hdl_gmem3_m_axi_load' (VHDL-9006)
INFO: analyzing entity 'ALU_sys_HDL_gmem3_m_axi_store' (VHDL-1012)
INFO: analyzing architecture 'behave' of entity 'alu_sys_hdl_gmem3_m_axi_store' (VHDL-9006)
INFO: analyzing entity 'ALU_sys_HDL_gmem3_m_axi_read' (VHDL-1012)
INFO: analyzing architecture 'behave' of entity 'alu_sys_hdl_gmem3_m_axi_read' (VHDL-9006)
INFO: analyzing entity 'ALU_sys_HDL_gmem3_m_axi_write' (VHDL-1012)
INFO: analyzing architecture 'behave' of entity 'alu_sys_hdl_gmem3_m_axi_write' (VHDL-9006)
INFO: analyzing entity 'ALU_sys_HDL_gmem3_m_axi_burst_converter' (VHDL-1012)
INFO: analyzing architecture 'behave' of entity 'alu_sys_hdl_gmem3_m_axi_burst_converter' (VHDL-9006)
INFO: analyzing entity 'ALU_sys_HDL_gmem3_m_axi_throttle' (VHDL-1012)
INFO: analyzing architecture 'behav' of entity 'alu_sys_hdl_gmem3_m_axi_throttle' (VHDL-9006)
INFO: analyzing entity 'ALU_sys_HDL_gmem3_m_axi_reg_slice' (VHDL-1012)
INFO: analyzing architecture 'behave' of entity 'alu_sys_hdl_gmem3_m_axi_reg_slice' (VHDL-9006)
INFO: analyzing entity 'ALU_sys_HDL_gmem3_m_axi_fifo' (VHDL-1012)
INFO: analyzing architecture 'behave' of entity 'alu_sys_hdl_gmem3_m_axi_fifo' (VHDL-9006)
INFO: analyzing entity 'ALU_sys_HDL_gmem3_m_axi_srl' (VHDL-1012)
INFO: analyzing architecture 'behav' of entity 'alu_sys_hdl_gmem3_m_axi_srl' (VHDL-9006)
INFO: analyzing entity 'ALU_sys_HDL_gmem3_m_axi_mem' (VHDL-1012)
INFO: analyzing architecture 'behav' of entity 'alu_sys_hdl_gmem3_m_axi_mem' (VHDL-9006)
-- Analyzing VHDL file "C:/Users/lotto/AppData/Local/Temp/VivadoEditorAssist16943658518690798313.tmp" into library xil_defaultlib (VHDL-9003)
INFO: analyzing entity 'ALU_sys_HDL_op_data_exe_wb' (VHDL-1012)
INFO: analyzing architecture 'behav' of entity 'alu_sys_hdl_op_data_exe_wb' (VHDL-9006)
-- Analyzing VHDL file "C:/Users/lotto/AppData/Local/Temp/VivadoEditorAssist605261857724962229.tmp" into library xil_defaultlib (VHDL-9003)
INFO: analyzing entity 'ALU_sys_HDL_op_data_exe_wb_Pipeline_exe' (VHDL-1012)
INFO: analyzing architecture 'behav' of entity 'alu_sys_hdl_op_data_exe_wb_pipeline_exe' (VHDL-9006)
-- Analyzing VHDL file "C:/Users/lotto/Desktop/Alveare/M_AXI_ALU/100/Vivado/ALU_sys_HDL.srcs/sources_1/imports/imports/vhdl/ALU_sys_HDL_op_data_exe_wb_Pipeline_l_data_a.vhd" into library xil_defaultlib (VHDL-9003)
INFO: analyzing entity 'ALU_sys_HDL_op_data_exe_wb_Pipeline_l_data_a' (VHDL-1012)
INFO: analyzing architecture 'behav' of entity 'alu_sys_hdl_op_data_exe_wb_pipeline_l_data_a' (VHDL-9006)
-- Analyzing VHDL file "C:/Users/lotto/Desktop/Alveare/M_AXI_ALU/100/Vivado/ALU_sys_HDL.srcs/sources_1/imports/imports/vhdl/ALU_sys_HDL_op_data_exe_wb_Pipeline_l_data_b.vhd" into library xil_defaultlib (VHDL-9003)
INFO: analyzing entity 'ALU_sys_HDL_op_data_exe_wb_Pipeline_l_data_b' (VHDL-1012)
INFO: analyzing architecture 'behav' of entity 'alu_sys_hdl_op_data_exe_wb_pipeline_l_data_b' (VHDL-9006)
-- Analyzing VHDL file "C:/Users/lotto/Desktop/Alveare/M_AXI_ALU/100/Vivado/ALU_sys_HDL.srcs/sources_1/imports/imports/vhdl/ALU_sys_HDL_op_data_exe_wb_Pipeline_l_operation.vhd" into library xil_defaultlib (VHDL-9003)
INFO: analyzing entity 'ALU_sys_HDL_op_data_exe_wb_Pipeline_l_operation' (VHDL-1012)
INFO: analyzing architecture 'behav' of entity 'alu_sys_hdl_op_data_exe_wb_pipeline_l_operation' (VHDL-9006)
-- Analyzing VHDL file "C:/Users/lotto/Desktop/Alveare/M_AXI_ALU/100/Vivado/ALU_sys_HDL.srcs/sources_1/imports/imports/vhdl/ALU_sys_HDL_op_data_exe_wb_Pipeline_s_operation_data_op.vhd" into library xil_defaultlib (VHDL-9003)
INFO: analyzing entity 'ALU_sys_HDL_op_data_exe_wb_Pipeline_s_operation_data_op' (VHDL-1012)
INFO: analyzing architecture 'behav' of entity 'alu_sys_hdl_op_data_exe_wb_pipeline_s_operation_data_op' (VHDL-9006)
-- Analyzing VHDL file "C:/Users/lotto/Desktop/Alveare/M_AXI_ALU/100/Vivado/ALU_sys_HDL.srcs/sources_1/imports/imports/vhdl/ALU_sys_HDL_op_data_exe_wb_Pipeline_write_back.vhd" into library xil_defaultlib (VHDL-9003)
INFO: analyzing entity 'ALU_sys_HDL_op_data_exe_wb_Pipeline_write_back' (VHDL-1012)
INFO: analyzing architecture 'behav' of entity 'alu_sys_hdl_op_data_exe_wb_pipeline_write_back' (VHDL-9006)
-- Analyzing VHDL file "C:/Users/lotto/Desktop/Alveare/M_AXI_ALU/100/Vivado/ALU_sys_HDL.srcs/sources_1/imports/imports/vhdl/ALU_sys_HDL_operation.vhd" into library xil_defaultlib (VHDL-9003)
INFO: analyzing entity 'ALU_sys_HDL_operation' (VHDL-1012)
INFO: analyzing architecture 'behav' of entity 'alu_sys_hdl_operation' (VHDL-9006)
-- Analyzing VHDL file "C:/Users/lotto/Desktop/Alveare/M_AXI_ALU/100/Vivado/ALU_sys_HDL.srcs/sources_1/imports/imports/vhdl/ALU_sys_HDL_operation_Pipeline_l_operation.vhd" into library xil_defaultlib (VHDL-9003)
INFO: analyzing entity 'ALU_sys_HDL_operation_Pipeline_l_operation' (VHDL-1012)
INFO: analyzing architecture 'behav' of entity 'alu_sys_hdl_operation_pipeline_l_operation' (VHDL-9006)
-- Analyzing VHDL file "C:/Users/lotto/Desktop/Alveare/M_AXI_ALU/100/Vivado/ALU_sys_HDL.srcs/sources_1/imports/imports/vhdl/ALU_sys_HDL_operation_Pipeline_s_operation_data_op.vhd" into library xil_defaultlib (VHDL-9003)
INFO: analyzing entity 'ALU_sys_HDL_operation_Pipeline_s_operation_data_op' (VHDL-1012)
INFO: analyzing architecture 'behav' of entity 'alu_sys_hdl_operation_pipeline_s_operation_data_op' (VHDL-9006)
-- Analyzing VHDL file "C:/Users/lotto/Desktop/Alveare/M_AXI_ALU/100/Vivado/ALU_sys_HDL.srcs/sources_1/imports/imports/vhdl/ALU_sys_HDL_reset.vhd" into library xil_defaultlib (VHDL-9003)
INFO: analyzing entity 'ALU_sys_HDL_reset' (VHDL-1012)
INFO: analyzing architecture 'behav' of entity 'alu_sys_hdl_reset' (VHDL-9006)
-- Analyzing VHDL file "C:/Users/lotto/Desktop/Alveare/M_AXI_ALU/100/Vivado/ALU_sys_HDL.srcs/sources_1/imports/imports/vhdl/ALU_sys_HDL_reset_Pipeline_clear_ALU_op.vhd" into library xil_defaultlib (VHDL-9003)
INFO: analyzing entity 'ALU_sys_HDL_reset_Pipeline_clear_ALU_op' (VHDL-1012)
INFO: analyzing architecture 'behav' of entity 'alu_sys_hdl_reset_pipeline_clear_alu_op' (VHDL-9006)
-- Analyzing VHDL file "C:/Users/lotto/Desktop/Alveare/M_AXI_ALU/100/Vivado/ALU_sys_HDL.srcs/sources_1/imports/imports/vhdl/ALU_sys_HDL_reset_Pipeline_clear_FIFO_a.vhd" into library xil_defaultlib (VHDL-9003)
INFO: analyzing entity 'ALU_sys_HDL_reset_Pipeline_clear_FIFO_a' (VHDL-1012)
INFO: analyzing architecture 'behav' of entity 'alu_sys_hdl_reset_pipeline_clear_fifo_a' (VHDL-9006)
-- Analyzing VHDL file "C:/Users/lotto/Desktop/Alveare/M_AXI_ALU/100/Vivado/ALU_sys_HDL.srcs/sources_1/imports/imports/vhdl/ALU_sys_HDL_reset_Pipeline_clear_FIFO_b.vhd" into library xil_defaultlib (VHDL-9003)
INFO: analyzing entity 'ALU_sys_HDL_reset_Pipeline_clear_FIFO_b' (VHDL-1012)
INFO: analyzing architecture 'behav' of entity 'alu_sys_hdl_reset_pipeline_clear_fifo_b' (VHDL-9006)
-- Analyzing VHDL file "C:/Users/lotto/Desktop/Alveare/M_AXI_ALU/100/Vivado/ALU_sys_HDL.srcs/sources_1/imports/imports/vhdl/ALU_sys_HDL_reset_Pipeline_clear_RAM_op.vhd" into library xil_defaultlib (VHDL-9003)
INFO: analyzing entity 'ALU_sys_HDL_reset_Pipeline_clear_RAM_op'-- Analyzing VINFO: analyzing architecture 'behav' of entity 'alu_sys_hdl_reset_pipeline_clear_ram_op' (VHDL-9006)
-- Analyzing VHDL file "C:/Users/lotto/Desktop/Alveare/M_AXI_ALU/100/Vivado/ALU_sys_HDL.srcs/sources_1/imports/imports/vhdl/ALU_sys_HDL_sdiv_32s_32s_32_36_1.vhd" into library xil_defaultlib (VHDL-9003)
INFO: analyzing entity 'ALU_sys_HDL_sdiv_32s_32s_32_36_1_divider' (VHDL-- AnalyINFO: analyzing architecture 'rtl' of entity 'alu_sys_hdl_sdiv_32s_32s_32_36_1_divider' (VHDL-9006)
INFO: analyzing entity 'ALU_sys_HDL_sdiv_32s_32s_32_36_1' (VHDL-1012)
INFO: analyzing architecture 'rtl' of entity 'alu_sys_hdl_sdiv_32s_32s_32_36_1' (VHDL-9006)
-- Analyzing VHDL file "C:/Users/lotto/AppData/Local/Temp/VivadoEditorAssist7425338784460337566.tmp" into library xil_defaultlib (VHDL-9003)
INFO: analyzing entity 'dispatcher' (VHDL-1012)
INFO: analyzing architecture 'Behavioral' of entity 'dispatcher' (VHDL-9006)
-- Analyzing VHDL file "C:/Users/lotto/AppData/Local/Temp/VivadoEditorAssist200715686309311671.tmp" into library xil_defaultlib (VHDL-9003)
INFO: analyzing entity 'div' (VHDL-1012)
INFO: analyzing architecture 'Behavioral' of entity 'div' (VHDL-9006)
-- Analyzing VHDL file "C:/Users/lotto/AppData/Local/Temp/VivadoEditorAssist13138138701782512788.tmp" into library xil_defaultlib (VHDL-9003)
INFO: analyzing entity 'mul' (VHDL-1012)
INFO: analyzing architecture 'Behavioral' of entity 'mul' (VHDL-9006)
-- Analyzing VHDL file "C:/Users/lotto/AppData/Local/Temp/VivadoEditorAssist12522191658498927248.tmp" into library xil_defaultlib (VHDL-9003)
INFO: analyzing entity 'pp_buf' (VHDL-1012)
INFO: analyzing architecture 'Behavioral' of entity 'pp_buf' (VHDL-9006)
-- Analyzing VHDL file "C:/Users/lotto/AppData/Local/Temp/VivadoEditorAssist9722029229253296163.tmp" into library xil_defaultlib (VHDL-9003)
INFO: analyzing entity 'sub' (VHDL-1012)
INFO: analyzing architecture 'Behavioral' of entity 'sub' (VHDL-9006)
-- Analyzing VHDL file "C:/Users/lotto/AppData/Local/Temp/VivadoEditorAssist4853479031452068342.tmp" into library xil_defaultlib (VHDL-9003)
INFO: analyzing entity 'sum' (VHDL-1012)
INFO: analyzing architecture 'Behavioral' of entity 'sum' (VHDL-9006)
-- Analyzing VHDL file "C:/Users/lotto/Desktop/Alveare/M_AXI_ALU/100/Vivado/ALU_sys_HDL.srcs/sources_1/imports/imports/vhdl/ALU_sys_HDL.vhd" into library xil_defaultlib (VHDL-9003)
INFO: analyzing entity 'ALU_sys_HDL' (VHDL-1012)
INFO: analyzing architecture 'behav' of entity 'alu_sys_hdl' (VHDL-9006)
-- Analyzing VHDL file "C:/Users/lotto/Desktop/Alveare/M_AXI_ALU/100/Vivado/ALU_sys_HDL.srcs/sources_1/imports/imports/vhdl/ALU_sys_HDL_mul_32s_32s_32_2_1.vhd" into library xil_defaultlib (VHDL-9003)
INFO: analyzing entity 'ALU_sys_HDL_mul_32s_32s_32_2_1' (VHDL-1012)
INFO-- Analyzing VHDL file "C:/Users/lotto/Desktop/Alveare/M_AXI_ALU/100/Vivado/ALU_sys_HDL.ssrcscan exits with return value 0
ALU_sys_HDL_mul_32s_32s_32_2_1.vhd" into library xil_defaultlib (VHDL-9003)
INFO: analyzing entity 'ALU_sys_HDL_mul_32s_32s_32_2_1' (VHDL-1012)
INFO: analyzing architecture 'behav' of entity 'alu_sys_hdl_mul_32s_32s_32_2_1' (VHDL-9006)
srcscan exits with return value 0
