Copyright 1986-2022 Xilinx, Inc. All Rights Reserved. Copyright 2022-2023 Advanced Micro Devices, Inc. All Rights Reserved.
------------------------------------------------------------------------------------------------------------------------------------------------
| Tool Version : Vivado v.2023.2 (win64) Build 4029153 Fri Oct 13 20:14:34 MDT 2023
| Date         : Tue Jun  4 13:13:08 2024
| Host         : PC_di_Marco running 64-bit major release  (build 9200)
| Command      : report_drc -file alv_MIMD_BD_wrapper_drc_opted.rpt -pb alv_MIMD_BD_wrapper_drc_opted.pb -rpx alv_MIMD_BD_wrapper_drc_opted.rpx
| Design       : alv_MIMD_BD_wrapper
| Device       : xc7z020clg400-1
| Speed File   : -1
| Design State : Synthesized
------------------------------------------------------------------------------------------------------------------------------------------------

Report DRC

Table of Contents
-----------------
1. REPORT SUMMARY
2. REPORT DETAILS

1. REPORT SUMMARY
-----------------
            Netlist: netlist
          Floorplan: design_1
      Design limits: <entire design considered>
           Ruledeck: default
             Max violations: <unlimited>
             Violations found: 2
+--------+----------+------------------------+------------+
| Rule   | Severity | Description            | Violations |
+--------+----------+------------------------+------------+
| DPOP-1 | Warning  | PREG Output pipelining | 1          |
| DPOP-2 | Warning  | MREG Output pipelining | 1          |
+--------+----------+------------------------+------------+

2. REPORT DETAILS
-----------------
DPOP-1#1 Warning
PREG Output pipelining  
DSP alv_MIMD_BD_i/alv_MIMD_0/U0/Block_entry2_proc1_U0/grp_data_exe_wb_fu_150/grp_data_exe_wb_Pipeline_exe_fu_92/mul_32s_32s_32_2_1_U42/tmp_product__0 output alv_MIMD_BD_i/alv_MIMD_0/U0/Block_entry2_proc1_U0/grp_data_exe_wb_fu_150/grp_data_exe_wb_Pipeline_exe_fu_92/mul_32s_32s_32_2_1_U42/tmp_product__0/P[47:0] is not pipelined (PREG=0). Pipelining the DSP48 output will improve performance and often saves power so it is suggested whenever possible to fully pipeline this function.  If this DSP48 function was inferred, it is suggested to describe an additional register stage after this function.  If the DSP48 was instantiated in the design, it is suggested to set the PREG attribute to 1.
Related violations: <none>

DPOP-2#1 Warning
MREG Output pipelining  
DSP alv_MIMD_BD_i/alv_MIMD_0/U0/Block_entry2_proc1_U0/grp_data_exe_wb_fu_150/grp_data_exe_wb_Pipeline_exe_fu_92/mul_32s_32s_32_2_1_U42/tmp_product__0 multiplier stage alv_MIMD_BD_i/alv_MIMD_0/U0/Block_entry2_proc1_U0/grp_data_exe_wb_fu_150/grp_data_exe_wb_Pipeline_exe_fu_92/mul_32s_32s_32_2_1_U42/tmp_product__0/P[47:0] is not pipelined (MREG=0). Pipelining the multiplier function will improve performance and will save significant power so it is suggested whenever possible to fully pipeline this function.  If this multiplier was inferred, it is suggested to describe an additional register stage after this function.  If there is no registered adder/accumulator following the multiply function, two pipeline stages are suggested to allow both the MREG and PREG registers to be used.  If the DSP48 was instantiated in the design, it is suggested to set both the MREG and PREG attributes to 1 when performing multiply functions.
Related violations: <none>


