

A = 0 B = 1 RES = 0, OP = 10, SELEC = 2 
A = 1 B = 1 RES = 0, OP = 10, SELEC = 2 
A = 2 B = 1 RES = 0, OP = 10, SELEC = 2 
A = 3 B = 1 RES = 0, OP = 10, SELEC = 2 
A = 4 B = 1 RES = 0, OP = 10, SELEC = 2 
A = 5 B = 1 RES = 0, OP = 10, SELEC = 2 
A = 6 B = 1 RES = 0, OP = 10, SELEC = 2 
A = 7 B = 1 RES = 0, OP = 10, SELEC = 2 
A = 8 B = 1 RES = 0, OP = 10, SELEC = 2 
A = 9 B = 1 RES = 0, OP = 10, SELEC = 2 
A = 10 B = 1 RES = 0, OP = 10, SELEC = 2 
A = 11 B = 1 RES = 0, OP = 10, SELEC = 2 
A = 12 B = 1 RES = 0, OP = 10, SELEC = 2 
A = 13 B = 1 RES = 0, OP = 10, SELEC = 2 
A = 14 B = 1 RES = 0, OP = 10, SELEC = 2 
A = 15 B = 1 RES = 0, OP = 10, SELEC = 2 
A = 16 B = 1 RES = 0, OP = 10, SELEC = 2 
A = 17 B = 1 RES = 0, OP = 10, SELEC = 2 
A = 18 B = 1 RES = 0, OP = 10, SELEC = 2 
A = 19 B = 1 RES = 0, OP = 10, SELEC = 2 
A = 20 B = 1 RES = 0, OP = 10, SELEC = 2 
A = 21 B = 1 RES = 0, OP = 10, SELEC = 2 
A = 22 B = 1 RES = 0, OP = 10, SELEC = 2 
A = 23 B = 1 RES = 0, OP = 10, SELEC = 2 
A = 24 B = 1 RES = 0, OP = 10, SELEC = 2 
A = 25 B = 1 RES = 0, OP = 10, SELEC = 2 
A = 26 B = 1 RES = 0, OP = 10, SELEC = 2 
A = 27 B = 1 RES = 0, OP = 10, SELEC = 2 
A = 28 B = 1 RES = 0, OP = 10, SELEC = 2 
A = 29 B = 1 RES = 0, OP = 10, SELEC = 2 
A = 30 B = 1 RES = 0, OP = 10, SELEC = 2 
A = 31 B = 1 RES = 0, OP = 10, SELEC = 2 
A = 32 B = 1 RES = 0, OP = 10, SELEC = 2 
A = 33 B = 1 RES = 0, OP = 10, SELEC = 2 
A = 34 B = 1 RES = 0, OP = 10, SELEC = 2 
A = 35 B = 1 RES = 0, OP = 10, SELEC = 2 
A = 36 B = 1 RES = 0, OP = 10, SELEC = 2 
A = 37 B = 1 RES = 0, OP = 10, SELEC = 2 
A = 38 B = 1 RES = 0, OP = 10, SELEC = 2 
A = 39 B = 1 RES = 0, OP = 10, SELEC = 2 
A = 40 B = 1 RES = 0, OP = 10, SELEC = 2 
A = 41 B = 1 RES = 0, OP = 10, SELEC = 2 
A = 42 B = 1 RES = 0, OP = 10, SELEC = 2 
A = 43 B = 1 RES = 0, OP = 10, SELEC = 2 
A = 44 B = 1 RES = 0, OP = 10, SELEC = 2 
A = 45 B = 1 RES = 0, OP = 10, SELEC = 2 
A = 46 B = 1 RES = 0, OP = 10, SELEC = 2 
A = 47 B = 1 RES = 0, OP = 10, SELEC = 2 
A = 48 B = 1 RES = 0, OP = 10, SELEC = 2 
A = 49 B = 1 RES = 0, OP = 10, SELEC = 2 



 TO BE RIGHT THE RESULT MUST BE 28
A = 0 B = 2 RES = 27, OP = 0, SELEC = 1 
A = 1 B = 2 RES = 28, OP = 0, SELEC = 1 
A = 2 B = 2 RES = 29, OP = 0, SELEC = 1 
A = 3 B = 2 RES = 30, OP = 0, SELEC = 1 
A = 4 B = 2 RES = 31, OP = 0, SELEC = 1 
A = 5 B = 2 RES = 32, OP = 0, SELEC = 1 
A = 6 B = 2 RES = 33, OP = 0, SELEC = 1 
A = 7 B = 2 RES = 34, OP = 0, SELEC = 1 
A = 8 B = 2 RES = 35, OP = 0, SELEC = 1 
A = 9 B = 2 RES = 36, OP = 0, SELEC = 1 
A = 10 B = 2 RES = 37, OP = 0, SELEC = 1 
A = 11 B = 2 RES = 38, OP = 0, SELEC = 1 
A = 12 B = 2 RES = 39, OP = 0, SELEC = 1 
A = 13 B = 2 RES = 40, OP = 0, SELEC = 1 
A = 14 B = 2 RES = 41, OP = 0, SELEC = 1 
A = 15 B = 2 RES = 42, OP = 0, SELEC = 1 
A = 16 B = 2 RES = 43, OP = 0, SELEC = 1 
A = 17 B = 2 RES = 44, OP = 0, SELEC = 1 
A = 18 B = 2 RES = 45, OP = 0, SELEC = 1 
A = 19 B = 2 RES = 46, OP = 0, SELEC = 1 
A = 20 B = 2 RES = 47, OP = 0, SELEC = 1 
A = 21 B = 2 RES = 48, OP = 0, SELEC = 1 
A = 22 B = 2 RES = 49, OP = 0, SELEC = 1 
A = 23 B = 2 RES = 50, OP = 0, SELEC = 1 
A = 24 B = 2 RES = 51, OP = 0, SELEC = 1 
A = 25 B = 2 RES = 52, OP = 0, SELEC = 1 
A = 26 B = 2 RES = 53, OP = 0, SELEC = 1 
A = 27 B = 2 RES = 54, OP = 0, SELEC = 1 
A = 28 B = 2 RES = 55, OP = 0, SELEC = 1 
A = 29 B = 2 RES = 56, OP = 0, SELEC = 1 
A = 30 B = 2 RES = 57, OP = 0, SELEC = 1 
A = 31 B = 2 RES = 58, OP = 0, SELEC = 1 
A = 32 B = 2 RES = 59, OP = 0, SELEC = 1 
A = 33 B = 2 RES = 60, OP = 0, SELEC = 1 
A = 34 B = 2 RES = 61, OP = 0, SELEC = 1 
A = 35 B = 2 RES = 62, OP = 0, SELEC = 1 
A = 36 B = 2 RES = 63, OP = 0, SELEC = 1 
A = 37 B = 2 RES = 64, OP = 0, SELEC = 1 
A = 38 B = 2 RES = 65, OP = 0, SELEC = 1 
A = 39 B = 2 RES = 66, OP = 0, SELEC = 1 
A = 40 B = 2 RES = 67, OP = 0, SELEC = 1 
A = 41 B = 2 RES = 68, OP = 0, SELEC = 1 
A = 42 B = 2 RES = 69, OP = 0, SELEC = 1 
A = 43 B = 2 RES = 70, OP = 0, SELEC = 1 
A = 44 B = 2 RES = 71, OP = 0, SELEC = 1 
A = 45 B = 2 RES = 72, OP = 0, SELEC = 1 
A = 46 B = 2 RES = 73, OP = 0, SELEC = 1 
A = 47 B = 2 RES = 74, OP = 0, SELEC = 1 
A = 48 B = 2 RES = 75, OP = 0, SELEC = 1 
A = 49 B = 2 RES = 76, OP = 0, SELEC = 1 



 TO BE RIGHT THE RESULT MUST BE 30
A = 0 B = 3 RES = 27, OP = 10, SELEC = 0 
A = 1 B = 3 RES = 28, OP = 10, SELEC = 0 
A = 2 B = 3 RES = 29, OP = 10, SELEC = 0 
A = 3 B = 3 RES = 30, OP = 10, SELEC = 0 
A = 4 B = 3 RES = 31, OP = 10, SELEC = 0 
A = 5 B = 3 RES = 32, OP = 10, SELEC = 0 
A = 6 B = 3 RES = 33, OP = 10, SELEC = 0 
A = 7 B = 3 RES = 34, OP = 10, SELEC = 0 
A = 8 B = 3 RES = 35, OP = 10, SELEC = 0 
A = 9 B = 3 RES = 36, OP = 10, SELEC = 0 
A = 10 B = 3 RES = 37, OP = 10, SELEC = 0 
A = 11 B = 3 RES = 38, OP = 10, SELEC = 0 
A = 12 B = 3 RES = 39, OP = 10, SELEC = 0 
A = 13 B = 3 RES = 40, OP = 10, SELEC = 0 
A = 14 B = 3 RES = 41, OP = 10, SELEC = 0 
A = 15 B = 3 RES = 42, OP = 10, SELEC = 0 
A = 16 B = 3 RES = 43, OP = 10, SELEC = 0 
A = 17 B = 3 RES = 44, OP = 10, SELEC = 0 
A = 18 B = 3 RES = 45, OP = 10, SELEC = 0 
A = 19 B = 3 RES = 46, OP = 10, SELEC = 0 
A = 20 B = 3 RES = 47, OP = 10, SELEC = 0 
A = 21 B = 3 RES = 48, OP = 10, SELEC = 0 
A = 22 B = 3 RES = 49, OP = 10, SELEC = 0 
A = 23 B = 3 RES = 50, OP = 10, SELEC = 0 
A = 24 B = 3 RES = 51, OP = 10, SELEC = 0 
A = 25 B = 3 RES = 52, OP = 10, SELEC = 0 
A = 26 B = 3 RES = 53, OP = 10, SELEC = 0 
A = 27 B = 3 RES = 54, OP = 10, SELEC = 0 
A = 28 B = 3 RES = 55, OP = 10, SELEC = 0 
A = 29 B = 3 RES = 56, OP = 10, SELEC = 0 
A = 30 B = 3 RES = 57, OP = 10, SELEC = 0 
A = 31 B = 3 RES = 58, OP = 10, SELEC = 0 
A = 32 B = 3 RES = 59, OP = 10, SELEC = 0 
A = 33 B = 3 RES = 60, OP = 10, SELEC = 0 
A = 34 B = 3 RES = 61, OP = 10, SELEC = 0 
A = 35 B = 3 RES = 62, OP = 10, SELEC = 0 
A = 36 B = 3 RES = 63, OP = 10, SELEC = 0 
A = 37 B = 3 RES = 64, OP = 10, SELEC = 0 
A = 38 B = 3 RES = 65, OP = 10, SELEC = 0 
A = 39 B = 3 RES = 66, OP = 10, SELEC = 0 
A = 40 B = 3 RES = 67, OP = 10, SELEC = 0 
A = 41 B = 3 RES = 68, OP = 10, SELEC = 0 
A = 42 B = 3 RES = 69, OP = 10, SELEC = 0 
A = 43 B = 3 RES = 70, OP = 10, SELEC = 0 
A = 44 B = 3 RES = 71, OP = 10, SELEC = 0 
A = 45 B = 3 RES = 72, OP = 10, SELEC = 0 
A = 46 B = 3 RES = 73, OP = 10, SELEC = 0 
A = 47 B = 3 RES = 74, OP = 10, SELEC = 0 
A = 48 B = 3 RES = 75, OP = 10, SELEC = 0 
A = 49 B = 3 RES = 76, OP = 10, SELEC = 0 



C:\Users\lotto\Desktop\Alveare\M_AXI_ALU\M_AXI_ALU\dec_MIMD\HLS\solution1\sim\vhdl>set PATH= 

C:\Users\lotto\Desktop\Alveare\M_AXI_ALU\M_AXI_ALU\dec_MIMD\HLS\solution1\sim\vhdl>call C:/Xilinx/Vivado/2023.2/bin/xelab xil_defaultlib.apatb_dec_MIMD_top glbl -Oenable_linking_all_libraries  -prj dec_MIMD.prj -L smartconnect_v1_0 -L axi_protocol_checker_v1_1_12 -L axi_protocol_checker_v1_1_13 -L axis_protocol_checker_v1_1_11 -L axis_protocol_checker_v1_1_12 -L xil_defaultlib -L unisims -L unisims_ver -L xpm  -L floating_point_v7_1_16 -L floating_point_v7_0_21 --lib "ieee_proposed=./ieee_proposed" -s dec_MIMD  
ECHO disattivato.
ECHO disattivato.
Vivado Simulator v2023.2
Copyright 1986-2022 Xilinx, Inc. All Rights Reserved.
Copyright 2022-2023 Advanced Micro Devices, Inc. All Rights Reserved.
Running: C:/Xilinx/Vivado/2023.2/bin/unwrapped/win64.o/xelab.exe xil_defaultlib.apatb_dec_MIMD_top glbl -Oenable_linking_all_libraries -prj dec_MIMD.prj -L smartconnect_v1_0 -L axi_protocol_checker_v1_1_12 -L axi_protocol_checker_v1_1_13 -L axis_protocol_checker_v1_1_11 -L axis_protocol_checker_v1_1_12 -L xil_defaultlib -L unisims -L unisims_ver -L xpm -L floating_point_v7_1_16 -L floating_point_v7_0_21 --lib ieee_proposed=./ieee_proposed -s dec_MIMD 
Multi-threading is on. Using 14 slave threads.
Determining compilation order of HDL files.
INFO: [VRFC 10-2263] Analyzing SystemVerilog file "C:/Users/lotto/Desktop/Alveare/M_AXI_ALU/M_AXI_ALU/dec_MIMD/HLS/solution1/sim/vhdl/glbl.v" into library work
INFO: [VRFC 10-311] analyzing module glbl
INFO: [VRFC 10-163] Analyzing VHDL file "C:/Users/lotto/Desktop/Alveare/M_AXI_ALU/M_AXI_ALU/dec_MIMD/HLS/solution1/sim/vhdl/AESL_sim_pkg.vhd" into library xil_defaultlib
INFO: [VRFC 10-163] Analyzing VHDL file "C:/Users/lotto/Desktop/Alveare/M_AXI_ALU/M_AXI_ALU/dec_MIMD/HLS/solution1/sim/vhdl/AESL_axi_master_gmem0.vhd" into library xil_defaultlib
INFO: [VRFC 10-3107] analyzing entity 'AESL_axi_master_gmem0'
INFO: [VRFC 10-163] Analyzing VHDL file "C:/Users/lotto/Desktop/Alveare/M_AXI_ALU/M_AXI_ALU/dec_MIMD/HLS/solution1/sim/vhdl/AESL_axi_master_gmem1.vhd" into library xil_defaultlib
INFO: [VRFC 10-3107] analyzing entity 'AESL_axi_master_gmem1'
INFO: [VRFC 10-163] Analyzing VHDL file "C:/Users/lotto/Desktop/Alveare/M_AXI_ALU/M_AXI_ALU/dec_MIMD/HLS/solution1/sim/vhdl/AESL_axi_master_gmem2.vhd" into library xil_defaultlib
INFO: [VRFC 10-3107] analyzing entity 'AESL_axi_master_gmem2'
INFO: [VRFC 10-163] Analyzing VHDL file "C:/Users/lotto/Desktop/Alveare/M_AXI_ALU/M_AXI_ALU/dec_MIMD/HLS/solution1/sim/vhdl/AESL_axi_master_gmem3.vhd" into library xil_defaultlib
INFO: [VRFC 10-3107] analyzing entity 'AESL_axi_master_gmem3'
INFO: [VRFC 10-163] Analyzing VHDL file "C:/Users/lotto/Desktop/Alveare/M_AXI_ALU/M_AXI_ALU/dec_MIMD/HLS/solution1/sim/vhdl/AESL_axi_slave_control.vhd" into library xil_defaultlib
INFO: [VRFC 10-3107] analyzing entity 'AESL_axi_slave_control'
INFO: [VRFC 10-163] Analyzing VHDL file "C:/Users/lotto/Desktop/Alveare/M_AXI_ALU/M_AXI_ALU/dec_MIMD/HLS/solution1/sim/vhdl/dec_MIMD.autotb.vhd" into library xil_defaultlib
INFO: [VRFC 10-3107] analyzing entity 'apatb_dec_MIMD_top'
INFO: [VRFC 10-163] Analyzing VHDL file "C:/Users/lotto/Desktop/Alveare/M_AXI_ALU/M_AXI_ALU/dec_MIMD/HLS/solution1/sim/vhdl/dec_MIMD.vhd" into library xil_defaultlib
INFO: [VRFC 10-3107] analyzing entity 'dec_MIMD'
INFO: [VRFC 10-163] Analyzing VHDL file "C:/Users/lotto/Desktop/Alveare/M_AXI_ALU/M_AXI_ALU/dec_MIMD/HLS/solution1/sim/vhdl/dec_MIMD_control_s_axi.vhd" into library xil_defaultlib
INFO: [VRFC 10-3107] analyzing entity 'dec_MIMD_control_s_axi'
INFO: [VRFC 10-163] Analyzing VHDL file "C:/Users/lotto/Desktop/Alveare/M_AXI_ALU/M_AXI_ALU/dec_MIMD/HLS/solution1/sim/vhdl/dec_MIMD_data_a_RAM_AUTO_1R1W.vhd" into library xil_defaultlib
INFO: [VRFC 10-3107] analyzing entity 'dec_MIMD_data_a_RAM_AUTO_1R1W'
INFO: [VRFC 10-163] Analyzing VHDL file "C:/Users/lotto/Desktop/Alveare/M_AXI_ALU/M_AXI_ALU/dec_MIMD/HLS/solution1/sim/vhdl/dec_MIMD_data_result_RAM_AUTO_1R1W.vhd" into library xil_defaultlib
INFO: [VRFC 10-3107] analyzing entity 'dec_MIMD_data_result_RAM_AUTO_1R1W'
INFO: [VRFC 10-163] Analyzing VHDL file "C:/Users/lotto/Desktop/Alveare/M_AXI_ALU/M_AXI_ALU/dec_MIMD/HLS/solution1/sim/vhdl/dec_MIMD_dec_MIMD_Pipeline_VITIS_LOOP_115_5.vhd" into library xil_defaultlib
INFO: [VRFC 10-3107] analyzing entity 'dec_MIMD_dec_MIMD_Pipeline_VITIS_LOOP_115_5'
INFO: [VRFC 10-163] Analyzing VHDL file "C:/Users/lotto/Desktop/Alveare/M_AXI_ALU/M_AXI_ALU/dec_MIMD/HLS/solution1/sim/vhdl/dec_MIMD_dec_MIMD_Pipeline_VITIS_LOOP_35_1.vhd" into library xil_defaultlib
INFO: [VRFC 10-3107] analyzing entity 'dec_MIMD_dec_MIMD_Pipeline_VITIS_LOOP_35_1'
INFO: [VRFC 10-163] Analyzing VHDL file "C:/Users/lotto/Desktop/Alveare/M_AXI_ALU/M_AXI_ALU/dec_MIMD/HLS/solution1/sim/vhdl/dec_MIMD_dec_MIMD_Pipeline_VITIS_LOOP_43_2.vhd" into library xil_defaultlib
INFO: [VRFC 10-3107] analyzing entity 'dec_MIMD_dec_MIMD_Pipeline_VITIS_LOOP_43_2'
INFO: [VRFC 10-163] Analyzing VHDL file "C:/Users/lotto/Desktop/Alveare/M_AXI_ALU/M_AXI_ALU/dec_MIMD/HLS/solution1/sim/vhdl/dec_MIMD_dec_MIMD_Pipeline_VITIS_LOOP_51_3.vhd" into library xil_defaultlib
INFO: [VRFC 10-3107] analyzing entity 'dec_MIMD_dec_MIMD_Pipeline_VITIS_LOOP_51_3'
INFO: [VRFC 10-163] Analyzing VHDL file "C:/Users/lotto/Desktop/Alveare/M_AXI_ALU/M_AXI_ALU/dec_MIMD/HLS/solution1/sim/vhdl/dec_MIMD_dec_MIMD_Pipeline_VITIS_LOOP_61_4.vhd" into library xil_defaultlib
INFO: [VRFC 10-3107] analyzing entity 'dec_MIMD_dec_MIMD_Pipeline_VITIS_LOOP_61_4'
INFO: [VRFC 10-163] Analyzing VHDL file "C:/Users/lotto/Desktop/Alveare/M_AXI_ALU/M_AXI_ALU/dec_MIMD/HLS/solution1/sim/vhdl/dec_MIMD_flow_control_loop_pipe_sequential_init.vhd" into library xil_defaultlib
INFO: [VRFC 10-3107] analyzing entity 'dec_MIMD_flow_control_loop_pipe_sequential_init'
INFO: [VRFC 10-163] Analyzing VHDL file "C:/Users/lotto/Desktop/Alveare/M_AXI_ALU/M_AXI_ALU/dec_MIMD/HLS/solution1/sim/vhdl/dec_MIMD_gmem0_m_axi.vhd" into library xil_defaultlib
INFO: [VRFC 10-3107] analyzing entity 'dec_MIMD_gmem0_m_axi'
INFO: [VRFC 10-3107] analyzing entity 'dec_MIMD_gmem0_m_axi_load'
INFO: [VRFC 10-3107] analyzing entity 'dec_MIMD_gmem0_m_axi_store'
INFO: [VRFC 10-3107] analyzing entity 'dec_MIMD_gmem0_m_axi_read'
INFO: [VRFC 10-3107] analyzing entity 'dec_MIMD_gmem0_m_axi_write'
INFO: [VRFC 10-3107] analyzing entity 'dec_MIMD_gmem0_m_axi_burst_converter'
INFO: [VRFC 10-3107] analyzing entity 'dec_MIMD_gmem0_m_axi_throttle'
INFO: [VRFC 10-3107] analyzing entity 'dec_MIMD_gmem0_m_axi_reg_slice'
INFO: [VRFC 10-3107] analyzing entity 'dec_MIMD_gmem0_m_axi_fifo'
INFO: [VRFC 10-3107] analyzing entity 'dec_MIMD_gmem0_m_axi_srl'
INFO: [VRFC 10-3107] analyzing entity 'dec_MIMD_gmem0_m_axi_mem'
INFO: [VRFC 10-163] Analyzing VHDL file "C:/Users/lotto/Desktop/Alveare/M_AXI_ALU/M_AXI_ALU/dec_MIMD/HLS/solution1/sim/vhdl/dec_MIMD_gmem1_m_axi.vhd" into library xil_defaultlib
INFO: [VRFC 10-3107] analyzing entity 'dec_MIMD_gmem1_m_axi'
INFO: [VRFC 10-3107] analyzing entity 'dec_MIMD_gmem1_m_axi_load'
INFO: [VRFC 10-3107] analyzing entity 'dec_MIMD_gmem1_m_axi_store'
INFO: [VRFC 10-3107] analyzing entity 'dec_MIMD_gmem1_m_axi_read'
INFO: [VRFC 10-3107] analyzing entity 'dec_MIMD_gmem1_m_axi_write'
INFO: [VRFC 10-3107] analyzing entity 'dec_MIMD_gmem1_m_axi_burst_converter'
INFO: [VRFC 10-3107] analyzing entity 'dec_MIMD_gmem1_m_axi_throttle'
INFO: [VRFC 10-3107] analyzing entity 'dec_MIMD_gmem1_m_axi_reg_slice'
INFO: [VRFC 10-3107] analyzing entity 'dec_MIMD_gmem1_m_axi_fifo'
INFO: [VRFC 10-3107] analyzing entity 'dec_MIMD_gmem1_m_axi_srl'
INFO: [VRFC 10-3107] analyzing entity 'dec_MIMD_gmem1_m_axi_mem'
INFO: [VRFC 10-163] Analyzing VHDL file "C:/Users/lotto/Desktop/Alveare/M_AXI_ALU/M_AXI_ALU/dec_MIMD/HLS/solution1/sim/vhdl/dec_MIMD_gmem2_m_axi.vhd" into library xil_defaultlib
INFO: [VRFC 10-3107] analyzing entity 'dec_MIMD_gmem2_m_axi'
INFO: [VRFC 10-3107] analyzing entity 'dec_MIMD_gmem2_m_axi_load'
INFO: [VRFC 10-3107] analyzing entity 'dec_MIMD_gmem2_m_axi_store'
INFO: [VRFC 10-3107] analyzing entity 'dec_MIMD_gmem2_m_axi_read'
INFO: [VRFC 10-3107] analyzing entity 'dec_MIMD_gmem2_m_axi_write'
INFO: [VRFC 10-3107] analyzing entity 'dec_MIMD_gmem2_m_axi_burst_converter'
INFO: [VRFC 10-3107] analyzing entity 'dec_MIMD_gmem2_m_axi_throttle'
INFO: [VRFC 10-3107] analyzing entity 'dec_MIMD_gmem2_m_axi_reg_slice'
INFO: [VRFC 10-3107] analyzing entity 'dec_MIMD_gmem2_m_axi_fifo'
INFO: [VRFC 10-3107] analyzing entity 'dec_MIMD_gmem2_m_axi_srl'
INFO: [VRFC 10-3107] analyzing entity 'dec_MIMD_gmem2_m_axi_mem'
INFO: [VRFC 10-163] Analyzing VHDL file "C:/Users/lotto/Desktop/Alveare/M_AXI_ALU/M_AXI_ALU/dec_MIMD/HLS/solution1/sim/vhdl/dec_MIMD_gmem3_m_axi.vhd" into library xil_defaultlib
INFO: [VRFC 10-3107] analyzing entity 'dec_MIMD_gmem3_m_axi'
INFO: [VRFC 10-3107] analyzing entity 'dec_MIMD_gmem3_m_axi_load'
INFO: [VRFC 10-3107] analyzing entity 'dec_MIMD_gmem3_m_axi_store'
INFO: [VRFC 10-3107] analyzing entity 'dec_MIMD_gmem3_m_axi_read'
INFO: [VRFC 10-3107] analyzing entity 'dec_MIMD_gmem3_m_axi_write'
INFO: [VRFC 10-3107] analyzing entity 'dec_MIMD_gmem3_m_axi_burst_converter'
INFO: [VRFC 10-3107] analyzing entity 'dec_MIMD_gmem3_m_axi_throttle'
INFO: [VRFC 10-3107] analyzing entity 'dec_MIMD_gmem3_m_axi_reg_slice'
INFO: [VRFC 10-3107] analyzing entity 'dec_MIMD_gmem3_m_axi_fifo'
INFO: [VRFC 10-3107] analyzing entity 'dec_MIMD_gmem3_m_axi_srl'
INFO: [VRFC 10-3107] analyzing entity 'dec_MIMD_gmem3_m_axi_mem'
INFO: [VRFC 10-163] Analyzing VHDL file "C:/Users/lotto/Desktop/Alveare/M_AXI_ALU/M_AXI_ALU/dec_MIMD/HLS/solution1/sim/vhdl/dec_MIMD_mul_32s_32s_32_2_1.vhd" into library xil_defaultlib
INFO: [VRFC 10-3107] analyzing entity 'dec_MIMD_mul_32s_32s_32_2_1'
INFO: [VRFC 10-163] Analyzing VHDL file "C:/Users/lotto/Desktop/Alveare/M_AXI_ALU/M_AXI_ALU/dec_MIMD/HLS/solution1/sim/vhdl/dec_MIMD_sdiv_32ns_32ns_32_36_1.vhd" into library xil_defaultlib
INFO: [VRFC 10-3107] analyzing entity 'dec_MIMD_sdiv_32ns_32ns_32_36_1_divider'
INFO: [VRFC 10-3107] analyzing entity 'dec_MIMD_sdiv_32ns_32ns_32_36_1'
Starting static elaboration
Pass Through NonSizing Optimizer
Completed static elaboration
Starting simulation data flow analysis
Completed simulation data flow analysis
Time Resolution for simulation is 1ps
Compiling package std.standard
Compiling package std.textio
Compiling package ieee.std_logic_1164
Compiling package ieee.std_logic_arith
Compiling package ieee.std_logic_unsigned
Compiling package ieee.numeric_std
Compiling package ieee.std_logic_textio
Compiling module work.glbl
Compiling architecture rtl of entity xil_defaultlib.dec_MIMD_data_a_RAM_AUTO_1R1W [\dec_MIMD_data_a_RAM_AUTO_1R1W(1...]
Compiling architecture rtl of entity xil_defaultlib.dec_MIMD_data_result_RAM_AUTO_1R1W [\dec_MIMD_data_result_RAM_AUTO_1...]
Compiling architecture behav of entity xil_defaultlib.dec_MIMD_flow_control_loop_pipe_sequential_init [dec_mimd_flow_control_loop_pipe_...]
Compiling architecture behav of entity xil_defaultlib.dec_MIMD_dec_MIMD_Pipeline_VITIS_LOOP_51_3 [dec_mimd_dec_mimd_pipeline_vitis...]
Compiling architecture behav of entity xil_defaultlib.dec_MIMD_dec_MIMD_Pipeline_VITIS_LOOP_43_2 [dec_mimd_dec_mimd_pipeline_vitis...]
Compiling architecture behav of entity xil_defaultlib.dec_MIMD_dec_MIMD_Pipeline_VITIS_LOOP_35_1 [dec_mimd_dec_mimd_pipeline_vitis...]
Compiling architecture behav of entity xil_defaultlib.dec_MIMD_mul_32s_32s_32_2_1 [\dec_MIMD_mul_32s_32s_32_2_1(num...]
Compiling architecture rtl of entity xil_defaultlib.dec_MIMD_sdiv_32ns_32ns_32_36_1_divider [dec_mimd_sdiv_32ns_32ns_32_36_1_...]
Compiling architecture rtl of entity xil_defaultlib.dec_MIMD_sdiv_32ns_32ns_32_36_1 [\dec_MIMD_sdiv_32ns_32ns_32_36_1...]
Compiling architecture behav of entity xil_defaultlib.dec_MIMD_dec_MIMD_Pipeline_VITIS_LOOP_61_4 [dec_mimd_dec_mimd_pipeline_vitis...]
Compiling architecture behav of entity xil_defaultlib.dec_MIMD_dec_MIMD_Pipeline_VITIS_LOOP_115_5 [dec_mimd_dec_mimd_pipeline_vitis...]
Compiling architecture behave of entity xil_defaultlib.dec_MIMD_control_s_axi [dec_mimd_control_s_axi_default]
Compiling architecture behav of entity xil_defaultlib.dec_MIMD_gmem0_m_axi_srl [\dec_MIMD_gmem0_m_axi_srl(data_w...]
Compiling architecture behave of entity xil_defaultlib.dec_MIMD_gmem0_m_axi_fifo [\dec_MIMD_gmem0_m_axi_fifo(data_...]
Compiling architecture behav of entity xil_defaultlib.dec_MIMD_gmem0_m_axi_mem [\dec_MIMD_gmem0_m_axi_mem(mem_st...]
Compiling architecture behave of entity xil_defaultlib.dec_MIMD_gmem0_m_axi_fifo [\dec_MIMD_gmem0_m_axi_fifo(mem_s...]
Compiling architecture behave of entity xil_defaultlib.dec_MIMD_gmem0_m_axi_load [\dec_MIMD_gmem0_m_axi_load(num_r...]
Compiling architecture behav of entity xil_defaultlib.dec_MIMD_gmem0_m_axi_mem [\dec_MIMD_gmem0_m_axi_mem(mem_st...]
Compiling architecture behave of entity xil_defaultlib.dec_MIMD_gmem0_m_axi_fifo [\dec_MIMD_gmem0_m_axi_fifo(mem_s...]
Compiling architecture behav of entity xil_defaultlib.dec_MIMD_gmem0_m_axi_srl [\dec_MIMD_gmem0_m_axi_srl(data_w...]
Compiling architecture behave of entity xil_defaultlib.dec_MIMD_gmem0_m_axi_fifo [\dec_MIMD_gmem0_m_axi_fifo(data_...]
Compiling architecture behav of entity xil_defaultlib.dec_MIMD_gmem0_m_axi_srl [\dec_MIMD_gmem0_m_axi_srl(data_w...]
Compiling architecture behave of entity xil_defaultlib.dec_MIMD_gmem0_m_axi_fifo [\dec_MIMD_gmem0_m_axi_fifo(data_...]
Compiling architecture behave of entity xil_defaultlib.dec_MIMD_gmem0_m_axi_store [\dec_MIMD_gmem0_m_axi_store(num_...]
Compiling architecture behave of entity xil_defaultlib.dec_MIMD_gmem0_m_axi_reg_slice [\dec_MIMD_gmem0_m_axi_reg_slice(...]
Compiling architecture behave of entity xil_defaultlib.dec_MIMD_gmem0_m_axi_burst_converter [\dec_MIMD_gmem0_m_axi_burst_conv...]
Compiling architecture behave of entity xil_defaultlib.dec_MIMD_gmem0_m_axi_reg_slice [\dec_MIMD_gmem0_m_axi_reg_slice(...]
Compiling architecture behave of entity xil_defaultlib.dec_MIMD_gmem0_m_axi_read [\dec_MIMD_gmem0_m_axi_read(bus_a...]
Compiling architecture behav of entity xil_defaultlib.dec_MIMD_gmem0_m_axi_srl [\dec_MIMD_gmem0_m_axi_srl(data_w...]
Compiling architecture behave of entity xil_defaultlib.dec_MIMD_gmem0_m_axi_fifo [\dec_MIMD_gmem0_m_axi_fifo(1,8)\]
Compiling architecture behav of entity xil_defaultlib.dec_MIMD_gmem0_m_axi_srl [\dec_MIMD_gmem0_m_axi_srl(data_w...]
Compiling architecture behave of entity xil_defaultlib.dec_MIMD_gmem0_m_axi_fifo [\dec_MIMD_gmem0_m_axi_fifo(data_...]
Compiling architecture behave of entity xil_defaultlib.dec_MIMD_gmem0_m_axi_reg_slice [\dec_MIMD_gmem0_m_axi_reg_slice(...]
Compiling architecture behav of entity xil_defaultlib.dec_MIMD_gmem0_m_axi_srl [\dec_MIMD_gmem0_m_axi_srl(data_w...]
Compiling architecture behave of entity xil_defaultlib.dec_MIMD_gmem0_m_axi_fifo [\dec_MIMD_gmem0_m_axi_fifo(data_...]
Compiling architecture behav of entity xil_defaultlib.dec_MIMD_gmem0_m_axi_throttle [\dec_MIMD_gmem0_m_axi_throttle(c...]
Compiling architecture behave of entity xil_defaultlib.dec_MIMD_gmem0_m_axi_reg_slice [\dec_MIMD_gmem0_m_axi_reg_slice(...]
Compiling architecture behave of entity xil_defaultlib.dec_MIMD_gmem0_m_axi_write [\dec_MIMD_gmem0_m_axi_write(cons...]
Compiling architecture behave of entity xil_defaultlib.dec_MIMD_gmem0_m_axi [\dec_MIMD_gmem0_m_axi(conservati...]
Compiling architecture behav of entity xil_defaultlib.dec_MIMD_gmem1_m_axi_srl [\dec_MIMD_gmem1_m_axi_srl(data_w...]
Compiling architecture behave of entity xil_defaultlib.dec_MIMD_gmem1_m_axi_fifo [\dec_MIMD_gmem1_m_axi_fifo(data_...]
Compiling architecture behav of entity xil_defaultlib.dec_MIMD_gmem1_m_axi_mem [\dec_MIMD_gmem1_m_axi_mem(mem_st...]
Compiling architecture behave of entity xil_defaultlib.dec_MIMD_gmem1_m_axi_fifo [\dec_MIMD_gmem1_m_axi_fifo(mem_s...]
Compiling architecture behave of entity xil_defaultlib.dec_MIMD_gmem1_m_axi_load [\dec_MIMD_gmem1_m_axi_load(num_r...]
Compiling architecture behav of entity xil_defaultlib.dec_MIMD_gmem1_m_axi_mem [\dec_MIMD_gmem1_m_axi_mem(mem_st...]
Compiling architecture behave of entity xil_defaultlib.dec_MIMD_gmem1_m_axi_fifo [\dec_MIMD_gmem1_m_axi_fifo(mem_s...]
Compiling architecture behav of entity xil_defaultlib.dec_MIMD_gmem1_m_axi_srl [\dec_MIMD_gmem1_m_axi_srl(data_w...]
Compiling architecture behave of entity xil_defaultlib.dec_MIMD_gmem1_m_axi_fifo [\dec_MIMD_gmem1_m_axi_fifo(data_...]
Compiling architecture behav of entity xil_defaultlib.dec_MIMD_gmem1_m_axi_srl [\dec_MIMD_gmem1_m_axi_srl(data_w...]
Compiling architecture behave of entity xil_defaultlib.dec_MIMD_gmem1_m_axi_fifo [\dec_MIMD_gmem1_m_axi_fifo(data_...]
Compiling architecture behave of entity xil_defaultlib.dec_MIMD_gmem1_m_axi_store [\dec_MIMD_gmem1_m_axi_store(num_...]
Compiling architecture behave of entity xil_defaultlib.dec_MIMD_gmem1_m_axi_reg_slice [\dec_MIMD_gmem1_m_axi_reg_slice(...]
Compiling architecture behave of entity xil_defaultlib.dec_MIMD_gmem1_m_axi_burst_converter [\dec_MIMD_gmem1_m_axi_burst_conv...]
Compiling architecture behave of entity xil_defaultlib.dec_MIMD_gmem1_m_axi_reg_slice [\dec_MIMD_gmem1_m_axi_reg_slice(...]
Compiling architecture behave of entity xil_defaultlib.dec_MIMD_gmem1_m_axi_read [\dec_MIMD_gmem1_m_axi_read(bus_a...]
Compiling architecture behav of entity xil_defaultlib.dec_MIMD_gmem1_m_axi_srl [\dec_MIMD_gmem1_m_axi_srl(data_w...]
Compiling architecture behave of entity xil_defaultlib.dec_MIMD_gmem1_m_axi_fifo [\dec_MIMD_gmem1_m_axi_fifo(1,8)\]
Compiling architecture behav of entity xil_defaultlib.dec_MIMD_gmem1_m_axi_srl [\dec_MIMD_gmem1_m_axi_srl(data_w...]
Compiling architecture behave of entity xil_defaultlib.dec_MIMD_gmem1_m_axi_fifo [\dec_MIMD_gmem1_m_axi_fifo(data_...]
Compiling architecture behave of entity xil_defaultlib.dec_MIMD_gmem1_m_axi_reg_slice [\dec_MIMD_gmem1_m_axi_reg_slice(...]
Compiling architecture behav of entity xil_defaultlib.dec_MIMD_gmem1_m_axi_srl [\dec_MIMD_gmem1_m_axi_srl(data_w...]
Compiling architecture behave of entity xil_defaultlib.dec_MIMD_gmem1_m_axi_fifo [\dec_MIMD_gmem1_m_axi_fifo(data_...]
Compiling architecture behav of entity xil_defaultlib.dec_MIMD_gmem1_m_axi_throttle [\dec_MIMD_gmem1_m_axi_throttle(c...]
Compiling architecture behave of entity xil_defaultlib.dec_MIMD_gmem1_m_axi_reg_slice [\dec_MIMD_gmem1_m_axi_reg_slice(...]
Compiling architecture behave of entity xil_defaultlib.dec_MIMD_gmem1_m_axi_write [\dec_MIMD_gmem1_m_axi_write(cons...]
Compiling architecture behave of entity xil_defaultlib.dec_MIMD_gmem1_m_axi [\dec_MIMD_gmem1_m_axi(conservati...]
Compiling architecture behav of entity xil_defaultlib.dec_MIMD_gmem2_m_axi_srl [\dec_MIMD_gmem2_m_axi_srl(data_w...]
Compiling architecture behave of entity xil_defaultlib.dec_MIMD_gmem2_m_axi_fifo [\dec_MIMD_gmem2_m_axi_fifo(data_...]
Compiling architecture behav of entity xil_defaultlib.dec_MIMD_gmem2_m_axi_mem [\dec_MIMD_gmem2_m_axi_mem(mem_st...]
Compiling architecture behave of entity xil_defaultlib.dec_MIMD_gmem2_m_axi_fifo [\dec_MIMD_gmem2_m_axi_fifo(mem_s...]
Compiling architecture behave of entity xil_defaultlib.dec_MIMD_gmem2_m_axi_load [\dec_MIMD_gmem2_m_axi_load(num_r...]
Compiling architecture behav of entity xil_defaultlib.dec_MIMD_gmem2_m_axi_mem [\dec_MIMD_gmem2_m_axi_mem(mem_st...]
Compiling architecture behave of entity xil_defaultlib.dec_MIMD_gmem2_m_axi_fifo [\dec_MIMD_gmem2_m_axi_fifo(mem_s...]
Compiling architecture behav of entity xil_defaultlib.dec_MIMD_gmem2_m_axi_srl [\dec_MIMD_gmem2_m_axi_srl(data_w...]
Compiling architecture behave of entity xil_defaultlib.dec_MIMD_gmem2_m_axi_fifo [\dec_MIMD_gmem2_m_axi_fifo(data_...]
Compiling architecture behav of entity xil_defaultlib.dec_MIMD_gmem2_m_axi_srl [\dec_MIMD_gmem2_m_axi_srl(data_w...]
Compiling architecture behave of entity xil_defaultlib.dec_MIMD_gmem2_m_axi_fifo [\dec_MIMD_gmem2_m_axi_fifo(data_...]
Compiling architecture behave of entity xil_defaultlib.dec_MIMD_gmem2_m_axi_store [\dec_MIMD_gmem2_m_axi_store(num_...]
Compiling architecture behave of entity xil_defaultlib.dec_MIMD_gmem2_m_axi_reg_slice [\dec_MIMD_gmem2_m_axi_reg_slice(...]
Compiling architecture behave of entity xil_defaultlib.dec_MIMD_gmem2_m_axi_burst_converter [\dec_MIMD_gmem2_m_axi_burst_conv...]
Compiling architecture behave of entity xil_defaultlib.dec_MIMD_gmem2_m_axi_reg_slice [\dec_MIMD_gmem2_m_axi_reg_slice(...]
Compiling architecture behave of entity xil_defaultlib.dec_MIMD_gmem2_m_axi_read [\dec_MIMD_gmem2_m_axi_read(bus_a...]
Compiling architecture behav of entity xil_defaultlib.dec_MIMD_gmem2_m_axi_srl [\dec_MIMD_gmem2_m_axi_srl(data_w...]
Compiling architecture behave of entity xil_defaultlib.dec_MIMD_gmem2_m_axi_fifo [\dec_MIMD_gmem2_m_axi_fifo(1,8)\]
Compiling architecture behav of entity xil_defaultlib.dec_MIMD_gmem2_m_axi_srl [\dec_MIMD_gmem2_m_axi_srl(data_w...]
Compiling architecture behave of entity xil_defaultlib.dec_MIMD_gmem2_m_axi_fifo [\dec_MIMD_gmem2_m_axi_fifo(data_...]
Compiling architecture behave of entity xil_defaultlib.dec_MIMD_gmem2_m_axi_reg_slice [\dec_MIMD_gmem2_m_axi_reg_slice(...]
Compiling architecture behav of entity xil_defaultlib.dec_MIMD_gmem2_m_axi_srl [\dec_MIMD_gmem2_m_axi_srl(data_w...]
Compiling architecture behave of entity xil_defaultlib.dec_MIMD_gmem2_m_axi_fifo [\dec_MIMD_gmem2_m_axi_fifo(data_...]
Compiling architecture behav of entity xil_defaultlib.dec_MIMD_gmem2_m_axi_throttle [\dec_MIMD_gmem2_m_axi_throttle(c...]
Compiling architecture behave of entity xil_defaultlib.dec_MIMD_gmem2_m_axi_reg_slice [\dec_MIMD_gmem2_m_axi_reg_slice(...]
Compiling architecture behave of entity xil_defaultlib.dec_MIMD_gmem2_m_axi_write [\dec_MIMD_gmem2_m_axi_write(cons...]
Compiling architecture behave of entity xil_defaultlib.dec_MIMD_gmem2_m_axi [\dec_MIMD_gmem2_m_axi(conservati...]
Compiling architecture behav of entity xil_defaultlib.dec_MIMD_gmem3_m_axi_srl [\dec_MIMD_gmem3_m_axi_srl(data_w...]
Compiling architecture behave of entity xil_defaultlib.dec_MIMD_gmem3_m_axi_fifo [\dec_MIMD_gmem3_m_axi_fifo(data_...]
Compiling architecture behav of entity xil_defaultlib.dec_MIMD_gmem3_m_axi_mem [\dec_MIMD_gmem3_m_axi_mem(mem_st...]
Compiling architecture behave of entity xil_defaultlib.dec_MIMD_gmem3_m_axi_fifo [\dec_MIMD_gmem3_m_axi_fifo(mem_s...]
Compiling architecture behave of entity xil_defaultlib.dec_MIMD_gmem3_m_axi_load [\dec_MIMD_gmem3_m_axi_load(num_r...]
Compiling architecture behav of entity xil_defaultlib.dec_MIMD_gmem3_m_axi_mem [\dec_MIMD_gmem3_m_axi_mem(mem_st...]
Compiling architecture behave of entity xil_defaultlib.dec_MIMD_gmem3_m_axi_fifo [\dec_MIMD_gmem3_m_axi_fifo(mem_s...]
Compiling architecture behav of entity xil_defaultlib.dec_MIMD_gmem3_m_axi_srl [\dec_MIMD_gmem3_m_axi_srl(data_w...]
Compiling architecture behave of entity xil_defaultlib.dec_MIMD_gmem3_m_axi_fifo [\dec_MIMD_gmem3_m_axi_fifo(data_...]
Compiling architecture behav of entity xil_defaultlib.dec_MIMD_gmem3_m_axi_srl [\dec_MIMD_gmem3_m_axi_srl(data_w...]
Compiling architecture behave of entity xil_defaultlib.dec_MIMD_gmem3_m_axi_fifo [\dec_MIMD_gmem3_m_axi_fifo(data_...]
Compiling architecture behave of entity xil_defaultlib.dec_MIMD_gmem3_m_axi_store [\dec_MIMD_gmem3_m_axi_store(num_...]
Compiling architecture behave of entity xil_defaultlib.dec_MIMD_gmem3_m_axi_reg_slice [\dec_MIMD_gmem3_m_axi_reg_slice(...]
Compiling architecture behave of entity xil_defaultlib.dec_MIMD_gmem3_m_axi_burst_converter [\dec_MIMD_gmem3_m_axi_burst_conv...]
Compiling architecture behave of entity xil_defaultlib.dec_MIMD_gmem3_m_axi_reg_slice [\dec_MIMD_gmem3_m_axi_reg_slice(...]
Compiling architecture behave of entity xil_defaultlib.dec_MIMD_gmem3_m_axi_read [\dec_MIMD_gmem3_m_axi_read(bus_a...]
Compiling architecture behav of entity xil_defaultlib.dec_MIMD_gmem3_m_axi_srl [\dec_MIMD_gmem3_m_axi_srl(data_w...]
Compiling architecture behave of entity xil_defaultlib.dec_MIMD_gmem3_m_axi_fifo [\dec_MIMD_gmem3_m_axi_fifo(1,8)\]
Compiling architecture behav of entity xil_defaultlib.dec_MIMD_gmem3_m_axi_srl [\dec_MIMD_gmem3_m_axi_srl(data_w...]
Compiling architecture behave of entity xil_defaultlib.dec_MIMD_gmem3_m_axi_fifo [\dec_MIMD_gmem3_m_axi_fifo(data_...]
Compiling architecture behave of entity xil_defaultlib.dec_MIMD_gmem3_m_axi_reg_slice [\dec_MIMD_gmem3_m_axi_reg_slice(...]
Compiling architecture behav of entity xil_defaultlib.dec_MIMD_gmem3_m_axi_srl [\dec_MIMD_gmem3_m_axi_srl(data_w...]
Compiling architecture behave of entity xil_defaultlib.dec_MIMD_gmem3_m_axi_fifo [\dec_MIMD_gmem3_m_axi_fifo(data_...]
Compiling architecture behav of entity xil_defaultlib.dec_MIMD_gmem3_m_axi_throttle [\dec_MIMD_gmem3_m_axi_throttle(c...]
Compiling architecture behave of entity xil_defaultlib.dec_MIMD_gmem3_m_axi_reg_slice [\dec_MIMD_gmem3_m_axi_reg_slice(...]
Compiling architecture behave of entity xil_defaultlib.dec_MIMD_gmem3_m_axi_write [\dec_MIMD_gmem3_m_axi_write(cons...]
Compiling architecture behave of entity xil_defaultlib.dec_MIMD_gmem3_m_axi [\dec_MIMD_gmem3_m_axi(conservati...]
Compiling architecture behav of entity xil_defaultlib.dec_MIMD [dec_mimd_default]
Compiling architecture behav of entity xil_defaultlib.AESL_axi_master_gmem0 [aesl_axi_master_gmem0_default]
Compiling architecture behav of entity xil_defaultlib.AESL_axi_master_gmem1 [aesl_axi_master_gmem1_default]
Compiling architecture behav of entity xil_defaultlib.AESL_axi_master_gmem2 [aesl_axi_master_gmem2_default]
Compiling architecture behav of entity xil_defaultlib.AESL_axi_master_gmem3 [aesl_axi_master_gmem3_default]
Compiling architecture behav of entity xil_defaultlib.AESL_axi_slave_control [aesl_axi_slave_control_default]
Compiling architecture behav of entity xil_defaultlib.apatb_dec_mimd_top
Built simulation snapshot dec_MIMD
ECHO disattivato.
ECHO disattivato.

****** xsim v2023.2 (64-bit)
  **** SW Build 4029153 on Fri Oct 13 20:14:34 MDT 2023
  **** IP Build 4028589 on Sat Oct 14 00:45:43 MDT 2023
  **** SharedData Build 4025554 on Tue Oct 10 17:18:54 MDT 2023
    ** Copyright 1986-2022 Xilinx, Inc. All Rights Reserved.
    ** Copyright 2022-2023 Advanced Micro Devices, Inc. All Rights Reserved.

source xsim.dir/dec_MIMD/xsim_script.tcl
# xsim {dec_MIMD} -autoloadwcfg -tclbatch {dec_MIMD.tcl}
Time resolution is 1 ps
source dec_MIMD.tcl
## run all
Note: simulation done!
Time: 11555 ns  Iteration: 1  Process: /apatb_dec_MIMD_top/generate_sim_done_proc  File: C:/Users/lotto/Desktop/Alveare/M_AXI_ALU/M_AXI_ALU/dec_MIMD/HLS/solution1/sim/vhdl/dec_MIMD.autotb.vhd
Failure: NORMAL EXIT (note: failure is to force the simulator to stop)
Time: 11555 ns  Iteration: 1  Process: /apatb_dec_MIMD_top/generate_sim_done_proc  File: C:/Users/lotto/Desktop/Alveare/M_AXI_ALU/M_AXI_ALU/dec_MIMD/HLS/solution1/sim/vhdl/dec_MIMD.autotb.vhd
$finish called at time : 11555 ns
## quit
INFO: [Common 17-206] Exiting xsim at Tue Apr 23 23:06:31 2024...


A = 0 B = 1 RES = 0, OP = 10, SELEC = 2 
A = 1 B = 1 RES = 0, OP = 10, SELEC = 2 
A = 2 B = 1 RES = 0, OP = 10, SELEC = 2 
A = 3 B = 1 RES = 0, OP = 10, SELEC = 2 
A = 4 B = 1 RES = 0, OP = 10, SELEC = 2 
A = 5 B = 1 RES = 0, OP = 10, SELEC = 2 
A = 6 B = 1 RES = 0, OP = 10, SELEC = 2 
A = 7 B = 1 RES = 0, OP = 10, SELEC = 2 
A = 8 B = 1 RES = 0, OP = 10, SELEC = 2 
A = 9 B = 1 RES = 0, OP = 10, SELEC = 2 
A = 10 B = 1 RES = 0, OP = 10, SELEC = 2 
A = 11 B = 1 RES = 0, OP = 10, SELEC = 2 
A = 12 B = 1 RES = 0, OP = 10, SELEC = 2 
A = 13 B = 1 RES = 0, OP = 10, SELEC = 2 
A = 14 B = 1 RES = 0, OP = 10, SELEC = 2 
A = 15 B = 1 RES = 0, OP = 10, SELEC = 2 
A = 16 B = 1 RES = 0, OP = 10, SELEC = 2 
A = 17 B = 1 RES = 0, OP = 10, SELEC = 2 
A = 18 B = 1 RES = 0, OP = 10, SELEC = 2 
A = 19 B = 1 RES = 0, OP = 10, SELEC = 2 
A = 20 B = 1 RES = 0, OP = 10, SELEC = 2 
A = 21 B = 1 RES = 0, OP = 10, SELEC = 2 
A = 22 B = 1 RES = 0, OP = 10, SELEC = 2 
A = 23 B = 1 RES = 0, OP = 10, SELEC = 2 
A = 24 B = 1 RES = 0, OP = 10, SELEC = 2 
A = 25 B = 1 RES = 0, OP = 10, SELEC = 2 
A = 26 B = 1 RES = 0, OP = 10, SELEC = 2 
A = 27 B = 1 RES = 0, OP = 10, SELEC = 2 
A = 28 B = 1 RES = 0, OP = 10, SELEC = 2 
A = 29 B = 1 RES = 0, OP = 10, SELEC = 2 
A = 30 B = 1 RES = 0, OP = 10, SELEC = 2 
A = 31 B = 1 RES = 0, OP = 10, SELEC = 2 
A = 32 B = 1 RES = 0, OP = 10, SELEC = 2 
A = 33 B = 1 RES = 0, OP = 10, SELEC = 2 
A = 34 B = 1 RES = 0, OP = 10, SELEC = 2 
A = 35 B = 1 RES = 0, OP = 10, SELEC = 2 
A = 36 B = 1 RES = 0, OP = 10, SELEC = 2 
A = 37 B = 1 RES = 0, OP = 10, SELEC = 2 
A = 38 B = 1 RES = 0, OP = 10, SELEC = 2 
A = 39 B = 1 RES = 0, OP = 10, SELEC = 2 
A = 40 B = 1 RES = 0, OP = 10, SELEC = 2 
A = 41 B = 1 RES = 0, OP = 10, SELEC = 2 
A = 42 B = 1 RES = 0, OP = 10, SELEC = 2 
A = 43 B = 1 RES = 0, OP = 10, SELEC = 2 
A = 44 B = 1 RES = 0, OP = 10, SELEC = 2 
A = 45 B = 1 RES = 0, OP = 10, SELEC = 2 
A = 46 B = 1 RES = 0, OP = 10, SELEC = 2 
A = 47 B = 1 RES = 0, OP = 10, SELEC = 2 
A = 48 B = 1 RES = 0, OP = 10, SELEC = 2 
A = 49 B = 1 RES = 0, OP = 10, SELEC = 2 



 TO BE RIGHT THE RESULT MUST BE 28
A = 0 B = 2 RES = 27, OP = 0, SELEC = 1 
A = 1 B = 2 RES = 28, OP = 0, SELEC = 1 
A = 2 B = 2 RES = 29, OP = 0, SELEC = 1 
A = 3 B = 2 RES = 30, OP = 0, SELEC = 1 
A = 4 B = 2 RES = 31, OP = 0, SELEC = 1 
A = 5 B = 2 RES = 32, OP = 0, SELEC = 1 
A = 6 B = 2 RES = 33, OP = 0, SELEC = 1 
A = 7 B = 2 RES = 34, OP = 0, SELEC = 1 
A = 8 B = 2 RES = 35, OP = 0, SELEC = 1 
A = 9 B = 2 RES = 36, OP = 0, SELEC = 1 
A = 10 B = 2 RES = 37, OP = 0, SELEC = 1 
A = 11 B = 2 RES = 38, OP = 0, SELEC = 1 
A = 12 B = 2 RES = 39, OP = 0, SELEC = 1 
A = 13 B = 2 RES = 40, OP = 0, SELEC = 1 
A = 14 B = 2 RES = 41, OP = 0, SELEC = 1 
A = 15 B = 2 RES = 42, OP = 0, SELEC = 1 
A = 16 B = 2 RES = 43, OP = 0, SELEC = 1 
A = 17 B = 2 RES = 44, OP = 0, SELEC = 1 
A = 18 B = 2 RES = 45, OP = 0, SELEC = 1 
A = 19 B = 2 RES = 46, OP = 0, SELEC = 1 
A = 20 B = 2 RES = 47, OP = 0, SELEC = 1 
A = 21 B = 2 RES = 48, OP = 0, SELEC = 1 
A = 22 B = 2 RES = 49, OP = 0, SELEC = 1 
A = 23 B = 2 RES = 50, OP = 0, SELEC = 1 
A = 24 B = 2 RES = 51, OP = 0, SELEC = 1 
A = 25 B = 2 RES = 52, OP = 0, SELEC = 1 
A = 26 B = 2 RES = 53, OP = 0, SELEC = 1 
A = 27 B = 2 RES = 54, OP = 0, SELEC = 1 
A = 28 B = 2 RES = 55, OP = 0, SELEC = 1 
A = 29 B = 2 RES = 56, OP = 0, SELEC = 1 
A = 30 B = 2 RES = 57, OP = 0, SELEC = 1 
A = 31 B = 2 RES = 58, OP = 0, SELEC = 1 
A = 32 B = 2 RES = 59, OP = 0, SELEC = 1 
A = 33 B = 2 RES = 60, OP = 0, SELEC = 1 
A = 34 B = 2 RES = 61, OP = 0, SELEC = 1 
A = 35 B = 2 RES = 62, OP = 0, SELEC = 1 
A = 36 B = 2 RES = 63, OP = 0, SELEC = 1 
A = 37 B = 2 RES = 64, OP = 0, SELEC = 1 
A = 38 B = 2 RES = 65, OP = 0, SELEC = 1 
A = 39 B = 2 RES = 66, OP = 0, SELEC = 1 
A = 40 B = 2 RES = 67, OP = 0, SELEC = 1 
A = 41 B = 2 RES = 68, OP = 0, SELEC = 1 
A = 42 B = 2 RES = 69, OP = 0, SELEC = 1 
A = 43 B = 2 RES = 70, OP = 0, SELEC = 1 
A = 44 B = 2 RES = 71, OP = 0, SELEC = 1 
A = 45 B = 2 RES = 72, OP = 0, SELEC = 1 
A = 46 B = 2 RES = 73, OP = 0, SELEC = 1 
A = 47 B = 2 RES = 74, OP = 0, SELEC = 1 
A = 48 B = 2 RES = 75, OP = 0, SELEC = 1 
A = 49 B = 2 RES = 76, OP = 0, SELEC = 1 



 TO BE RIGHT THE RESULT MUST BE 30
A = 0 B = 3 RES = 27, OP = 10, SELEC = 0 
A = 1 B = 3 RES = 28, OP = 10, SELEC = 0 
A = 2 B = 3 RES = 29, OP = 10, SELEC = 0 
A = 3 B = 3 RES = 30, OP = 10, SELEC = 0 
A = 4 B = 3 RES = 31, OP = 10, SELEC = 0 
A = 5 B = 3 RES = 32, OP = 10, SELEC = 0 
A = 6 B = 3 RES = 33, OP = 10, SELEC = 0 
A = 7 B = 3 RES = 34, OP = 10, SELEC = 0 
A = 8 B = 3 RES = 35, OP = 10, SELEC = 0 
A = 9 B = 3 RES = 36, OP = 10, SELEC = 0 
A = 10 B = 3 RES = 37, OP = 10, SELEC = 0 
A = 11 B = 3 RES = 38, OP = 10, SELEC = 0 
A = 12 B = 3 RES = 39, OP = 10, SELEC = 0 
A = 13 B = 3 RES = 40, OP = 10, SELEC = 0 
A = 14 B = 3 RES = 41, OP = 10, SELEC = 0 
A = 15 B = 3 RES = 42, OP = 10, SELEC = 0 
A = 16 B = 3 RES = 43, OP = 10, SELEC = 0 
A = 17 B = 3 RES = 44, OP = 10, SELEC = 0 
A = 18 B = 3 RES = 45, OP = 10, SELEC = 0 
A = 19 B = 3 RES = 46, OP = 10, SELEC = 0 
A = 20 B = 3 RES = 47, OP = 10, SELEC = 0 
A = 21 B = 3 RES = 48, OP = 10, SELEC = 0 
A = 22 B = 3 RES = 49, OP = 10, SELEC = 0 
A = 23 B = 3 RES = 50, OP = 10, SELEC = 0 
A = 24 B = 3 RES = 51, OP = 10, SELEC = 0 
A = 25 B = 3 RES = 52, OP = 10, SELEC = 0 
A = 26 B = 3 RES = 53, OP = 10, SELEC = 0 
A = 27 B = 3 RES = 54, OP = 10, SELEC = 0 
A = 28 B = 3 RES = 55, OP = 10, SELEC = 0 
A = 29 B = 3 RES = 56, OP = 10, SELEC = 0 
A = 30 B = 3 RES = 57, OP = 10, SELEC = 0 
A = 31 B = 3 RES = 58, OP = 10, SELEC = 0 
A = 32 B = 3 RES = 59, OP = 10, SELEC = 0 
A = 33 B = 3 RES = 60, OP = 10, SELEC = 0 
A = 34 B = 3 RES = 61, OP = 10, SELEC = 0 
A = 35 B = 3 RES = 62, OP = 10, SELEC = 0 
A = 36 B = 3 RES = 63, OP = 10, SELEC = 0 
A = 37 B = 3 RES = 64, OP = 10, SELEC = 0 
A = 38 B = 3 RES = 65, OP = 10, SELEC = 0 
A = 39 B = 3 RES = 66, OP = 10, SELEC = 0 
A = 40 B = 3 RES = 67, OP = 10, SELEC = 0 
A = 41 B = 3 RES = 68, OP = 10, SELEC = 0 
A = 42 B = 3 RES = 69, OP = 10, SELEC = 0 
A = 43 B = 3 RES = 70, OP = 10, SELEC = 0 
A = 44 B = 3 RES = 71, OP = 10, SELEC = 0 
A = 45 B = 3 RES = 72, OP = 10, SELEC = 0 
A = 46 B = 3 RES = 73, OP = 10, SELEC = 0 
A = 47 B = 3 RES = 74, OP = 10, SELEC = 0 
A = 48 B = 3 RES = 75, OP = 10, SELEC = 0 
A = 49 B = 3 RES = 76, OP = 10, SELEC = 0 


