   Build using "C:/Xilinx/Vitis_HLS/2023.2/tps/win64/msys64/mingw64/bin/g++"
   Compiling apatb_dec_MIMD.cpp
   Compiling (apcc) test_core.c_pre.c.tb.c
ECHO disattivato.
ECHO disattivato.
INFO: [HLS 200-10] Running 'C:/Xilinx/Vitis_HLS/2023.2/bin/unwrapped/win64.o/apcc.exe'
INFO: [HLS 200-10] For user 'lotto' on host 'msi' (Windows NT_amd64 version 6.2) on Sun Apr 21 13:48:00 +0200 2024
INFO: [HLS 200-10] In directory 'C:/Users/lotto/Desktop/Alveare/M_AXI_ALU/M_AXI_ALU/dec_MIMD/dec_MIMD/solution1/sim/wrapc'
clang: warning: argument unused during compilation: '-fno-builtin-isinf'
clang: warning: argument unused during compilation: '-fno-builtin-isnan'
INFO: [APCC 202-3] Tmp directory is C:/Users/lotto/Desktop/Alveare/M_AXI_ALU/M_AXI_ALU/dec_MIMD/dec_MIMD/solution1/sim/wrapc/apcc_db_lotto/138603834713634
INFO: [APCC 202-1] APCC is done.
INFO: [HLS 200-112] Total CPU user time: 1 seconds. Total CPU system time: 0 seconds. Total elapsed time: 0.801 seconds; peak allocated memory: 8.266 MB.
   Compiling (apcc) core.c_pre.c.tb.c
ECHO disattivato.
ECHO disattivato.
INFO: [HLS 200-10] Running 'C:/Xilinx/Vitis_HLS/2023.2/bin/unwrapped/win64.o/apcc.exe'
INFO: [HLS 200-10] For user 'lotto' on host 'msi' (Windows NT_amd64 version 6.2) on Sun Apr 21 13:48:02 +0200 2024
INFO: [HLS 200-10] In directory 'C:/Users/lotto/Desktop/Alveare/M_AXI_ALU/M_AXI_ALU/dec_MIMD/dec_MIMD/solution1/sim/wrapc'
clang: warning: argument unused during compilation: '-fno-builtin-isinf'
clang: warning: argument unused during compilation: '-fno-builtin-isnan'
INFO: [APCC 202-3] Tmp directory is C:/Users/lotto/Desktop/Alveare/M_AXI_ALU/M_AXI_ALU/dec_MIMD/dec_MIMD/solution1/sim/wrapc/apcc_db_lotto/168683836618546
INFO: [APCC 202-1] APCC is done.
INFO: [HLS 200-112] Total CPU user time: 0 seconds. Total CPU system time: 0 seconds. Total elapsed time: 0.823 seconds; peak allocated memory: 5.523 MB.
   Compiling apatb_dec_MIMD_ir.ll
   Generating cosim.tv.exe
