================================================================
== Vivado RTL Synthesis Results
================================================================
+ General Information:
    * Date:            Tue Apr 23 23:15:54 +0200 2024
    * Version:         2023.2 (Build 4023990 on Oct 11 2023)
    * Project:         HLS
    * Solution:        solution1 (Vivado IP Flow Target)
    * Product family:  zynq
    * Target device:   xc7z020-clg400-1


================================================================
== Run Constraints & Options
================================================================
+ Design Constraints & Options:
    * RTL Synthesis target clock:  10 ns
    * C-Synthesis target clock:    10 ns
    * C-Synthesis uncertainty:     27%

+ RTL Synthesis Options:
    * config_export -vivado_synth_strategy:     default
    * config_export -vivado_synth_design_args:  -directive sdx_optimization_effort_high

+ Reporting Options:
    * config_export -vivado_report_level:      2
    * config_export -vivado_max_timing_paths:  10


================================================================
== RTL Synthesis Resource Summary
================================================================
LUT:              5582
FF:               7365
DSP:              3
BRAM:             8
URAM:             0
SRL:              941


================================================================
== RTL Synthesis Timing Summary
================================================================
* Timing was met
+----------------+-------------+
| Timing         | Period (ns) |
+----------------+-------------+
| Target         | 10.000      |
| Post-Synthesis | 6.974       |
+----------------+-------------+


================================================================
== RTL Synthesis Resources
================================================================
+-----------------------------------------------------+------+------+-----+------+------+-----+--------+------+---------+----------+--------+
| Name                                                | LUT  | FF   | DSP | BRAM | URAM | SRL | Pragma | Impl | Latency | Variable | Source |
+-----------------------------------------------------+------+------+-----+------+------+-----+--------+------+---------+----------+--------+
| U0                                                  | 5582 | 7365 | 3   | 8    |      |     |        |      |         |          |        |
|   (U0)                                              | 3    | 325  |     |      |      |     |        |      |         |          |        |
|   ALU_operation_U                                   | 21   |      |     | 1    |      |     |        |      |         |          |        |
|   control_s_axi_U                                   | 360  | 344  |     |      |      |     |        |      |         |          |        |
|   data_a_U                                          | 71   |      |     | 1    |      |     |        |      |         |          |        |
|   data_b_U                                          | 97   |      |     | 1    |      |     |        |      |         |          |        |
|   data_result_U                                     |      |      |     | 1    |      |     |        |      |         |          |        |
|   gmem0_m_axi_U                                     | 494  | 730  |     | 1    |      |     |        |      |         |          |        |
|   gmem1_m_axi_U                                     | 496  | 730  |     | 1    |      |     |        |      |         |          |        |
|   gmem2_m_axi_U                                     | 716  | 966  |     | 1    |      |     |        |      |         |          |        |
|   gmem3_m_axi_U                                     | 495  | 730  |     | 1    |      |     |        |      |         |          |        |
|   grp_dec_MIMD_Pipeline_VITIS_LOOP_115_5_fu_189     | 30   | 78   |     |      |      |     |        |      |         |          |        |
|     (grp_dec_MIMD_Pipeline_VITIS_LOOP_115_5_fu_189) | 5    | 76   |     |      |      |     |        |      |         |          |        |
|   grp_dec_MIMD_Pipeline_VITIS_LOOP_35_1_fu_162      | 127  | 213  |     |      |      |     |        |      |         |          |        |
|     (grp_dec_MIMD_Pipeline_VITIS_LOOP_35_1_fu_162)  | 103  | 211  |     |      |      |     |        |      |         |          |        |
|   grp_dec_MIMD_Pipeline_VITIS_LOOP_43_2_fu_152      | 63   | 119  |     |      |      |     |        |      |         |          |        |
|     (grp_dec_MIMD_Pipeline_VITIS_LOOP_43_2_fu_152)  | 41   | 117  |     |      |      |     |        |      |         |          |        |
|   grp_dec_MIMD_Pipeline_VITIS_LOOP_51_3_fu_130      | 119  | 307  |     |      |      |     |        |      |         |          |        |
|     (grp_dec_MIMD_Pipeline_VITIS_LOOP_51_3_fu_130)  | 84   | 305  |     |      |      |     |        |      |         |          |        |
|   grp_dec_MIMD_Pipeline_VITIS_LOOP_61_4_fu_178      | 2490 | 2823 | 3   |      |      |     |        |      |         |          |        |
|     (grp_dec_MIMD_Pipeline_VITIS_LOOP_61_4_fu_178)  | 781  | 641  | 3   |      |      |     |        |      |         |          |        |
|     mul_32s_32s_32_2_1_U19                          |      | 32   |     |      |      |     |        |      |         |          |        |
|     sdiv_32ns_32ns_32_36_1_U20                      | 1695 | 2148 |     |      |      |     |        |      |         |          |        |
|       (sdiv_32ns_32ns_32_36_1_U20)                  |      | 96   |     |      |      |     |        |      |         |          |        |
+-----------------------------------------------------+------+------+-----+------+------+-----+--------+------+---------+----------+--------+


================================================================
== RTL Synthesis Fail Fast
================================================================
+-----------------------------------------------------------+-----------+--------+--------+
| Criteria                                                  | Guideline | Actual | Status |
+-----------------------------------------------------------+-----------+--------+--------+
| LUT                                                       | 70%       | 10.49% | OK     |
| FD                                                        | 50%       | 6.92%  | OK     |
| LUTRAM+SRL                                                | 25%       | 5.41%  | OK     |
| MUXF7                                                     | 15%       | 0.00%  | OK     |
| DSP                                                       | 80%       | 1.36%  | OK     |
| RAMB/FIFO                                                 | 80%       | 2.86%  | OK     |
| DSP+RAMB+URAM (Avg)                                       | 70%       | 2.11%  | OK     |
| BUFGCE* + BUFGCTRL                                        | 24        | 0      | OK     |
| DONT_TOUCH (cells/nets)                                   | 0         | 0      | OK     |
| MARK_DEBUG (nets)                                         | 0         | 0      | OK     |
| Control Sets                                              | 998       | 136    | OK     |
| Average Fanout for modules > 100k cells                   | 4         | 2.22   | OK     |
| Max Average Fanout for modules > 100k cells               | 4         | 0      | OK     |
| Non-FD high fanout nets > 10k loads                       | 0         | 0      | OK     |
+-----------------------------------------------------------+-----------+--------+--------+
| TIMING-6 (No common primary clock between related clocks) | 0         | 0      | OK     |
| TIMING-7 (No common node between related clocks)          | 0         | 0      | OK     |
| TIMING-8 (No common period between related clocks)        | 0         | 0      | OK     |
| TIMING-14 (LUT on the clock tree)                         | 0         | 0      | OK     |
| TIMING-35 (No common node in paths with the same clock)   | 0         | 0      | OK     |
+-----------------------------------------------------------+-----------+--------+--------+
| Number of paths above max LUT budgeting (0.575ns)         | 0         | 0      | OK     |
| Number of paths above max Net budgeting (0.403ns)         | 0         | 0      | OK     |
+-----------------------------------------------------------+-----------+--------+--------+


================================================================
== RTL Synthesis Timing Paths
================================================================
* Timing was met
+-------+-------+-----------------------------+----------------------------------------------------------------------------+--------------+------------+----------------+----------------+--------------+
| Path  | SLACK | STARTPOINT PIN              | ENDPOINT PIN                                                               | LOGIC LEVELS | MAX FANOUT | DATAPATH DELAY | DATAPATH LOGIC | DATAPATH NET |
|       |       |                             |                                                                            |              |            |                |          DELAY |        DELAY |
+-------+-------+-----------------------------+----------------------------------------------------------------------------+--------------+------------+----------------+----------------+--------------+
| Path1 | 3.026 | selec_assign_fu_92_reg[9]/C | gmem0_m_axi_U/load_unit/buff_rdata/fifo_mem_gen.U_ffo_mem/mem_reg/ENARDEN  |            6 |        129 |          6.447 |          1.433 |        5.014 |
| Path2 | 3.026 | selec_assign_fu_92_reg[9]/C | gmem1_m_axi_U/load_unit/buff_rdata/fifo_mem_gen.U_ffo_mem/mem_reg/ENARDEN  |            6 |        129 |          6.447 |          1.433 |        5.014 |
| Path3 | 3.043 | selec_assign_fu_92_reg[9]/C | gmem3_m_axi_U/load_unit/buff_rdata/fifo_mem_gen.U_ffo_mem/mem_reg/ENARDEN  |            6 |         65 |          6.430 |          1.433 |        4.997 |
| Path4 | 3.136 | data_b_U/ram_reg/CLKARDCLK  | grp_dec_MIMD_Pipeline_VITIS_LOOP_61_4_fu_178/sub_ln96_reg_520_reg[29]__0/D |           10 |          7 |          6.889 |          5.129 |        1.760 |
| Path5 | 3.142 | data_b_U/ram_reg/CLKARDCLK  | grp_dec_MIMD_Pipeline_VITIS_LOOP_61_4_fu_178/sub_ln96_reg_520_reg[31]__0/D |           10 |          7 |          6.883 |          5.123 |        1.760 |
+-------+-------+-----------------------------+----------------------------------------------------------------------------+--------------+------------+----------------+----------------+--------------+

    +--------------------------------------------------------------------------------+----------------------+
    | Path1 Cells                                                                    | Primitive Type       |
    +--------------------------------------------------------------------------------+----------------------+
    | selec_assign_fu_92_reg[9]                                                      | FLOP_LATCH.flop.FDRE |
    | control_s_axi_U/grp_dec_MIMD_Pipeline_VITIS_LOOP_43_2_fu_152_ap_start_reg_i_11 | LUT.others.LUT5      |
    | control_s_axi_U/grp_dec_MIMD_Pipeline_VITIS_LOOP_43_2_fu_152_ap_start_reg_i_4  | LUT.others.LUT4      |
    | control_s_axi_U/grp_dec_MIMD_Pipeline_VITIS_LOOP_35_1_fu_162_ap_start_reg_i_2  | LUT.others.LUT6      |
    | control_s_axi_U/fifo_depth_gt1_gen.mem_reg[5][0]_srl6_i_3__0                   | LUT.others.LUT3      |
    | control_s_axi_U/mem_reg_i_4__1                                                 | LUT.others.LUT6      |
    | control_s_axi_U/mem_reg_i_1__2                                                 | LUT.others.LUT2      |
    | gmem0_m_axi_U/load_unit/buff_rdata/fifo_mem_gen.U_ffo_mem/mem_reg              | BMEM.bram.RAMB18E1   |
    +--------------------------------------------------------------------------------+----------------------+

    +--------------------------------------------------------------------------------+----------------------+
    | Path2 Cells                                                                    | Primitive Type       |
    +--------------------------------------------------------------------------------+----------------------+
    | selec_assign_fu_92_reg[9]                                                      | FLOP_LATCH.flop.FDRE |
    | control_s_axi_U/grp_dec_MIMD_Pipeline_VITIS_LOOP_43_2_fu_152_ap_start_reg_i_11 | LUT.others.LUT5      |
    | control_s_axi_U/grp_dec_MIMD_Pipeline_VITIS_LOOP_43_2_fu_152_ap_start_reg_i_4  | LUT.others.LUT4      |
    | control_s_axi_U/grp_dec_MIMD_Pipeline_VITIS_LOOP_35_1_fu_162_ap_start_reg_i_2  | LUT.others.LUT6      |
    | control_s_axi_U/fifo_depth_gt1_gen.mem_reg[5][0]_srl6_i_3__0                   | LUT.others.LUT3      |
    | control_s_axi_U/mem_reg_i_4__0                                                 | LUT.others.LUT6      |
    | control_s_axi_U/mem_reg_i_1__1                                                 | LUT.others.LUT2      |
    | gmem1_m_axi_U/load_unit/buff_rdata/fifo_mem_gen.U_ffo_mem/mem_reg              | BMEM.bram.RAMB18E1   |
    +--------------------------------------------------------------------------------+----------------------+

    +--------------------------------------------------------------------------------+----------------------+
    | Path3 Cells                                                                    | Primitive Type       |
    +--------------------------------------------------------------------------------+----------------------+
    | selec_assign_fu_92_reg[9]                                                      | FLOP_LATCH.flop.FDRE |
    | control_s_axi_U/grp_dec_MIMD_Pipeline_VITIS_LOOP_43_2_fu_152_ap_start_reg_i_11 | LUT.others.LUT5      |
    | control_s_axi_U/grp_dec_MIMD_Pipeline_VITIS_LOOP_43_2_fu_152_ap_start_reg_i_4  | LUT.others.LUT4      |
    | control_s_axi_U/grp_dec_MIMD_Pipeline_VITIS_LOOP_43_2_fu_152_ap_start_reg_i_2  | LUT.others.LUT6      |
    | control_s_axi_U/fifo_depth_gt1_gen.mem_reg[5][0]_srl6_i_3                      | LUT.others.LUT6      |
    | control_s_axi_U/mem_reg_i_4                                                    | LUT.others.LUT6      |
    | control_s_axi_U/mem_reg_i_1__0                                                 | LUT.others.LUT2      |
    | gmem3_m_axi_U/load_unit/buff_rdata/fifo_mem_gen.U_ffo_mem/mem_reg              | BMEM.bram.RAMB18E1   |
    +--------------------------------------------------------------------------------+----------------------+

    +--------------------------------------------------------------------------+----------------------+
    | Path4 Cells                                                              | Primitive Type       |
    +--------------------------------------------------------------------------+----------------------+
    | data_b_U/ram_reg                                                         | BMEM.bram.RAMB18E1   |
    | data_b_U/sub_ln96_reg_520[7]__0_i_7                                      | LUT.others.LUT1      |
    | data_b_U/sub_ln96_reg_520_reg[7]__0_i_6                                  | CARRY.others.CARRY4  |
    | data_b_U/sub_ln96_reg_520_reg[11]__0_i_6                                 | CARRY.others.CARRY4  |
    | data_b_U/sub_ln96_reg_520_reg[15]__0_i_6                                 | CARRY.others.CARRY4  |
    | data_b_U/sub_ln96_reg_520_reg[19]__0_i_6                                 | CARRY.others.CARRY4  |
    | data_b_U/sub_ln96_reg_520_reg[23]__0_i_6                                 | CARRY.others.CARRY4  |
    | data_b_U/sub_ln96_reg_520_reg[27]__0_i_6                                 | CARRY.others.CARRY4  |
    | data_a_U/sub_ln96_reg_520[27]__0_i_5                                     | LUT.others.LUT2      |
    | data_a_U/sub_ln96_reg_520_reg[27]__0_i_1                                 | CARRY.others.CARRY4  |
    | data_a_U/sub_ln96_reg_520_reg[31]__0_i_1                                 | CARRY.others.CARRY4  |
    | grp_dec_MIMD_Pipeline_VITIS_LOOP_61_4_fu_178/sub_ln96_reg_520_reg[29]__0 | FLOP_LATCH.flop.FDRE |
    +--------------------------------------------------------------------------+----------------------+

    +--------------------------------------------------------------------------+----------------------+
    | Path5 Cells                                                              | Primitive Type       |
    +--------------------------------------------------------------------------+----------------------+
    | data_b_U/ram_reg                                                         | BMEM.bram.RAMB18E1   |
    | data_b_U/sub_ln96_reg_520[7]__0_i_7                                      | LUT.others.LUT1      |
    | data_b_U/sub_ln96_reg_520_reg[7]__0_i_6                                  | CARRY.others.CARRY4  |
    | data_b_U/sub_ln96_reg_520_reg[11]__0_i_6                                 | CARRY.others.CARRY4  |
    | data_b_U/sub_ln96_reg_520_reg[15]__0_i_6                                 | CARRY.others.CARRY4  |
    | data_b_U/sub_ln96_reg_520_reg[19]__0_i_6                                 | CARRY.others.CARRY4  |
    | data_b_U/sub_ln96_reg_520_reg[23]__0_i_6                                 | CARRY.others.CARRY4  |
    | data_b_U/sub_ln96_reg_520_reg[27]__0_i_6                                 | CARRY.others.CARRY4  |
    | data_a_U/sub_ln96_reg_520[27]__0_i_5                                     | LUT.others.LUT2      |
    | data_a_U/sub_ln96_reg_520_reg[27]__0_i_1                                 | CARRY.others.CARRY4  |
    | data_a_U/sub_ln96_reg_520_reg[31]__0_i_1                                 | CARRY.others.CARRY4  |
    | grp_dec_MIMD_Pipeline_VITIS_LOOP_61_4_fu_178/sub_ln96_reg_520_reg[31]__0 | FLOP_LATCH.flop.FDRE |
    +--------------------------------------------------------------------------+----------------------+


================================================================
== RTL Synthesis Vivado Reports
================================================================
+--------------------------+--------------------------------------------------------------+
| Report Type              | Report Location                                              |
+--------------------------+--------------------------------------------------------------+
| design_analysis          | impl/vhdl/report/dec_MIMD_design_analysis_synth.rpt          |
| failfast                 | impl/vhdl/report/dec_MIMD_failfast_synth.rpt                 |
| timing                   | impl/vhdl/report/dec_MIMD_timing_synth.rpt                   |
| timing_paths             | impl/vhdl/report/dec_MIMD_timing_paths_synth.rpt             |
| utilization              | impl/vhdl/report/dec_MIMD_utilization_synth.rpt              |
| utilization_hierarchical | impl/vhdl/report/dec_MIMD_utilization_hierarchical_synth.rpt |
+--------------------------+--------------------------------------------------------------+


