

================================================================
== Vitis HLS Report for 'dec_MIMD_Pipeline_VITIS_LOOP_35_1'
================================================================
* Date:           Tue Apr 23 23:05:17 2024

* Version:        2023.2 (Build 4023990 on Oct 11 2023)
* Project:        HLS
* Solution:       solution1 (Vivado IP Flow Target)
* Product family: zynq
* Target device:  xc7z020-clg400-1


================================================================
== Performance Estimates
================================================================
+ Timing: 
    * Summary: 
    +--------+----------+----------+------------+
    |  Clock |  Target  | Estimated| Uncertainty|
    +--------+----------+----------+------------+
    |ap_clk  |  10.00 ns|  7.300 ns|     2.70 ns|
    +--------+----------+----------+------------+

+ Latency: 
    * Summary: 
    +---------+---------+----------+----------+-----+-----+---------+
    |  Latency (cycles) |  Latency (absolute) |  Interval | Pipeline|
    |   min   |   max   |    min   |    max   | min | max |   Type  |
    +---------+---------+----------+----------+-----+-----+---------+
    |       61|       61|  0.610 us|  0.610 us|   61|   61|       no|
    +---------+---------+----------+----------+-----+-----+---------+

    + Detail: 
        * Instance: 
        N/A

        * Loop: 
        +-------------------+---------+---------+----------+-----------+-----------+------+----------+
        |                   |  Latency (cycles) | Iteration|  Initiation Interval  | Trip |          |
        |     Loop Name     |   min   |   max   |  Latency |  achieved |   target  | Count| Pipelined|
        +-------------------+---------+---------+----------+-----------+-----------+------+----------+
        |- VITIS_LOOP_35_1  |       59|       59|        11|          1|          1|    50|       yes|
        +-------------------+---------+---------+----------+-----------+-----------+------+----------+

============================================================
+ Verbose Summary: Synthesis Manager
============================================================
InlineROM: 1
ExposeGlobal: 0
============================================================
+ Verbose Summary: CDFG Model
============================================================
IsTopModel: 0
ResetActiveHigh: 1
IsCombinational: 0
IsDatapathOnly: 0
HasWiredReturn: 1
HasMFsm: 2
HasVarLatency: 1
IsPipeline: 0
IsRtlPipelined: 0
IsInstanceOverlapped: 0
IsDontTouch: 0
HasImplIP: 0
IsGatedGlobalClock: 0

+ Individual pipeline summary: 
  * Pipeline-0: initiation interval (II) = 1, depth = 11


============================================================
+ Verbose Summary: Schedule
============================================================
* Number of FSM states : 11
* Pipeline : 1
  Pipeline-0 : II = 1, D = 11, States = { 1 2 3 4 5 6 7 8 9 10 11 }
* Dataflow Pipeline: 0

* FSM state transitions: 
1 --> 2 
2 --> 3 
3 --> 4 
4 --> 5 
5 --> 6 
6 --> 7 
7 --> 8 
8 --> 9 
9 --> 10 
10 --> 11 
11 --> 

* FSM state operations: 

State 1 <SV = 0> <Delay = 5.10>
ST_1 : Operation 14 [1/1] (0.00ns)   --->   "%i = alloca i32 1" [HLS/core.c:35]   --->   Operation 14 'alloca' 'i' <Predicate = true> <Delay = 0.00>
ST_1 : Operation 15 [1/1] (0.00ns)   --->   "%specinterface_ln0 = specinterface void @_ssdm_op_SpecInterface, i32 %gmem1, void @empty, i32 0, i32 0, void @empty_0, i32 0, i32 50, void @empty_3, void @empty_2, void @empty_0, i32 16, i32 16, i32 16, i32 16, void @empty_0, void @empty_0, i32 4294967295, i32 0"   --->   Operation 15 'specinterface' 'specinterface_ln0' <Predicate = true> <Delay = 0.00>
ST_1 : Operation 16 [1/1] (0.00ns)   --->   "%specinterface_ln0 = specinterface void @_ssdm_op_SpecInterface, i32 %gmem0, void @empty, i32 0, i32 0, void @empty_0, i32 0, i32 50, void @empty_1, void @empty_2, void @empty_0, i32 16, i32 16, i32 16, i32 16, void @empty_0, void @empty_0, i32 4294967295, i32 0"   --->   Operation 16 'specinterface' 'specinterface_ln0' <Predicate = true> <Delay = 0.00>
ST_1 : Operation 17 [1/1] (0.00ns)   --->   "%b_read = read i64 @_ssdm_op_Read.ap_auto.i64, i64 %b"   --->   Operation 17 'read' 'b_read' <Predicate = true> <Delay = 0.00>
ST_1 : Operation 18 [1/1] (0.00ns)   --->   "%a_read = read i64 @_ssdm_op_Read.ap_auto.i64, i64 %a"   --->   Operation 18 'read' 'a_read' <Predicate = true> <Delay = 0.00>
ST_1 : Operation 19 [1/1] (1.58ns)   --->   "%store_ln35 = store i6 0, i6 %i" [HLS/core.c:35]   --->   Operation 19 'store' 'store_ln35' <Predicate = true> <Delay = 1.58>
ST_1 : Operation 20 [1/1] (0.00ns)   --->   "%br_ln0 = br void %for.inc"   --->   Operation 20 'br' 'br_ln0' <Predicate = true> <Delay = 0.00>
ST_1 : Operation 21 [1/1] (0.00ns)   --->   "%i_3 = load i6 %i" [HLS/core.c:35]   --->   Operation 21 'load' 'i_3' <Predicate = true> <Delay = 0.00>
ST_1 : Operation 22 [1/1] (0.00ns)   --->   "%specbitsmap_ln0 = specbitsmap void @_ssdm_op_SpecBitsMap, i32 %gmem1"   --->   Operation 22 'specbitsmap' 'specbitsmap_ln0' <Predicate = true> <Delay = 0.00>
ST_1 : Operation 23 [1/1] (0.00ns)   --->   "%specbitsmap_ln0 = specbitsmap void @_ssdm_op_SpecBitsMap, i32 %gmem0"   --->   Operation 23 'specbitsmap' 'specbitsmap_ln0' <Predicate = true> <Delay = 0.00>
ST_1 : Operation 24 [1/1] (1.82ns)   --->   "%icmp_ln35 = icmp_eq  i6 %i_3, i6 50" [HLS/core.c:35]   --->   Operation 24 'icmp' 'icmp_ln35' <Predicate = true> <Delay = 1.82> <CoreInst = "Cmp">   --->   Core 9 'Cmp' <Latency = 0> <II = 1> <Delay = 1.82> <FuncUnit> <Opcode : 'icmp'> <InPorts = 2> <OutPorts = 1>
ST_1 : Operation 25 [1/1] (1.82ns)   --->   "%add_ln35 = add i6 %i_3, i6 1" [HLS/core.c:35]   --->   Operation 25 'add' 'add_ln35' <Predicate = true> <Delay = 1.82> <CoreInst = "Adder">   --->   Core 1 'Adder' <Latency = 0> <II = 1> <Delay = 1.82> <FuncUnit> <Opcode : 'add' 'sub'> <InPorts = 2> <OutPorts = 1>
ST_1 : Operation 26 [1/1] (0.00ns)   --->   "%br_ln35 = br i1 %icmp_ln35, void %for.inc.split, void %VITIS_LOOP_61_4.loopexit4.exitStub" [HLS/core.c:35]   --->   Operation 26 'br' 'br_ln35' <Predicate = true> <Delay = 0.00>
ST_1 : Operation 27 [1/1] (0.00ns)   --->   "%shl_ln = bitconcatenate i8 @_ssdm_op_BitConcatenate.i8.i6.i2, i6 %i_3, i2 0" [HLS/core.c:37]   --->   Operation 27 'bitconcatenate' 'shl_ln' <Predicate = (!icmp_ln35)> <Delay = 0.00>
ST_1 : Operation 28 [1/1] (0.00ns)   --->   "%zext_ln37 = zext i8 %shl_ln" [HLS/core.c:37]   --->   Operation 28 'zext' 'zext_ln37' <Predicate = (!icmp_ln35)> <Delay = 0.00>
ST_1 : Operation 29 [1/1] (3.52ns)   --->   "%add_ln37 = add i64 %zext_ln37, i64 %a_read" [HLS/core.c:37]   --->   Operation 29 'add' 'add_ln37' <Predicate = (!icmp_ln35)> <Delay = 3.52> <CoreInst = "Adder">   --->   Core 1 'Adder' <Latency = 0> <II = 1> <Delay = 3.52> <FuncUnit> <Opcode : 'add' 'sub'> <InPorts = 2> <OutPorts = 1>
ST_1 : Operation 30 [1/1] (0.00ns)   --->   "%trunc_ln = partselect i62 @_ssdm_op_PartSelect.i62.i64.i32.i32, i64 %add_ln37, i32 2, i32 63" [HLS/core.c:37]   --->   Operation 30 'partselect' 'trunc_ln' <Predicate = (!icmp_ln35)> <Delay = 0.00>
ST_1 : Operation 31 [1/1] (0.00ns)   --->   "%sext_ln37 = sext i62 %trunc_ln" [HLS/core.c:37]   --->   Operation 31 'sext' 'sext_ln37' <Predicate = (!icmp_ln35)> <Delay = 0.00>
ST_1 : Operation 32 [1/1] (0.00ns)   --->   "%gmem0_addr = getelementptr i32 %gmem0, i64 %sext_ln37" [HLS/core.c:37]   --->   Operation 32 'getelementptr' 'gmem0_addr' <Predicate = (!icmp_ln35)> <Delay = 0.00>
ST_1 : Operation 33 [1/1] (3.52ns)   --->   "%add_ln38 = add i64 %zext_ln37, i64 %b_read" [HLS/core.c:38]   --->   Operation 33 'add' 'add_ln38' <Predicate = (!icmp_ln35)> <Delay = 3.52> <CoreInst = "Adder">   --->   Core 1 'Adder' <Latency = 0> <II = 1> <Delay = 3.52> <FuncUnit> <Opcode : 'add' 'sub'> <InPorts = 2> <OutPorts = 1>
ST_1 : Operation 34 [1/1] (0.00ns)   --->   "%trunc_ln1 = partselect i62 @_ssdm_op_PartSelect.i62.i64.i32.i32, i64 %add_ln38, i32 2, i32 63" [HLS/core.c:38]   --->   Operation 34 'partselect' 'trunc_ln1' <Predicate = (!icmp_ln35)> <Delay = 0.00>
ST_1 : Operation 35 [1/1] (0.00ns)   --->   "%sext_ln38 = sext i62 %trunc_ln1" [HLS/core.c:38]   --->   Operation 35 'sext' 'sext_ln38' <Predicate = (!icmp_ln35)> <Delay = 0.00>
ST_1 : Operation 36 [1/1] (0.00ns)   --->   "%gmem1_addr = getelementptr i32 %gmem1, i64 %sext_ln38" [HLS/core.c:38]   --->   Operation 36 'getelementptr' 'gmem1_addr' <Predicate = (!icmp_ln35)> <Delay = 0.00>
ST_1 : Operation 37 [1/1] (1.58ns)   --->   "%store_ln35 = store i6 %add_ln35, i6 %i" [HLS/core.c:35]   --->   Operation 37 'store' 'store_ln35' <Predicate = (!icmp_ln35)> <Delay = 1.58>

State 2 <SV = 1> <Delay = 7.30>
ST_2 : Operation 38 [8/8] (7.30ns)   --->   "%gmem0_load_req = readreq i1 @_ssdm_op_ReadReq.m_axi.i32P1A, i32 %gmem0_addr, i32 1" [HLS/core.c:37]   --->   Operation 38 'readreq' 'gmem0_load_req' <Predicate = true> <Delay = 7.30> <CoreInst = "m_axi">   --->   Core 113 'm_axi' <Latency = 0> <II = 1> <Delay = 1.00> <Adapter> <Opcode : 'read' 'write' 'readreq' 'writereq' 'writeresp'>
ST_2 : Operation 39 [8/8] (7.30ns)   --->   "%gmem1_load_req = readreq i1 @_ssdm_op_ReadReq.m_axi.i32P1A, i32 %gmem1_addr, i32 1" [HLS/core.c:38]   --->   Operation 39 'readreq' 'gmem1_load_req' <Predicate = true> <Delay = 7.30> <CoreInst = "m_axi">   --->   Core 113 'm_axi' <Latency = 0> <II = 1> <Delay = 1.00> <Adapter> <Opcode : 'read' 'write' 'readreq' 'writereq' 'writeresp'>

State 3 <SV = 2> <Delay = 7.30>
ST_3 : Operation 40 [7/8] (7.30ns)   --->   "%gmem0_load_req = readreq i1 @_ssdm_op_ReadReq.m_axi.i32P1A, i32 %gmem0_addr, i32 1" [HLS/core.c:37]   --->   Operation 40 'readreq' 'gmem0_load_req' <Predicate = true> <Delay = 7.30> <CoreInst = "m_axi">   --->   Core 113 'm_axi' <Latency = 0> <II = 1> <Delay = 1.00> <Adapter> <Opcode : 'read' 'write' 'readreq' 'writereq' 'writeresp'>
ST_3 : Operation 41 [7/8] (7.30ns)   --->   "%gmem1_load_req = readreq i1 @_ssdm_op_ReadReq.m_axi.i32P1A, i32 %gmem1_addr, i32 1" [HLS/core.c:38]   --->   Operation 41 'readreq' 'gmem1_load_req' <Predicate = true> <Delay = 7.30> <CoreInst = "m_axi">   --->   Core 113 'm_axi' <Latency = 0> <II = 1> <Delay = 1.00> <Adapter> <Opcode : 'read' 'write' 'readreq' 'writereq' 'writeresp'>

State 4 <SV = 3> <Delay = 7.30>
ST_4 : Operation 42 [6/8] (7.30ns)   --->   "%gmem0_load_req = readreq i1 @_ssdm_op_ReadReq.m_axi.i32P1A, i32 %gmem0_addr, i32 1" [HLS/core.c:37]   --->   Operation 42 'readreq' 'gmem0_load_req' <Predicate = true> <Delay = 7.30> <CoreInst = "m_axi">   --->   Core 113 'm_axi' <Latency = 0> <II = 1> <Delay = 1.00> <Adapter> <Opcode : 'read' 'write' 'readreq' 'writereq' 'writeresp'>
ST_4 : Operation 43 [6/8] (7.30ns)   --->   "%gmem1_load_req = readreq i1 @_ssdm_op_ReadReq.m_axi.i32P1A, i32 %gmem1_addr, i32 1" [HLS/core.c:38]   --->   Operation 43 'readreq' 'gmem1_load_req' <Predicate = true> <Delay = 7.30> <CoreInst = "m_axi">   --->   Core 113 'm_axi' <Latency = 0> <II = 1> <Delay = 1.00> <Adapter> <Opcode : 'read' 'write' 'readreq' 'writereq' 'writeresp'>

State 5 <SV = 4> <Delay = 7.30>
ST_5 : Operation 44 [5/8] (7.30ns)   --->   "%gmem0_load_req = readreq i1 @_ssdm_op_ReadReq.m_axi.i32P1A, i32 %gmem0_addr, i32 1" [HLS/core.c:37]   --->   Operation 44 'readreq' 'gmem0_load_req' <Predicate = true> <Delay = 7.30> <CoreInst = "m_axi">   --->   Core 113 'm_axi' <Latency = 0> <II = 1> <Delay = 1.00> <Adapter> <Opcode : 'read' 'write' 'readreq' 'writereq' 'writeresp'>
ST_5 : Operation 45 [5/8] (7.30ns)   --->   "%gmem1_load_req = readreq i1 @_ssdm_op_ReadReq.m_axi.i32P1A, i32 %gmem1_addr, i32 1" [HLS/core.c:38]   --->   Operation 45 'readreq' 'gmem1_load_req' <Predicate = true> <Delay = 7.30> <CoreInst = "m_axi">   --->   Core 113 'm_axi' <Latency = 0> <II = 1> <Delay = 1.00> <Adapter> <Opcode : 'read' 'write' 'readreq' 'writereq' 'writeresp'>

State 6 <SV = 5> <Delay = 7.30>
ST_6 : Operation 46 [4/8] (7.30ns)   --->   "%gmem0_load_req = readreq i1 @_ssdm_op_ReadReq.m_axi.i32P1A, i32 %gmem0_addr, i32 1" [HLS/core.c:37]   --->   Operation 46 'readreq' 'gmem0_load_req' <Predicate = true> <Delay = 7.30> <CoreInst = "m_axi">   --->   Core 113 'm_axi' <Latency = 0> <II = 1> <Delay = 1.00> <Adapter> <Opcode : 'read' 'write' 'readreq' 'writereq' 'writeresp'>
ST_6 : Operation 47 [4/8] (7.30ns)   --->   "%gmem1_load_req = readreq i1 @_ssdm_op_ReadReq.m_axi.i32P1A, i32 %gmem1_addr, i32 1" [HLS/core.c:38]   --->   Operation 47 'readreq' 'gmem1_load_req' <Predicate = true> <Delay = 7.30> <CoreInst = "m_axi">   --->   Core 113 'm_axi' <Latency = 0> <II = 1> <Delay = 1.00> <Adapter> <Opcode : 'read' 'write' 'readreq' 'writereq' 'writeresp'>

State 7 <SV = 6> <Delay = 7.30>
ST_7 : Operation 48 [3/8] (7.30ns)   --->   "%gmem0_load_req = readreq i1 @_ssdm_op_ReadReq.m_axi.i32P1A, i32 %gmem0_addr, i32 1" [HLS/core.c:37]   --->   Operation 48 'readreq' 'gmem0_load_req' <Predicate = true> <Delay = 7.30> <CoreInst = "m_axi">   --->   Core 113 'm_axi' <Latency = 0> <II = 1> <Delay = 1.00> <Adapter> <Opcode : 'read' 'write' 'readreq' 'writereq' 'writeresp'>
ST_7 : Operation 49 [3/8] (7.30ns)   --->   "%gmem1_load_req = readreq i1 @_ssdm_op_ReadReq.m_axi.i32P1A, i32 %gmem1_addr, i32 1" [HLS/core.c:38]   --->   Operation 49 'readreq' 'gmem1_load_req' <Predicate = true> <Delay = 7.30> <CoreInst = "m_axi">   --->   Core 113 'm_axi' <Latency = 0> <II = 1> <Delay = 1.00> <Adapter> <Opcode : 'read' 'write' 'readreq' 'writereq' 'writeresp'>

State 8 <SV = 7> <Delay = 7.30>
ST_8 : Operation 50 [2/8] (7.30ns)   --->   "%gmem0_load_req = readreq i1 @_ssdm_op_ReadReq.m_axi.i32P1A, i32 %gmem0_addr, i32 1" [HLS/core.c:37]   --->   Operation 50 'readreq' 'gmem0_load_req' <Predicate = true> <Delay = 7.30> <CoreInst = "m_axi">   --->   Core 113 'm_axi' <Latency = 0> <II = 1> <Delay = 1.00> <Adapter> <Opcode : 'read' 'write' 'readreq' 'writereq' 'writeresp'>
ST_8 : Operation 51 [2/8] (7.30ns)   --->   "%gmem1_load_req = readreq i1 @_ssdm_op_ReadReq.m_axi.i32P1A, i32 %gmem1_addr, i32 1" [HLS/core.c:38]   --->   Operation 51 'readreq' 'gmem1_load_req' <Predicate = true> <Delay = 7.30> <CoreInst = "m_axi">   --->   Core 113 'm_axi' <Latency = 0> <II = 1> <Delay = 1.00> <Adapter> <Opcode : 'read' 'write' 'readreq' 'writereq' 'writeresp'>

State 9 <SV = 8> <Delay = 7.30>
ST_9 : Operation 52 [1/8] (7.30ns)   --->   "%gmem0_load_req = readreq i1 @_ssdm_op_ReadReq.m_axi.i32P1A, i32 %gmem0_addr, i32 1" [HLS/core.c:37]   --->   Operation 52 'readreq' 'gmem0_load_req' <Predicate = true> <Delay = 7.30> <CoreInst = "m_axi">   --->   Core 113 'm_axi' <Latency = 0> <II = 1> <Delay = 1.00> <Adapter> <Opcode : 'read' 'write' 'readreq' 'writereq' 'writeresp'>
ST_9 : Operation 53 [1/8] (7.30ns)   --->   "%gmem1_load_req = readreq i1 @_ssdm_op_ReadReq.m_axi.i32P1A, i32 %gmem1_addr, i32 1" [HLS/core.c:38]   --->   Operation 53 'readreq' 'gmem1_load_req' <Predicate = true> <Delay = 7.30> <CoreInst = "m_axi">   --->   Core 113 'm_axi' <Latency = 0> <II = 1> <Delay = 1.00> <Adapter> <Opcode : 'read' 'write' 'readreq' 'writereq' 'writeresp'>

State 10 <SV = 9> <Delay = 7.30>
ST_10 : Operation 54 [1/1] (7.30ns)   --->   "%gmem0_addr_read = read i32 @_ssdm_op_Read.m_axi.volatile.i32P1A, i32 %gmem0_addr" [HLS/core.c:37]   --->   Operation 54 'read' 'gmem0_addr_read' <Predicate = true> <Delay = 7.30> <CoreInst = "m_axi">   --->   Core 113 'm_axi' <Latency = 0> <II = 1> <Delay = 1.00> <Adapter> <Opcode : 'read' 'write' 'readreq' 'writereq' 'writeresp'>
ST_10 : Operation 55 [1/1] (7.30ns)   --->   "%gmem1_addr_read = read i32 @_ssdm_op_Read.m_axi.volatile.i32P1A, i32 %gmem1_addr" [HLS/core.c:38]   --->   Operation 55 'read' 'gmem1_addr_read' <Predicate = true> <Delay = 7.30> <CoreInst = "m_axi">   --->   Core 113 'm_axi' <Latency = 0> <II = 1> <Delay = 1.00> <Adapter> <Opcode : 'read' 'write' 'readreq' 'writereq' 'writeresp'>
ST_10 : Operation 65 [1/1] (0.00ns)   --->   "%ret_ln0 = ret"   --->   Operation 65 'ret' 'ret_ln0' <Predicate = (icmp_ln35)> <Delay = 0.00>

State 11 <SV = 10> <Delay = 3.25>
ST_11 : Operation 56 [1/1] (0.00ns)   --->   "%zext_ln35 = zext i6 %i_3" [HLS/core.c:35]   --->   Operation 56 'zext' 'zext_ln35' <Predicate = true> <Delay = 0.00>
ST_11 : Operation 57 [1/1] (0.00ns)   --->   "%specpipeline_ln35 = specpipeline void @_ssdm_op_SpecPipeline, i32 4294967295, i32 0, i32 0, i32 0, void @empty_0" [HLS/core.c:35]   --->   Operation 57 'specpipeline' 'specpipeline_ln35' <Predicate = true> <Delay = 0.00>
ST_11 : Operation 58 [1/1] (0.00ns)   --->   "%speclooptripcount_ln35 = speclooptripcount void @_ssdm_op_SpecLoopTripCount, i64 50, i64 50, i64 50" [HLS/core.c:35]   --->   Operation 58 'speclooptripcount' 'speclooptripcount_ln35' <Predicate = true> <Delay = 0.00>
ST_11 : Operation 59 [1/1] (0.00ns)   --->   "%specloopname_ln35 = specloopname void @_ssdm_op_SpecLoopName, void @empty_18" [HLS/core.c:35]   --->   Operation 59 'specloopname' 'specloopname_ln35' <Predicate = true> <Delay = 0.00>
ST_11 : Operation 60 [1/1] (0.00ns)   --->   "%data_a_addr = getelementptr i32 %data_a, i64 0, i64 %zext_ln35" [HLS/core.c:37]   --->   Operation 60 'getelementptr' 'data_a_addr' <Predicate = true> <Delay = 0.00>
ST_11 : Operation 61 [1/1] (3.25ns)   --->   "%store_ln37 = store i32 %gmem0_addr_read, i6 %data_a_addr" [HLS/core.c:37]   --->   Operation 61 'store' 'store_ln37' <Predicate = true> <Delay = 3.25> <CoreInst = "RAM">   --->   Core 82 'RAM' <Latency = 1> <II = 1> <Delay = 3.25> <Storage> <Opcode : 'load' 'store'> <Ports = 2> <Width = 32> <Depth = 50> <RAM>
ST_11 : Operation 62 [1/1] (0.00ns)   --->   "%data_b_addr = getelementptr i32 %data_b, i64 0, i64 %zext_ln35" [HLS/core.c:38]   --->   Operation 62 'getelementptr' 'data_b_addr' <Predicate = true> <Delay = 0.00>
ST_11 : Operation 63 [1/1] (3.25ns)   --->   "%store_ln38 = store i32 %gmem1_addr_read, i6 %data_b_addr" [HLS/core.c:38]   --->   Operation 63 'store' 'store_ln38' <Predicate = true> <Delay = 3.25> <CoreInst = "RAM">   --->   Core 82 'RAM' <Latency = 1> <II = 1> <Delay = 3.25> <Storage> <Opcode : 'load' 'store'> <Ports = 2> <Width = 32> <Depth = 50> <RAM>
ST_11 : Operation 64 [1/1] (0.00ns)   --->   "%br_ln35 = br void %for.inc" [HLS/core.c:35]   --->   Operation 64 'br' 'br_ln35' <Predicate = true> <Delay = 0.00>


============================================================
+ Verbose Summary: Binding
============================================================
STG Binding: 
---------------- STG Properties BEGIN ----------------
- Is combinational: 0
- Is one-state seq: 0
- Is datapath-only: 0
- Is pipelined: 0
- Is top level: 0
Port [ Return ] is wired: 1; IO mode=ap_ctrl_hs:ce=0
Port [ gmem1]:  wired=1; compound=1; hidden=0; nouse=0; global=0; static=0; extern=0; dir=0; type=4; pingpong=0; private_global=0; IO mode=m_axi:ce=0
Port [ gmem0]:  wired=1; compound=1; hidden=0; nouse=0; global=0; static=0; extern=0; dir=0; type=4; pingpong=0; private_global=0; IO mode=m_axi:ce=0
Port [ a]:  wired=1; compound=0; hidden=0; nouse=0; global=0; static=0; extern=0; dir=0; type=0; pingpong=0; private_global=0; IO mode=ap_none:ce=0
Port [ b]:  wired=1; compound=0; hidden=0; nouse=0; global=0; static=0; extern=0; dir=0; type=0; pingpong=0; private_global=0; IO mode=ap_none:ce=0
Port [ data_a]:  wired=1; compound=1; hidden=0; nouse=0; global=1; static=1; extern=0; dir=1; type=1; pingpong=0; private_global=0; MemPort=[03]; IO mode=ap_memory:ce=0
Port [ data_b]:  wired=1; compound=1; hidden=0; nouse=0; global=1; static=1; extern=0; dir=1; type=1; pingpong=0; private_global=0; MemPort=[03]; IO mode=ap_memory:ce=0
---------------- STG Properties END ------------------

---------------- Datapath Model BEGIN ----------------

<LifeTime>
<method=bitvector/>
i                      (alloca           ) [ 010000000000]
specinterface_ln0      (specinterface    ) [ 000000000000]
specinterface_ln0      (specinterface    ) [ 000000000000]
b_read                 (read             ) [ 000000000000]
a_read                 (read             ) [ 000000000000]
store_ln35             (store            ) [ 000000000000]
br_ln0                 (br               ) [ 000000000000]
i_3                    (load             ) [ 011111111111]
specbitsmap_ln0        (specbitsmap      ) [ 000000000000]
specbitsmap_ln0        (specbitsmap      ) [ 000000000000]
icmp_ln35              (icmp             ) [ 011111111110]
add_ln35               (add              ) [ 000000000000]
br_ln35                (br               ) [ 000000000000]
shl_ln                 (bitconcatenate   ) [ 000000000000]
zext_ln37              (zext             ) [ 000000000000]
add_ln37               (add              ) [ 000000000000]
trunc_ln               (partselect       ) [ 000000000000]
sext_ln37              (sext             ) [ 000000000000]
gmem0_addr             (getelementptr    ) [ 011111111110]
add_ln38               (add              ) [ 000000000000]
trunc_ln1              (partselect       ) [ 000000000000]
sext_ln38              (sext             ) [ 000000000000]
gmem1_addr             (getelementptr    ) [ 011111111110]
store_ln35             (store            ) [ 000000000000]
gmem0_load_req         (readreq          ) [ 000000000000]
gmem1_load_req         (readreq          ) [ 000000000000]
gmem0_addr_read        (read             ) [ 010000000001]
gmem1_addr_read        (read             ) [ 010000000001]
zext_ln35              (zext             ) [ 000000000000]
specpipeline_ln35      (specpipeline     ) [ 000000000000]
speclooptripcount_ln35 (speclooptripcount) [ 000000000000]
specloopname_ln35      (specloopname     ) [ 000000000000]
data_a_addr            (getelementptr    ) [ 000000000000]
store_ln37             (store            ) [ 000000000000]
data_b_addr            (getelementptr    ) [ 000000000000]
store_ln38             (store            ) [ 000000000000]
br_ln35                (br               ) [ 000000000000]
ret_ln0                (ret              ) [ 000000000000]
</LifeTime>

<model>

<comp_list>
<comp id="0" class="1000" name="gmem1">
<pin_list>
<pin id="1" dir="1" index="0" bw="1" slack="0"/>
</pin_list>
<bind>
<StgValue><ssdm name="gmem1"/></StgValue>
</bind>
</comp>

<comp id="2" class="1000" name="gmem0">
<pin_list>
<pin id="3" dir="1" index="0" bw="1" slack="0"/>
</pin_list>
<bind>
<StgValue><ssdm name="gmem0"/></StgValue>
</bind>
</comp>

<comp id="4" class="1000" name="a">
<pin_list>
<pin id="5" dir="1" index="0" bw="1" slack="0"/>
</pin_list>
<bind>
<StgValue><ssdm name="a"/></StgValue>
</bind>
</comp>

<comp id="6" class="1000" name="b">
<pin_list>
<pin id="7" dir="1" index="0" bw="1" slack="0"/>
</pin_list>
<bind>
<StgValue><ssdm name="b"/></StgValue>
</bind>
</comp>

<comp id="8" class="1000" name="data_a">
<pin_list>
<pin id="9" dir="1" index="0" bw="1" slack="0"/>
</pin_list>
<bind>
<StgValue><ssdm name="data_a"/><MemPortTyVec>0 3 </MemPortTyVec>
</StgValue>
</bind>
</comp>

<comp id="10" class="1000" name="data_b">
<pin_list>
<pin id="11" dir="1" index="0" bw="1" slack="0"/>
</pin_list>
<bind>
<StgValue><ssdm name="data_b"/><MemPortTyVec>0 3 </MemPortTyVec>
</StgValue>
</bind>
</comp>

<comp id="12" class="1001" name="const_12">
<pin_list>
<pin id="13" dir="1" index="0" bw="1" slack="0"/>
</pin_list>
<bind>
<StgValue><ssdm name=""/></StgValue>
</bind>
</comp>

<comp id="14" class="1001" name="const_14">
<pin_list>
<pin id="15" dir="1" index="0" bw="1" slack="2147483647"/>
</pin_list>
<bind>
<StgValue><ssdm name="_ssdm_op_SpecInterface"/></StgValue>
</bind>
</comp>

<comp id="16" class="1001" name="const_16">
<pin_list>
<pin id="17" dir="1" index="0" bw="1" slack="2147483647"/>
</pin_list>
<bind>
<StgValue><ssdm name="empty"/></StgValue>
</bind>
</comp>

<comp id="18" class="1001" name="const_18">
<pin_list>
<pin id="19" dir="1" index="0" bw="1" slack="2147483647"/>
</pin_list>
<bind>
<StgValue><ssdm name=""/></StgValue>
</bind>
</comp>

<comp id="20" class="1001" name="const_20">
<pin_list>
<pin id="21" dir="1" index="0" bw="1" slack="2147483647"/>
</pin_list>
<bind>
<StgValue><ssdm name="empty_0"/></StgValue>
</bind>
</comp>

<comp id="22" class="1001" name="const_22">
<pin_list>
<pin id="23" dir="1" index="0" bw="1" slack="2147483647"/>
</pin_list>
<bind>
<StgValue><ssdm name=""/></StgValue>
</bind>
</comp>

<comp id="24" class="1001" name="const_24">
<pin_list>
<pin id="25" dir="1" index="0" bw="1" slack="2147483647"/>
</pin_list>
<bind>
<StgValue><ssdm name="empty_3"/></StgValue>
</bind>
</comp>

<comp id="26" class="1001" name="const_26">
<pin_list>
<pin id="27" dir="1" index="0" bw="1" slack="2147483647"/>
</pin_list>
<bind>
<StgValue><ssdm name="empty_2"/></StgValue>
</bind>
</comp>

<comp id="28" class="1001" name="const_28">
<pin_list>
<pin id="29" dir="1" index="0" bw="1" slack="2147483647"/>
</pin_list>
<bind>
<StgValue><ssdm name=""/></StgValue>
</bind>
</comp>

<comp id="30" class="1001" name="const_30">
<pin_list>
<pin id="31" dir="1" index="0" bw="1" slack="2147483647"/>
</pin_list>
<bind>
<StgValue><ssdm name=""/></StgValue>
</bind>
</comp>

<comp id="32" class="1001" name="const_32">
<pin_list>
<pin id="33" dir="1" index="0" bw="1" slack="2147483647"/>
</pin_list>
<bind>
<StgValue><ssdm name="empty_1"/></StgValue>
</bind>
</comp>

<comp id="34" class="1001" name="const_34">
<pin_list>
<pin id="35" dir="1" index="0" bw="1" slack="0"/>
</pin_list>
<bind>
<StgValue><ssdm name="_ssdm_op_Read.ap_auto.i64"/></StgValue>
</bind>
</comp>

<comp id="36" class="1001" name="const_36">
<pin_list>
<pin id="37" dir="1" index="0" bw="1" slack="0"/>
</pin_list>
<bind>
<StgValue><ssdm name=""/></StgValue>
</bind>
</comp>

<comp id="38" class="1001" name="const_38">
<pin_list>
<pin id="39" dir="1" index="0" bw="1" slack="2147483647"/>
</pin_list>
<bind>
<StgValue><ssdm name="_ssdm_op_SpecBitsMap"/></StgValue>
</bind>
</comp>

<comp id="40" class="1001" name="const_40">
<pin_list>
<pin id="41" dir="1" index="0" bw="1" slack="0"/>
</pin_list>
<bind>
<StgValue><ssdm name=""/></StgValue>
</bind>
</comp>

<comp id="42" class="1001" name="const_42">
<pin_list>
<pin id="43" dir="1" index="0" bw="1" slack="0"/>
</pin_list>
<bind>
<StgValue><ssdm name=""/></StgValue>
</bind>
</comp>

<comp id="44" class="1001" name="const_44">
<pin_list>
<pin id="45" dir="1" index="0" bw="1" slack="0"/>
</pin_list>
<bind>
<StgValue><ssdm name="_ssdm_op_BitConcatenate.i8.i6.i2"/></StgValue>
</bind>
</comp>

<comp id="46" class="1001" name="const_46">
<pin_list>
<pin id="47" dir="1" index="0" bw="1" slack="0"/>
</pin_list>
<bind>
<StgValue><ssdm name=""/></StgValue>
</bind>
</comp>

<comp id="48" class="1001" name="const_48">
<pin_list>
<pin id="49" dir="1" index="0" bw="1" slack="0"/>
</pin_list>
<bind>
<StgValue><ssdm name="_ssdm_op_PartSelect.i62.i64.i32.i32"/></StgValue>
</bind>
</comp>

<comp id="50" class="1001" name="const_50">
<pin_list>
<pin id="51" dir="1" index="0" bw="1" slack="0"/>
</pin_list>
<bind>
<StgValue><ssdm name=""/></StgValue>
</bind>
</comp>

<comp id="52" class="1001" name="const_52">
<pin_list>
<pin id="53" dir="1" index="0" bw="1" slack="0"/>
</pin_list>
<bind>
<StgValue><ssdm name=""/></StgValue>
</bind>
</comp>

<comp id="54" class="1001" name="const_54">
<pin_list>
<pin id="55" dir="1" index="0" bw="1" slack="0"/>
</pin_list>
<bind>
<StgValue><ssdm name="_ssdm_op_ReadReq.m_axi.i32P1A"/></StgValue>
</bind>
</comp>

<comp id="56" class="1001" name="const_56">
<pin_list>
<pin id="57" dir="1" index="0" bw="1" slack="0"/>
</pin_list>
<bind>
<StgValue><ssdm name="_ssdm_op_Read.m_axi.volatile.i32P1A"/></StgValue>
</bind>
</comp>

<comp id="58" class="1001" name="const_58">
<pin_list>
<pin id="59" dir="1" index="0" bw="1" slack="2147483647"/>
</pin_list>
<bind>
<StgValue><ssdm name="_ssdm_op_SpecPipeline"/></StgValue>
</bind>
</comp>

<comp id="60" class="1001" name="const_60">
<pin_list>
<pin id="61" dir="1" index="0" bw="1" slack="2147483647"/>
</pin_list>
<bind>
<StgValue><ssdm name="_ssdm_op_SpecLoopTripCount"/></StgValue>
</bind>
</comp>

<comp id="62" class="1001" name="const_62">
<pin_list>
<pin id="63" dir="1" index="0" bw="1" slack="2147483647"/>
</pin_list>
<bind>
<StgValue><ssdm name=""/></StgValue>
</bind>
</comp>

<comp id="64" class="1001" name="const_64">
<pin_list>
<pin id="65" dir="1" index="0" bw="1" slack="2147483647"/>
</pin_list>
<bind>
<StgValue><ssdm name="_ssdm_op_SpecLoopName"/></StgValue>
</bind>
</comp>

<comp id="66" class="1001" name="const_66">
<pin_list>
<pin id="67" dir="1" index="0" bw="1" slack="2147483647"/>
</pin_list>
<bind>
<StgValue><ssdm name="empty_18"/></StgValue>
</bind>
</comp>

<comp id="68" class="1001" name="const_68">
<pin_list>
<pin id="69" dir="1" index="0" bw="1" slack="0"/>
</pin_list>
<bind>
<StgValue><ssdm name=""/></StgValue>
</bind>
</comp>

<comp id="70" class="1004" name="i_fu_70">
<pin_list>
<pin id="71" dir="0" index="0" bw="1" slack="0"/>
<pin id="72" dir="1" index="1" bw="6" slack="0"/>
</pin_list>
<bind>
<opcode="alloca(26) " fcode="alloca"/>
<opset="i/1 "/>
</bind>
</comp>

<comp id="74" class="1004" name="b_read_read_fu_74">
<pin_list>
<pin id="75" dir="0" index="0" bw="64" slack="0"/>
<pin id="76" dir="0" index="1" bw="64" slack="0"/>
<pin id="77" dir="1" index="2" bw="64" slack="0"/>
</pin_list>
<bind>
<opcode="read(1150) " fcode="read"/>
<opset="b_read/1 "/>
</bind>
</comp>

<comp id="80" class="1004" name="a_read_read_fu_80">
<pin_list>
<pin id="81" dir="0" index="0" bw="64" slack="0"/>
<pin id="82" dir="0" index="1" bw="64" slack="0"/>
<pin id="83" dir="1" index="2" bw="64" slack="0"/>
</pin_list>
<bind>
<opcode="read(1150) " fcode="read"/>
<opset="a_read/1 "/>
</bind>
</comp>

<comp id="86" class="1004" name="grp_readreq_fu_86">
<pin_list>
<pin id="87" dir="0" index="0" bw="1" slack="0"/>
<pin id="88" dir="0" index="1" bw="32" slack="1"/>
<pin id="89" dir="0" index="2" bw="1" slack="0"/>
<pin id="90" dir="1" index="3" bw="1" slack="2147483647"/>
</pin_list>
<bind>
<opcode="readreq(1154) " fcode="readreq"/>
<opset="gmem0_load_req/2 "/>
</bind>
</comp>

<comp id="93" class="1004" name="grp_readreq_fu_93">
<pin_list>
<pin id="94" dir="0" index="0" bw="1" slack="0"/>
<pin id="95" dir="0" index="1" bw="32" slack="1"/>
<pin id="96" dir="0" index="2" bw="1" slack="0"/>
<pin id="97" dir="1" index="3" bw="1" slack="2147483647"/>
</pin_list>
<bind>
<opcode="readreq(1154) " fcode="readreq"/>
<opset="gmem1_load_req/2 "/>
</bind>
</comp>

<comp id="100" class="1004" name="gmem0_addr_read_read_fu_100">
<pin_list>
<pin id="101" dir="0" index="0" bw="32" slack="0"/>
<pin id="102" dir="0" index="1" bw="32" slack="9"/>
<pin id="103" dir="1" index="2" bw="32" slack="1"/>
</pin_list>
<bind>
<opcode="read(1150) " fcode="read"/>
<opset="gmem0_addr_read/10 "/>
</bind>
</comp>

<comp id="105" class="1004" name="gmem1_addr_read_read_fu_105">
<pin_list>
<pin id="106" dir="0" index="0" bw="32" slack="0"/>
<pin id="107" dir="0" index="1" bw="32" slack="9"/>
<pin id="108" dir="1" index="2" bw="32" slack="1"/>
</pin_list>
<bind>
<opcode="read(1150) " fcode="read"/>
<opset="gmem1_addr_read/10 "/>
</bind>
</comp>

<comp id="110" class="1004" name="data_a_addr_gep_fu_110">
<pin_list>
<pin id="111" dir="0" index="0" bw="32" slack="0"/>
<pin id="112" dir="0" index="1" bw="1" slack="0"/>
<pin id="113" dir="0" index="2" bw="6" slack="0"/>
<pin id="114" dir="1" index="3" bw="6" slack="0"/>
</pin_list>
<bind>
<opcode="getelementptr(29) " fcode="getelementptr"/>
<opset="data_a_addr/11 "/>
</bind>
</comp>

<comp id="117" class="1004" name="store_ln37_access_fu_117">
<pin_list>
<pin id="118" dir="0" index="0" bw="6" slack="0"/>
<pin id="119" dir="0" index="1" bw="32" slack="1"/>
<pin id="120" dir="0" index="2" bw="0" slack="2147483647"/>
<pin id="121" dir="1" index="3" bw="32" slack="2147483647"/>
</pin_list>
<bind>
<opcode="store(28) " fcode="store"/>
<opset="store_ln37/11 "/>
</bind>
</comp>

<comp id="123" class="1004" name="data_b_addr_gep_fu_123">
<pin_list>
<pin id="124" dir="0" index="0" bw="32" slack="0"/>
<pin id="125" dir="0" index="1" bw="1" slack="0"/>
<pin id="126" dir="0" index="2" bw="6" slack="0"/>
<pin id="127" dir="1" index="3" bw="6" slack="0"/>
</pin_list>
<bind>
<opcode="getelementptr(29) " fcode="getelementptr"/>
<opset="data_b_addr/11 "/>
</bind>
</comp>

<comp id="130" class="1004" name="store_ln38_access_fu_130">
<pin_list>
<pin id="131" dir="0" index="0" bw="6" slack="0"/>
<pin id="132" dir="0" index="1" bw="32" slack="1"/>
<pin id="133" dir="0" index="2" bw="0" slack="2147483647"/>
<pin id="134" dir="1" index="3" bw="32" slack="2147483647"/>
</pin_list>
<bind>
<opcode="store(28) " fcode="store"/>
<opset="store_ln38/11 "/>
</bind>
</comp>

<comp id="136" class="1004" name="store_ln35_store_fu_136">
<pin_list>
<pin id="137" dir="0" index="0" bw="1" slack="0"/>
<pin id="138" dir="0" index="1" bw="6" slack="0"/>
<pin id="139" dir="1" index="2" bw="0" slack="2147483647"/>
</pin_list>
<bind>
<opcode="store(28) " fcode="store"/>
<opset="store_ln35/1 "/>
</bind>
</comp>

<comp id="141" class="1004" name="i_3_load_fu_141">
<pin_list>
<pin id="142" dir="0" index="0" bw="6" slack="0"/>
<pin id="143" dir="1" index="1" bw="6" slack="0"/>
</pin_list>
<bind>
<opcode="load(27) " fcode="load"/>
<opset="i_3/1 "/>
</bind>
</comp>

<comp id="144" class="1004" name="icmp_ln35_fu_144">
<pin_list>
<pin id="145" dir="0" index="0" bw="6" slack="0"/>
<pin id="146" dir="0" index="1" bw="5" slack="0"/>
<pin id="147" dir="1" index="2" bw="1" slack="9"/>
</pin_list>
<bind>
<opcode="icmp(45) " fcode="icmp"/>
<opset="icmp_ln35/1 "/>
</bind>
</comp>

<comp id="150" class="1004" name="add_ln35_fu_150">
<pin_list>
<pin id="151" dir="0" index="0" bw="6" slack="0"/>
<pin id="152" dir="0" index="1" bw="1" slack="0"/>
<pin id="153" dir="1" index="2" bw="6" slack="0"/>
</pin_list>
<bind>
<opcode="add(8) " fcode="add"/>
<opset="add_ln35/1 "/>
</bind>
</comp>

<comp id="156" class="1004" name="shl_ln_fu_156">
<pin_list>
<pin id="157" dir="0" index="0" bw="8" slack="0"/>
<pin id="158" dir="0" index="1" bw="6" slack="0"/>
<pin id="159" dir="0" index="2" bw="1" slack="0"/>
<pin id="160" dir="1" index="3" bw="8" slack="0"/>
</pin_list>
<bind>
<opcode="bitconcatenate(1004) " fcode="bitconcatenate"/>
<opset="shl_ln/1 "/>
</bind>
</comp>

<comp id="164" class="1004" name="zext_ln37_fu_164">
<pin_list>
<pin id="165" dir="0" index="0" bw="8" slack="0"/>
<pin id="166" dir="1" index="1" bw="64" slack="0"/>
</pin_list>
<bind>
<opcode="zext(34) " fcode="zext"/>
<opset="zext_ln37/1 "/>
</bind>
</comp>

<comp id="168" class="1004" name="add_ln37_fu_168">
<pin_list>
<pin id="169" dir="0" index="0" bw="8" slack="0"/>
<pin id="170" dir="0" index="1" bw="64" slack="0"/>
<pin id="171" dir="1" index="2" bw="64" slack="0"/>
</pin_list>
<bind>
<opcode="add(8) " fcode="add"/>
<opset="add_ln37/1 "/>
</bind>
</comp>

<comp id="174" class="1004" name="trunc_ln_fu_174">
<pin_list>
<pin id="175" dir="0" index="0" bw="62" slack="0"/>
<pin id="176" dir="0" index="1" bw="64" slack="0"/>
<pin id="177" dir="0" index="2" bw="3" slack="0"/>
<pin id="178" dir="0" index="3" bw="7" slack="0"/>
<pin id="179" dir="1" index="4" bw="62" slack="0"/>
</pin_list>
<bind>
<opcode="partselect(1002) " fcode="partselect"/>
<opset="trunc_ln/1 "/>
</bind>
</comp>

<comp id="184" class="1004" name="sext_ln37_fu_184">
<pin_list>
<pin id="185" dir="0" index="0" bw="62" slack="0"/>
<pin id="186" dir="1" index="1" bw="64" slack="0"/>
</pin_list>
<bind>
<opcode="sext(35) " fcode="sext"/>
<opset="sext_ln37/1 "/>
</bind>
</comp>

<comp id="188" class="1004" name="gmem0_addr_fu_188">
<pin_list>
<pin id="189" dir="0" index="0" bw="32" slack="0"/>
<pin id="190" dir="0" index="1" bw="62" slack="0"/>
<pin id="191" dir="1" index="2" bw="32" slack="1"/>
</pin_list>
<bind>
<opcode="getelementptr(29) " fcode="getelementptr"/>
<opset="gmem0_addr/1 "/>
</bind>
</comp>

<comp id="194" class="1004" name="add_ln38_fu_194">
<pin_list>
<pin id="195" dir="0" index="0" bw="8" slack="0"/>
<pin id="196" dir="0" index="1" bw="64" slack="0"/>
<pin id="197" dir="1" index="2" bw="64" slack="0"/>
</pin_list>
<bind>
<opcode="add(8) " fcode="add"/>
<opset="add_ln38/1 "/>
</bind>
</comp>

<comp id="200" class="1004" name="trunc_ln1_fu_200">
<pin_list>
<pin id="201" dir="0" index="0" bw="62" slack="0"/>
<pin id="202" dir="0" index="1" bw="64" slack="0"/>
<pin id="203" dir="0" index="2" bw="3" slack="0"/>
<pin id="204" dir="0" index="3" bw="7" slack="0"/>
<pin id="205" dir="1" index="4" bw="62" slack="0"/>
</pin_list>
<bind>
<opcode="partselect(1002) " fcode="partselect"/>
<opset="trunc_ln1/1 "/>
</bind>
</comp>

<comp id="210" class="1004" name="sext_ln38_fu_210">
<pin_list>
<pin id="211" dir="0" index="0" bw="62" slack="0"/>
<pin id="212" dir="1" index="1" bw="64" slack="0"/>
</pin_list>
<bind>
<opcode="sext(35) " fcode="sext"/>
<opset="sext_ln38/1 "/>
</bind>
</comp>

<comp id="214" class="1004" name="gmem1_addr_fu_214">
<pin_list>
<pin id="215" dir="0" index="0" bw="32" slack="0"/>
<pin id="216" dir="0" index="1" bw="62" slack="0"/>
<pin id="217" dir="1" index="2" bw="32" slack="1"/>
</pin_list>
<bind>
<opcode="getelementptr(29) " fcode="getelementptr"/>
<opset="gmem1_addr/1 "/>
</bind>
</comp>

<comp id="220" class="1004" name="store_ln35_store_fu_220">
<pin_list>
<pin id="221" dir="0" index="0" bw="6" slack="0"/>
<pin id="222" dir="0" index="1" bw="6" slack="0"/>
<pin id="223" dir="1" index="2" bw="0" slack="2147483647"/>
</pin_list>
<bind>
<opcode="store(28) " fcode="store"/>
<opset="store_ln35/1 "/>
</bind>
</comp>

<comp id="225" class="1004" name="zext_ln35_fu_225">
<pin_list>
<pin id="226" dir="0" index="0" bw="6" slack="10"/>
<pin id="227" dir="1" index="1" bw="64" slack="0"/>
</pin_list>
<bind>
<opcode="zext(34) " fcode="zext"/>
<opset="zext_ln35/11 "/>
</bind>
</comp>

<comp id="230" class="1005" name="i_reg_230">
<pin_list>
<pin id="231" dir="0" index="0" bw="6" slack="0"/>
<pin id="232" dir="1" index="1" bw="6" slack="0"/>
</pin_list>
<bind>
<opset="i "/>
</bind>
</comp>

<comp id="237" class="1005" name="i_3_reg_237">
<pin_list>
<pin id="238" dir="0" index="0" bw="6" slack="10"/>
<pin id="239" dir="1" index="1" bw="6" slack="10"/>
</pin_list>
<bind>
<opset="i_3 "/>
</bind>
</comp>

<comp id="242" class="1005" name="icmp_ln35_reg_242">
<pin_list>
<pin id="243" dir="0" index="0" bw="1" slack="9"/>
<pin id="244" dir="1" index="1" bw="1" slack="2147483647"/>
</pin_list>
<bind>
<opset="icmp_ln35 "/>
</bind>
</comp>

<comp id="246" class="1005" name="gmem0_addr_reg_246">
<pin_list>
<pin id="247" dir="0" index="0" bw="32" slack="1"/>
<pin id="248" dir="1" index="1" bw="32" slack="1"/>
</pin_list>
<bind>
<opset="gmem0_addr "/>
</bind>
</comp>

<comp id="252" class="1005" name="gmem1_addr_reg_252">
<pin_list>
<pin id="253" dir="0" index="0" bw="32" slack="1"/>
<pin id="254" dir="1" index="1" bw="32" slack="1"/>
</pin_list>
<bind>
<opset="gmem1_addr "/>
</bind>
</comp>

<comp id="258" class="1005" name="gmem0_addr_read_reg_258">
<pin_list>
<pin id="259" dir="0" index="0" bw="32" slack="1"/>
<pin id="260" dir="1" index="1" bw="32" slack="1"/>
</pin_list>
<bind>
<opset="gmem0_addr_read "/>
</bind>
</comp>

<comp id="263" class="1005" name="gmem1_addr_read_reg_263">
<pin_list>
<pin id="264" dir="0" index="0" bw="32" slack="1"/>
<pin id="265" dir="1" index="1" bw="32" slack="1"/>
</pin_list>
<bind>
<opset="gmem1_addr_read "/>
</bind>
</comp>

</comp_list>

<net_list>
<net id="73"><net_src comp="12" pin="0"/><net_sink comp="70" pin=0"/></net>

<net id="78"><net_src comp="34" pin="0"/><net_sink comp="74" pin=0"/></net>

<net id="79"><net_src comp="6" pin="0"/><net_sink comp="74" pin=1"/></net>

<net id="84"><net_src comp="34" pin="0"/><net_sink comp="80" pin=0"/></net>

<net id="85"><net_src comp="4" pin="0"/><net_sink comp="80" pin=1"/></net>

<net id="91"><net_src comp="54" pin="0"/><net_sink comp="86" pin=0"/></net>

<net id="92"><net_src comp="12" pin="0"/><net_sink comp="86" pin=2"/></net>

<net id="98"><net_src comp="54" pin="0"/><net_sink comp="93" pin=0"/></net>

<net id="99"><net_src comp="12" pin="0"/><net_sink comp="93" pin=2"/></net>

<net id="104"><net_src comp="56" pin="0"/><net_sink comp="100" pin=0"/></net>

<net id="109"><net_src comp="56" pin="0"/><net_sink comp="105" pin=0"/></net>

<net id="115"><net_src comp="8" pin="0"/><net_sink comp="110" pin=0"/></net>

<net id="116"><net_src comp="68" pin="0"/><net_sink comp="110" pin=1"/></net>

<net id="122"><net_src comp="110" pin="3"/><net_sink comp="117" pin=0"/></net>

<net id="128"><net_src comp="10" pin="0"/><net_sink comp="123" pin=0"/></net>

<net id="129"><net_src comp="68" pin="0"/><net_sink comp="123" pin=1"/></net>

<net id="135"><net_src comp="123" pin="3"/><net_sink comp="130" pin=0"/></net>

<net id="140"><net_src comp="36" pin="0"/><net_sink comp="136" pin=0"/></net>

<net id="148"><net_src comp="141" pin="1"/><net_sink comp="144" pin=0"/></net>

<net id="149"><net_src comp="40" pin="0"/><net_sink comp="144" pin=1"/></net>

<net id="154"><net_src comp="141" pin="1"/><net_sink comp="150" pin=0"/></net>

<net id="155"><net_src comp="42" pin="0"/><net_sink comp="150" pin=1"/></net>

<net id="161"><net_src comp="44" pin="0"/><net_sink comp="156" pin=0"/></net>

<net id="162"><net_src comp="141" pin="1"/><net_sink comp="156" pin=1"/></net>

<net id="163"><net_src comp="46" pin="0"/><net_sink comp="156" pin=2"/></net>

<net id="167"><net_src comp="156" pin="3"/><net_sink comp="164" pin=0"/></net>

<net id="172"><net_src comp="164" pin="1"/><net_sink comp="168" pin=0"/></net>

<net id="173"><net_src comp="80" pin="2"/><net_sink comp="168" pin=1"/></net>

<net id="180"><net_src comp="48" pin="0"/><net_sink comp="174" pin=0"/></net>

<net id="181"><net_src comp="168" pin="2"/><net_sink comp="174" pin=1"/></net>

<net id="182"><net_src comp="50" pin="0"/><net_sink comp="174" pin=2"/></net>

<net id="183"><net_src comp="52" pin="0"/><net_sink comp="174" pin=3"/></net>

<net id="187"><net_src comp="174" pin="4"/><net_sink comp="184" pin=0"/></net>

<net id="192"><net_src comp="2" pin="0"/><net_sink comp="188" pin=0"/></net>

<net id="193"><net_src comp="184" pin="1"/><net_sink comp="188" pin=1"/></net>

<net id="198"><net_src comp="164" pin="1"/><net_sink comp="194" pin=0"/></net>

<net id="199"><net_src comp="74" pin="2"/><net_sink comp="194" pin=1"/></net>

<net id="206"><net_src comp="48" pin="0"/><net_sink comp="200" pin=0"/></net>

<net id="207"><net_src comp="194" pin="2"/><net_sink comp="200" pin=1"/></net>

<net id="208"><net_src comp="50" pin="0"/><net_sink comp="200" pin=2"/></net>

<net id="209"><net_src comp="52" pin="0"/><net_sink comp="200" pin=3"/></net>

<net id="213"><net_src comp="200" pin="4"/><net_sink comp="210" pin=0"/></net>

<net id="218"><net_src comp="0" pin="0"/><net_sink comp="214" pin=0"/></net>

<net id="219"><net_src comp="210" pin="1"/><net_sink comp="214" pin=1"/></net>

<net id="224"><net_src comp="150" pin="2"/><net_sink comp="220" pin=0"/></net>

<net id="228"><net_src comp="225" pin="1"/><net_sink comp="110" pin=2"/></net>

<net id="229"><net_src comp="225" pin="1"/><net_sink comp="123" pin=2"/></net>

<net id="233"><net_src comp="70" pin="1"/><net_sink comp="230" pin=0"/></net>

<net id="234"><net_src comp="230" pin="1"/><net_sink comp="136" pin=1"/></net>

<net id="235"><net_src comp="230" pin="1"/><net_sink comp="141" pin=0"/></net>

<net id="236"><net_src comp="230" pin="1"/><net_sink comp="220" pin=1"/></net>

<net id="240"><net_src comp="141" pin="1"/><net_sink comp="237" pin=0"/></net>

<net id="241"><net_src comp="237" pin="1"/><net_sink comp="225" pin=0"/></net>

<net id="245"><net_src comp="144" pin="2"/><net_sink comp="242" pin=0"/></net>

<net id="249"><net_src comp="188" pin="2"/><net_sink comp="246" pin=0"/></net>

<net id="250"><net_src comp="246" pin="1"/><net_sink comp="86" pin=1"/></net>

<net id="251"><net_src comp="246" pin="1"/><net_sink comp="100" pin=1"/></net>

<net id="255"><net_src comp="214" pin="2"/><net_sink comp="252" pin=0"/></net>

<net id="256"><net_src comp="252" pin="1"/><net_sink comp="93" pin=1"/></net>

<net id="257"><net_src comp="252" pin="1"/><net_sink comp="105" pin=1"/></net>

<net id="261"><net_src comp="100" pin="2"/><net_sink comp="258" pin=0"/></net>

<net id="262"><net_src comp="258" pin="1"/><net_sink comp="117" pin=1"/></net>

<net id="266"><net_src comp="105" pin="2"/><net_sink comp="263" pin=0"/></net>

<net id="267"><net_src comp="263" pin="1"/><net_sink comp="130" pin=1"/></net>

</net_list>

</model> 
---------------- Datapath Model END ------------------

* FSMD analyzer results:
  - Output states:
	Port: data_a | {11 }
	Port: data_b | {11 }
 - Input state : 
	Port: dec_MIMD_Pipeline_VITIS_LOOP_35_1 : gmem1 | {2 3 4 5 6 7 8 9 10 }
	Port: dec_MIMD_Pipeline_VITIS_LOOP_35_1 : gmem0 | {2 3 4 5 6 7 8 9 10 }
	Port: dec_MIMD_Pipeline_VITIS_LOOP_35_1 : a | {1 }
	Port: dec_MIMD_Pipeline_VITIS_LOOP_35_1 : b | {1 }
  - Chain level:
	State 1
		store_ln35 : 1
		i_3 : 1
		icmp_ln35 : 2
		add_ln35 : 2
		br_ln35 : 3
		shl_ln : 2
		zext_ln37 : 3
		add_ln37 : 4
		trunc_ln : 5
		sext_ln37 : 6
		gmem0_addr : 7
		add_ln38 : 4
		trunc_ln1 : 5
		sext_ln38 : 6
		gmem1_addr : 7
		store_ln35 : 3
	State 2
	State 3
	State 4
	State 5
	State 6
	State 7
	State 8
	State 9
	State 10
	State 11
		data_a_addr : 1
		store_ln37 : 2
		data_b_addr : 1
		store_ln38 : 2


============================================================
+ Verbose Summary: Datapath Resource usage 
============================================================

* Functional unit list:
|----------|-----------------------------|---------|---------|
| Operation|       Functional Unit       |    FF   |   LUT   |
|----------|-----------------------------|---------|---------|
|          |       add_ln35_fu_150       |    0    |    14   |
|    add   |       add_ln37_fu_168       |    0    |    71   |
|          |       add_ln38_fu_194       |    0    |    71   |
|----------|-----------------------------|---------|---------|
|   icmp   |       icmp_ln35_fu_144      |    0    |    14   |
|----------|-----------------------------|---------|---------|
|          |      b_read_read_fu_74      |    0    |    0    |
|   read   |      a_read_read_fu_80      |    0    |    0    |
|          | gmem0_addr_read_read_fu_100 |    0    |    0    |
|          | gmem1_addr_read_read_fu_105 |    0    |    0    |
|----------|-----------------------------|---------|---------|
|  readreq |      grp_readreq_fu_86      |    0    |    0    |
|          |      grp_readreq_fu_93      |    0    |    0    |
|----------|-----------------------------|---------|---------|
|bitconcatenate|        shl_ln_fu_156        |    0    |    0    |
|----------|-----------------------------|---------|---------|
|   zext   |       zext_ln37_fu_164      |    0    |    0    |
|          |       zext_ln35_fu_225      |    0    |    0    |
|----------|-----------------------------|---------|---------|
|partselect|       trunc_ln_fu_174       |    0    |    0    |
|          |       trunc_ln1_fu_200      |    0    |    0    |
|----------|-----------------------------|---------|---------|
|   sext   |       sext_ln37_fu_184      |    0    |    0    |
|          |       sext_ln38_fu_210      |    0    |    0    |
|----------|-----------------------------|---------|---------|
|   Total  |                             |    0    |   170   |
|----------|-----------------------------|---------|---------|

Memories:
N/A

* Register list:
+-----------------------+--------+
|                       |   FF   |
+-----------------------+--------+
|gmem0_addr_read_reg_258|   32   |
|   gmem0_addr_reg_246  |   32   |
|gmem1_addr_read_reg_263|   32   |
|   gmem1_addr_reg_252  |   32   |
|      i_3_reg_237      |    6   |
|       i_reg_230       |    6   |
|   icmp_ln35_reg_242   |    1   |
+-----------------------+--------+
|         Total         |   141  |
+-----------------------+--------+

* Multiplexer (MUX) list: 
|--------|------|------|------|--------|
|  Comp  |  Pin | Size |  BW  | S x BW |
|--------|------|------|------|--------|
|  Total |      |      |      |    0   |
|--------|------|------|------|--------|



* Summary:
+-----------+--------+--------+
|           |   FF   |   LUT  |
+-----------+--------+--------+
|  Function |    0   |   170  |
|   Memory  |    -   |    -   |
|Multiplexer|    -   |    -   |
|  Register |   141  |    -   |
+-----------+--------+--------+
|   Total   |   141  |   170  |
+-----------+--------+--------+
