C:/Users/lotto/Desktop/SIMD/SIMD_HLS/solution1/csynth.tcl:15:9: warning: HLS pragma dump _XLX_SEP_ PragmaIsValid=1_XLX_SEP_ PragmaType=top_XLX_SEP_ PragmaContext=directive_XLX_SEP_ PragmaFunction=setMem_XLX_SEP_ PragmaOptions=name=setMem_XLX_SEP_ [-Wdump-hls-pragmas]
#pragma HLSDIRECTIVE TOP name=setMem
        ^
SIMD_HLS/core.c:8:9: warning: HLS pragma dump _XLX_SEP_ PragmaIsValid=1_XLX_SEP_ PragmaType=interface_XLX_SEP_ PragmaContext=_XLX_SEP_ PragmaFunction=setMem_XLX_SEP_ PragmaOptions=mode=s_axilite bundle=control port=op_XLX_SEP_ [-Wdump-hls-pragmas]
#pragma HLS INTERFACE mode=s_axilite bundle=control port=op
        ^
SIMD_HLS/core.c:9:9: warning: HLS pragma dump _XLX_SEP_ PragmaIsValid=1_XLX_SEP_ PragmaType=interface_XLX_SEP_ PragmaContext=_XLX_SEP_ PragmaFunction=setMem_XLX_SEP_ PragmaOptions=mode=s_axilite bundle=control port=a_XLX_SEP_ [-Wdump-hls-pragmas]
#pragma HLS INTERFACE mode=s_axilite bundle=control port=a
        ^
SIMD_HLS/core.c:10:9: warning: HLS pragma dump _XLX_SEP_ PragmaIsValid=1_XLX_SEP_ PragmaType=interface_XLX_SEP_ PragmaContext=_XLX_SEP_ PragmaFunction=setMem_XLX_SEP_ PragmaOptions=mode=s_axilite bundle=control port=b_XLX_SEP_ [-Wdump-hls-pragmas]
#pragma HLS INTERFACE mode=s_axilite bundle=control port=b
        ^
SIMD_HLS/core.c:11:9: warning: HLS pragma dump _XLX_SEP_ PragmaIsValid=1_XLX_SEP_ PragmaType=interface_XLX_SEP_ PragmaContext=_XLX_SEP_ PragmaFunction=setMem_XLX_SEP_ PragmaOptions=mode=s_axilite bundle=control port=c_XLX_SEP_ [-Wdump-hls-pragmas]
#pragma HLS INTERFACE mode=s_axilite bundle=control port=c
        ^
SIMD_HLS/core.c:13:9: warning: HLS pragma dump _XLX_SEP_ PragmaIsValid=1_XLX_SEP_ PragmaType=interface_XLX_SEP_ PragmaContext=_XLX_SEP_ PragmaFunction=setMem_XLX_SEP_ PragmaOptions=mode=s_axilite bundle=control port=return_XLX_SEP_ [-Wdump-hls-pragmas]
#pragma HLS INTERFACE mode=s_axilite bundle=control port=return
        ^
SIMD_HLS/core.c:15:9: warning: HLS pragma dump _XLX_SEP_ PragmaIsValid=1_XLX_SEP_ PragmaType=interface_XLX_SEP_ PragmaContext=_XLX_SEP_ PragmaFunction=setMem_XLX_SEP_ PragmaOptions=mode=m_axi port=a bundle=gmem0 depth=50 offset=slave_XLX_SEP_ [-Wdump-hls-pragmas]
#pragma HLS INTERFACE mode=m_axi port=a bundle=gmem0 depth=50 offset=slave
        ^
SIMD_HLS/core.c:16:9: warning: HLS pragma dump _XLX_SEP_ PragmaIsValid=1_XLX_SEP_ PragmaType=interface_XLX_SEP_ PragmaContext=_XLX_SEP_ PragmaFunction=setMem_XLX_SEP_ PragmaOptions=mode=m_axi port=b bundle=gmem1 depth=50 offset=slave_XLX_SEP_ [-Wdump-hls-pragmas]
#pragma HLS INTERFACE mode=m_axi port=b bundle=gmem1 depth=50 offset=slave
        ^
SIMD_HLS/core.c:17:9: warning: HLS pragma dump _XLX_SEP_ PragmaIsValid=1_XLX_SEP_ PragmaType=interface_XLX_SEP_ PragmaContext=_XLX_SEP_ PragmaFunction=setMem_XLX_SEP_ PragmaOptions=mode=m_axi port=c bundle=gmem2 depth=50 offset=slave_XLX_SEP_ [-Wdump-hls-pragmas]
#pragma HLS INTERFACE mode=m_axi port=c bundle=gmem2 depth=50 offset=slave
        ^
9 warnings generated.
